============================================================
  Generated by:           Genus(TM) Synthesis Solution 20.11-s111_1
  Generated on:           Apr 25 2022  04:07:57 am
  Module:                 mux_t_be_t_N
  Operating conditions:   PVT_0P7V_25C 
  Interconnect mode:      global
  Area mode:              physical library
============================================================

Timing
--------

Clock  Period 
--------------
aclk  10000.0 


  Cost    Critical         Violating 
 Group   Path Slack  TNS     Paths   
-------------------------------------
aclk         5387.8   0.0          0 
default    No paths   0.0            
-------------------------------------
Total                 0.0          0 

Instance Count
--------------
Leaf Instance Count             1055 
Physical Instance count            0 
Sequential Instance Count        134 
Combinational Instance Count     921 
Hierarchical Instance Count      257 

Area
----
Cell Area                          1801.621
Physical Cell Area                 0.000
Total Cell Area (Cell+Physical)    1801.621
Net Area                           753.419
Total Area (Cell+Physical+Net)     2555.040

Runtime                            0.0 seconds
Elapsed Runtime                    33 seconds
Genus peak memory usage            1154.46 
Innovus peak memory usage          no_value 
Hostname                           ECE010.ece.local.cmu.edu
