============================================================
  Generated by:           Genus(TM) Synthesis Solution 20.11-s111_1
  Generated on:           Apr 25 2022  12:24:16 pm
  Module:                 mux_b_t_s
  Operating conditions:   PVT_0P7V_25C 
  Interconnect mode:      global
  Area mode:              physical library
============================================================

                                               Leakage  
          Gate            Instances   Area   Power (nW)                 Library                 
------------------------------------------------------------------------------------------------
AND2x2_ASAP7_75t_R                5    6.998      0.733    asap7sc7p5t_SIMPLE_RVT_TT_ccs_201020 
AOI221xp5_ASAP7_75t_R             8   13.064      0.604    asap7sc7p5t_AO_RVT_TT_ccs_201020     
AOI22xp5_ASAP7_75t_R             24   33.592      1.962    asap7sc7p5t_AO_RVT_TT_ccs_201020     
ASYNC_DFFHx1_ASAP7_75t_R          4   24.261      1.221    asap7sc7p5t_SEQ_RVT_TT_ccs_201020    
HAxp5_ASAP7_75t_R                 1    2.100      0.138    asap7sc7p5t_SIMPLE_RVT_TT_ccs_201020 
INVx1_ASAP7_75t_R                 2    1.400      0.102    asap7sc7p5t_INVBUF_RVT_TT_ccs_201020 
INVxp67_ASAP7_75t_R               5    3.499      0.169    asap7sc7p5t_INVBUF_RVT_TT_ccs_201020 
NAND2xp5_ASAP7_75t_R              5    4.666      0.246    asap7sc7p5t_SIMPLE_RVT_TT_ccs_201020 
NAND3xp33_ASAP7_75t_R             8    9.331      0.668    asap7sc7p5t_SIMPLE_RVT_TT_ccs_201020 
NOR2xp33_ASAP7_75t_R              8    7.465      0.197    asap7sc7p5t_SIMPLE_RVT_TT_ccs_201020 
OAI21xp5_ASAP7_75t_R              1    1.166      0.091    asap7sc7p5t_OA_RVT_TT_ccs_201020     
OAI22xp5_ASAP7_75t_R              4    5.599      0.340    asap7sc7p5t_OA_RVT_TT_ccs_201020     
XOR2xp5_ASAP7_75t_R               2    4.199      0.265    asap7sc7p5t_SIMPLE_RVT_TT_ccs_201020 
------------------------------------------------------------------------------------------------
total                            77  117.340      6.735                                         


                                                                    Leakage  Leakage 
               Library               Instances Instances %  Area  Power (nW) Power % 
-------------------------------------------------------------------------------------
asap7sc7p5t_AO_RVT_TT_ccs_201020            32        41.6 46.656      2.566    38.1 
asap7sc7p5t_INVBUF_RVT_TT_ccs_201020         7         9.1  4.899      0.271     4.0 
asap7sc7p5t_OA_RVT_TT_ccs_201020             5         6.5  6.765      0.431     6.4 
asap7sc7p5t_SEQ_RVT_TT_ccs_201020            4         5.2 24.261      1.221    18.1 
asap7sc7p5t_SIMPLE_RVT_TT_ccs_201020        29        37.7 34.759      2.247    33.4 

                                          Leakage  Leakage 
     Type      Instances   Area  Area % Power (nW) Power % 
-----------------------------------------------------------
sequential             4  24.261   20.7      1.221    18.1 
inverter               7   4.899    4.2      0.271     4.0 
logic                 66  88.180   75.1      5.244    77.9 
physical_cells         0   0.000    0.0      0.000     0.0 
-----------------------------------------------------------
total                 77 117.340  100.0      6.735   100.0 

