============================================================
  Generated by:           Genus(TM) Synthesis Solution 20.11-s111_1
  Generated on:           Apr 25 2022  04:02:13 am
  Module:                 mux_b_t_s
  Operating conditions:   PVT_0P7V_25C 
  Interconnect mode:      global
  Area mode:              physical library
============================================================

Timing
--------

Clock  Period 
--------------
aclk  10000.0 


  Cost    Critical         Violating 
 Group   Path Slack  TNS     Paths   
-------------------------------------
aclk         5441.9   0.0          0 
default    No paths   0.0            
-------------------------------------
Total                 0.0          0 

Instance Count
--------------
Leaf Instance Count             132 
Physical Instance count           0 
Sequential Instance Count         4 
Combinational Instance Count    128 
Hierarchical Instance Count       1 

Area
----
Cell Area                          193.156
Physical Cell Area                 0.000
Total Cell Area (Cell+Physical)    193.156
Net Area                           170.767
Total Area (Cell+Physical+Net)     363.923

Runtime                            0.0 seconds
Elapsed Runtime                    20 seconds
Genus peak memory usage            1168.20 
Innovus peak memory usage          no_value 
Hostname                           ECE010.ece.local.cmu.edu
