============================================================
  Generated by:           Genus(TM) Synthesis Solution 20.11-s111_1
  Generated on:           Apr 04 2022  06:14:29 am
  Module:                 min
  Operating conditions:   PVT_0P7V_25C 
  Interconnect mode:      global
  Area mode:              physical library
============================================================

                                      Leakage  
       Gate        Instances  Area  Power (nW)                 Library                 
---------------------------------------------------------------------------------------
OR2x2_ASAP7_75t_R          1  1.400      0.150    asap7sc7p5t_SIMPLE_RVT_TT_ccs_201020 
---------------------------------------------------------------------------------------
total                      1  1.400      0.150                                         


                                        Leakage  Leakage 
     Type      Instances  Area Area % Power (nW) Power % 
---------------------------------------------------------
logic                  1 1.400  100.0      0.150   100.0 
physical_cells         0 0.000    0.0      0.000     0.0 
---------------------------------------------------------
total                  1 1.400  100.0      0.150   100.0 

