============================================================
  Generated by:           Genus(TM) Synthesis Solution 18.14-s037_1
  Generated on:           Apr 03 2022  07:54:17 pm
  Module:                 wrapper
  Operating conditions:   PVT_0P7V_25C 
  Interconnect mode:      global
  Area mode:              physical library
============================================================

                                               Leakage  
          Gate            Instances   Area   Power (nW)                 Library                 
------------------------------------------------------------------------------------------------
AND2x2_ASAP7_75t_R               22   30.793      3.234    asap7sc7p5t_SIMPLE_RVT_TT_ccs_201020 
ASYNC_DFFHx1_ASAP7_75t_R         16   97.044      4.754    asap7sc7p5t_SEQ_RVT_TT_ccs_201020    
HB1xp67_ASAP7_75t_R               2    1.866      0.102    asap7sc7p5t_INVBUF_RVT_TT_ccs_201020 
INVx1_ASAP7_75t_R                23   16.096      1.217    asap7sc7p5t_INVBUF_RVT_TT_ccs_201020 
INVxp67_ASAP7_75t_R               2    1.400      0.068    asap7sc7p5t_INVBUF_RVT_TT_ccs_201020 
NAND2xp33_ASAP7_75t_R             7    6.532      0.190    asap7sc7p5t_SIMPLE_RVT_TT_ccs_201020 
NOR2x1_ASAP7_75t_R                8   11.197      0.541    asap7sc7p5t_SIMPLE_RVT_TT_ccs_201020 
NOR2xp33_ASAP7_75t_R             20   18.662      0.544    asap7sc7p5t_SIMPLE_RVT_TT_ccs_201020 
NOR3xp33_ASAP7_75t_R              6    6.998      0.161    asap7sc7p5t_SIMPLE_RVT_TT_ccs_201020 
OR3x1_ASAP7_75t_R                 1    1.400      0.099    asap7sc7p5t_SIMPLE_RVT_TT_ccs_201020 
------------------------------------------------------------------------------------------------
total                           107  191.989     10.909                                         


                                                                    Leakage  Leakage 
               Library               Instances Instances %  Area  Power (nW) Power % 
-------------------------------------------------------------------------------------
asap7sc7p5t_INVBUF_RVT_TT_ccs_201020        27        25.2 19.362      1.387    12.7 
asap7sc7p5t_SEQ_RVT_TT_ccs_201020           16        15.0 97.044      4.754    43.6 
asap7sc7p5t_SIMPLE_RVT_TT_ccs_201020        64        59.8 75.583      4.769    43.7 

                                          Leakage  Leakage 
     Type      Instances   Area  Area % Power (nW) Power % 
-----------------------------------------------------------
sequential            16  97.044   50.5      4.754    43.6 
inverter              25  17.496    9.1      1.285    11.8 
buffer                 2   1.866    1.0      0.102     0.9 
logic_abstract        16   0.000    0.0      0.000     0.0 
logic                 64  75.583   39.4      4.769    43.7 
physical_cells         0   0.000    0.0      0.000     0.0 
-----------------------------------------------------------
total                123 191.989  100.0     10.909   100.0 

