============================================================
  Generated by:           Genus(TM) Synthesis Solution 18.14-s037_1
  Generated on:           Apr 03 2022  07:54:17 pm
  Module:                 wrapper
  Operating conditions:   PVT_0P7V_25C 
  Interconnect mode:      global
  Area mode:              physical library
============================================================

Timing
--------

Clock  Period 
--------------
aclk  10000.0 


  Cost    Critical         Violating 
 Group   Path Slack  TNS     Paths   
-------------------------------------
aclk       No paths   0.0            
default    No paths   0.0            
-------------------------------------
Total                 0.0          0 

Instance Count
--------------
Leaf Instance Count             107 
Physical Instance count           0 
Sequential Instance Count        16 
Combinational Instance Count     91 
Hierarchical Instance Count      18 

Area
----
Cell Area                          191.989
Physical Cell Area                 0.000
Total Cell Area (Cell+Physical)    191.989
Net Area                           86.426
Total Area (Cell+Physical+Net)     278.415

Runtime                            0.0 seconds
Elapsed Runtime                    13 seconds
Genus peak memory usage            812.86 
Innovus peak memory usage          no_value 
Hostname                           ECE015.ECE.LOCAL.CMU.EDU
