============================================================
  Generated by:           Genus(TM) Synthesis Solution 18.14-s037_1
  Generated on:           Apr 03 2022  07:54:17 pm
  Module:                 wrapper
  Operating conditions:   PVT_0P7V_25C 
  Interconnect mode:      global
  Area mode:              physical library
============================================================

                             Leakage   Dynamic    Total   
      Instance        Cells Power(nW) Power(nW) Power(nW) 
----------------------------------------------------------
wrapper                 107    10.909  4733.084  4743.993 
  DUT                    42     2.421   729.465   731.886 
    Inhibit_sr            3     0.107    24.462    24.568 
    genblk1_0_.Lteq       0     0.000    94.937    94.937 
    genblk1_1_.Lteq       0     0.000    10.208    10.208 
    genblk1_2_.Lteq       0     0.000     8.677     8.677 
    genblk1_3_.Lteq       0     0.000     6.125     6.125 
    genblk1_4_.Lteq       0     0.000    13.271    13.271 
    genblk1_5_.Lteq       0     0.000     6.635     6.635 
    genblk1_6_.Lteq       0     0.000    13.271    13.271 
    genblk1_7_.Lteq       0     0.000     6.635     6.635 
    genblk1_8_.Lteq       0     0.000    13.271    13.271 
    genblk1_9_.Lteq       0     0.000     6.635     6.635 
    genblk1_10_.Lteq      0     0.000    13.271    13.271 
    genblk1_11_.Lteq      0     0.000     6.635     6.635 
    genblk1_12_.Lteq      0     0.000    13.271    13.271 
    genblk1_13_.Lteq      0     0.000     6.635     6.635 
    genblk1_14_.Lteq      0     0.000    12.250    12.250 
    genblk1_15_.Lteq      0     0.000     5.615     5.615 

