

Working Directory = /afs/ece.cmu.edu/usr/acli/Private/18743/SYNTH/mux_b_t_t_n
QoS Summary for mux_b_t_t_n
================================================================================
Metric                          final          
================================================================================
Slack (ps):                     5,189
  R2R (ps):                     9,316
  I2R (ps):                     7,409
  R2O (ps):                     7,096
  I2O (ps):                     5,189
  CG  (ps):                  no_value
TNS (ps):                           0
  R2R (ps):                         0
  I2R (ps):                         0
  R2O (ps):                         0
  I2O (ps):                         0
  CG  (ps):                  no_value
Failing Paths:                      0
Cell Area:                        179
Total Cell Area:                  179
Leaf Instances:                    96
Total Instances:                   96
Utilization (%):                 0.00
Tot. Net Length (um):        no_value
Avg. Net Length (um):        no_value
Route Overflow H (%):        no_value
Route Overflow V (%):        no_value
MBCI(%) (bits/gate) :            0.00
Norm Cong Hotspot Area:
  Max Cong:                  no_value
  Tot Cong:                  no_value
================================================================================
CPU  Runtime (h:m:s):        00:00:24
Real Runtime (h:m:s):        00:00:09
CPU  Elapsed (h:m:s):        00:00:27
Real Elapsed (h:m:s):        00:00:10
Memory (MB):                   823.48
================================================================================
================================================================================
Flow Settings:
================================================================================
Total Runtime (h:m:s): 00:00:09
Total Memory (MB):     823.48
Executable Version:    18.14-s037_1
================================================================================
Total Cell Area =  Cell Area + Physical Cell Area
Total Instances =  Leaf Instances + Physical Instances


