============================================================
  Generated by:           Genus(TM) Synthesis Solution 18.14-s037_1
  Generated on:           Apr 25 2022  10:00:49 am
  Module:                 mux_b_t_t_n
  Operating conditions:   PVT_0P7V_25C 
  Interconnect mode:      global
  Area mode:              physical library
============================================================

                                               Leakage  
          Gate            Instances   Area   Power (nW)                 Library                 
------------------------------------------------------------------------------------------------
AND2x2_ASAP7_75t_R               32   44.790      4.498    asap7sc7p5t_SIMPLE_RVT_TT_ccs_201020 
AOI21xp5_ASAP7_75t_R              4    4.666      0.250    asap7sc7p5t_AO_RVT_TT_ccs_201020     
AOI221xp5_ASAP7_75t_R             5    8.165      0.328    asap7sc7p5t_AO_RVT_TT_ccs_201020     
ASYNC_DFFHx1_ASAP7_75t_R          8   48.522      2.441    asap7sc7p5t_SEQ_RVT_TT_ccs_201020    
HAxp5_ASAP7_75t_R                 2    4.199      0.275    asap7sc7p5t_SIMPLE_RVT_TT_ccs_201020 
INVx1_ASAP7_75t_R                 1    0.700      0.051    asap7sc7p5t_INVBUF_RVT_TT_ccs_201020 
INVxp67_ASAP7_75t_R               1    0.700      0.033    asap7sc7p5t_INVBUF_RVT_TT_ccs_201020 
NAND2xp5_ASAP7_75t_R              6    5.599      0.295    asap7sc7p5t_SIMPLE_RVT_TT_ccs_201020 
NOR2xp33_ASAP7_75t_R              5    4.666      0.113    asap7sc7p5t_SIMPLE_RVT_TT_ccs_201020 
NOR4xp25_ASAP7_75t_R              3    4.199      0.111    asap7sc7p5t_SIMPLE_RVT_TT_ccs_201020 
NOR5xp2_ASAP7_75t_R               1    1.633      0.022    asap7sc7p5t_SIMPLE_RVT_TT_ccs_201020 
OAI21xp5_ASAP7_75t_R              6    6.998      0.511    asap7sc7p5t_OA_RVT_TT_ccs_201020     
OAI221xp5_ASAP7_75t_R             5    8.165      0.346    asap7sc7p5t_OA_RVT_TT_ccs_201020     
XNOR2xp5_ASAP7_75t_R             16   33.592      2.193    asap7sc7p5t_SIMPLE_RVT_TT_ccs_201020 
XOR2xp5_ASAP7_75t_R               1    2.100      0.131    asap7sc7p5t_SIMPLE_RVT_TT_ccs_201020 
------------------------------------------------------------------------------------------------
total                            96  178.692     11.598                                         


                                                                     Leakage  Leakage 
               Library               Instances Instances %   Area  Power (nW) Power % 
--------------------------------------------------------------------------------------
asap7sc7p5t_AO_RVT_TT_ccs_201020             9         9.4  12.830      0.578     5.0 
asap7sc7p5t_INVBUF_RVT_TT_ccs_201020         2         2.1   1.400      0.084     0.7 
asap7sc7p5t_OA_RVT_TT_ccs_201020            11        11.5  15.163      0.857     7.4 
asap7sc7p5t_SEQ_RVT_TT_ccs_201020            8         8.3  48.522      2.441    21.0 
asap7sc7p5t_SIMPLE_RVT_TT_ccs_201020        66        68.8 100.777      7.637    65.9 

                                          Leakage  Leakage 
     Type      Instances   Area  Area % Power (nW) Power % 
-----------------------------------------------------------
sequential             8  48.522   27.2      2.441    21.0 
inverter               2   1.400    0.8      0.084     0.7 
logic                 86 128.771   72.1      9.073    78.2 
physical_cells         0   0.000    0.0      0.000     0.0 
-----------------------------------------------------------
total                 96 178.692  100.0     11.598   100.0 

