============================================================
  Generated by:           Genus(TM) Synthesis Solution 20.11-s111_1
  Generated on:           Apr 26 2022  02:49:20 pm
  Module:                 mux_b_t_t_n
  Operating conditions:   PVT_0P7V_25C 
  Interconnect mode:      global
  Area mode:              physical library
============================================================

Timing
--------

Clock  Period 
--------------
aclk  10000.0 


  Cost    Critical         Violating 
 Group   Path Slack  TNS     Paths   
-------------------------------------
aclk         5168.9   0.0          0 
default    No paths   0.0            
-------------------------------------
Total                 0.0          0 

Instance Count
--------------
Leaf Instance Count             162 
Physical Instance count           0 
Sequential Instance Count         8 
Combinational Instance Count    154 
Hierarchical Instance Count       0 

Area
----
Cell Area                          308.863
Physical Cell Area                 0.000
Total Cell Area (Cell+Physical)    308.863
Net Area                           159.896
Total Area (Cell+Physical+Net)     468.759

Runtime                            0.0 seconds
Elapsed Runtime                    46 seconds
Genus peak memory usage            1167.50 
Innovus peak memory usage          no_value 
Hostname                           ECE014.ece.local.cmu.edu
