============================================================
  Generated by:           Genus(TM) Synthesis Solution 18.14-s037_1
  Generated on:           Apr 23 2022  03:57:15 pm
  Module:                 mem
  Operating conditions:   PVT_0P7V_25C 
  Interconnect mode:      global
  Area mode:              physical library
============================================================

                                              Leakage  
          Gate            Instances   Area  Power (nW)                 Library                 
-----------------------------------------------------------------------------------------------
AOI21xp33_ASAP7_75t_R             1   1.166      0.053    asap7sc7p5t_AO_RVT_TT_ccs_201020     
AOI31xp33_ASAP7_75t_R             1   1.400      0.051    asap7sc7p5t_AO_RVT_TT_ccs_201020     
ASYNC_DFFHx1_ASAP7_75t_R          9  54.588      2.751    asap7sc7p5t_SEQ_RVT_TT_ccs_201020    
HAxp5_ASAP7_75t_R                 2   4.199      0.270    asap7sc7p5t_SIMPLE_RVT_TT_ccs_201020 
INVx1_ASAP7_75t_R                 5   3.499      0.251    asap7sc7p5t_INVBUF_RVT_TT_ccs_201020 
INVxp67_ASAP7_75t_R               4   2.799      0.136    asap7sc7p5t_INVBUF_RVT_TT_ccs_201020 
NAND2xp5_ASAP7_75t_R              3   2.799      0.136    asap7sc7p5t_SIMPLE_RVT_TT_ccs_201020 
NOR2xp33_ASAP7_75t_R              3   2.799      0.091    asap7sc7p5t_SIMPLE_RVT_TT_ccs_201020 
NOR5xp2_ASAP7_75t_R               1   1.633      0.021    asap7sc7p5t_SIMPLE_RVT_TT_ccs_201020 
OA21x2_ASAP7_75t_R                1   1.633      0.201    asap7sc7p5t_OA_RVT_TT_ccs_201020     
OAI21xp5_ASAP7_75t_R              1   1.166      0.085    asap7sc7p5t_OA_RVT_TT_ccs_201020     
XNOR2xp5_ASAP7_75t_R              2   4.199      0.271    asap7sc7p5t_SIMPLE_RVT_TT_ccs_201020 
-----------------------------------------------------------------------------------------------
total                            33  81.881      4.318                                         


                                                                    Leakage  Leakage 
               Library               Instances Instances %  Area  Power (nW) Power % 
-------------------------------------------------------------------------------------
asap7sc7p5t_AO_RVT_TT_ccs_201020             2         6.1  2.566      0.104     2.4 
asap7sc7p5t_INVBUF_RVT_TT_ccs_201020         9        27.3  6.299      0.387     9.0 
asap7sc7p5t_OA_RVT_TT_ccs_201020             2         6.1  2.799      0.286     6.6 
asap7sc7p5t_SEQ_RVT_TT_ccs_201020            9        27.3 54.588      2.751    63.7 
asap7sc7p5t_SIMPLE_RVT_TT_ccs_201020        11        33.3 15.630      0.789    18.3 

                                         Leakage  Leakage 
     Type      Instances  Area  Area % Power (nW) Power % 
----------------------------------------------------------
sequential             9 54.588   66.7      2.751    63.7 
inverter               9  6.299    7.7      0.387     9.0 
logic                 15 20.995   25.6      1.179    27.3 
physical_cells         0  0.000    0.0      0.000     0.0 
----------------------------------------------------------
total                 33 81.881  100.0      4.318   100.0 

