

Working Directory = /afs/ece.cmu.edu/usr/acli/Private/18743/SYNTH/mem
QoS Summary for mem
================================================================================
Metric                          final          
================================================================================
Slack (ps):                    15,065
  R2R (ps):                    19,188
  I2R (ps):                    17,275
  R2O (ps):                    16,977
  I2O (ps):                    15,065
  CG  (ps):                  no_value
TNS (ps):                           0
  R2R (ps):                         0
  I2R (ps):                         0
  R2O (ps):                         0
  I2O (ps):                         0
  CG  (ps):                  no_value
Failing Paths:                      0
Cell Area:                         82
Total Cell Area:                   82
Leaf Instances:                    33
Total Instances:                   33
Utilization (%):                 0.00
Tot. Net Length (um):        no_value
Avg. Net Length (um):        no_value
Route Overflow H (%):        no_value
Route Overflow V (%):        no_value
MBCI(%) (bits/gate) :            0.00
Norm Cong Hotspot Area:
  Max Cong:                  no_value
  Tot Cong:                  no_value
================================================================================
CPU  Runtime (h:m:s):        00:00:23
Real Runtime (h:m:s):        00:00:08
CPU  Elapsed (h:m:s):        00:00:26
Real Elapsed (h:m:s):        00:00:09
Memory (MB):                   840.04
================================================================================
================================================================================
Flow Settings:
================================================================================
Total Runtime (h:m:s): 00:00:08
Total Memory (MB):     840.04
Executable Version:    18.14-s037_1
================================================================================
Total Cell Area =  Cell Area + Physical Cell Area
Total Instances =  Leaf Instances + Physical Instances


