============================================================
  Generated by:           Genus(TM) Synthesis Solution 18.14-s037_1
  Generated on:           Apr 23 2022  03:57:15 pm
  Module:                 mem
  Operating conditions:   PVT_0P7V_25C 
  Interconnect mode:      global
  Area mode:              physical library
============================================================

Timing
--------

Clock  Period 
--------------
aclk  20000.0 


  Cost    Critical         Violating 
 Group   Path Slack  TNS     Paths   
-------------------------------------
aclk        15064.7   0.0          0 
default    No paths   0.0            
-------------------------------------
Total                 0.0          0 

Instance Count
--------------
Leaf Instance Count             33 
Physical Instance count          0 
Sequential Instance Count        9 
Combinational Instance Count    24 
Hierarchical Instance Count      0 

Area
----
Cell Area                          81.881
Physical Cell Area                 0.000
Total Cell Area (Cell+Physical)    81.881
Net Area                           23.058
Total Area (Cell+Physical+Net)     104.939

Runtime                            0.0 seconds
Elapsed Runtime                    12 seconds
Genus peak memory usage            840.04 
Innovus peak memory usage          no_value 
Hostname                           ECE014.ece.local.cmu.edu
