============================================================
  Generated by:           Genus(TM) Synthesis Solution 18.14-s037_1
  Generated on:           Apr 23 2022  03:49:16 pm
  Module:                 delay
  Operating conditions:   PVT_0P7V_25C 
  Interconnect mode:      global
  Area mode:              physical library
============================================================

                                              Leakage  
          Gate            Instances   Area  Power (nW)                 Library                 
-----------------------------------------------------------------------------------------------
AND2x2_ASAP7_75t_R                1   1.400      0.150    asap7sc7p5t_SIMPLE_RVT_TT_ccs_201020 
AOI21xp33_ASAP7_75t_R             2   2.333      0.119    asap7sc7p5t_AO_RVT_TT_ccs_201020     
AOI22xp5_ASAP7_75t_R              6   8.398      0.528    asap7sc7p5t_AO_RVT_TT_ccs_201020     
ASYNC_DFFHx1_ASAP7_75t_R          7  42.457      2.137    asap7sc7p5t_SEQ_RVT_TT_ccs_201020    
INVx1_ASAP7_75t_R                 5   3.499      0.256    asap7sc7p5t_INVBUF_RVT_TT_ccs_201020 
INVxp67_ASAP7_75t_R               4   2.799      0.136    asap7sc7p5t_INVBUF_RVT_TT_ccs_201020 
MAJIxp5_ASAP7_75t_R               4   6.532      0.378    asap7sc7p5t_SIMPLE_RVT_TT_ccs_201020 
MAJx2_ASAP7_75t_R                 2   4.199      0.393    asap7sc7p5t_SIMPLE_RVT_TT_ccs_201020 
NAND2xp5_ASAP7_75t_R              3   2.799      0.137    asap7sc7p5t_SIMPLE_RVT_TT_ccs_201020 
NOR2xp33_ASAP7_75t_R              3   2.799      0.076    asap7sc7p5t_SIMPLE_RVT_TT_ccs_201020 
OA21x2_ASAP7_75t_R                3   4.899      0.582    asap7sc7p5t_OA_RVT_TT_ccs_201020     
XNOR2xp5_ASAP7_75t_R              2   4.199      0.273    asap7sc7p5t_SIMPLE_RVT_TT_ccs_201020 
-----------------------------------------------------------------------------------------------
total                            42  86.314      5.165                                         


                                                                    Leakage  Leakage 
               Library               Instances Instances %  Area  Power (nW) Power % 
-------------------------------------------------------------------------------------
asap7sc7p5t_AO_RVT_TT_ccs_201020             8        19.0 10.731      0.647    12.5 
asap7sc7p5t_INVBUF_RVT_TT_ccs_201020         9        21.4  6.299      0.392     7.6 
asap7sc7p5t_OA_RVT_TT_ccs_201020             3         7.1  4.899      0.582    11.3 
asap7sc7p5t_SEQ_RVT_TT_ccs_201020            7        16.7 42.457      2.137    41.4 
asap7sc7p5t_SIMPLE_RVT_TT_ccs_201020        15        35.7 21.928      1.406    27.2 

                                         Leakage  Leakage 
     Type      Instances  Area  Area % Power (nW) Power % 
----------------------------------------------------------
sequential             7 42.457   49.2      2.137    41.4 
inverter               9  6.299    7.3      0.392     7.6 
logic                 26 37.558   43.5      2.635    51.0 
physical_cells         0  0.000    0.0      0.000     0.0 
----------------------------------------------------------
total                 42 86.314  100.0      5.165   100.0 

