============================================================
  Generated by:           Genus(TM) Synthesis Solution 18.14-s037_1
  Generated on:           Apr 23 2022  03:49:16 pm
  Module:                 delay
  Operating conditions:   PVT_0P7V_25C 
  Interconnect mode:      global
  Area mode:              physical library
============================================================

Timing
--------

Clock  Period 
--------------
aclk  20000.0 


  Cost    Critical         Violating 
 Group   Path Slack  TNS     Paths   
-------------------------------------
aclk        15268.4   0.0          0 
default    No paths   0.0            
-------------------------------------
Total                 0.0          0 

Instance Count
--------------
Leaf Instance Count             42 
Physical Instance count          0 
Sequential Instance Count        7 
Combinational Instance Count    35 
Hierarchical Instance Count      0 

Area
----
Cell Area                          86.314
Physical Cell Area                 0.000
Total Cell Area (Cell+Physical)    86.314
Net Area                           35.143
Total Area (Cell+Physical+Net)     121.457

Runtime                            0.0 seconds
Elapsed Runtime                    12 seconds
Genus peak memory usage            858.06 
Innovus peak memory usage          no_value 
Hostname                           ECE014.ece.local.cmu.edu
