============================================================
  Generated by:           Genus(TM) Synthesis Solution 18.14-s037_1
  Generated on:           Apr 25 2022  09:58:52 am
  Module:                 mux_b_t_t_1
  Operating conditions:   PVT_0P7V_25C 
  Interconnect mode:      global
  Area mode:              physical library
============================================================

                                               Leakage  
          Gate            Instances   Area   Power (nW)                 Library                 
------------------------------------------------------------------------------------------------
AO21x1_ASAP7_75t_R                1    1.400      0.118    asap7sc7p5t_AO_RVT_TT_ccs_201020     
AOI211xp5_ASAP7_75t_R             1    1.400      0.052    asap7sc7p5t_AO_RVT_TT_ccs_201020     
AOI21x1_ASAP7_75t_R               4    7.465      0.507    asap7sc7p5t_AO_RVT_TT_ccs_201020     
AOI221xp5_ASAP7_75t_R             6    9.798      0.395    asap7sc7p5t_AO_RVT_TT_ccs_201020     
AOI22xp5_ASAP7_75t_R              2    2.799      0.176    asap7sc7p5t_AO_RVT_TT_ccs_201020     
AOI311xp33_ASAP7_75t_R            1    1.633      0.071    asap7sc7p5t_AO_RVT_TT_ccs_201020     
ASYNC_DFFHx1_ASAP7_75t_R          8   48.522      2.440    asap7sc7p5t_SEQ_RVT_TT_ccs_201020    
HAxp5_ASAP7_75t_R                 2    4.199      0.275    asap7sc7p5t_SIMPLE_RVT_TT_ccs_201020 
INVx1_ASAP7_75t_R                 1    0.700      0.051    asap7sc7p5t_INVBUF_RVT_TT_ccs_201020 
INVxp67_ASAP7_75t_R               1    0.700      0.033    asap7sc7p5t_INVBUF_RVT_TT_ccs_201020 
NAND2xp5_ASAP7_75t_R              8    7.465      0.403    asap7sc7p5t_SIMPLE_RVT_TT_ccs_201020 
NAND4xp25_ASAP7_75t_R             1    1.400      0.032    asap7sc7p5t_SIMPLE_RVT_TT_ccs_201020 
NOR2xp33_ASAP7_75t_R              5    4.666      0.141    asap7sc7p5t_SIMPLE_RVT_TT_ccs_201020 
NOR3xp33_ASAP7_75t_R              1    1.166      0.034    asap7sc7p5t_SIMPLE_RVT_TT_ccs_201020 
NOR4xp25_ASAP7_75t_R              2    2.799      0.069    asap7sc7p5t_SIMPLE_RVT_TT_ccs_201020 
NOR5xp2_ASAP7_75t_R               2    3.266      0.129    asap7sc7p5t_SIMPLE_RVT_TT_ccs_201020 
OA211x2_ASAP7_75t_R               1    1.866      0.167    asap7sc7p5t_OA_RVT_TT_ccs_201020     
OA333x1_ASAP7_75t_R               1    2.799      0.159    asap7sc7p5t_OA_RVT_TT_ccs_201020     
OAI211xp5_ASAP7_75t_R             3    4.199      0.220    asap7sc7p5t_OA_RVT_TT_ccs_201020     
OAI21xp5_ASAP7_75t_R              1    1.166      0.085    asap7sc7p5t_OA_RVT_TT_ccs_201020     
OAI221xp5_ASAP7_75t_R             8   13.064      0.573    asap7sc7p5t_OA_RVT_TT_ccs_201020     
OAI22xp5_ASAP7_75t_R              3    4.199      0.263    asap7sc7p5t_OA_RVT_TT_ccs_201020     
OAI321xp33_ASAP7_75t_R            1    1.866      0.076    asap7sc7p5t_OA_RVT_TT_ccs_201020     
OAI32xp33_ASAP7_75t_R             1    1.633      0.056    asap7sc7p5t_OA_RVT_TT_ccs_201020     
XNOR2xp5_ASAP7_75t_R             30   62.986      4.109    asap7sc7p5t_SIMPLE_RVT_TT_ccs_201020 
XOR2xp5_ASAP7_75t_R              11   23.095      1.473    asap7sc7p5t_SIMPLE_RVT_TT_ccs_201020 
------------------------------------------------------------------------------------------------
total                           106  216.251     12.106                                         


                                                                     Leakage  Leakage 
               Library               Instances Instances %   Area  Power (nW) Power % 
--------------------------------------------------------------------------------------
asap7sc7p5t_AO_RVT_TT_ccs_201020            15        14.2  24.494      1.319    10.9 
asap7sc7p5t_INVBUF_RVT_TT_ccs_201020         2         1.9   1.400      0.084     0.7 
asap7sc7p5t_OA_RVT_TT_ccs_201020            19        17.9  30.793      1.598    13.2 
asap7sc7p5t_SEQ_RVT_TT_ccs_201020            8         7.5  48.522      2.440    20.2 
asap7sc7p5t_SIMPLE_RVT_TT_ccs_201020        62        58.5 111.041      6.664    55.0 

                                          Leakage  Leakage 
     Type      Instances   Area  Area % Power (nW) Power % 
-----------------------------------------------------------
sequential             8  48.522   22.4      2.440    20.2 
inverter               2   1.400    0.6      0.084     0.7 
logic                 96 166.329   76.9      9.581    79.1 
physical_cells         0   0.000    0.0      0.000     0.0 
-----------------------------------------------------------
total                106 216.251  100.0     12.106   100.0 

