

Working Directory = /afs/ece.cmu.edu/usr/acli/Private/18743/SYNTH/mux_b_t_t_1
QoS Summary for mux_b_t_t_1
================================================================================
Metric                          final          
================================================================================
Slack (ps):                     4,885
  R2R (ps):                     9,241
  I2R (ps):                     7,339
  R2O (ps):                     6,787
  I2O (ps):                     4,885
  CG  (ps):                  no_value
TNS (ps):                           0
  R2R (ps):                         0
  I2R (ps):                         0
  R2O (ps):                         0
  I2O (ps):                         0
  CG  (ps):                  no_value
Failing Paths:                      0
Cell Area:                        223
Total Cell Area:                  223
Leaf Instances:                   107
Total Instances:                  107
Utilization (%):                 0.00
Tot. Net Length (um):        no_value
Avg. Net Length (um):        no_value
Route Overflow H (%):        no_value
Route Overflow V (%):        no_value
MBCI(%) (bits/gate) :            0.00
Norm Cong Hotspot Area:
  Max Cong:                  no_value
  Tot Cong:                  no_value
================================================================================
CPU  Runtime (h:m:s):        00:00:31
Real Runtime (h:m:s):        00:00:16
CPU  Elapsed (h:m:s):        00:00:35
Real Elapsed (h:m:s):        00:00:17
Memory (MB):                  1117.39
================================================================================
================================================================================
Flow Settings:
================================================================================
Total Runtime (h:m:s): 00:00:16
Total Memory (MB):     1125.40
Executable Version:    20.11-s111_1
================================================================================
Total Cell Area =  Cell Area + Physical Cell Area
Total Instances =  Leaf Instances + Physical Instances


