============================================================
  Generated by:           Genus(TM) Synthesis Solution 20.11-s111_1
  Generated on:           Apr 26 2022  02:50:54 pm
  Module:                 mux_b_t_t_1
  Operating conditions:   PVT_0P7V_25C 
  Interconnect mode:      global
  Area mode:              physical library
============================================================

Timing
--------

Clock  Period 
--------------
aclk  10000.0 


  Cost    Critical         Violating 
 Group   Path Slack  TNS     Paths   
-------------------------------------
aclk         4885.3   0.0          0 
default    No paths   0.0            
-------------------------------------
Total                 0.0          0 

Instance Count
--------------
Leaf Instance Count             107 
Physical Instance count           0 
Sequential Instance Count         8 
Combinational Instance Count     99 
Hierarchical Instance Count       0 

Area
----
Cell Area                          223.016
Physical Cell Area                 0.000
Total Cell Area (Cell+Physical)    223.016
Net Area                           113.755
Total Area (Cell+Physical+Net)     336.771

Runtime                            0.0 seconds
Elapsed Runtime                    20 seconds
Genus peak memory usage            1125.40 
Innovus peak memory usage          no_value 
Hostname                           ECE014.ece.local.cmu.edu
