============================================================
  Generated by:           Genus(TM) Synthesis Solution 18.14-s037_1
  Generated on:           Apr 04 2022  08:08:47 am
  Module:                 wrapper
  Operating conditions:   PVT_0P7V_25C 
  Interconnect mode:      global
  Area mode:              physical library
============================================================


Path 1: UNCONSTRAINED Late External Delay Assertion at pin output_spikes[15]
     Startpoint: (F) DUT/genblk1_1_.Lteq/q
       Endpoint: (R) output_spikes[15]
          Clock: (R) -

                                     
   Output Delay:-    1000            
      Data Path:-     429            

Exceptions/Constraints:
  output_delay             1000            chip.sdc_line_8 

#----------------------------------------------------------------------------------------------------------
#     Timing Point      Flags   Arc   Edge         Cell           Fanout Load Trans Delay Arrival Instance 
#                                                                        (fF)  (ps)  (ps)   (ps)  Location 
#----------------------------------------------------------------------------------------------------------
  DUT/genblk1_1_.Lteq/q -       -     F     (arrival)                  3  2.1     0     0       0    (-,-) 
  DUT/g677__4296/Y      -       C->Y  F     OR3x1_ASAP7_75t_R          2  1.8    19    32      32    (-,-) 
  DUT/g674__1857/Y      -       B->Y  R     NOR2xp33_ASAP7_75t_R       3  2.0    56    34      66    (-,-) 
  DUT/g673/Y            -       A->Y  F     INVx1_ASAP7_75t_R          1  0.8    18    16      81    (-,-) 
  DUT/g670__7344/Y      -       A->Y  R     NOR3xp33_ASAP7_75t_R       3  2.0    61    35     116    (-,-) 
  DUT/g669/Y            -       A->Y  F     INVx1_ASAP7_75t_R          1  0.8    18    16     132    (-,-) 
  DUT/g667__2703/Y      -       A->Y  R     NOR3xp33_ASAP7_75t_R       3  2.0    61    36     168    (-,-) 
  DUT/g665/Y            -       A->Y  F     INVx1_ASAP7_75t_R          1  0.8    18    16     184    (-,-) 
  DUT/g663__5266/Y      -       A->Y  R     NOR3xp33_ASAP7_75t_R       3  2.0    61    36     220    (-,-) 
  DUT/g661/Y            -       A->Y  F     INVx1_ASAP7_75t_R          1  0.8    18    16     236    (-,-) 
  DUT/g655__7675/Y      -       A->Y  R     NOR3xp33_ASAP7_75t_R       3  2.0    61    36     271    (-,-) 
  DUT/g654/Y            -       A->Y  F     INVx1_ASAP7_75t_R          1  0.8    18    16     287    (-,-) 
  DUT/g650__1309/Y      -       A->Y  R     NOR3xp33_ASAP7_75t_R       3  1.7    54    32     319    (-,-) 
  DUT/g647__4547/Y      -       B->Y  F     NAND2xp33_ASAP7_75t_R      1  1.3    37    30     349    (-,-) 
  DUT/g645__3772/Y      -       B->Y  R     NOR2x1_ASAP7_75t_R         2 16.1   141    79     428    (-,-) 
  output_spikes[15]     -       -     R     (port)                     -    -     -     0     429    (-,-) 
#----------------------------------------------------------------------------------------------------------

