============================================================
  Generated by:           Genus(TM) Synthesis Solution 20.11-s111_1
  Generated on:           Apr 04 2022  12:41:32 am
  Module:                 greater_than_eq
  Operating conditions:   PVT_0P7V_25C 
  Interconnect mode:      global
  Area mode:              physical library
============================================================

                                         Leakage  
        Gate          Instances  Area  Power (nW)                 Library                 
------------------------------------------------------------------------------------------
HB1xp67_ASAP7_75t_R           1  0.933      0.051    asap7sc7p5t_INVBUF_RVT_TT_ccs_201020 
INVxp67_ASAP7_75t_R           1  0.700      0.034    asap7sc7p5t_INVBUF_RVT_TT_ccs_201020 
NOR2xp33_ASAP7_75t_R          4  3.732      0.117    asap7sc7p5t_SIMPLE_RVT_TT_ccs_201020 
------------------------------------------------------------------------------------------
total                         6  5.365      0.202                                         


                                                                   Leakage  Leakage 
               Library               Instances Instances %  Area Power (nW) Power % 
------------------------------------------------------------------------------------
asap7sc7p5t_INVBUF_RVT_TT_ccs_201020         2        33.3 1.633      0.085    42.0 
asap7sc7p5t_SIMPLE_RVT_TT_ccs_201020         4        66.7 3.732      0.117    58.0 

                                        Leakage  Leakage 
     Type      Instances  Area Area % Power (nW) Power % 
---------------------------------------------------------
inverter               1 0.700   13.0      0.034    16.9 
buffer                 1 0.933   17.4      0.051    25.1 
logic                  4 3.732   69.6      0.117    58.0 
physical_cells         0 0.000    0.0      0.000     0.0 
---------------------------------------------------------
total                  6 5.365  100.0      0.202   100.0 

