============================================================
  Generated by:           Genus(TM) Synthesis Solution 20.11-s111_1
  Generated on:           Apr 04 2022  12:41:32 am
  Module:                 greater_than_eq
  Operating conditions:   PVT_0P7V_25C 
  Interconnect mode:      global
  Area mode:              physical library
============================================================


Path 1: UNCONSTRAINED
     Startpoint: (F) a
       Endpoint: (R) q

                   Capture    Launch  
      Drv Adjust:+       0         0  
                                      
       Data Path:-      79            

#--------------------------------------------------------------------------------------------------
# Timing Point   Flags   Arc   Edge         Cell          Fanout Load Trans Delay Arrival Instance 
#                                                                (fF)  (ps)  (ps)   (ps)  Location 
#--------------------------------------------------------------------------------------------------
  a              -       -     F     (arrival)                 1  0.7     0     0       0    (-,-) 
  g18/Y          -       A->Y  R     INVxp67_ASAP7_75t_R       2  1.1    16     9       9    (-,-) 
  g17__6260/Y    -       B->Y  F     NOR2xp33_ASAP7_75t_R      1  0.6    17    15      24    (-,-) 
  sr/g25__5107/Y -       B->Y  R     NOR2xp33_ASAP7_75t_R      1  0.6    22    17      41    (-,-) 
  sr/g24__2398/Y -       B->Y  F     NOR2xp33_ASAP7_75t_R      2  1.1    28    22      64    (-,-) 
  g19__4319/Y    -       B->Y  R     NOR2xp33_ASAP7_75t_R      1  0.3    18    15      79    (-,-) 
  q              -       -     R     (port)                    -    -     -     0      79    (-,-) 
#--------------------------------------------------------------------------------------------------

