============================================================
  Generated by:           Genus(TM) Synthesis Solution 20.11-s111_1
  Generated on:           Apr 25 2022  04:04:34 am
  Module:                 mux_t_be_t_1
  Operating conditions:   PVT_0P7V_25C 
  Interconnect mode:      global
  Area mode:              physical library
============================================================

                                               Leakage  
          Gate            Instances   Area   Power (nW)                 Library                 
------------------------------------------------------------------------------------------------
AO21x1_ASAP7_75t_R                1    1.400      0.143    asap7sc7p5t_AO_RVT_TT_ccs_201020     
AOI211xp5_ASAP7_75t_R             1    1.400      0.058    asap7sc7p5t_AO_RVT_TT_ccs_201020     
AOI21xp5_ASAP7_75t_R              1    1.166      0.063    asap7sc7p5t_AO_RVT_TT_ccs_201020     
ASYNC_DFFHx1_ASAP7_75t_R         38  230.481     11.591    asap7sc7p5t_SEQ_RVT_TT_ccs_201020    
BUFx3_ASAP7_75t_R                 1    1.400      0.207    asap7sc7p5t_INVBUF_RVT_TT_ccs_201020 
HAxp5_ASAP7_75t_R                 3    6.299      0.412    asap7sc7p5t_SIMPLE_RVT_TT_ccs_201020 
HB1xp67_ASAP7_75t_R              32   29.860      1.657    asap7sc7p5t_INVBUF_RVT_TT_ccs_201020 
INVx1_ASAP7_75t_R                69   48.289      3.494    asap7sc7p5t_INVBUF_RVT_TT_ccs_201020 
INVxp67_ASAP7_75t_R               3    2.100      0.101    asap7sc7p5t_INVBUF_RVT_TT_ccs_201020 
MAJIxp5_ASAP7_75t_R               1    1.633      0.092    asap7sc7p5t_SIMPLE_RVT_TT_ccs_201020 
NAND2xp5_ASAP7_75t_R              2    1.866      0.100    asap7sc7p5t_SIMPLE_RVT_TT_ccs_201020 
NAND3xp33_ASAP7_75t_R             1    1.166      0.057    asap7sc7p5t_SIMPLE_RVT_TT_ccs_201020 
NOR2xp33_ASAP7_75t_R             64   59.720      1.849    asap7sc7p5t_SIMPLE_RVT_TT_ccs_201020 
NOR3xp33_ASAP7_75t_R             33   38.491      1.020    asap7sc7p5t_SIMPLE_RVT_TT_ccs_201020 
OAI21xp5_ASAP7_75t_R              1    1.166      0.072    asap7sc7p5t_OA_RVT_TT_ccs_201020     
OR2x2_ASAP7_75t_R                 1    1.400      0.150    asap7sc7p5t_SIMPLE_RVT_TT_ccs_201020 
OR4x1_ASAP7_75t_R                 1    1.633      0.247    asap7sc7p5t_SIMPLE_RVT_TT_ccs_201020 
OR5x1_ASAP7_75t_R                 7   13.064      1.301    asap7sc7p5t_SIMPLE_RVT_TT_ccs_201020 
XNOR2xp5_ASAP7_75t_R              1    2.100      0.137    asap7sc7p5t_SIMPLE_RVT_TT_ccs_201020 
XOR2xp5_ASAP7_75t_R              34   71.384      4.501    asap7sc7p5t_SIMPLE_RVT_TT_ccs_201020 
------------------------------------------------------------------------------------------------
total                           295  516.015     27.254                                         


                                                                     Leakage  Leakage 
               Library               Instances Instances %   Area  Power (nW) Power % 
--------------------------------------------------------------------------------------
asap7sc7p5t_AO_RVT_TT_ccs_201020             3         1.0   3.966      0.264     1.0 
asap7sc7p5t_INVBUF_RVT_TT_ccs_201020       105        35.6  81.648      5.459    20.0 
asap7sc7p5t_OA_RVT_TT_ccs_201020             1         0.3   1.166      0.072     0.3 
asap7sc7p5t_SEQ_RVT_TT_ccs_201020           38        12.9 230.481     11.591    42.5 
asap7sc7p5t_SIMPLE_RVT_TT_ccs_201020       148        50.2 198.755      9.867    36.2 

                                          Leakage  Leakage 
     Type      Instances   Area  Area % Power (nW) Power % 
-----------------------------------------------------------
sequential            38 230.481   44.7     11.591    42.5 
inverter              72  50.388    9.8      3.594    13.2 
buffer                33  31.260    6.1      1.864     6.8 
logic                152 203.887   39.5     10.204    37.4 
physical_cells         0   0.000    0.0      0.000     0.0 
-----------------------------------------------------------
total                295 516.015  100.0     27.254   100.0 

