============================================================
  Generated by:           Genus(TM) Synthesis Solution 20.11-s111_1
  Generated on:           Apr 25 2022  04:04:33 am
  Module:                 mux_t_be_t_1
  Operating conditions:   PVT_0P7V_25C 
  Interconnect mode:      global
  Area mode:              physical library
============================================================

Timing
--------

Clock  Period 
--------------
aclk  10000.0 


  Cost    Critical         Violating 
 Group   Path Slack  TNS     Paths   
-------------------------------------
aclk         5225.8   0.0          0 
default    No paths   0.0            
-------------------------------------
Total                 0.0          0 

Instance Count
--------------
Leaf Instance Count             295 
Physical Instance count           0 
Sequential Instance Count        38 
Combinational Instance Count    257 
Hierarchical Instance Count      65 

Area
----
Cell Area                          516.015
Physical Cell Area                 0.000
Total Cell Area (Cell+Physical)    516.015
Net Area                           209.850
Total Area (Cell+Physical+Net)     725.865

Runtime                            0.0 seconds
Elapsed Runtime                    22 seconds
Genus peak memory usage            1141.03 
Innovus peak memory usage          no_value 
Hostname                           ECE010.ece.local.cmu.edu
