============================================================
  Generated by:           Genus(TM) Synthesis Solution 20.11-s111_1
  Generated on:           Apr 04 2022  05:57:25 am
  Module:                 max
  Operating conditions:   PVT_0P7V_25C 
  Interconnect mode:      global
  Area mode:              physical library
============================================================


Path 1: MET (5400 ps) Late External Delay Assertion at pin y
          Group: aclk
     Startpoint: (R) b
          Clock: (R) aclk
       Endpoint: (R) y
          Clock: (R) aclk

                     Capture       Launch     
        Clock Edge:+   10000            0     
        Drv Adjust:+       0            0     
       Src Latency:+       0            0     
       Net Latency:+       0 (I)        0 (I) 
           Arrival:=   10000            0     
                                              
      Output Delay:-    2000                  
       Uncertainty:-     400                  
     Required Time:=    7600                  
      Launch Clock:-       0                  
       Input Delay:-    2000                  
         Data Path:-     200                  
             Slack:=    5400                  

Exceptions/Constraints:
  input_delay              2000            chip.sdc_line_7_3_1 
  output_delay             2000            chip.sdc_line_8     

#---------------------------------------------------------------------------------------------------
#  Timing Point   Flags   Arc   Edge         Cell          Fanout Load Trans Delay Arrival Instance 
#                                                                 (fF)  (ps)  (ps)   (ps)  Location 
#---------------------------------------------------------------------------------------------------
  b               -       -     R     (arrival)                 2  1.4     0     0    2000    (-,-) 
  g132__6783/Y    -       A->Y  F     NAND2xp5_ASAP7_75t_R      2  1.4    20    12    2012    (-,-) 
  g129__5526/Y    -       B->Y  R     NOR2xp33_ASAP7_75t_R      2  1.4    42    27    2039    (-,-) 
  g128/Y          -       A->Y  F     INVx1_ASAP7_75t_R         1  0.6    14    13    2052    (-,-) 
  g127__8428/Y    -       B->Y  R     NOR2xp33_ASAP7_75t_R      1  0.6    22    16    2067    (-,-) 
  sr1/g25__5107/Y -       B->Y  F     NOR2xp33_ASAP7_75t_R      1  0.6    18    17    2084    (-,-) 
  sr1/g24__2398/Y -       B->Y  R     NOR2xp33_ASAP7_75t_R      2  1.2    37    24    2108    (-,-) 
  g114__3680/Y    -       A2->Y R     AO22x1_ASAP7_75t_R        1 15.3   137    90    2199    (-,-) 
  y               -       -     R     (port)                    -    -     -     1    2200    (-,-) 
#---------------------------------------------------------------------------------------------------



Path 2: MET (7590 ps) Setup Check with Pin prev_temp_out_reg/CLK->D
          Group: aclk
     Startpoint: (F) b
          Clock: (R) aclk
       Endpoint: (R) prev_temp_out_reg/D
          Clock: (R) aclk

                     Capture       Launch     
        Clock Edge:+   10000            0     
        Drv Adjust:+       0            0     
       Src Latency:+       0            0     
       Net Latency:+       0 (I)        0 (I) 
           Arrival:=   10000            0     
                                              
             Setup:-      -2                  
       Uncertainty:-     400                  
     Required Time:=    9602                  
      Launch Clock:-       0                  
       Input Delay:-    2000                  
         Data Path:-      12                  
             Slack:=    7590                  

Exceptions/Constraints:
  input_delay             2000            chip.sdc_line_7_3_1 

#-----------------------------------------------------------------------------------------------------------
#    Timing Point     Flags   Arc   Edge           Cell            Fanout Load Trans Delay Arrival Instance 
#                                                                         (fF)  (ps)  (ps)   (ps)  Location 
#-----------------------------------------------------------------------------------------------------------
  b                   -       -     F     (arrival)                     2  1.4     0     0    2000    (-,-) 
  g132__6783/Y        -       A->Y  R     NAND2xp5_ASAP7_75t_R          2  1.4    23    12    2012    (-,-) 
  prev_temp_out_reg/D -       -     R     ASYNC_DFFHx1_ASAP7_75t_R      2    -     -     0    2012    (-,-) 
#-----------------------------------------------------------------------------------------------------------



Path 3: MET (7596 ps) Setup Check with Pin prev_a_reg/CLK->D
          Group: aclk
     Startpoint: (F) a
          Clock: (R) aclk
       Endpoint: (R) prev_a_reg/D
          Clock: (R) aclk

                     Capture       Launch     
        Clock Edge:+   10000            0     
        Drv Adjust:+       0            0     
       Src Latency:+       0            0     
       Net Latency:+       0 (I)        0 (I) 
           Arrival:=   10000            0     
                                              
             Setup:-      -4                  
       Uncertainty:-     400                  
     Required Time:=    9604                  
      Launch Clock:-       0                  
       Input Delay:-    2000                  
         Data Path:-       8                  
             Slack:=    7596                  

Exceptions/Constraints:
  input_delay             2000            chip.sdc_line_7_2_1 

#------------------------------------------------------------------------------------------------------
# Timing Point   Flags   Arc   Edge           Cell            Fanout Load Trans Delay Arrival Instance 
#                                                                    (fF)  (ps)  (ps)   (ps)  Location 
#------------------------------------------------------------------------------------------------------
  a              -       -     F     (arrival)                     3  1.9     0     0    2000    (-,-) 
  g133/Y         -       A->Y  R     INVxp67_ASAP7_75t_R           1  0.9    14     8    2008    (-,-) 
  prev_a_reg/D   -       -     R     ASYNC_DFFHx1_ASAP7_75t_R      1    -     -     0    2008    (-,-) 
#------------------------------------------------------------------------------------------------------

Some unconstrained paths have not been displayed.
Use -unconstrained or set the root attribute 'timing_report_unconstrained' to 'true' to see only these unconstrained paths.

