============================================================
  Generated by:           Genus(TM) Synthesis Solution 20.11-s111_1
  Generated on:           Apr 04 2022  12:46:30 am
  Module:                 max
  Operating conditions:   PVT_0P7V_25C 
  Interconnect mode:      global
  Area mode:              physical library
============================================================

Timing
--------

Clock  Period 
--------------
aclk  10000.0 


  Cost    Critical         Violating 
 Group   Path Slack  TNS     Paths   
-------------------------------------
aclk         5446.5   0.0          0 
default    No paths   0.0            
-------------------------------------
Total                 0.0          0 

Instance Count
--------------
Leaf Instance Count             16 
Physical Instance count          0 
Sequential Instance Count        4 
Combinational Instance Count    12 
Hierarchical Instance Count      0 

Area
----
Cell Area                          39.424
Physical Cell Area                 0.000
Total Cell Area (Cell+Physical)    39.424
Net Area                           12.636
Total Area (Cell+Physical+Net)     52.060

Runtime                            0.0 seconds
Elapsed Runtime                    18 seconds
Genus peak memory usage            1164.68 
Innovus peak memory usage          no_value 
Hostname                           ECE010.ECE.LOCAL.CMU.EDU
