============================================================
  Generated by:           Genus(TM) Synthesis Solution 20.11-s111_1
  Generated on:           Apr 04 2022  12:46:30 am
  Module:                 max
  Operating conditions:   PVT_0P7V_25C 
  Interconnect mode:      global
  Area mode:              physical library
============================================================

                                              Leakage  
          Gate            Instances   Area  Power (nW)                 Library                 
-----------------------------------------------------------------------------------------------
AND2x2_ASAP7_75t_R                1   1.400      0.155    asap7sc7p5t_SIMPLE_RVT_TT_ccs_201020 
AOI22xp5_ASAP7_75t_R              1   1.400      0.088    asap7sc7p5t_AO_RVT_TT_ccs_201020     
ASYNC_DFFHx1_ASAP7_75t_R          4  24.261      1.220    asap7sc7p5t_SEQ_RVT_TT_ccs_201020    
HAxp5_ASAP7_75t_R                 1   2.100      0.138    asap7sc7p5t_SIMPLE_RVT_TT_ccs_201020 
INVxp67_ASAP7_75t_R               2   1.400      0.067    asap7sc7p5t_INVBUF_RVT_TT_ccs_201020 
MAJIxp5_ASAP7_75t_R               1   1.633      0.103    asap7sc7p5t_SIMPLE_RVT_TT_ccs_201020 
NAND2xp5_ASAP7_75t_R              2   1.866      0.097    asap7sc7p5t_SIMPLE_RVT_TT_ccs_201020 
NOR2xp33_ASAP7_75t_R              1   0.933      0.028    asap7sc7p5t_SIMPLE_RVT_TT_ccs_201020 
NOR3xp33_ASAP7_75t_R              1   1.166      0.038    asap7sc7p5t_SIMPLE_RVT_TT_ccs_201020 
OAI21xp5_ASAP7_75t_R              1   1.166      0.090    asap7sc7p5t_OA_RVT_TT_ccs_201020     
XOR2xp5_ASAP7_75t_R               1   2.100      0.131    asap7sc7p5t_SIMPLE_RVT_TT_ccs_201020 
-----------------------------------------------------------------------------------------------
total                            16  39.424      2.156                                         


                                                                    Leakage  Leakage 
               Library               Instances Instances %  Area  Power (nW) Power % 
-------------------------------------------------------------------------------------
asap7sc7p5t_AO_RVT_TT_ccs_201020             1         6.2  1.400      0.088     4.1 
asap7sc7p5t_INVBUF_RVT_TT_ccs_201020         2        12.5  1.400      0.067     3.1 
asap7sc7p5t_OA_RVT_TT_ccs_201020             1         6.2  1.166      0.090     4.2 
asap7sc7p5t_SEQ_RVT_TT_ccs_201020            4        25.0 24.261      1.220    56.6 
asap7sc7p5t_SIMPLE_RVT_TT_ccs_201020         8        50.0 11.197      0.690    32.0 

                                         Leakage  Leakage 
     Type      Instances  Area  Area % Power (nW) Power % 
----------------------------------------------------------
sequential             4 24.261   61.5      1.220    56.6 
inverter               2  1.400    3.6      0.067     3.1 
logic                 10 13.764   34.9      0.868    40.3 
physical_cells         0  0.000    0.0      0.000     0.0 
----------------------------------------------------------
total                 16 39.424  100.0      2.156   100.0 

