============================================================
  Generated by:           Genus(TM) Synthesis Solution 20.11-s111_1
  Generated on:           Apr 25 2022  04:01:50 am
  Module:                 mux_b_t_s
  Operating conditions:   PVT_0P7V_25C 
  Interconnect mode:      global
  Area mode:              physical library
============================================================

Timing
--------

Clock  Period 
--------------
aclk  10000.0 


  Cost    Critical         Violating 
 Group   Path Slack  TNS     Paths   
-------------------------------------
aclk         5503.0   0.0          0 
default    No paths   0.0            
-------------------------------------
Total                 0.0          0 

Instance Count
--------------
Leaf Instance Count             73 
Physical Instance count          0 
Sequential Instance Count        3 
Combinational Instance Count    70 
Hierarchical Instance Count      1 

Area
----
Cell Area                          107.775
Physical Cell Area                 0.000
Total Cell Area (Cell+Physical)    107.775
Net Area                           90.455
Total Area (Cell+Physical+Net)     198.230

Runtime                            0.0 seconds
Elapsed Runtime                    19 seconds
Genus peak memory usage            1153.79 
Innovus peak memory usage          no_value 
Hostname                           ECE010.ece.local.cmu.edu
