============================================================
  Generated by:           Genus(TM) Synthesis Solution 20.11-s111_1
  Generated on:           Apr 25 2022  12:23:54 pm
  Module:                 mux_b_t_s
  Operating conditions:   PVT_0P7V_25C 
  Interconnect mode:      global
  Area mode:              physical library
============================================================

                                              Leakage  
          Gate            Instances   Area  Power (nW)                 Library                 
-----------------------------------------------------------------------------------------------
AND2x2_ASAP7_75t_R                5   6.998      0.734    asap7sc7p5t_SIMPLE_RVT_TT_ccs_201020 
AOI22xp5_ASAP7_75t_R             16  22.395      1.307    asap7sc7p5t_AO_RVT_TT_ccs_201020     
ASYNC_DFFHx1_ASAP7_75t_R          3  18.196      0.915    asap7sc7p5t_SEQ_RVT_TT_ccs_201020    
INVx1_ASAP7_75t_R                 1   0.700      0.051    asap7sc7p5t_INVBUF_RVT_TT_ccs_201020 
INVxp67_ASAP7_75t_R               4   2.799      0.135    asap7sc7p5t_INVBUF_RVT_TT_ccs_201020 
NAND2xp5_ASAP7_75t_R              5   4.666      0.246    asap7sc7p5t_SIMPLE_RVT_TT_ccs_201020 
NAND4xp25_ASAP7_75t_R             4   5.599      0.394    asap7sc7p5t_SIMPLE_RVT_TT_ccs_201020 
NOR2xp33_ASAP7_75t_R              8   7.465      0.198    asap7sc7p5t_SIMPLE_RVT_TT_ccs_201020 
OAI21xp5_ASAP7_75t_R              1   1.166      0.091    asap7sc7p5t_OA_RVT_TT_ccs_201020     
XOR2xp5_ASAP7_75t_R               2   4.199      0.266    asap7sc7p5t_SIMPLE_RVT_TT_ccs_201020 
-----------------------------------------------------------------------------------------------
total                            49  74.183      4.339                                         


                                                                    Leakage  Leakage 
               Library               Instances Instances %  Area  Power (nW) Power % 
-------------------------------------------------------------------------------------
asap7sc7p5t_AO_RVT_TT_ccs_201020            16        32.7 22.395      1.307    30.1 
asap7sc7p5t_INVBUF_RVT_TT_ccs_201020         5        10.2  3.499      0.187     4.3 
asap7sc7p5t_OA_RVT_TT_ccs_201020             1         2.0  1.166      0.091     2.1 
asap7sc7p5t_SEQ_RVT_TT_ccs_201020            3         6.1 18.196      0.915    21.1 
asap7sc7p5t_SIMPLE_RVT_TT_ccs_201020        24        49.0 28.927      1.838    42.4 

                                         Leakage  Leakage 
     Type      Instances  Area  Area % Power (nW) Power % 
----------------------------------------------------------
sequential             3 18.196   24.5      0.915    21.1 
inverter               5  3.499    4.7      0.187     4.3 
logic                 41 52.488   70.8      3.237    74.6 
physical_cells         0  0.000    0.0      0.000     0.0 
----------------------------------------------------------
total                 49 74.183  100.0      4.339   100.0 

