

Working Directory = /afs/ece.cmu.edu/usr/acli/Private/18743/SYNTH/mux_b_t_s
QoS Summary for mux_b_t_s
================================================================================
Metric                          final          
================================================================================
Slack (ps):                       inf
  R2R (ps):                  no_value
  I2R (ps):                  no_value
  R2O (ps):                  no_value
  I2O (ps):                  no_value
  CG  (ps):                  no_value
TNS (ps):                           0
  R2R (ps):                  no_value
  I2R (ps):                  no_value
  R2O (ps):                  no_value
  I2O (ps):                  no_value
  CG  (ps):                  no_value
Failing Paths:                      0
Cell Area:                          0
Total Cell Area:                    0
Leaf Instances:                     0
Total Instances:                    0
Utilization (%):                 0.00
Tot. Net Length (um):        no_value
Avg. Net Length (um):        no_value
Route Overflow H (%):        no_value
Route Overflow V (%):        no_value
MBCI(%) (bits/gate) :            0.00
Norm Cong Hotspot Area:
  Max Cong:                  no_value
  Tot Cong:                  no_value
================================================================================
CPU  Runtime (h:m:s):        00:00:22
Real Runtime (h:m:s):        00:00:07
CPU  Elapsed (h:m:s):        00:00:25
Real Elapsed (h:m:s):        00:00:08
Memory (MB):                   813.08
================================================================================
================================================================================
Flow Settings:
================================================================================
Total Runtime (h:m:s): 00:00:07
Total Memory (MB):     813.08
Executable Version:    18.14-s037_1
================================================================================
Total Cell Area =  Cell Area + Physical Cell Area
Total Instances =  Leaf Instances + Physical Instances


