============================================================
  Generated by:           Genus(TM) Synthesis Solution 20.11-s111_1
  Generated on:           Apr 04 2022  06:20:02 am
  Module:                 less_than
  Operating conditions:   PVT_0P7V_25C 
  Interconnect mode:      global
  Area mode:              physical library
============================================================

                                              Leakage  
          Gate            Instances   Area  Power (nW)                 Library                 
-----------------------------------------------------------------------------------------------
AND2x2_ASAP7_75t_R                1   1.400      0.141    asap7sc7p5t_SIMPLE_RVT_TT_ccs_201020 
ASYNC_DFFHx1_ASAP7_75t_R          2  12.131      0.603    asap7sc7p5t_SEQ_RVT_TT_ccs_201020    
HB1xp67_ASAP7_75t_R               2   1.866      0.102    asap7sc7p5t_INVBUF_RVT_TT_ccs_201020 
INVxp67_ASAP7_75t_R               1   0.700      0.034    asap7sc7p5t_INVBUF_RVT_TT_ccs_201020 
NOR2xp33_ASAP7_75t_R              5   4.666      0.145    asap7sc7p5t_SIMPLE_RVT_TT_ccs_201020 
NOR3xp33_ASAP7_75t_R              1   1.166      0.037    asap7sc7p5t_SIMPLE_RVT_TT_ccs_201020 
OR2x2_ASAP7_75t_R                 1   1.400      0.148    asap7sc7p5t_SIMPLE_RVT_TT_ccs_201020 
-----------------------------------------------------------------------------------------------
total                            13  23.328      1.210                                         


                                                                    Leakage  Leakage 
               Library               Instances Instances %  Area  Power (nW) Power % 
-------------------------------------------------------------------------------------
asap7sc7p5t_INVBUF_RVT_TT_ccs_201020         3        23.1  2.566      0.136    11.2 
asap7sc7p5t_SEQ_RVT_TT_ccs_201020            2        15.4 12.131      0.603    49.8 
asap7sc7p5t_SIMPLE_RVT_TT_ccs_201020         8        61.5  8.631      0.471    38.9 

                                         Leakage  Leakage 
     Type      Instances  Area  Area % Power (nW) Power % 
----------------------------------------------------------
sequential             2 12.131   52.0      0.603    49.8 
inverter               1  0.700    3.0      0.034     2.8 
buffer                 2  1.866    8.0      0.102     8.4 
logic                  8  8.631   37.0      0.471    38.9 
physical_cells         0  0.000    0.0      0.000     0.0 
----------------------------------------------------------
total                 13 23.328  100.0      1.210   100.0 

