============================================================
  Generated by:           Genus(TM) Synthesis Solution 20.11-s111_1
  Generated on:           Apr 04 2022  06:20:02 am
  Module:                 less_than
  Operating conditions:   PVT_0P7V_25C 
  Interconnect mode:      global
  Area mode:              physical library
============================================================


Path 1: MET (5393 ps) Late External Delay Assertion at pin q
          Group: aclk
     Startpoint: (R) a
          Clock: (R) aclk
       Endpoint: (R) q
          Clock: (R) aclk

                     Capture       Launch     
        Clock Edge:+   10000            0     
        Drv Adjust:+       0            0     
       Src Latency:+       0            0     
       Net Latency:+       0 (I)        0 (I) 
           Arrival:=   10000            0     
                                              
      Output Delay:-    2000                  
       Uncertainty:-     400                  
     Required Time:=    7600                  
      Launch Clock:-       0                  
       Input Delay:-    2000                  
         Data Path:-     207                  
             Slack:=    5393                  

Exceptions/Constraints:
  input_delay              2000            chip.sdc_line_7_2_1 
  output_delay             2000            chip.sdc_line_8     

#---------------------------------------------------------------------------------------------------
#  Timing Point   Flags   Arc   Edge         Cell          Fanout Load Trans Delay Arrival Instance 
#                                                                 (fF)  (ps)  (ps)   (ps)  Location 
#---------------------------------------------------------------------------------------------------
  a               -       -     R     (arrival)                 2  1.4     0     0    2000    (-,-) 
  g97/Y           -       A->Y  F     INVxp67_ASAP7_75t_R       3  2.0    22    12    2012    (-,-) 
  g79__8428/Y     -       B->Y  R     NOR2xp33_ASAP7_75t_R      1  0.6    23    18    2030    (-,-) 
  sr/g24__2398/Y  -       B->Y  F     NOR2xp33_ASAP7_75t_R      2  1.3    32    25    2055    (-,-) 
  g96__6783/Y     -       B->Y  F     OR2x2_ASAP7_75t_R         2  1.6    12    31    2086    (-,-) 
  g93__5526/Y     -       A->Y  R     NOR3xp33_ASAP7_75t_R      1  0.6    27    17    2103    (-,-) 
  sr1/g25__4319/Y -       B->Y  F     NOR2xp33_ASAP7_75t_R      1  0.6    20    18    2122    (-,-) 
  sr1/g24__6260/Y -       B->Y  R     NOR2xp33_ASAP7_75t_R      2  1.3    39    26    2148    (-,-) 
  g81__3680/Y     -       B->Y  R     AND2x2_ASAP7_75t_R        1 15.3    72    58    2206    (-,-) 
  q               -       -     R     (port)                    -    -     -     1    2207    (-,-) 
#---------------------------------------------------------------------------------------------------



Path 2: MET (7516 ps) Setup Check with Pin prev_temp_out_reg/CLK->D
          Group: aclk
     Startpoint: (F) a
          Clock: (R) aclk
       Endpoint: (R) prev_temp_out_reg/D
          Clock: (R) aclk

                     Capture       Launch     
        Clock Edge:+   10000            0     
        Drv Adjust:+       0            0     
       Src Latency:+       0            0     
       Net Latency:+       0 (I)        0 (I) 
           Arrival:=   10000            0     
                                              
             Setup:-      -4                  
       Uncertainty:-     400                  
     Required Time:=    9604                  
      Launch Clock:-       0                  
       Input Delay:-    2000                  
         Data Path:-      88                  
             Slack:=    7516                  

Exceptions/Constraints:
  input_delay             2000            chip.sdc_line_7_2_1 

#-----------------------------------------------------------------------------------------------------------
#    Timing Point     Flags   Arc   Edge           Cell            Fanout Load Trans Delay Arrival Instance 
#                                                                         (fF)  (ps)  (ps)   (ps)  Location 
#-----------------------------------------------------------------------------------------------------------
  a                   -       -     F     (arrival)                     2  1.4     0     0    2000    (-,-) 
  g97/Y               -       A->Y  R     INVxp67_ASAP7_75t_R           3  2.0    28    14    2014    (-,-) 
  g79__8428/Y         -       B->Y  F     NOR2xp33_ASAP7_75t_R          1  0.6    20    19    2033    (-,-) 
  sr/g24__2398/Y      -       B->Y  R     NOR2xp33_ASAP7_75t_R          2  1.3    39    26    2059    (-,-) 
  g96__6783/Y         -       B->Y  R     OR2x2_ASAP7_75t_R             2  1.6    12    29    2088    (-,-) 
  prev_temp_out_reg/D -       -     R     ASYNC_DFFHx1_ASAP7_75t_R      2    -     -     0    2088    (-,-) 
#-----------------------------------------------------------------------------------------------------------



Path 3: MET (7587 ps) Setup Check with Pin prev_a_reg/CLK->D
          Group: aclk
     Startpoint: (F) a
          Clock: (R) aclk
       Endpoint: (R) prev_a_reg/D
          Clock: (R) aclk

                     Capture       Launch     
        Clock Edge:+   10000            0     
        Drv Adjust:+       0            0     
       Src Latency:+       0            0     
       Net Latency:+       0 (I)        0 (I) 
           Arrival:=   10000            0     
                                              
             Setup:-      -1                  
       Uncertainty:-     400                  
     Required Time:=    9601                  
      Launch Clock:-       0                  
       Input Delay:-    2000                  
         Data Path:-      14                  
             Slack:=    7587                  

Exceptions/Constraints:
  input_delay             2000            chip.sdc_line_7_2_1 

#------------------------------------------------------------------------------------------------------
# Timing Point   Flags   Arc   Edge           Cell            Fanout Load Trans Delay Arrival Instance 
#                                                                    (fF)  (ps)  (ps)   (ps)  Location 
#------------------------------------------------------------------------------------------------------
  a              -       -     F     (arrival)                     2  1.4     0     0    2000    (-,-) 
  g97/Y          -       A->Y  R     INVxp67_ASAP7_75t_R           3  2.0    28    14    2014    (-,-) 
  prev_a_reg/D   -       -     R     ASYNC_DFFHx1_ASAP7_75t_R      3    -     -     0    2014    (-,-) 
#------------------------------------------------------------------------------------------------------

Some unconstrained paths have not been displayed.
Use -unconstrained or set the root attribute 'timing_report_unconstrained' to 'true' to see only these unconstrained paths.

