

Working Directory = /afs/andrew.cmu.edu/usr24/sganiger/private/18743/project/18743/SYNTH/less_than_seq_pulse
QoS Summary for less_than
================================================================================
Metric                          final          
================================================================================
Slack (ps):                     5,393
  R2R (ps):                  no_value
  I2R (ps):                     7,516
  R2O (ps):                     7,394
  I2O (ps):                     5,393
  CG  (ps):                  no_value
TNS (ps):                           0
  R2R (ps):                  no_value
  I2R (ps):                         0
  R2O (ps):                         0
  I2O (ps):                         0
  CG  (ps):                  no_value
Failing Paths:                      0
Cell Area:                         23
Total Cell Area:                   23
Leaf Instances:                    13
Total Instances:                   13
Utilization (%):                 0.00
Tot. Net Length (um):        no_value
Avg. Net Length (um):        no_value
Route Overflow H (%):        no_value
Route Overflow V (%):        no_value
MBCI(%) (bits/gate) :            0.00
Norm Cong Hotspot Area:
  Max Cong:                  no_value
  Tot Cong:                  no_value
================================================================================
CPU  Runtime (h:m:s):        00:00:28
Real Runtime (h:m:s):        00:00:13
CPU  Elapsed (h:m:s):        00:00:32
Real Elapsed (h:m:s):        00:00:14
Memory (MB):                  1174.04
================================================================================
================================================================================
Flow Settings:
================================================================================
Total Runtime (h:m:s): 00:00:13
Total Memory (MB):     1182.04
Executable Version:    20.11-s111_1
================================================================================
Total Cell Area =  Cell Area + Physical Cell Area
Total Instances =  Leaf Instances + Physical Instances


