============================================================
  Generated by:           Genus(TM) Synthesis Solution 20.11-s111_1
  Generated on:           Apr 25 2022  03:58:12 am
  Module:                 filter
  Operating conditions:   PVT_0P7V_25C 
  Interconnect mode:      global
  Area mode:              physical library
============================================================

Timing
--------

Clock  Period 
--------------
aclk  10000.0 


  Cost    Critical         Violating 
 Group   Path Slack  TNS     Paths   
-------------------------------------
aclk         5462.7   0.0          0 
default    No paths   0.0            
-------------------------------------
Total                 0.0          0 

Instance Count
--------------
Leaf Instance Count             896 
Physical Instance count           0 
Sequential Instance Count         0 
Combinational Instance Count    896 
Hierarchical Instance Count     256 

Area
----
Cell Area                          821.146
Physical Cell Area                 0.000
Total Cell Area (Cell+Physical)    821.146
Net Area                           619.534
Total Area (Cell+Physical+Net)     1440.680

Runtime                            0.0 seconds
Elapsed Runtime                    28 seconds
Genus peak memory usage            1175.45 
Innovus peak memory usage          no_value 
Hostname                           ECE010.ece.local.cmu.edu
