============================================================
  Generated by:           Genus(TM) Synthesis Solution 20.11-s111_1
  Generated on:           Apr 25 2022  03:58:12 am
  Module:                 filter
  Operating conditions:   PVT_0P7V_25C 
  Interconnect mode:      global
  Area mode:              physical library
============================================================

                                           Leakage  
        Gate          Instances   Area   Power (nW)                 Library                 
--------------------------------------------------------------------------------------------
AND2x2_ASAP7_75t_R           64   89.580      9.253    asap7sc7p5t_SIMPLE_RVT_TT_ccs_201020 
HB1xp67_ASAP7_75t_R         128  119.439      6.497    asap7sc7p5t_INVBUF_RVT_TT_ccs_201020 
INVx1_ASAP7_75t_R           192  134.369      9.822    asap7sc7p5t_INVBUF_RVT_TT_ccs_201020 
NOR2xp33_ASAP7_75t_R        512  477.757     15.023    asap7sc7p5t_SIMPLE_RVT_TT_ccs_201020 
--------------------------------------------------------------------------------------------
total                       896  821.146     40.595                                         


                                                                     Leakage  Leakage 
               Library               Instances Instances %   Area  Power (nW) Power % 
--------------------------------------------------------------------------------------
asap7sc7p5t_INVBUF_RVT_TT_ccs_201020       320        35.7 253.809     16.319    40.2 
asap7sc7p5t_SIMPLE_RVT_TT_ccs_201020       576        64.3 567.337     24.276    59.8 

                                          Leakage  Leakage 
     Type      Instances   Area  Area % Power (nW) Power % 
-----------------------------------------------------------
inverter             192 134.369   16.4      9.822    24.2 
buffer               128 119.439   14.5      6.497    16.0 
logic                576 567.337   69.1     24.276    59.8 
physical_cells         0   0.000    0.0      0.000     0.0 
-----------------------------------------------------------
total                896 821.146  100.0     40.595   100.0 

