============================================================
  Generated by:           Genus(TM) Synthesis Solution 18.14-s037_1
  Generated on:           Mar 29 2022  03:02:13 pm
  Module:                 bitonic_sort_32
  Operating conditions:   PVT_0P7V_25C 
  Interconnect mode:      global
  Area mode:              physical library
============================================================


Path 1: UNCONSTRAINED
     Startpoint: (F) raw_in[19]
       Endpoint: (F) sorted_out[31]

                   Capture    Launch  
      Drv Adjust:+       0         0  
                                      
       Data Path:-     367            

#-------------------------------------------------------------------------------------------------------------------------------------------------------------
#                                Timing Point                                  Flags   Arc   Edge       Cell         Fanout Load Trans Delay Arrival Instance 
#                                                                                                                           (fF)  (ps)  (ps)   (ps)  Location 
#-------------------------------------------------------------------------------------------------------------------------------------------------------------
  raw_in[19]                                                                   -       -     F     (arrival)              2  1.5     0     0       0    (-,-) 
  Lower/Upper/Upper/Lower/g17__9682/Y                                          -       A->Y  F     OR2x2_ASAP7_75t_R      2  1.5    11    22      22    (-,-) 
  Lower/Upper/Upper/outter_loop_0_.inner_loop_0_.s_loop_0_.swapper/g17__2900/Y -       B->Y  F     OR2x2_ASAP7_75t_R      2  1.5    11    25      47    (-,-) 
  Lower/Upper/Upper/outter_loop_1_.inner_loop_1_.s_loop_2_.swapper/g17__5953/Y -       A->Y  F     OR2x2_ASAP7_75t_R      2  1.5    11    25      72    (-,-) 
  Lower/Upper/outter_loop_0_.inner_loop_0_.s_loop_3_.swapper/g17__7344/Y       -       B->Y  F     OR2x2_ASAP7_75t_R      2  1.5    11    25      97    (-,-) 
  Lower/Upper/outter_loop_1_.inner_loop_1_.s_loop_5_.swapper/g17__1474/Y       -       B->Y  F     OR2x2_ASAP7_75t_R      2  1.5    11    25     121    (-,-) 
  Lower/Upper/outter_loop_2_.inner_loop_3_.s_loop_6_.swapper/g17__7675/Y       -       A->Y  F     OR2x2_ASAP7_75t_R      2  1.5    11    25     146    (-,-) 
  Lower/outter_loop_0_.inner_loop_0_.s_loop_7_.swapper/g17__9906/Y             -       B->Y  F     OR2x2_ASAP7_75t_R      2  1.5    11    25     171    (-,-) 
  Lower/outter_loop_1_.inner_loop_1_.s_loop_11_.swapper/g17__5953/Y            -       B->Y  F     OR2x2_ASAP7_75t_R      2  1.5    11    25     196    (-,-) 
  Lower/outter_loop_2_.inner_loop_3_.s_loop_13_.swapper/g17__1474/Y            -       B->Y  F     OR2x2_ASAP7_75t_R      2  1.5    11    25     221    (-,-) 
  Lower/outter_loop_3_.inner_loop_7_.s_loop_14_.swapper/g17__2250/Y            -       A->Y  F     OR2x2_ASAP7_75t_R      2  1.5    11    25     246    (-,-) 
  outter_loop_0_.inner_loop_0_.s_loop_0_.swapper/g17__8757/Y                   -       B->Y  F     OR2x2_ASAP7_75t_R      2  1.5    11    25     270    (-,-) 
  outter_loop_1_.inner_loop_1_.s_loop_16_.swapper/g17__9682/Y                  -       B->Y  F     OR2x2_ASAP7_75t_R      2  1.5    11    25     295    (-,-) 
  outter_loop_2_.inner_loop_3_.s_loop_24_.swapper/g17__7114/Y                  -       B->Y  F     OR2x2_ASAP7_75t_R      2  1.5    11    25     320    (-,-) 
  outter_loop_3_.inner_loop_7_.s_loop_28_.swapper/g17__5019/Y                  -       B->Y  F     OR2x2_ASAP7_75t_R      2  1.5    11    25     345    (-,-) 
  outter_loop_4_.inner_loop_15_.s_loop_30_.swapper/g17__1474/Y                 -       A->Y  F     OR2x2_ASAP7_75t_R      1  0.3     7    22     367    (-,-) 
  sorted_out[31]                                                               -       -     F     (port)                 -    -     -     0     367    (-,-) 
#-------------------------------------------------------------------------------------------------------------------------------------------------------------

