============================================================
  Generated by:           Genus(TM) Synthesis Solution 18.14-s037_1
  Generated on:           Mar 29 2022  03:02:14 pm
  Module:                 bitonic_sort_32
  Operating conditions:   PVT_0P7V_25C 
  Interconnect mode:      global
  Area mode:              physical library
============================================================

Timing
-------
  Cost    Critical         Violating 
 Group   Path Slack  TNS     Paths   
-------------------------------------
default    No paths   0.0            
-------------------------------------
Total                 0.0          0 

Instance Count
--------------
Leaf Instance Count             480 
Physical Instance count           0 
Sequential Instance Count         0 
Combinational Instance Count    480 
Hierarchical Instance Count     254 

Area
----
Cell Area                          671.846
Physical Cell Area                 0.000
Total Cell Area (Cell+Physical)    671.846
Net Area                           371.997
Total Area (Cell+Physical+Net)     1043.843

Runtime                            0.0 seconds
Elapsed Runtime                    24 seconds
Genus peak memory usage            828.71 
Innovus peak memory usage          no_value 
Hostname                           ECE015.ECE.LOCAL.CMU.EDU
