============================================================
  Generated by:           Genus(TM) Synthesis Solution 20.11-s111_1
  Generated on:           Apr 24 2022  02:01:45 pm
  Module:                 mux_t_t_t_N
  Operating conditions:   PVT_0P7V_25C 
  Interconnect mode:      global
  Area mode:              physical library
============================================================

Timing
-------
  Cost    Critical         Violating 
 Group   Path Slack  TNS     Paths   
-------------------------------------
default    No paths   0.0            
-------------------------------------
Total                 0.0          0 

Instance Count
--------------
Leaf Instance Count             96 
Physical Instance count          0 
Sequential Instance Count        0 
Combinational Instance Count    96 
Hierarchical Instance Count     32 

Area
----
Cell Area                          108.242
Physical Cell Area                 0.000
Total Cell Area (Cell+Physical)    108.242
Net Area                           75.811
Total Area (Cell+Physical+Net)     184.053

Runtime                            0.0 seconds
Elapsed Runtime                    18 seconds
Genus peak memory usage            1175.43 
Innovus peak memory usage          no_value 
Hostname                           ECE010.ece.local.cmu.edu
