============================================================
  Generated by:           Genus(TM) Synthesis Solution 20.11-s111_1
  Generated on:           Apr 04 2022  12:39:11 am
  Module:                 min
  Operating conditions:   PVT_0P7V_25C 
  Interconnect mode:      global
  Area mode:              physical library
============================================================

                                              Leakage  
          Gate            Instances   Area  Power (nW)                 Library                 
-----------------------------------------------------------------------------------------------
AND2x2_ASAP7_75t_R                1   1.400      0.157    asap7sc7p5t_SIMPLE_RVT_TT_ccs_201020 
AOI211xp5_ASAP7_75t_R             1   1.400      0.067    asap7sc7p5t_AO_RVT_TT_ccs_201020     
AOI21xp5_ASAP7_75t_R              1   1.166      0.066    asap7sc7p5t_AO_RVT_TT_ccs_201020     
ASYNC_DFFHx1_ASAP7_75t_R          4  24.261      1.220    asap7sc7p5t_SEQ_RVT_TT_ccs_201020    
HAxp5_ASAP7_75t_R                 1   2.100      0.138    asap7sc7p5t_SIMPLE_RVT_TT_ccs_201020 
INVxp67_ASAP7_75t_R               3   2.100      0.101    asap7sc7p5t_INVBUF_RVT_TT_ccs_201020 
MAJIxp5_ASAP7_75t_R               1   1.633      0.092    asap7sc7p5t_SIMPLE_RVT_TT_ccs_201020 
NAND2xp5_ASAP7_75t_R              1   0.933      0.050    asap7sc7p5t_SIMPLE_RVT_TT_ccs_201020 
NOR2xp33_ASAP7_75t_R              3   2.799      0.078    asap7sc7p5t_SIMPLE_RVT_TT_ccs_201020 
OAI21xp5_ASAP7_75t_R              2   2.333      0.155    asap7sc7p5t_OA_RVT_TT_ccs_201020     
XOR2xp5_ASAP7_75t_R               1   2.100      0.131    asap7sc7p5t_SIMPLE_RVT_TT_ccs_201020 
-----------------------------------------------------------------------------------------------
total                            19  42.224      2.256                                         


                                                                    Leakage  Leakage 
               Library               Instances Instances %  Area  Power (nW) Power % 
-------------------------------------------------------------------------------------
asap7sc7p5t_AO_RVT_TT_ccs_201020             2        10.5  2.566      0.133     5.9 
asap7sc7p5t_INVBUF_RVT_TT_ccs_201020         3        15.8  2.100      0.101     4.5 
asap7sc7p5t_OA_RVT_TT_ccs_201020             2        10.5  2.333      0.155     6.9 
asap7sc7p5t_SEQ_RVT_TT_ccs_201020            4        21.1 24.261      1.220    54.1 
asap7sc7p5t_SIMPLE_RVT_TT_ccs_201020         8        42.1 10.964      0.646    28.6 

                                         Leakage  Leakage 
     Type      Instances  Area  Area % Power (nW) Power % 
----------------------------------------------------------
sequential             4 24.261   57.5      1.220    54.1 
inverter               3  2.100    5.0      0.101     4.5 
logic                 12 15.863   37.6      0.934    41.4 
physical_cells         0  0.000    0.0      0.000     0.0 
----------------------------------------------------------
total                 19 42.224  100.0      2.256   100.0 

