

Working Directory = /afs/andrew.cmu.edu/usr24/sganiger/private/18743/project/18743/SYNTH/min_seq_pulse
QoS Summary for min
================================================================================
Metric                          final          
================================================================================
Slack (ps):                     5,438
  R2R (ps):                     9,292
  I2R (ps):                     7,440
  R2O (ps):                     7,291
  I2O (ps):                     5,438
  CG  (ps):                  no_value
TNS (ps):                           0
  R2R (ps):                         0
  I2R (ps):                         0
  R2O (ps):                         0
  I2O (ps):                         0
  CG  (ps):                  no_value
Failing Paths:                      0
Cell Area:                         42
Total Cell Area:                   42
Leaf Instances:                    19
Total Instances:                   19
Utilization (%):                 0.00
Tot. Net Length (um):        no_value
Avg. Net Length (um):        no_value
Route Overflow H (%):        no_value
Route Overflow V (%):        no_value
MBCI(%) (bits/gate) :            0.00
Norm Cong Hotspot Area:
  Max Cong:                  no_value
  Tot Cong:                  no_value
================================================================================
CPU  Runtime (h:m:s):        00:00:28
Real Runtime (h:m:s):        00:00:13
CPU  Elapsed (h:m:s):        00:00:32
Real Elapsed (h:m:s):        00:00:15
Memory (MB):                  1143.96
================================================================================
================================================================================
Flow Settings:
================================================================================
Total Runtime (h:m:s): 00:00:13
Total Memory (MB):     1151.96
Executable Version:    20.11-s111_1
================================================================================
Total Cell Area =  Cell Area + Physical Cell Area
Total Instances =  Leaf Instances + Physical Instances


