============================================================
  Generated by:           Genus(TM) Synthesis Solution 20.11-s111_1
  Generated on:           Apr 04 2022  12:39:11 am
  Module:                 min
  Operating conditions:   PVT_0P7V_25C 
  Interconnect mode:      global
  Area mode:              physical library
============================================================

Timing
--------

Clock  Period 
--------------
aclk  10000.0 


  Cost    Critical         Violating 
 Group   Path Slack  TNS     Paths   
-------------------------------------
aclk         5438.0   0.0          0 
default    No paths   0.0            
-------------------------------------
Total                 0.0          0 

Instance Count
--------------
Leaf Instance Count             19 
Physical Instance count          0 
Sequential Instance Count        4 
Combinational Instance Count    15 
Hierarchical Instance Count      0 

Area
----
Cell Area                          42.224
Physical Cell Area                 0.000
Total Cell Area (Cell+Physical)    42.224
Net Area                           14.860
Total Area (Cell+Physical+Net)     57.084

Runtime                            0.0 seconds
Elapsed Runtime                    18 seconds
Genus peak memory usage            1151.96 
Innovus peak memory usage          no_value 
Hostname                           ECE010.ECE.LOCAL.CMU.EDU
