============================================================
  Generated by:           Genus(TM) Synthesis Solution 20.11-s111_1
  Generated on:           Apr 24 2022  01:31:23 pm
  Module:                 mux_b_t_s
  Operating conditions:   PVT_0P7V_25C 
  Interconnect mode:      global
  Area mode:              physical library
============================================================

Timing
--------

Clock  Period 
--------------
aclk  10000.0 


  Cost    Critical         Violating 
 Group   Path Slack  TNS     Paths   
-------------------------------------
aclk         7446.7   0.0          0 
default    No paths   0.0            
-------------------------------------
Total                 0.0          0 

Instance Count
--------------
Leaf Instance Count             143 
Physical Instance count           0 
Sequential Instance Count        12 
Combinational Instance Count    131 
Hierarchical Instance Count       1 

Area
----
Cell Area                          245.877
Physical Cell Area                 0.000
Total Cell Area (Cell+Physical)    245.877
Net Area                           182.315
Total Area (Cell+Physical+Net)     428.192

Runtime                            0.0 seconds
Elapsed Runtime                    19 seconds
Genus peak memory usage            1160.26 
Innovus peak memory usage          no_value 
Hostname                           ECE010.ece.local.cmu.edu
