============================================================
  Generated by:           Genus(TM) Synthesis Solution 20.11-s111_1
  Generated on:           Apr 24 2022  01:31:23 pm
  Module:                 mux_b_t_s
  Operating conditions:   PVT_0P7V_25C 
  Interconnect mode:      global
  Area mode:              physical library
============================================================

                                               Leakage  
          Gate            Instances   Area   Power (nW)                 Library                 
------------------------------------------------------------------------------------------------
AND2x2_ASAP7_75t_R                3    4.199      0.418    asap7sc7p5t_SIMPLE_RVT_TT_ccs_201020 
AOI221xp5_ASAP7_75t_R             8   13.064      0.654    asap7sc7p5t_AO_RVT_TT_ccs_201020     
AOI222xp33_ASAP7_75t_R            8   18.662      0.645    asap7sc7p5t_AO_RVT_TT_ccs_201020     
AOI22xp5_ASAP7_75t_R             51   71.384      4.158    asap7sc7p5t_AO_RVT_TT_ccs_201020     
ASYNC_DFFHx1_ASAP7_75t_R         12   72.783      3.639    asap7sc7p5t_SEQ_RVT_TT_ccs_201020    
INVx1_ASAP7_75t_R                 3    2.100      0.151    asap7sc7p5t_INVBUF_RVT_TT_ccs_201020 
INVxp67_ASAP7_75t_R               7    4.899      0.237    asap7sc7p5t_INVBUF_RVT_TT_ccs_201020 
NAND2xp5_ASAP7_75t_R             18   16.796      0.810    asap7sc7p5t_SIMPLE_RVT_TT_ccs_201020 
NAND3xp33_ASAP7_75t_R             8    9.331      0.731    asap7sc7p5t_SIMPLE_RVT_TT_ccs_201020 
NAND5xp2_ASAP7_75t_R              8   13.064      0.962    asap7sc7p5t_SIMPLE_RVT_TT_ccs_201020 
NOR2xp33_ASAP7_75t_R             13   12.131      0.256    asap7sc7p5t_SIMPLE_RVT_TT_ccs_201020 
OA21x2_ASAP7_75t_R                2    3.266      0.386    asap7sc7p5t_OA_RVT_TT_ccs_201020     
XNOR2xp5_ASAP7_75t_R              1    2.100      0.138    asap7sc7p5t_SIMPLE_RVT_TT_ccs_201020 
XOR2xp5_ASAP7_75t_R               1    2.100      0.134    asap7sc7p5t_SIMPLE_RVT_TT_ccs_201020 
------------------------------------------------------------------------------------------------
total                           143  245.877     13.320                                         


                                                                     Leakage  Leakage 
               Library               Instances Instances %   Area  Power (nW) Power % 
--------------------------------------------------------------------------------------
asap7sc7p5t_AO_RVT_TT_ccs_201020            67        46.9 103.110      5.457    41.0 
asap7sc7p5t_INVBUF_RVT_TT_ccs_201020        10         7.0   6.998      0.389     2.9 
asap7sc7p5t_OA_RVT_TT_ccs_201020             2         1.4   3.266      0.386     2.9 
asap7sc7p5t_SEQ_RVT_TT_ccs_201020           12         8.4  72.783      3.639    27.3 
asap7sc7p5t_SIMPLE_RVT_TT_ccs_201020        52        36.4  59.720      3.448    25.9 

                                          Leakage  Leakage 
     Type      Instances   Area  Area % Power (nW) Power % 
-----------------------------------------------------------
sequential            12  72.783   29.6      3.639    27.3 
inverter              10   6.998    2.8      0.389     2.9 
logic                121 166.095   67.6      9.291    69.8 
physical_cells         0   0.000    0.0      0.000     0.0 
-----------------------------------------------------------
total                143 245.877  100.0     13.320   100.0 

