============================================================
  Generated by:           Genus(TM) Synthesis Solution 20.11-s111_1
  Generated on:           Apr 24 2022  02:01:24 pm
  Module:                 mux_t_t_t_1
  Operating conditions:   PVT_0P7V_25C 
  Interconnect mode:      global
  Area mode:              physical library
============================================================

                                           Leakage  
        Gate          Instances   Area   Power (nW)                 Library                 
--------------------------------------------------------------------------------------------
HB1xp67_ASAP7_75t_R          16   14.930      0.815    asap7sc7p5t_INVBUF_RVT_TT_ccs_201020 
INVx1_ASAP7_75t_R            16   11.197      0.819    asap7sc7p5t_INVBUF_RVT_TT_ccs_201020 
NOR2xp33_ASAP7_75t_R         32   29.860      0.942    asap7sc7p5t_SIMPLE_RVT_TT_ccs_201020 
NOR3xp33_ASAP7_75t_R         16   18.662      0.698    asap7sc7p5t_SIMPLE_RVT_TT_ccs_201020 
OR4x1_ASAP7_75t_R             1    1.633      0.175    asap7sc7p5t_SIMPLE_RVT_TT_ccs_201020 
OR5x1_ASAP7_75t_R             3    5.599      0.316    asap7sc7p5t_SIMPLE_RVT_TT_ccs_201020 
XOR2xp5_ASAP7_75t_R          16   33.592      2.147    asap7sc7p5t_SIMPLE_RVT_TT_ccs_201020 
--------------------------------------------------------------------------------------------
total                       100  115.474      5.912                                         


                                                                    Leakage  Leakage 
               Library               Instances Instances %  Area  Power (nW) Power % 
-------------------------------------------------------------------------------------
asap7sc7p5t_INVBUF_RVT_TT_ccs_201020        32        32.0 26.127      1.633    27.6 
asap7sc7p5t_SIMPLE_RVT_TT_ccs_201020        68        68.0 89.346      4.279    72.4 

                                          Leakage  Leakage 
     Type      Instances   Area  Area % Power (nW) Power % 
-----------------------------------------------------------
inverter              16  11.197    9.7      0.819    13.8 
buffer                16  14.930   12.9      0.815    13.8 
logic                 68  89.346   77.4      4.279    72.4 
physical_cells         0   0.000    0.0      0.000     0.0 
-----------------------------------------------------------
total                100 115.474  100.0      5.912   100.0 

