============================================================
  Generated by:           Genus(TM) Synthesis Solution 20.11-s111_1
  Generated on:           Apr 25 2022  03:40:01 am
  Module:                 mux_t_t_t_1
  Operating conditions:   PVT_0P7V_25C 
  Interconnect mode:      global
  Area mode:              physical library
============================================================


Path 1: UNCONSTRAINED
     Startpoint: (R) select_line
       Endpoint: (F) y

                   Capture    Launch  
      Drv Adjust:+       0         0  
                                      
       Data Path:-     245            

#-------------------------------------------------------------------------------------------------------------
#       Timing Point        Flags   Arc   Edge         Cell          Fanout Load Trans Delay Arrival Instance 
#                                                                           (fF)  (ps)  (ps)   (ps)  Location 
#-------------------------------------------------------------------------------------------------------------
  select_line               -       -     R     (arrival)                32 30.6     0     0       0    (-,-) 
  eq_4_.inst/g25__4733/Y    -       B->Y  R     XOR2xp5_ASAP7_75t_R       2  1.3    32    25      25    (-,-) 
  eq_4_.inst/sr/g25__7482/Y -       B->Y  F     NOR2xp33_ASAP7_75t_R      1  0.6    21    20      44    (-,-) 
  eq_4_.inst/sr/g24__5115/Y -       B->Y  R     NOR2xp33_ASAP7_75t_R      2  1.3    39    26      70    (-,-) 
  eq_4_.inst/g35__6161/Y    -       A->Y  F     NOR3xp33_ASAP7_75t_R      1  0.9    20    19      89    (-,-) 
  g121__5122/Y              -       D->Y  F     OR4x1_ASAP7_75t_R         1  0.8    15    40     129    (-,-) 
  g120__1705/Y              -       A->Y  F     OR5x1_ASAP7_75t_R         1  0.8    17    39     169    (-,-) 
  g119__2802/Y              -       A->Y  F     OR5x1_ASAP7_75t_R         1  0.8    17    40     208    (-,-) 
  g118__1617/Y              -       A->Y  F     OR5x1_ASAP7_75t_R         1  0.3    13    36     245    (-,-) 
  y                         -       -     F     (port)                    -    -     -     0     245    (-,-) 
#-------------------------------------------------------------------------------------------------------------

