============================================================
  Generated by:           Genus(TM) Synthesis Solution 20.11-s111_1
  Generated on:           Apr 04 2022  12:38:51 am
  Module:                 min
  Operating conditions:   PVT_0P7V_25C 
  Interconnect mode:      global
  Area mode:              physical library
============================================================


Path 1: UNCONSTRAINED
     Startpoint: (F) b
       Endpoint: (F) y

                   Capture    Launch  
      Drv Adjust:+       0         0  
                                      
       Data Path:-      16            

#------------------------------------------------------------------------------------------------
# Timing Point   Flags   Arc   Edge        Cell         Fanout Load Trans Delay Arrival Instance 
#                                                              (fF)  (ps)  (ps)   (ps)  Location 
#------------------------------------------------------------------------------------------------
  b              -       -     F     (arrival)               1  0.8     0     0       0    (-,-) 
  g11__2398/Y    -       A->Y  F     AND2x2_ASAP7_75t_R      1  0.3     6    16      16    (-,-) 
  y              -       -     F     (port)                  -    -     -     0      16    (-,-) 
#------------------------------------------------------------------------------------------------

