============================================================
  Generated by:           Genus(TM) Synthesis Solution 20.11-s111_1
  Generated on:           Apr 25 2022  04:02:35 am
  Module:                 mux_b_t_s
  Operating conditions:   PVT_0P7V_25C 
  Interconnect mode:      global
  Area mode:              physical library
============================================================

                                               Leakage  
          Gate            Instances   Area   Power (nW)                 Library                 
------------------------------------------------------------------------------------------------
AND2x2_ASAP7_75t_R               11   15.396      1.593    asap7sc7p5t_SIMPLE_RVT_TT_ccs_201020 
AOI221xp5_ASAP7_75t_R             8   13.064      0.653    asap7sc7p5t_AO_RVT_TT_ccs_201020     
AOI222xp33_ASAP7_75t_R            8   18.662      0.645    asap7sc7p5t_AO_RVT_TT_ccs_201020     
AOI22xp5_ASAP7_75t_R             40   55.987      3.196    asap7sc7p5t_AO_RVT_TT_ccs_201020     
ASYNC_DFFHx1_ASAP7_75t_R          4   24.261      1.221    asap7sc7p5t_SEQ_RVT_TT_ccs_201020    
HAxp5_ASAP7_75t_R                 1    2.100      0.138    asap7sc7p5t_SIMPLE_RVT_TT_ccs_201020 
INVx1_ASAP7_75t_R                 1    0.700      0.050    asap7sc7p5t_INVBUF_RVT_TT_ccs_201020 
INVxp67_ASAP7_75t_R               9    6.299      0.303    asap7sc7p5t_INVBUF_RVT_TT_ccs_201020 
NAND2xp5_ASAP7_75t_R             17   15.863      0.765    asap7sc7p5t_SIMPLE_RVT_TT_ccs_201020 
NAND3xp33_ASAP7_75t_R             8    9.331      0.728    asap7sc7p5t_SIMPLE_RVT_TT_ccs_201020 
NAND5xp2_ASAP7_75t_R              8   13.064      0.963    asap7sc7p5t_SIMPLE_RVT_TT_ccs_201020 
NOR2xp33_ASAP7_75t_R             14   13.064      0.287    asap7sc7p5t_SIMPLE_RVT_TT_ccs_201020 
OAI21xp5_ASAP7_75t_R              1    1.166      0.091    asap7sc7p5t_OA_RVT_TT_ccs_201020     
XOR2xp5_ASAP7_75t_R               2    4.199      0.265    asap7sc7p5t_SIMPLE_RVT_TT_ccs_201020 
------------------------------------------------------------------------------------------------
total                           132  193.156     10.897                                         


                                                                    Leakage  Leakage 
               Library               Instances Instances %  Area  Power (nW) Power % 
-------------------------------------------------------------------------------------
asap7sc7p5t_AO_RVT_TT_ccs_201020            56        42.4 87.713      4.494    41.2 
asap7sc7p5t_INVBUF_RVT_TT_ccs_201020        10         7.6  6.998      0.354     3.2 
asap7sc7p5t_OA_RVT_TT_ccs_201020             1         0.8  1.166      0.091     0.8 
asap7sc7p5t_SEQ_RVT_TT_ccs_201020            4         3.0 24.261      1.221    11.2 
asap7sc7p5t_SIMPLE_RVT_TT_ccs_201020        61        46.2 73.017      4.738    43.5 

                                          Leakage  Leakage 
     Type      Instances   Area  Area % Power (nW) Power % 
-----------------------------------------------------------
sequential             4  24.261   12.6      1.221    11.2 
inverter              10   6.998    3.6      0.354     3.2 
logic                118 161.896   83.8      9.323    85.6 
physical_cells         0   0.000    0.0      0.000     0.0 
-----------------------------------------------------------
total                132 193.156  100.0     10.897   100.0 

