

Working Directory = /afs/andrew.cmu.edu/usr4/kbhat2/private/18-743/project/SYNTH/mux_b_t_s_seq_rising_32
QoS Summary for mux_b_t_s
================================================================================
Metric                          final          
================================================================================
Slack (ps):                     5,442
  R2R (ps):                     9,363
  I2R (ps):                     7,487
  R2O (ps):                     7,202
  I2O (ps):                     5,442
  CG  (ps):                  no_value
TNS (ps):                           0
  R2R (ps):                         0
  I2R (ps):                         0
  R2O (ps):                         0
  I2O (ps):                         0
  CG  (ps):                  no_value
Failing Paths:                      0
Cell Area:                        193
Total Cell Area:                  193
Leaf Instances:                   132
Total Instances:                  132
Utilization (%):                 0.00
Tot. Net Length (um):        no_value
Avg. Net Length (um):        no_value
Route Overflow H (%):        no_value
Route Overflow V (%):        no_value
MBCI(%) (bits/gate) :            0.00
Norm Cong Hotspot Area:
  Max Cong:                  no_value
  Tot Cong:                  no_value
================================================================================
CPU  Runtime (h:m:s):        00:00:31
Real Runtime (h:m:s):        00:00:14
CPU  Elapsed (h:m:s):        00:00:35
Real Elapsed (h:m:s):        00:00:16
Memory (MB):                  1159.67
================================================================================
================================================================================
Flow Settings:
================================================================================
Total Runtime (h:m:s): 00:00:14
Total Memory (MB):     1167.67
Executable Version:    20.11-s111_1
================================================================================
Total Cell Area =  Cell Area + Physical Cell Area
Total Instances =  Leaf Instances + Physical Instances


