============================================================
  Generated by:           Genus(TM) Synthesis Solution 20.11-s111_1
  Generated on:           Apr 25 2022  04:09:05 am
  Module:                 mux_t_t_t_1
  Operating conditions:   PVT_0P7V_25C 
  Interconnect mode:      global
  Area mode:              physical library
============================================================

                                           Leakage  
        Gate          Instances   Area   Power (nW)                 Library                 
--------------------------------------------------------------------------------------------
HB1xp67_ASAP7_75t_R          32   29.860      1.630    asap7sc7p5t_INVBUF_RVT_TT_ccs_201020 
INVx1_ASAP7_75t_R            32   22.395      1.637    asap7sc7p5t_INVBUF_RVT_TT_ccs_201020 
NOR2xp33_ASAP7_75t_R         64   59.720      1.884    asap7sc7p5t_SIMPLE_RVT_TT_ccs_201020 
NOR3xp33_ASAP7_75t_R         32   37.325      1.396    asap7sc7p5t_SIMPLE_RVT_TT_ccs_201020 
OR4x1_ASAP7_75t_R             1    1.633      0.175    asap7sc7p5t_SIMPLE_RVT_TT_ccs_201020 
OR5x1_ASAP7_75t_R             7   13.064      0.715    asap7sc7p5t_SIMPLE_RVT_TT_ccs_201020 
XOR2xp5_ASAP7_75t_R          32   67.185      4.295    asap7sc7p5t_SIMPLE_RVT_TT_ccs_201020 
--------------------------------------------------------------------------------------------
total                       200  231.180     11.732                                         


                                                                     Leakage  Leakage 
               Library               Instances Instances %   Area  Power (nW) Power % 
--------------------------------------------------------------------------------------
asap7sc7p5t_INVBUF_RVT_TT_ccs_201020        64        32.0  52.255      3.267    27.8 
asap7sc7p5t_SIMPLE_RVT_TT_ccs_201020       136        68.0 178.926      8.465    72.2 

                                          Leakage  Leakage 
     Type      Instances   Area  Area % Power (nW) Power % 
-----------------------------------------------------------
inverter              32  22.395    9.7      1.637    14.0 
buffer                32  29.860   12.9      1.630    13.9 
logic                136 178.926   77.4      8.465    72.2 
physical_cells         0   0.000    0.0      0.000     0.0 
-----------------------------------------------------------
total                200 231.180  100.0     11.732   100.0 

