============================================================
  Generated by:           Genus(TM) Synthesis Solution 20.11-s111_1
  Generated on:           Apr 25 2022  04:09:05 am
  Module:                 mux_t_t_t_1
  Operating conditions:   PVT_0P7V_25C 
  Interconnect mode:      global
  Area mode:              physical library
============================================================


Path 1: UNCONSTRAINED
     Startpoint: (R) select_line
       Endpoint: (F) y

                   Capture    Launch  
      Drv Adjust:+       0         0  
                                      
       Data Path:-     363            

#-------------------------------------------------------------------------------------------------------------
#       Timing Point        Flags   Arc   Edge         Cell          Fanout Load Trans Delay Arrival Instance 
#                                                                           (fF)  (ps)  (ps)   (ps)  Location 
#-------------------------------------------------------------------------------------------------------------
  select_line               -       -     R     (arrival)                64 61.0     0     0       0    (-,-) 
  eq_8_.inst/g25__6783/Y    -       B->Y  R     XOR2xp5_ASAP7_75t_R       2  1.3    32    25      25    (-,-) 
  eq_8_.inst/sr/g25__5526/Y -       B->Y  F     NOR2xp33_ASAP7_75t_R      1  0.6    21    20      44    (-,-) 
  eq_8_.inst/sr/g24__8428/Y -       B->Y  R     NOR2xp33_ASAP7_75t_R      2  1.3    39    26      70    (-,-) 
  eq_8_.inst/g35__3680/Y    -       A->Y  F     NOR3xp33_ASAP7_75t_R      1  0.9    20    19      89    (-,-) 
  g317__2346/Y              -       D->Y  F     OR4x1_ASAP7_75t_R         1  0.8    15    40     129    (-,-) 
  g315__9945/Y              -       A->Y  F     OR5x1_ASAP7_75t_R         1  0.8    17    39     169    (-,-) 
  g314__9315/Y              -       A->Y  F     OR5x1_ASAP7_75t_R         1  0.8    17    40     208    (-,-) 
  g313__6161/Y              -       A->Y  F     OR5x1_ASAP7_75t_R         1  0.8    17    40     248    (-,-) 
  g312__4733/Y              -       A->Y  F     OR5x1_ASAP7_75t_R         1  0.8    17    40     287    (-,-) 
  g311__7482/Y              -       A->Y  F     OR5x1_ASAP7_75t_R         1  0.8    17    40     327    (-,-) 
  g310__5115/Y              -       A->Y  F     OR5x1_ASAP7_75t_R         1  0.3    13    36     363    (-,-) 
  y                         -       -     F     (port)                    -    -     -     0     363    (-,-) 
#-------------------------------------------------------------------------------------------------------------

