============================================================
  Generated by:           Genus(TM) Synthesis Solution 18.14-s037_1
  Generated on:           Apr 23 2022  04:08:56 pm
  Module:                 mem_group
  Operating conditions:   PVT_0P7V_25C 
  Interconnect mode:      global
  Area mode:              physical library
============================================================

Timing
--------

Clock  Period 
--------------
aclk  20000.0 


  Cost    Critical         Violating 
 Group   Path Slack  TNS     Paths   
-------------------------------------
aclk        15342.4   0.0          0 
default    No paths   0.0            
-------------------------------------
Total                 0.0          0 

Instance Count
--------------
Leaf Instance Count             2816 
Physical Instance count            0 
Sequential Instance Count        768 
Combinational Instance Count    2048 
Hierarchical Instance Count      128 

Area
----
Cell Area                          7046.922
Physical Cell Area                 0.000
Total Cell Area (Cell+Physical)    7046.922
Net Area                           1936.512
Total Area (Cell+Physical+Net)     8983.434

Runtime                            0.0 seconds
Elapsed Runtime                    35 seconds
Genus peak memory usage            850.51 
Innovus peak memory usage          no_value 
Hostname                           ECE014.ece.local.cmu.edu
