============================================================
  Generated by:           Genus(TM) Synthesis Solution 18.14-s037_1
  Generated on:           Apr 23 2022  04:08:56 pm
  Module:                 mem_group
  Operating conditions:   PVT_0P7V_25C 
  Interconnect mode:      global
  Area mode:              physical library
============================================================

      Instance                       Module                   Cell Count  Cell Area  Net Area   Total Area 
-----------------------------------------------------------------------------------------------------------
mem_group                                                           2816   7046.922  1936.511     8983.434 
  genblk1_127_.unit mem_GAMMA_CYCLE_WIDTH16_PULSE_WIDTH8_127          22     55.054    14.131       69.186 
  genblk1_126_.unit mem_GAMMA_CYCLE_WIDTH16_PULSE_WIDTH8_126          22     55.054    14.131       69.186 
  genblk1_125_.unit mem_GAMMA_CYCLE_WIDTH16_PULSE_WIDTH8_125          22     55.054    14.131       69.186 
  genblk1_124_.unit mem_GAMMA_CYCLE_WIDTH16_PULSE_WIDTH8_124          22     55.054    14.131       69.186 
  genblk1_123_.unit mem_GAMMA_CYCLE_WIDTH16_PULSE_WIDTH8_123          22     55.054    14.131       69.186 
  genblk1_122_.unit mem_GAMMA_CYCLE_WIDTH16_PULSE_WIDTH8_122          22     55.054    14.131       69.186 
  genblk1_121_.unit mem_GAMMA_CYCLE_WIDTH16_PULSE_WIDTH8_121          22     55.054    14.131       69.186 
  genblk1_120_.unit mem_GAMMA_CYCLE_WIDTH16_PULSE_WIDTH8_120          22     55.054    14.131       69.186 
  genblk1_119_.unit mem_GAMMA_CYCLE_WIDTH16_PULSE_WIDTH8_119          22     55.054    14.131       69.186 
  genblk1_118_.unit mem_GAMMA_CYCLE_WIDTH16_PULSE_WIDTH8_118          22     55.054    14.131       69.186 
  genblk1_117_.unit mem_GAMMA_CYCLE_WIDTH16_PULSE_WIDTH8_117          22     55.054    14.131       69.186 
  genblk1_116_.unit mem_GAMMA_CYCLE_WIDTH16_PULSE_WIDTH8_116          22     55.054    14.131       69.186 
  genblk1_115_.unit mem_GAMMA_CYCLE_WIDTH16_PULSE_WIDTH8_115          22     55.054    14.131       69.186 
  genblk1_114_.unit mem_GAMMA_CYCLE_WIDTH16_PULSE_WIDTH8_114          22     55.054    14.131       69.186 
  genblk1_113_.unit mem_GAMMA_CYCLE_WIDTH16_PULSE_WIDTH8_113          22     55.054    14.131       69.186 
  genblk1_112_.unit mem_GAMMA_CYCLE_WIDTH16_PULSE_WIDTH8_112          22     55.054    14.131       69.186 
  genblk1_111_.unit mem_GAMMA_CYCLE_WIDTH16_PULSE_WIDTH8_111          22     55.054    14.131       69.186 
  genblk1_110_.unit mem_GAMMA_CYCLE_WIDTH16_PULSE_WIDTH8_110          22     55.054    14.131       69.186 
  genblk1_109_.unit mem_GAMMA_CYCLE_WIDTH16_PULSE_WIDTH8_109          22     55.054    14.131       69.186 
  genblk1_108_.unit mem_GAMMA_CYCLE_WIDTH16_PULSE_WIDTH8_108          22     55.054    14.131       69.186 
  genblk1_107_.unit mem_GAMMA_CYCLE_WIDTH16_PULSE_WIDTH8_107          22     55.054    14.131       69.186 
  genblk1_106_.unit mem_GAMMA_CYCLE_WIDTH16_PULSE_WIDTH8_106          22     55.054    14.131       69.186 
  genblk1_105_.unit mem_GAMMA_CYCLE_WIDTH16_PULSE_WIDTH8_105          22     55.054    14.131       69.186 
  genblk1_104_.unit mem_GAMMA_CYCLE_WIDTH16_PULSE_WIDTH8_104          22     55.054    14.131       69.186 
  genblk1_103_.unit mem_GAMMA_CYCLE_WIDTH16_PULSE_WIDTH8_103          22     55.054    14.131       69.186 
  genblk1_102_.unit mem_GAMMA_CYCLE_WIDTH16_PULSE_WIDTH8_102          22     55.054    14.131       69.186 
  genblk1_101_.unit mem_GAMMA_CYCLE_WIDTH16_PULSE_WIDTH8_101          22     55.054    14.131       69.186 
  genblk1_100_.unit mem_GAMMA_CYCLE_WIDTH16_PULSE_WIDTH8_100          22     55.054    14.131       69.186 
  genblk1_99_.unit  mem_GAMMA_CYCLE_WIDTH16_PULSE_WIDTH8_99           22     55.054    14.131       69.186 
  genblk1_98_.unit  mem_GAMMA_CYCLE_WIDTH16_PULSE_WIDTH8_98           22     55.054    14.131       69.186 
  genblk1_97_.unit  mem_GAMMA_CYCLE_WIDTH16_PULSE_WIDTH8_97           22     55.054    14.131       69.186 
  genblk1_96_.unit  mem_GAMMA_CYCLE_WIDTH16_PULSE_WIDTH8_96           22     55.054    14.131       69.186 
  genblk1_95_.unit  mem_GAMMA_CYCLE_WIDTH16_PULSE_WIDTH8_95           22     55.054    14.131       69.186 
  genblk1_94_.unit  mem_GAMMA_CYCLE_WIDTH16_PULSE_WIDTH8_94           22     55.054    14.131       69.186 
  genblk1_93_.unit  mem_GAMMA_CYCLE_WIDTH16_PULSE_WIDTH8_93           22     55.054    14.131       69.186 
  genblk1_92_.unit  mem_GAMMA_CYCLE_WIDTH16_PULSE_WIDTH8_92           22     55.054    14.131       69.186 
  genblk1_91_.unit  mem_GAMMA_CYCLE_WIDTH16_PULSE_WIDTH8_91           22     55.054    14.131       69.186 
  genblk1_90_.unit  mem_GAMMA_CYCLE_WIDTH16_PULSE_WIDTH8_90           22     55.054    14.131       69.186 
  genblk1_89_.unit  mem_GAMMA_CYCLE_WIDTH16_PULSE_WIDTH8_89           22     55.054    14.131       69.186 
  genblk1_88_.unit  mem_GAMMA_CYCLE_WIDTH16_PULSE_WIDTH8_88           22     55.054    14.131       69.186 
  genblk1_87_.unit  mem_GAMMA_CYCLE_WIDTH16_PULSE_WIDTH8_87           22     55.054    14.131       69.186 
  genblk1_86_.unit  mem_GAMMA_CYCLE_WIDTH16_PULSE_WIDTH8_86           22     55.054    14.131       69.186 
  genblk1_85_.unit  mem_GAMMA_CYCLE_WIDTH16_PULSE_WIDTH8_85           22     55.054    14.131       69.186 
  genblk1_84_.unit  mem_GAMMA_CYCLE_WIDTH16_PULSE_WIDTH8_84           22     55.054    14.131       69.186 
  genblk1_83_.unit  mem_GAMMA_CYCLE_WIDTH16_PULSE_WIDTH8_83           22     55.054    14.131       69.186 
  genblk1_82_.unit  mem_GAMMA_CYCLE_WIDTH16_PULSE_WIDTH8_82           22     55.054    14.131       69.186 
  genblk1_81_.unit  mem_GAMMA_CYCLE_WIDTH16_PULSE_WIDTH8_81           22     55.054    14.131       69.186 
  genblk1_80_.unit  mem_GAMMA_CYCLE_WIDTH16_PULSE_WIDTH8_80           22     55.054    14.131       69.186 
  genblk1_79_.unit  mem_GAMMA_CYCLE_WIDTH16_PULSE_WIDTH8_79           22     55.054    14.131       69.186 
  genblk1_78_.unit  mem_GAMMA_CYCLE_WIDTH16_PULSE_WIDTH8_78           22     55.054    14.131       69.186 
  genblk1_77_.unit  mem_GAMMA_CYCLE_WIDTH16_PULSE_WIDTH8_77           22     55.054    14.131       69.186 
  genblk1_76_.unit  mem_GAMMA_CYCLE_WIDTH16_PULSE_WIDTH8_76           22     55.054    14.131       69.186 
  genblk1_75_.unit  mem_GAMMA_CYCLE_WIDTH16_PULSE_WIDTH8_75           22     55.054    14.131       69.186 
  genblk1_74_.unit  mem_GAMMA_CYCLE_WIDTH16_PULSE_WIDTH8_74           22     55.054    14.131       69.186 
  genblk1_73_.unit  mem_GAMMA_CYCLE_WIDTH16_PULSE_WIDTH8_73           22     55.054    14.131       69.186 
  genblk1_72_.unit  mem_GAMMA_CYCLE_WIDTH16_PULSE_WIDTH8_72           22     55.054    14.131       69.186 
  genblk1_71_.unit  mem_GAMMA_CYCLE_WIDTH16_PULSE_WIDTH8_71           22     55.054    14.131       69.186 
  genblk1_70_.unit  mem_GAMMA_CYCLE_WIDTH16_PULSE_WIDTH8_70           22     55.054    14.131       69.186 
  genblk1_69_.unit  mem_GAMMA_CYCLE_WIDTH16_PULSE_WIDTH8_69           22     55.054    14.131       69.186 
  genblk1_68_.unit  mem_GAMMA_CYCLE_WIDTH16_PULSE_WIDTH8_68           22     55.054    14.131       69.186 
  genblk1_67_.unit  mem_GAMMA_CYCLE_WIDTH16_PULSE_WIDTH8_67           22     55.054    14.131       69.186 
  genblk1_66_.unit  mem_GAMMA_CYCLE_WIDTH16_PULSE_WIDTH8_66           22     55.054    14.131       69.186 
  genblk1_65_.unit  mem_GAMMA_CYCLE_WIDTH16_PULSE_WIDTH8_65           22     55.054    14.131       69.186 
  genblk1_64_.unit  mem_GAMMA_CYCLE_WIDTH16_PULSE_WIDTH8_64           22     55.054    14.131       69.186 
  genblk1_63_.unit  mem_GAMMA_CYCLE_WIDTH16_PULSE_WIDTH8_63           22     55.054    14.131       69.186 
  genblk1_62_.unit  mem_GAMMA_CYCLE_WIDTH16_PULSE_WIDTH8_62           22     55.054    14.131       69.186 
  genblk1_61_.unit  mem_GAMMA_CYCLE_WIDTH16_PULSE_WIDTH8_61           22     55.054    14.131       69.186 
  genblk1_60_.unit  mem_GAMMA_CYCLE_WIDTH16_PULSE_WIDTH8_60           22     55.054    14.131       69.186 
  genblk1_59_.unit  mem_GAMMA_CYCLE_WIDTH16_PULSE_WIDTH8_59           22     55.054    14.131       69.186 
  genblk1_58_.unit  mem_GAMMA_CYCLE_WIDTH16_PULSE_WIDTH8_58           22     55.054    14.131       69.186 
  genblk1_57_.unit  mem_GAMMA_CYCLE_WIDTH16_PULSE_WIDTH8_57           22     55.054    14.131       69.186 
  genblk1_56_.unit  mem_GAMMA_CYCLE_WIDTH16_PULSE_WIDTH8_56           22     55.054    14.131       69.186 
  genblk1_55_.unit  mem_GAMMA_CYCLE_WIDTH16_PULSE_WIDTH8_55           22     55.054    14.131       69.186 
  genblk1_54_.unit  mem_GAMMA_CYCLE_WIDTH16_PULSE_WIDTH8_54           22     55.054    14.131       69.186 
  genblk1_53_.unit  mem_GAMMA_CYCLE_WIDTH16_PULSE_WIDTH8_53           22     55.054    14.131       69.186 
  genblk1_52_.unit  mem_GAMMA_CYCLE_WIDTH16_PULSE_WIDTH8_52           22     55.054    14.131       69.186 
  genblk1_51_.unit  mem_GAMMA_CYCLE_WIDTH16_PULSE_WIDTH8_51           22     55.054    14.131       69.186 
  genblk1_50_.unit  mem_GAMMA_CYCLE_WIDTH16_PULSE_WIDTH8_50           22     55.054    14.131       69.186 
  genblk1_49_.unit  mem_GAMMA_CYCLE_WIDTH16_PULSE_WIDTH8_49           22     55.054    14.131       69.186 
  genblk1_48_.unit  mem_GAMMA_CYCLE_WIDTH16_PULSE_WIDTH8_48           22     55.054    14.131       69.186 
  genblk1_47_.unit  mem_GAMMA_CYCLE_WIDTH16_PULSE_WIDTH8_47           22     55.054    14.131       69.186 
  genblk1_46_.unit  mem_GAMMA_CYCLE_WIDTH16_PULSE_WIDTH8_46           22     55.054    14.131       69.186 
  genblk1_45_.unit  mem_GAMMA_CYCLE_WIDTH16_PULSE_WIDTH8_45           22     55.054    14.131       69.186 
  genblk1_44_.unit  mem_GAMMA_CYCLE_WIDTH16_PULSE_WIDTH8_44           22     55.054    14.131       69.186 
  genblk1_43_.unit  mem_GAMMA_CYCLE_WIDTH16_PULSE_WIDTH8_43           22     55.054    14.131       69.186 
  genblk1_42_.unit  mem_GAMMA_CYCLE_WIDTH16_PULSE_WIDTH8_42           22     55.054    14.131       69.186 
  genblk1_41_.unit  mem_GAMMA_CYCLE_WIDTH16_PULSE_WIDTH8_41           22     55.054    14.131       69.186 
  genblk1_40_.unit  mem_GAMMA_CYCLE_WIDTH16_PULSE_WIDTH8_40           22     55.054    14.131       69.186 
  genblk1_39_.unit  mem_GAMMA_CYCLE_WIDTH16_PULSE_WIDTH8_39           22     55.054    14.131       69.186 
  genblk1_38_.unit  mem_GAMMA_CYCLE_WIDTH16_PULSE_WIDTH8_38           22     55.054    14.131       69.186 
  genblk1_37_.unit  mem_GAMMA_CYCLE_WIDTH16_PULSE_WIDTH8_37           22     55.054    14.131       69.186 
  genblk1_36_.unit  mem_GAMMA_CYCLE_WIDTH16_PULSE_WIDTH8_36           22     55.054    14.131       69.186 
  genblk1_35_.unit  mem_GAMMA_CYCLE_WIDTH16_PULSE_WIDTH8_35           22     55.054    14.131       69.186 
  genblk1_34_.unit  mem_GAMMA_CYCLE_WIDTH16_PULSE_WIDTH8_34           22     55.054    14.131       69.186 
  genblk1_33_.unit  mem_GAMMA_CYCLE_WIDTH16_PULSE_WIDTH8_33           22     55.054    14.131       69.186 
  genblk1_32_.unit  mem_GAMMA_CYCLE_WIDTH16_PULSE_WIDTH8_32           22     55.054    14.131       69.186 
  genblk1_31_.unit  mem_GAMMA_CYCLE_WIDTH16_PULSE_WIDTH8_31           22     55.054    14.131       69.186 
  genblk1_30_.unit  mem_GAMMA_CYCLE_WIDTH16_PULSE_WIDTH8_30           22     55.054    14.131       69.186 
  genblk1_29_.unit  mem_GAMMA_CYCLE_WIDTH16_PULSE_WIDTH8_29           22     55.054    14.131       69.186 
  genblk1_28_.unit  mem_GAMMA_CYCLE_WIDTH16_PULSE_WIDTH8_28           22     55.054    14.131       69.186 
  genblk1_27_.unit  mem_GAMMA_CYCLE_WIDTH16_PULSE_WIDTH8_27           22     55.054    14.131       69.186 
  genblk1_26_.unit  mem_GAMMA_CYCLE_WIDTH16_PULSE_WIDTH8_26           22     55.054    14.131       69.186 
  genblk1_25_.unit  mem_GAMMA_CYCLE_WIDTH16_PULSE_WIDTH8_25           22     55.054    14.131       69.186 
  genblk1_24_.unit  mem_GAMMA_CYCLE_WIDTH16_PULSE_WIDTH8_24           22     55.054    14.131       69.186 
  genblk1_23_.unit  mem_GAMMA_CYCLE_WIDTH16_PULSE_WIDTH8_23           22     55.054    14.131       69.186 
  genblk1_22_.unit  mem_GAMMA_CYCLE_WIDTH16_PULSE_WIDTH8_22           22     55.054    14.131       69.186 
  genblk1_21_.unit  mem_GAMMA_CYCLE_WIDTH16_PULSE_WIDTH8_21           22     55.054    14.131       69.186 
  genblk1_20_.unit  mem_GAMMA_CYCLE_WIDTH16_PULSE_WIDTH8_20           22     55.054    14.131       69.186 
  genblk1_19_.unit  mem_GAMMA_CYCLE_WIDTH16_PULSE_WIDTH8_19           22     55.054    14.131       69.186 
  genblk1_18_.unit  mem_GAMMA_CYCLE_WIDTH16_PULSE_WIDTH8_18           22     55.054    14.131       69.186 
  genblk1_17_.unit  mem_GAMMA_CYCLE_WIDTH16_PULSE_WIDTH8_17           22     55.054    14.131       69.186 
  genblk1_16_.unit  mem_GAMMA_CYCLE_WIDTH16_PULSE_WIDTH8_16           22     55.054    14.131       69.186 
  genblk1_15_.unit  mem_GAMMA_CYCLE_WIDTH16_PULSE_WIDTH8_15           22     55.054    14.131       69.186 
  genblk1_14_.unit  mem_GAMMA_CYCLE_WIDTH16_PULSE_WIDTH8_14           22     55.054    14.131       69.186 
  genblk1_13_.unit  mem_GAMMA_CYCLE_WIDTH16_PULSE_WIDTH8_13           22     55.054    14.131       69.186 
  genblk1_12_.unit  mem_GAMMA_CYCLE_WIDTH16_PULSE_WIDTH8_12           22     55.054    14.131       69.186 
  genblk1_11_.unit  mem_GAMMA_CYCLE_WIDTH16_PULSE_WIDTH8_11           22     55.054    14.131       69.186 
  genblk1_10_.unit  mem_GAMMA_CYCLE_WIDTH16_PULSE_WIDTH8_10           22     55.054    14.131       69.186 
  genblk1_9_.unit   mem_GAMMA_CYCLE_WIDTH16_PULSE_WIDTH8_9            22     55.054    14.131       69.186 
  genblk1_8_.unit   mem_GAMMA_CYCLE_WIDTH16_PULSE_WIDTH8_8            22     55.054    14.131       69.186 
  genblk1_7_.unit   mem_GAMMA_CYCLE_WIDTH16_PULSE_WIDTH8_7            22     55.054    14.131       69.186 
  genblk1_6_.unit   mem_GAMMA_CYCLE_WIDTH16_PULSE_WIDTH8_6            22     55.054    14.131       69.186 
  genblk1_5_.unit   mem_GAMMA_CYCLE_WIDTH16_PULSE_WIDTH8_5            22     55.054    14.131       69.186 
  genblk1_4_.unit   mem_GAMMA_CYCLE_WIDTH16_PULSE_WIDTH8_4            22     55.054    14.131       69.186 
  genblk1_3_.unit   mem_GAMMA_CYCLE_WIDTH16_PULSE_WIDTH8_3            22     55.054    14.131       69.186 
  genblk1_2_.unit   mem_GAMMA_CYCLE_WIDTH16_PULSE_WIDTH8_2            22     55.054    14.131       69.186 
  genblk1_1_.unit   mem_GAMMA_CYCLE_WIDTH16_PULSE_WIDTH8_1            22     55.054    14.131       69.186 
  genblk1_0_.unit   mem_GAMMA_CYCLE_WIDTH16_PULSE_WIDTH8              22     55.054    14.131       69.186 
