

Working Directory = /afs/ece.cmu.edu/usr/acli/Private/18743/SYNTH/mem_group
QoS Summary for mem_group
================================================================================
Metric                          final          
================================================================================
Slack (ps):                    15,342
  R2R (ps):                    19,314
  I2R (ps):                    17,404
  R2O (ps):                    17,252
  I2O (ps):                    15,342
  CG  (ps):                  no_value
TNS (ps):                           0
  R2R (ps):                         0
  I2R (ps):                         0
  R2O (ps):                         0
  I2O (ps):                         0
  CG  (ps):                  no_value
Failing Paths:                      0
Cell Area:                      7,047
Total Cell Area:                7,047
Leaf Instances:                 2,816
Total Instances:                2,816
Utilization (%):                 0.00
Tot. Net Length (um):        no_value
Avg. Net Length (um):        no_value
Route Overflow H (%):        no_value
Route Overflow V (%):        no_value
MBCI(%) (bits/gate) :            0.00
Norm Cong Hotspot Area:
  Max Cong:                  no_value
  Tot Cong:                  no_value
================================================================================
CPU  Runtime (h:m:s):        00:00:50
Real Runtime (h:m:s):        00:00:32
CPU  Elapsed (h:m:s):        00:00:54
Real Elapsed (h:m:s):        00:00:33
Memory (MB):                   850.51
================================================================================
================================================================================
Flow Settings:
================================================================================
Total Runtime (h:m:s): 00:00:33
Total Memory (MB):     850.51
Executable Version:    18.14-s037_1
================================================================================
Total Cell Area =  Cell Area + Physical Cell Area
Total Instances =  Leaf Instances + Physical Instances


