============================================================
  Generated by:           Genus(TM) Synthesis Solution 18.14-s037_1
  Generated on:           Apr 23 2022  04:08:56 pm
  Module:                 mem_group
  Operating conditions:   PVT_0P7V_25C 
  Interconnect mode:      global
  Area mode:              physical library
============================================================

                                                Leakage  
          Gate            Instances    Area   Power (nW)                 Library                 
-------------------------------------------------------------------------------------------------
AND2x2_ASAP7_75t_R              128   179.159     20.064    asap7sc7p5t_SIMPLE_RVT_TT_ccs_201020 
AOI21xp5_ASAP7_75t_R            128   149.299      9.771    asap7sc7p5t_AO_RVT_TT_ccs_201020     
ASYNC_DFFHx1_ASAP7_75t_R        768  4658.135    234.370    asap7sc7p5t_SEQ_RVT_TT_ccs_201020    
HAxp5_ASAP7_75t_R               128   268.739     17.439    asap7sc7p5t_SIMPLE_RVT_TT_ccs_201020 
INVx1_ASAP7_75t_R               768   537.477     39.131    asap7sc7p5t_INVBUF_RVT_TT_ccs_201020 
NAND2xp5_ASAP7_75t_R            128   119.439      5.655    asap7sc7p5t_SIMPLE_RVT_TT_ccs_201020 
NOR2xp33_ASAP7_75t_R            128   119.439      3.354    asap7sc7p5t_SIMPLE_RVT_TT_ccs_201020 
NOR4xp25_ASAP7_75t_R            128   179.159      3.878    asap7sc7p5t_SIMPLE_RVT_TT_ccs_201020 
OA21x2_ASAP7_75t_R              128   209.019     25.252    asap7sc7p5t_OA_RVT_TT_ccs_201020     
OR2x2_ASAP7_75t_R               256   358.318     40.466    asap7sc7p5t_SIMPLE_RVT_TT_ccs_201020 
XNOR2xp5_ASAP7_75t_R            128   268.739     17.392    asap7sc7p5t_SIMPLE_RVT_TT_ccs_201020 
-------------------------------------------------------------------------------------------------
total                          2816  7046.922    416.771                                         


                                                                      Leakage  Leakage 
               Library               Instances Instances %   Area   Power (nW) Power % 
---------------------------------------------------------------------------------------
asap7sc7p5t_AO_RVT_TT_ccs_201020           128         4.5  149.299      9.771     2.3 
asap7sc7p5t_INVBUF_RVT_TT_ccs_201020       768        27.3  537.477     39.131     9.4 
asap7sc7p5t_OA_RVT_TT_ccs_201020           128         4.5  209.019     25.252     6.1 
asap7sc7p5t_SEQ_RVT_TT_ccs_201020          768        27.3 4658.135    234.370    56.2 
asap7sc7p5t_SIMPLE_RVT_TT_ccs_201020      1024        36.4 1492.992    108.247    26.0 

                                           Leakage  Leakage 
     Type      Instances   Area   Area % Power (nW) Power % 
------------------------------------------------------------
sequential           768 4658.135   66.1    234.370    56.2 
inverter             768  537.477    7.6     39.131     9.4 
logic               1280 1851.310   26.3    143.270    34.4 
physical_cells         0    0.000    0.0      0.000     0.0 
------------------------------------------------------------
total               2816 7046.922  100.0    416.771   100.0 

