============================================================
  Generated by:           Genus(TM) Synthesis Solution 18.14-s037_1
  Generated on:           Apr 23 2022  04:09:00 pm
  Module:                 mem_group
  Operating conditions:   PVT_0P7V_25C 
  Interconnect mode:      global
  Area mode:              physical library
============================================================

                            Leakage    Dynamic     Total   
      Instance       Cells Power(nW)  Power(nW)  Power(nW) 
-----------------------------------------------------------
mem_group             2816   416.771 166933.041 167349.812 
  genblk1_125_.unit     22     3.272   1209.766   1213.038 
  genblk1_24_.unit      22     3.271   1260.757   1264.028 
  genblk1_89_.unit      22     3.270   1249.296   1252.566 
  genblk1_61_.unit      22     3.270   1170.276   1173.546 
  genblk1_19_.unit      22     3.269   1197.356   1200.626 
  genblk1_105_.unit     22     3.269   1247.928   1251.197 
  genblk1_21_.unit      22     3.268   1248.732   1252.000 
  genblk1_76_.unit      22     3.266   1204.160   1207.426 
  genblk1_10_.unit      22     3.266   1464.439   1467.705 
  genblk1_40_.unit      22     3.265   1320.150   1323.415 
  genblk1_1_.unit       22     3.265   1213.131   1216.396 
  genblk1_95_.unit      22     3.265   1205.349   1208.613 
  genblk1_77_.unit      22     3.264   1324.320   1327.584 
  genblk1_124_.unit     22     3.264   1257.311   1260.575 
  genblk1_115_.unit     22     3.264   1366.541   1369.805 
  genblk1_25_.unit      22     3.264   1398.749   1402.013 
  genblk1_48_.unit      22     3.263   1168.726   1171.989 
  genblk1_34_.unit      22     3.262   1146.834   1150.096 
  genblk1_5_.unit       22     3.262   1326.066   1329.327 
  genblk1_15_.unit      22     3.262   1243.311   1246.573 
  genblk1_86_.unit      22     3.261   1269.995   1273.256 
  genblk1_60_.unit      22     3.261   1023.587   1026.848 
  genblk1_45_.unit      22     3.261   1251.018   1254.279 
  genblk1_57_.unit      22     3.261   1081.816   1085.077 
  genblk1_102_.unit     22     3.260   1235.846   1239.106 
  genblk1_56_.unit      22     3.260   1092.598   1095.858 
  genblk1_123_.unit     22     3.260   1170.799   1174.059 
  genblk1_58_.unit      22     3.260   1118.310   1121.570 
  genblk1_51_.unit      22     3.260   1306.934   1310.194 
  genblk1_2_.unit       22     3.260   1151.518   1154.778 
  genblk1_85_.unit      22     3.259   1181.613   1184.873 
  genblk1_98_.unit      22     3.259   1198.322   1201.582 
  genblk1_99_.unit      22     3.259   1191.782   1195.041 
  genblk1_11_.unit      22     3.259   1313.078   1316.337 
  genblk1_53_.unit      22     3.259   1224.622   1227.881 
  genblk1_0_.unit       22     3.259   1117.571   1120.830 
  genblk1_74_.unit      22     3.259   1227.212   1230.470 
  genblk1_26_.unit      22     3.258   1143.415   1146.674 
  genblk1_31_.unit      22     3.258   1266.597   1269.855 
  genblk1_41_.unit      22     3.258   1134.510   1137.768 
  genblk1_59_.unit      22     3.258   1253.256   1256.514 
  genblk1_62_.unit      22     3.258   1304.308   1307.566 
  genblk1_111_.unit     22     3.258   1188.923   1192.181 
  genblk1_117_.unit     22     3.257   1128.068   1131.326 
  genblk1_50_.unit      22     3.257   1397.823   1401.080 
  genblk1_75_.unit      22     3.257   1236.929   1240.187 
  genblk1_88_.unit      22     3.257   1154.576   1157.833 
  genblk1_36_.unit      22     3.257   1190.353   1193.610 
  genblk1_33_.unit      22     3.257   1245.718   1248.975 
  genblk1_108_.unit     22     3.257   1283.347   1286.604 
  genblk1_55_.unit      22     3.257   1168.364   1171.620 
  genblk1_104_.unit     22     3.257   1231.803   1235.059 
  genblk1_113_.unit     22     3.257   1292.495   1295.752 
  genblk1_91_.unit      22     3.256   1400.782   1404.038 
  genblk1_22_.unit      22     3.256   1165.790   1169.046 
  genblk1_114_.unit     22     3.256   1315.697   1318.953 
  genblk1_49_.unit      22     3.256   1316.246   1319.502 
  genblk1_97_.unit      22     3.256   1218.790   1222.046 
  genblk1_127_.unit     22     3.256   1017.510   1020.766 
  genblk1_44_.unit      22     3.256   1099.641   1102.897 
  genblk1_119_.unit     22     3.256   1271.083   1274.339 
  genblk1_72_.unit      22     3.256   1234.454   1237.709 
  genblk1_109_.unit     22     3.256   1000.947   1004.203 
  genblk1_106_.unit     22     3.256   1081.306   1084.562 
  genblk1_121_.unit     22     3.255   1285.947   1289.203 
  genblk1_71_.unit      22     3.255   1330.287   1333.542 
  genblk1_67_.unit      22     3.255   1242.939   1246.195 
  genblk1_4_.unit       22     3.255   1293.526   1296.782 
  genblk1_69_.unit      22     3.255   1360.414   1363.669 
  genblk1_103_.unit     22     3.255   1211.451   1214.707 
  genblk1_42_.unit      22     3.255   1118.799   1122.054 
  genblk1_81_.unit      22     3.255   1271.422   1274.677 
  genblk1_83_.unit      22     3.255   1127.214   1130.469 
  genblk1_110_.unit     22     3.255   1325.893   1329.147 
  genblk1_47_.unit      22     3.255   1203.253   1206.508 
  genblk1_116_.unit     22     3.254   1238.309   1241.564 
  genblk1_87_.unit      22     3.254   1368.437   1371.692 
  genblk1_92_.unit      22     3.254   1237.740   1240.995 
  genblk1_52_.unit      22     3.254   1217.051   1220.305 
  genblk1_68_.unit      22     3.254   1127.456   1130.710 
  genblk1_54_.unit      22     3.254   1323.106   1326.360 
  genblk1_8_.unit       22     3.254   1173.806   1177.060 
  genblk1_96_.unit      22     3.254   1415.248   1418.502 
  genblk1_35_.unit      22     3.254   1112.882   1116.136 
  genblk1_122_.unit     22     3.254   1120.131   1123.385 
  genblk1_112_.unit     22     3.253   1189.700   1192.954 
  genblk1_3_.unit       22     3.253   1311.740   1314.993 
  genblk1_120_.unit     22     3.253   1184.467   1187.720 
  genblk1_64_.unit      22     3.253   1257.302   1260.555 
  genblk1_80_.unit      22     3.252   1219.239   1222.492 
  genblk1_66_.unit      22     3.252   1244.342   1247.595 
  genblk1_100_.unit     22     3.252   1215.067   1218.319 
  genblk1_93_.unit      22     3.252   1222.843   1226.094 
  genblk1_73_.unit      22     3.252   1249.075   1252.327 
  genblk1_94_.unit      22     3.252   1268.199   1271.450 
  genblk1_18_.unit      22     3.251   1226.131   1229.382 
  genblk1_30_.unit      22     3.251   1136.593   1139.845 
  genblk1_63_.unit      22     3.251   1192.643   1195.894 
  genblk1_79_.unit      22     3.251   1189.556   1192.808 
  genblk1_27_.unit      22     3.251   1193.587   1196.838 
  genblk1_90_.unit      22     3.251   1229.403   1232.654 
  genblk1_43_.unit      22     3.251   1208.770   1212.022 
  genblk1_28_.unit      22     3.251   1274.093   1277.344 
  genblk1_13_.unit      22     3.251   1147.280   1150.531 
  genblk1_29_.unit      22     3.251   1254.473   1257.724 
  genblk1_9_.unit       22     3.251   1443.529   1446.780 
  genblk1_65_.unit      22     3.251   1242.588   1245.838 
  genblk1_70_.unit      22     3.250   1146.593   1149.844 
  genblk1_17_.unit      22     3.250   1190.021   1193.272 
  genblk1_12_.unit      22     3.250   1390.029   1393.279 
  genblk1_16_.unit      22     3.250   1241.469   1244.719 
  genblk1_101_.unit     22     3.250   1212.305   1215.555 
  genblk1_23_.unit      22     3.250   1223.159   1226.409 
  genblk1_20_.unit      22     3.250   1193.453   1196.703 
  genblk1_7_.unit       22     3.250   1158.775   1162.024 
  genblk1_78_.unit      22     3.250   1388.361   1391.611 
  genblk1_82_.unit      22     3.250   1290.538   1293.787 
  genblk1_37_.unit      22     3.249   1197.982   1201.231 
  genblk1_14_.unit      22     3.249   1288.262   1291.511 
  genblk1_118_.unit     22     3.248   1348.570   1351.818 
  genblk1_39_.unit      22     3.248   1203.054   1206.302 
  genblk1_38_.unit      22     3.248   1149.928   1153.175 
  genblk1_126_.unit     22     3.247   1163.658   1166.905 
  genblk1_46_.unit      22     3.247   1321.146   1324.393 
  genblk1_107_.unit     22     3.246   1081.925   1085.171 
  genblk1_84_.unit      22     3.246   1143.490   1146.736 
  genblk1_6_.unit       22     3.245   1132.905   1136.150 
  genblk1_32_.unit      22     3.241   1210.310   1213.551 

