============================================================
  Generated by:           Genus(TM) Synthesis Solution 20.11-s111_1
  Generated on:           Apr 25 2022  03:56:51 am
  Module:                 filter
  Operating conditions:   PVT_0P7V_25C 
  Interconnect mode:      global
  Area mode:              physical library
============================================================

                                           Leakage  
        Gate          Instances   Area   Power (nW)                 Library                 
--------------------------------------------------------------------------------------------
AND2x2_ASAP7_75t_R            8   11.197      1.157    asap7sc7p5t_SIMPLE_RVT_TT_ccs_201020 
HB1xp67_ASAP7_75t_R          16   14.930      0.812    asap7sc7p5t_INVBUF_RVT_TT_ccs_201020 
INVx1_ASAP7_75t_R            24   16.796      1.228    asap7sc7p5t_INVBUF_RVT_TT_ccs_201020 
NOR2xp33_ASAP7_75t_R         64   59.720      1.878    asap7sc7p5t_SIMPLE_RVT_TT_ccs_201020 
--------------------------------------------------------------------------------------------
total                       112  102.643      5.074                                         


                                                                    Leakage  Leakage 
               Library               Instances Instances %  Area  Power (nW) Power % 
-------------------------------------------------------------------------------------
asap7sc7p5t_INVBUF_RVT_TT_ccs_201020        40        35.7 31.726      2.040    40.2 
asap7sc7p5t_SIMPLE_RVT_TT_ccs_201020        72        64.3 70.917      3.034    59.8 

                                          Leakage  Leakage 
     Type      Instances   Area  Area % Power (nW) Power % 
-----------------------------------------------------------
inverter              24  16.796   16.4      1.228    24.2 
buffer                16  14.930   14.5      0.812    16.0 
logic                 72  70.917   69.1      3.034    59.8 
physical_cells         0   0.000    0.0      0.000     0.0 
-----------------------------------------------------------
total                112 102.643  100.0      5.074   100.0 

