============================================================
  Generated by:           Genus(TM) Synthesis Solution 20.11-s111_1
  Generated on:           Apr 25 2022  03:56:51 am
  Module:                 filter
  Operating conditions:   PVT_0P7V_25C 
  Interconnect mode:      global
  Area mode:              physical library
============================================================

Timing
--------

Clock  Period 
--------------
aclk  10000.0 


  Cost    Critical         Violating 
 Group   Path Slack  TNS     Paths   
-------------------------------------
aclk         5462.7   0.0          0 
default    No paths   0.0            
-------------------------------------
Total                 0.0          0 

Instance Count
--------------
Leaf Instance Count             112 
Physical Instance count           0 
Sequential Instance Count         0 
Combinational Instance Count    112 
Hierarchical Instance Count      32 

Area
----
Cell Area                          102.643
Physical Cell Area                 0.000
Total Cell Area (Cell+Physical)    102.643
Net Area                           78.113
Total Area (Cell+Physical+Net)     180.756

Runtime                            0.0 seconds
Elapsed Runtime                    20 seconds
Genus peak memory usage            1151.43 
Innovus peak memory usage          no_value 
Hostname                           ECE010.ece.local.cmu.edu
