

Working Directory = /afs/andrew.cmu.edu/usr4/kbhat2/private/18-743/project/SYNTH/mux_t_be_t_N_seq_rising_32
QoS Summary for mux_t_be_t_N
================================================================================
Metric                          final          
================================================================================
Slack (ps):                     5,388
  R2R (ps):                     9,378
  I2R (ps):                     7,434
  R2O (ps):                     7,123
  I2O (ps):                     5,388
  CG  (ps):                  no_value
TNS (ps):                           0
  R2R (ps):                         0
  I2R (ps):                         0
  R2O (ps):                         0
  I2O (ps):                         0
  CG  (ps):                  no_value
Failing Paths:                      0
Cell Area:                        501
Total Cell Area:                  501
Leaf Instances:                   287
Total Instances:                  287
Utilization (%):                 0.00
Tot. Net Length (um):        no_value
Avg. Net Length (um):        no_value
Route Overflow H (%):        no_value
Route Overflow V (%):        no_value
MBCI(%) (bits/gate) :            0.00
Norm Cong Hotspot Area:
  Max Cong:                  no_value
  Tot Cong:                  no_value
================================================================================
CPU  Runtime (h:m:s):        00:00:35
Real Runtime (h:m:s):        00:00:18
CPU  Elapsed (h:m:s):        00:00:39
Real Elapsed (h:m:s):        00:00:19
Memory (MB):                  1123.67
================================================================================
================================================================================
Flow Settings:
================================================================================
Total Runtime (h:m:s): 00:00:19
Total Memory (MB):     1131.68
Executable Version:    20.11-s111_1
================================================================================
Total Cell Area =  Cell Area + Physical Cell Area
Total Instances =  Leaf Instances + Physical Instances


