============================================================
  Generated by:           Genus(TM) Synthesis Solution 20.11-s111_1
  Generated on:           Apr 25 2022  04:06:51 am
  Module:                 mux_t_be_t_N
  Operating conditions:   PVT_0P7V_25C 
  Interconnect mode:      global
  Area mode:              physical library
============================================================

Timing
--------

Clock  Period 
--------------
aclk  10000.0 


  Cost    Critical         Violating 
 Group   Path Slack  TNS     Paths   
-------------------------------------
aclk         5388.0   0.0          0 
default    No paths   0.0            
-------------------------------------
Total                 0.0          0 

Instance Count
--------------
Leaf Instance Count             287 
Physical Instance count           0 
Sequential Instance Count        38 
Combinational Instance Count    249 
Hierarchical Instance Count      65 

Area
----
Cell Area                          501.319
Physical Cell Area                 0.000
Total Cell Area (Cell+Physical)    501.319
Net Area                           205.859
Total Area (Cell+Physical+Net)     707.178

Runtime                            0.0 seconds
Elapsed Runtime                    22 seconds
Genus peak memory usage            1131.68 
Innovus peak memory usage          no_value 
Hostname                           ECE010.ece.local.cmu.edu
