============================================================
  Generated by:           Genus(TM) Synthesis Solution 20.11-s111_1
  Generated on:           Apr 04 2022  12:40:32 am
  Module:                 less_than
  Operating conditions:   PVT_0P7V_25C 
  Interconnect mode:      global
  Area mode:              physical library
============================================================

                                          Leakage  
         Gate          Instances  Area  Power (nW)                 Library                 
-------------------------------------------------------------------------------------------
HB1xp67_ASAP7_75t_R            1  0.933      0.051    asap7sc7p5t_INVBUF_RVT_TT_ccs_201020 
INVxp33_ASAP7_75t_R            1  0.700      0.017    asap7sc7p5t_INVBUF_RVT_TT_ccs_201020 
INVxp67_ASAP7_75t_R            1  0.700      0.035    asap7sc7p5t_INVBUF_RVT_TT_ccs_201020 
NAND2xp33_ASAP7_75t_R          1  0.933      0.033    asap7sc7p5t_SIMPLE_RVT_TT_ccs_201020 
NOR2xp33_ASAP7_75t_R           3  2.799      0.087    asap7sc7p5t_SIMPLE_RVT_TT_ccs_201020 
-------------------------------------------------------------------------------------------
total                          7  6.065      0.223                                         


                                                                   Leakage  Leakage 
               Library               Instances Instances %  Area Power (nW) Power % 
------------------------------------------------------------------------------------
asap7sc7p5t_INVBUF_RVT_TT_ccs_201020         3        42.9 2.333      0.103    46.3 
asap7sc7p5t_SIMPLE_RVT_TT_ccs_201020         4        57.1 3.732      0.120    53.7 

                                        Leakage  Leakage 
     Type      Instances  Area Area % Power (nW) Power % 
---------------------------------------------------------
inverter               2 1.400   23.1      0.052    23.3 
buffer                 1 0.933   15.4      0.051    23.0 
logic                  4 3.732   61.5      0.120    53.7 
physical_cells         0 0.000    0.0      0.000     0.0 
---------------------------------------------------------
total                  7 6.065  100.0      0.223   100.0 

