============================================================
  Generated by:           Genus(TM) Synthesis Solution 20.11-s111_1
  Generated on:           Apr 04 2022  12:40:31 am
  Module:                 less_than
  Operating conditions:   PVT_0P7V_25C 
  Interconnect mode:      global
  Area mode:              physical library
============================================================


Path 1: UNCONSTRAINED
     Startpoint: (R) a
       Endpoint: (R) q

                   Capture    Launch  
      Drv Adjust:+       0         0  
                                      
       Data Path:-      76            

#---------------------------------------------------------------------------------------------------
# Timing Point   Flags   Arc   Edge         Cell           Fanout Load Trans Delay Arrival Instance 
#                                                                 (fF)  (ps)  (ps)   (ps)  Location 
#---------------------------------------------------------------------------------------------------
  a              -       -     R     (arrival)                  1  0.6     0     0       0    (-,-) 
  g10/Y          -       A->Y  F     INVxp33_ASAP7_75t_R        1  0.6    14     8       8    (-,-) 
  g16__4319/Y    -       B->Y  R     NOR2xp33_ASAP7_75t_R       2  1.2    36    23      31    (-,-) 
  sr/g24__2398/Y -       B->Y  F     NOR2xp33_ASAP7_75t_R       2  1.1    31    27      58    (-,-) 
  g9__6260/Y     -       B->Y  R     NAND2xp33_ASAP7_75t_R      1  0.3    19    18      76    (-,-) 
  q              -       -     R     (port)                     -    -     -     0      76    (-,-) 
#---------------------------------------------------------------------------------------------------

