============================================================
  Generated by:           Genus(TM) Synthesis Solution 20.11-s111_1
  Generated on:           Apr 25 2022  04:03:44 am
  Module:                 mux_t_be_t_1
  Operating conditions:   PVT_0P7V_25C 
  Interconnect mode:      global
  Area mode:              physical library
============================================================

  Instance      Module     Cell Count  Cell Area  Net Area   Total Area 
------------------------------------------------------------------------
mux_t_be_t_1                       96    175.893    68.969      244.862 
  convertor  binary2unary          22     51.322    14.400       65.722 
  eq_0_.inst equal                  6      6.765     2.980        9.745 
    sr       sr_latch               3      2.799     0.998        3.797 
  eq_1_.inst equal_1                6      6.765     2.980        9.745 
    sr       sr_latch_1             3      2.799     0.998        3.797 
  eq_2_.inst equal_2                6      6.765     2.980        9.745 
    sr       sr_latch_2             3      2.799     0.998        3.797 
  eq_3_.inst equal_3                6      6.765     2.980        9.745 
    sr       sr_latch_3             3      2.799     0.998        3.797 
  eq_4_.inst equal_4                6      6.765     2.980        9.745 
    sr       sr_latch_4             3      2.799     0.998        3.797 
  eq_5_.inst equal_5                6      6.765     2.980        9.745 
    sr       sr_latch_5             3      2.799     0.998        3.797 
  eq_6_.inst equal_6                6      6.765     2.980        9.745 
    sr       sr_latch_6             3      2.799     0.998        3.797 
  eq_7_.inst equal_7                6      6.765     2.980        9.745 
    sr       sr_latch_7             3      2.799     0.998        3.797 
