

Working Directory = /afs/andrew.cmu.edu/usr4/kbhat2/private/18-743/project/SYNTH/mux_t_be_t_1_seq_rising_8
QoS Summary for mux_t_be_t_1
================================================================================
Metric                          final          
================================================================================
Slack (ps):                     5,424
  R2R (ps):                     9,378
  I2R (ps):                     7,386
  R2O (ps):                     7,198
  I2O (ps):                     5,424
  CG  (ps):                  no_value
TNS (ps):                           0
  R2R (ps):                         0
  I2R (ps):                         0
  R2O (ps):                         0
  I2O (ps):                         0
  CG  (ps):                  no_value
Failing Paths:                      0
Cell Area:                        176
Total Cell Area:                  176
Leaf Instances:                    96
Total Instances:                   96
Utilization (%):                 0.00
Tot. Net Length (um):        no_value
Avg. Net Length (um):        no_value
Route Overflow H (%):        no_value
Route Overflow V (%):        no_value
MBCI(%) (bits/gate) :            0.00
Norm Cong Hotspot Area:
  Max Cong:                  no_value
  Tot Cong:                  no_value
================================================================================
CPU  Runtime (h:m:s):        00:00:31
Real Runtime (h:m:s):        00:00:15
CPU  Elapsed (h:m:s):        00:00:36
Real Elapsed (h:m:s):        00:00:16
Memory (MB):                  1127.32
================================================================================
================================================================================
Flow Settings:
================================================================================
Total Runtime (h:m:s): 00:00:16
Total Memory (MB):     1135.32
Executable Version:    20.11-s111_1
================================================================================
Total Cell Area =  Cell Area + Physical Cell Area
Total Instances =  Leaf Instances + Physical Instances


