============================================================
  Generated by:           Genus(TM) Synthesis Solution 20.11-s111_1
  Generated on:           Apr 25 2022  04:03:44 am
  Module:                 mux_t_be_t_1
  Operating conditions:   PVT_0P7V_25C 
  Interconnect mode:      global
  Area mode:              physical library
============================================================

                                               Leakage  
          Gate            Instances   Area   Power (nW)                 Library                 
------------------------------------------------------------------------------------------------
AO21x1_ASAP7_75t_R                2    2.799      0.277    asap7sc7p5t_AO_RVT_TT_ccs_201020     
AOI211xp5_ASAP7_75t_R             1    1.400      0.049    asap7sc7p5t_AO_RVT_TT_ccs_201020     
AOI21xp5_ASAP7_75t_R              1    1.166      0.082    asap7sc7p5t_AO_RVT_TT_ccs_201020     
ASYNC_DFFHx1_ASAP7_75t_R         14   84.914      4.267    asap7sc7p5t_SEQ_RVT_TT_ccs_201020    
HAxp5_ASAP7_75t_R                 3    6.299      0.412    asap7sc7p5t_SIMPLE_RVT_TT_ccs_201020 
HB1xp67_ASAP7_75t_R               8    7.465      0.414    asap7sc7p5t_INVBUF_RVT_TT_ccs_201020 
INVx1_ASAP7_75t_R                21   14.697      1.062    asap7sc7p5t_INVBUF_RVT_TT_ccs_201020 
INVxp67_ASAP7_75t_R               4    2.799      0.135    asap7sc7p5t_INVBUF_RVT_TT_ccs_201020 
MAJIxp5_ASAP7_75t_R               1    1.633      0.094    asap7sc7p5t_SIMPLE_RVT_TT_ccs_201020 
NAND2xp5_ASAP7_75t_R              2    1.866      0.100    asap7sc7p5t_SIMPLE_RVT_TT_ccs_201020 
NAND3xp33_ASAP7_75t_R             1    1.166      0.042    asap7sc7p5t_SIMPLE_RVT_TT_ccs_201020 
NOR2xp33_ASAP7_75t_R             18   16.796      0.514    asap7sc7p5t_SIMPLE_RVT_TT_ccs_201020 
NOR3xp33_ASAP7_75t_R              8    9.331      0.260    asap7sc7p5t_SIMPLE_RVT_TT_ccs_201020 
OAI21xp5_ASAP7_75t_R              1    1.166      0.073    asap7sc7p5t_OA_RVT_TT_ccs_201020     
OR4x1_ASAP7_75t_R                 1    1.633      0.246    asap7sc7p5t_SIMPLE_RVT_TT_ccs_201020 
OR5x1_ASAP7_75t_R                 1    1.866      0.202    asap7sc7p5t_SIMPLE_RVT_TT_ccs_201020 
XOR2xp5_ASAP7_75t_R               9   18.896      1.184    asap7sc7p5t_SIMPLE_RVT_TT_ccs_201020 
------------------------------------------------------------------------------------------------
total                            96  175.893      9.415                                         


                                                                    Leakage  Leakage 
               Library               Instances Instances %  Area  Power (nW) Power % 
-------------------------------------------------------------------------------------
asap7sc7p5t_AO_RVT_TT_ccs_201020             4         4.2  5.365      0.408     4.3 
asap7sc7p5t_INVBUF_RVT_TT_ccs_201020        33        34.4 24.961      1.612    17.1 
asap7sc7p5t_OA_RVT_TT_ccs_201020             1         1.0  1.166      0.073     0.8 
asap7sc7p5t_SEQ_RVT_TT_ccs_201020           14        14.6 84.914      4.267    45.3 
asap7sc7p5t_SIMPLE_RVT_TT_ccs_201020        44        45.8 59.486      3.055    32.4 

                                          Leakage  Leakage 
     Type      Instances   Area  Area % Power (nW) Power % 
-----------------------------------------------------------
sequential            14  84.914   48.3      4.267    45.3 
inverter              25  17.496    9.9      1.198    12.7 
buffer                 8   7.465    4.2      0.414     4.4 
logic                 49  66.018   37.5      3.536    37.6 
physical_cells         0   0.000    0.0      0.000     0.0 
-----------------------------------------------------------
total                 96 175.893  100.0      9.415   100.0 

