============================================================
  Generated by:           Genus(TM) Synthesis Solution 20.11-s111_1
  Generated on:           Apr 25 2022  04:03:44 am
  Module:                 mux_t_be_t_1
  Operating conditions:   PVT_0P7V_25C 
  Interconnect mode:      global
  Area mode:              physical library
============================================================

Timing
--------

Clock  Period 
--------------
aclk  10000.0 


  Cost    Critical         Violating 
 Group   Path Slack  TNS     Paths   
-------------------------------------
aclk         5424.0   0.0          0 
default    No paths   0.0            
-------------------------------------
Total                 0.0          0 

Instance Count
--------------
Leaf Instance Count             96 
Physical Instance count          0 
Sequential Instance Count       14 
Combinational Instance Count    82 
Hierarchical Instance Count     17 

Area
----
Cell Area                          175.893
Physical Cell Area                 0.000
Total Cell Area (Cell+Physical)    175.893
Net Area                           68.969
Total Area (Cell+Physical+Net)     244.862

Runtime                            0.0 seconds
Elapsed Runtime                    20 seconds
Genus peak memory usage            1135.32 
Innovus peak memory usage          no_value 
Hostname                           ECE010.ece.local.cmu.edu
