============================================================
  Generated by:           Genus(TM) Synthesis Solution 20.11-s111_1
  Generated on:           Apr 25 2022  04:05:02 am
  Module:                 mux_t_be_t_1
  Operating conditions:   PVT_0P7V_25C 
  Interconnect mode:      global
  Area mode:              physical library
============================================================

Timing
--------

Clock  Period 
--------------
aclk  10000.0 


  Cost    Critical         Violating 
 Group   Path Slack  TNS     Paths   
-------------------------------------
aclk         5181.1   0.0          0 
default    No paths   0.0            
-------------------------------------
Total                 0.0          0 

Instance Count
--------------
Leaf Instance Count             560 
Physical Instance count           0 
Sequential Instance Count        70 
Combinational Instance Count    490 
Hierarchical Instance Count     129 

Area
----
Cell Area                          963.913
Physical Cell Area                 0.000
Total Cell Area (Cell+Physical)    963.913
Net Area                           396.858
Total Area (Cell+Physical+Net)     1360.771

Runtime                            0.0 seconds
Elapsed Runtime                    25 seconds
Genus peak memory usage            1168.64 
Innovus peak memory usage          no_value 
Hostname                           ECE010.ece.local.cmu.edu
