

Working Directory = /afs/andrew.cmu.edu/usr4/kbhat2/private/18-743/project/SYNTH/mux_t_be_t_1_seq_rising_64
QoS Summary for mux_t_be_t_1
================================================================================
Metric                          final          
================================================================================
Slack (ps):                     5,181
  R2R (ps):                     9,378
  I2R (ps):                     7,434
  R2O (ps):                     6,864
  I2O (ps):                     5,181
  CG  (ps):                  no_value
TNS (ps):                           0
  R2R (ps):                         0
  I2R (ps):                         0
  R2O (ps):                         0
  I2O (ps):                         0
  CG  (ps):                  no_value
Failing Paths:                      0
Cell Area:                        964
Total Cell Area:                  964
Leaf Instances:                   560
Total Instances:                  560
Utilization (%):                 0.00
Tot. Net Length (um):        no_value
Avg. Net Length (um):        no_value
Route Overflow H (%):        no_value
Route Overflow V (%):        no_value
MBCI(%) (bits/gate) :            0.00
Norm Cong Hotspot Area:
  Max Cong:                  no_value
  Tot Cong:                  no_value
================================================================================
CPU  Runtime (h:m:s):        00:00:37
Real Runtime (h:m:s):        00:00:21
CPU  Elapsed (h:m:s):        00:00:42
Real Elapsed (h:m:s):        00:00:22
Memory (MB):                  1160.64
================================================================================
================================================================================
Flow Settings:
================================================================================
Total Runtime (h:m:s): 00:00:22
Total Memory (MB):     1168.64
Executable Version:    20.11-s111_1
================================================================================
Total Cell Area =  Cell Area + Physical Cell Area
Total Instances =  Leaf Instances + Physical Instances


