============================================================
  Generated by:           Genus(TM) Synthesis Solution 18.14-s037_1
  Generated on:           Mar 29 2022  03:10:01 pm
  Module:                 kwta_no_tie_break
  Operating conditions:   PVT_0P7V_25C 
  Interconnect mode:      global
  Area mode:              physical library
============================================================

                                             Leakage  
          Gate           Instances   Area  Power (nW)                 Library                 
----------------------------------------------------------------------------------------------
A2O1A1Ixp33_ASAP7_75t_R          1   1.400      0.066    asap7sc7p5t_AO_RVT_TT_ccs_201020     
AND2x2_ASAP7_75t_R               2   2.799      0.293    asap7sc7p5t_SIMPLE_RVT_TT_ccs_201020 
AO21x1_ASAP7_75t_R              17  23.795      1.786    asap7sc7p5t_AO_RVT_TT_ccs_201020     
AOI21xp33_ASAP7_75t_R            3   3.499      0.088    asap7sc7p5t_AO_RVT_TT_ccs_201020     
AOI222xp33_ASAP7_75t_R           1   2.333      0.072    asap7sc7p5t_AO_RVT_TT_ccs_201020     
AOI22xp33_ASAP7_75t_R            3   4.199      0.171    asap7sc7p5t_AO_RVT_TT_ccs_201020     
INVx1_ASAP7_75t_R                8   5.599      0.419    asap7sc7p5t_INVBUF_RVT_TT_ccs_201020 
INVxp67_ASAP7_75t_R              2   1.400      0.068    asap7sc7p5t_INVBUF_RVT_TT_ccs_201020 
NAND2xp33_ASAP7_75t_R            4   3.732      0.123    asap7sc7p5t_SIMPLE_RVT_TT_ccs_201020 
NAND3xp33_ASAP7_75t_R            2   2.333      0.068    asap7sc7p5t_SIMPLE_RVT_TT_ccs_201020 
NAND5xp2_ASAP7_75t_R             2   3.266      0.061    asap7sc7p5t_SIMPLE_RVT_TT_ccs_201020 
NOR2xp33_ASAP7_75t_R             3   2.799      0.065    asap7sc7p5t_SIMPLE_RVT_TT_ccs_201020 
NOR3xp33_ASAP7_75t_R             1   1.166      0.015    asap7sc7p5t_SIMPLE_RVT_TT_ccs_201020 
OAI211xp5_ASAP7_75t_R            4   5.599      0.261    asap7sc7p5t_OA_RVT_TT_ccs_201020     
OAI221xp5_ASAP7_75t_R            1   1.633      0.076    asap7sc7p5t_OA_RVT_TT_ccs_201020     
OR2x2_ASAP7_75t_R                4   5.599      0.575    asap7sc7p5t_SIMPLE_RVT_TT_ccs_201020 
XNOR2xp5_ASAP7_75t_R             1   2.100      0.137    asap7sc7p5t_SIMPLE_RVT_TT_ccs_201020 
----------------------------------------------------------------------------------------------
total                           59  73.250      4.343                                         


                                                                    Leakage  Leakage 
               Library               Instances Instances %  Area  Power (nW) Power % 
-------------------------------------------------------------------------------------
asap7sc7p5t_AO_RVT_TT_ccs_201020            25        42.4 35.225      2.183    50.3 
asap7sc7p5t_INVBUF_RVT_TT_ccs_201020        10        16.9  6.998      0.487    11.2 
asap7sc7p5t_OA_RVT_TT_ccs_201020             5         8.5  7.232      0.337     7.8 
asap7sc7p5t_SIMPLE_RVT_TT_ccs_201020        19        32.2 23.795      1.336    30.8 

                                         Leakage  Leakage 
     Type      Instances  Area  Area % Power (nW) Power % 
----------------------------------------------------------
inverter              10  6.998    9.6      0.487    11.2 
unresolved            17  0.000    0.0      0.000     0.0 
logic                 49 66.252   90.4      3.856    88.8 
physical_cells         0  0.000    0.0      0.000     0.0 
----------------------------------------------------------
total                 76 73.250  100.0      4.343   100.0 

