============================================================
  Generated by:           Genus(TM) Synthesis Solution 18.14-s037_1
  Generated on:           Mar 29 2022  03:10:01 pm
  Module:                 kwta_no_tie_break
  Operating conditions:   PVT_0P7V_25C 
  Interconnect mode:      global
  Area mode:              physical library
============================================================

Timing
-------
  Cost    Critical         Violating 
 Group   Path Slack  TNS     Paths   
-------------------------------------
default    No paths   0.0            
-------------------------------------
Total                 0.0          0 

Instance Count
--------------
Leaf Instance Count             59 
Physical Instance count          0 
Sequential Instance Count        0 
Combinational Instance Count    59 
Hierarchical Instance Count     17 

Area
----
Cell Area                          73.250
Physical Cell Area                 0.000
Total Cell Area (Cell+Physical)    73.250
Net Area                           78.701
Total Area (Cell+Physical+Net)     151.951

Runtime                            0.0 seconds
Elapsed Runtime                    13 seconds
Genus peak memory usage            848.80 
Innovus peak memory usage          no_value 
Hostname                           ECE015.ECE.LOCAL.CMU.EDU
