============================================================
  Generated by:           Genus(TM) Synthesis Solution 18.14-s037_1
  Generated on:           Mar 29 2022  03:10:01 pm
  Module:                 kwta_no_tie_break
  Operating conditions:   PVT_0P7V_25C 
  Interconnect mode:      global
  Area mode:              physical library
============================================================


Path 1: UNCONSTRAINED
     Startpoint: (F) genblk1_7_.Lteq/q
       Endpoint: (F) Inhibit_sr/s

                                     
      Data Path:-     472            

#-------------------------------------------------------------------------------------------------------
#   Timing Point    Flags   Arc   Edge          Cell           Fanout Load Trans Delay Arrival Instance 
#                                                                     (fF)  (ps)  (ps)   (ps)  Location 
#-------------------------------------------------------------------------------------------------------
  genblk1_7_.Lteq/q -       -     F     (arrival)                   3  1.6     0     0       0    (-,-) 
  g1351__2250/Y     -       A->Y  F     OR2x2_ASAP7_75t_R           2  1.6    12    22      22    (-,-) 
  g1346__1786/Y     -       B->Y  F     OR2x2_ASAP7_75t_R           2  1.6    12    25      47    (-,-) 
  g1343__7675/Y     -       B->Y  F     OR2x2_ASAP7_75t_R           2  1.4    11    25      72    (-,-) 
  g1341__2900/Y     -       B->Y  R     NOR2xp33_ASAP7_75t_R        3  2.2    61    34     106    (-,-) 
  g1340/Y           -       A->Y  F     INVx1_ASAP7_75t_R           1  0.7    17    15     121    (-,-) 
  g1335__4547/Y     -       A1->Y R     AOI21xp33_ASAP7_75t_R       2  1.6    49    30     150    (-,-) 
  g1332__3772/Y     -       B->Y  F     OAI211xp5_ASAP7_75t_R       2  1.7    48    33     183    (-,-) 
  g1329__9906/Y     -       B->Y  F     AO21x1_ASAP7_75t_R          2  1.7    17    34     217    (-,-) 
  g1325__1840/Y     -       B->Y  F     AO21x1_ASAP7_75t_R          2  1.5    15    27     244    (-,-) 
  g1321__6083/Y     -       B->Y  R     AOI21xp33_ASAP7_75t_R       2  1.6    49    30     275    (-,-) 
  g1319/Y           -       A->Y  F     INVx1_ASAP7_75t_R           1  0.9    17    16     290    (-,-) 
  g1311__7118/Y     -       A2->Y F     AO21x1_ASAP7_75t_R          2  1.5    15    26     316    (-,-) 
  g1308__2900/Y     -       B->Y  F     AO21x1_ASAP7_75t_R          2  1.5    16    27     343    (-,-) 
  g1307__6877/Y     -       B->Y  F     AO21x1_ASAP7_75t_R          2  1.6    16    27     370    (-,-) 
  g1302__1474/Y     -       B1->Y R     AOI222xp33_ASAP7_75t_R      1  0.8    39    26     396    (-,-) 
  g1301__3772/Y     -       A->Y  F     NAND5xp2_ASAP7_75t_R        1  0.7    42    29     425    (-,-) 
  g1300__4296/Y     -       B->Y  R     AOI21xp33_ASAP7_75t_R       1  0.8    35    29     454    (-,-) 
  g1299__8780/Y     -       B1->Y F     OAI221xp5_ASAP7_75t_R       1  0.3    21    18     472    (-,-) 
  Inhibit_sr/s      -       -     F     (hpin)                      1    -     -     0     472    (-,-) 
#-------------------------------------------------------------------------------------------------------

