============================================================
  Generated by:           Genus(TM) Synthesis Solution 18.14-s037_1
  Generated on:           Mar 29 2022  03:10:02 pm
  Module:                 kwta_no_tie_break
  Operating conditions:   PVT_0P7V_25C 
  Interconnect mode:      global
  Area mode:              physical library
============================================================

                           Leakage   Dynamic    Total   
     Instance       Cells Power(nW) Power(nW) Power(nW) 
--------------------------------------------------------
kwta_no_tie_break      59     4.343   779.410   783.754 
  Inhibit_sr            0     0.000    27.818    27.818 
  genblk1_0_.Lteq       0     0.000    42.875    42.875 
  genblk1_1_.Lteq       0     0.000    45.937    45.937 
  genblk1_2_.Lteq       0     0.000    37.260    37.260 
  genblk1_3_.Lteq       0     0.000    45.937    45.937 
  genblk1_4_.Lteq       0     0.000    36.750    36.750 
  genblk1_5_.Lteq       0     0.000    40.833    40.833 
  genblk1_6_.Lteq       0     0.000    45.937    45.937 
  genblk1_7_.Lteq       0     0.000    36.750    36.750 
  genblk1_8_.Lteq       0     0.000    42.875    42.875 
  genblk1_9_.Lteq       0     0.000    45.937    45.937 
  genblk1_10_.Lteq      0     0.000    39.302    39.302 
  genblk1_11_.Lteq      0     0.000    46.958    46.958 
  genblk1_12_.Lteq      0     0.000    45.937    45.937 
  genblk1_13_.Lteq      0     0.000    41.854    41.854 
  genblk1_14_.Lteq      0     0.000    41.854    41.854 
  genblk1_15_.Lteq      0     0.000    45.937    45.937 

