

Working Directory = /afs/andrew.cmu.edu/usr4/kbhat2/private/18-743/project/SYNTH/exclusive_max_seq_pulse
QoS Summary for exclusive_max
================================================================================
Metric                          final          
================================================================================
Slack (ps):                     5,326
  R2R (ps):                  no_value
  I2R (ps):                     7,527
  R2O (ps):                     7,332
  I2O (ps):                     5,326
  CG  (ps):                  no_value
TNS (ps):                           0
  R2R (ps):                  no_value
  I2R (ps):                         0
  R2O (ps):                         0
  I2O (ps):                         0
  CG  (ps):                  no_value
Failing Paths:                      0
Cell Area:                         30
Total Cell Area:                   30
Leaf Instances:                    19
Total Instances:                   19
Utilization (%):                 0.00
Tot. Net Length (um):        no_value
Avg. Net Length (um):        no_value
Route Overflow H (%):        no_value
Route Overflow V (%):        no_value
MBCI(%) (bits/gate) :            0.00
Norm Cong Hotspot Area:
  Max Cong:                  no_value
  Tot Cong:                  no_value
================================================================================
CPU  Runtime (h:m:s):        00:00:30
Real Runtime (h:m:s):        00:00:14
CPU  Elapsed (h:m:s):        00:00:34
Real Elapsed (h:m:s):        00:00:15
Memory (MB):                  1132.90
================================================================================
================================================================================
Flow Settings:
================================================================================
Total Runtime (h:m:s): 00:00:14
Total Memory (MB):     1140.91
Executable Version:    20.11-s111_1
================================================================================
Total Cell Area =  Cell Area + Physical Cell Area
Total Instances =  Leaf Instances + Physical Instances


