============================================================
  Generated by:           Genus(TM) Synthesis Solution 20.11-s111_1
  Generated on:           Apr 04 2022  05:55:25 am
  Module:                 exclusive_max
  Operating conditions:   PVT_0P7V_25C 
  Interconnect mode:      global
  Area mode:              physical library
============================================================

                                              Leakage  
          Gate            Instances   Area  Power (nW)                 Library                 
-----------------------------------------------------------------------------------------------
AO22x1_ASAP7_75t_R                1   2.100      0.106    asap7sc7p5t_AO_RVT_TT_ccs_201020     
ASYNC_DFFHx1_ASAP7_75t_R          2  12.131      0.601    asap7sc7p5t_SEQ_RVT_TT_ccs_201020    
HB1xp67_ASAP7_75t_R               3   2.799      0.152    asap7sc7p5t_INVBUF_RVT_TT_ccs_201020 
INVx1_ASAP7_75t_R                 2   1.400      0.105    asap7sc7p5t_INVBUF_RVT_TT_ccs_201020 
INVxp67_ASAP7_75t_R               1   0.700      0.034    asap7sc7p5t_INVBUF_RVT_TT_ccs_201020 
NAND3xp33_ASAP7_75t_R             1   1.166      0.049    asap7sc7p5t_SIMPLE_RVT_TT_ccs_201020 
NOR2xp33_ASAP7_75t_R              8   7.465      0.229    asap7sc7p5t_SIMPLE_RVT_TT_ccs_201020 
XOR2xp5_ASAP7_75t_R               1   2.100      0.134    asap7sc7p5t_SIMPLE_RVT_TT_ccs_201020 
-----------------------------------------------------------------------------------------------
total                            19  29.860      1.411                                         


                                                                    Leakage  Leakage 
               Library               Instances Instances %  Area  Power (nW) Power % 
-------------------------------------------------------------------------------------
asap7sc7p5t_AO_RVT_TT_ccs_201020             1         5.3  2.100      0.106     7.5 
asap7sc7p5t_INVBUF_RVT_TT_ccs_201020         6        31.6  4.899      0.291    20.6 
asap7sc7p5t_SEQ_RVT_TT_ccs_201020            2        10.5 12.131      0.601    42.6 
asap7sc7p5t_SIMPLE_RVT_TT_ccs_201020        10        52.6 10.731      0.413    29.2 

                                         Leakage  Leakage 
     Type      Instances  Area  Area % Power (nW) Power % 
----------------------------------------------------------
sequential             2 12.131   40.6      0.601    42.6 
inverter               3  2.100    7.0      0.139     9.8 
buffer                 3  2.799    9.4      0.152    10.8 
logic                 11 12.830   43.0      0.519    36.8 
physical_cells         0  0.000    0.0      0.000     0.0 
----------------------------------------------------------
total                 19 29.860  100.0      1.411   100.0 

