============================================================
  Generated by:           Genus(TM) Synthesis Solution 20.11-s111_1
  Generated on:           Apr 04 2022  12:44:30 am
  Module:                 exclusive_max
  Operating conditions:   PVT_0P7V_25C 
  Interconnect mode:      global
  Area mode:              physical library
============================================================

Timing
--------

Clock  Period 
--------------
aclk  10000.0 


  Cost    Critical         Violating 
 Group   Path Slack  TNS     Paths   
-------------------------------------
aclk         5376.4   0.0          0 
default    No paths   0.0            
-------------------------------------
Total                 0.0          0 

Instance Count
--------------
Leaf Instance Count             24 
Physical Instance count          0 
Sequential Instance Count        4 
Combinational Instance Count    20 
Hierarchical Instance Count      1 

Area
----
Cell Area                          48.522
Physical Cell Area                 0.000
Total Cell Area (Cell+Physical)    48.522
Net Area                           18.582
Total Area (Cell+Physical+Net)     67.104

Runtime                            0.0 seconds
Elapsed Runtime                    18 seconds
Genus peak memory usage            1157.45 
Innovus peak memory usage          no_value 
Hostname                           ECE010.ECE.LOCAL.CMU.EDU
