============================================================
  Generated by:           Genus(TM) Synthesis Solution 20.11-s111_1
  Generated on:           Apr 04 2022  05:53:06 am
  Module:                 equal
  Operating conditions:   PVT_0P7V_25C 
  Interconnect mode:      global
  Area mode:              physical library
============================================================


Path 1: UNCONSTRAINED
     Startpoint: (F) b
       Endpoint: (F) y

                   Capture    Launch  
      Drv Adjust:+       0         0  
                                      
       Data Path:-      97            

#--------------------------------------------------------------------------------------------------
# Timing Point   Flags   Arc   Edge         Cell          Fanout Load Trans Delay Arrival Instance 
#                                                                (fF)  (ps)  (ps)   (ps)  Location 
#--------------------------------------------------------------------------------------------------
  b              -       -     F     (arrival)                 1  1.3     0     0       0    (-,-) 
  g14__6260/Y    -       A->Y  F     XOR2xp5_ASAP7_75t_R       2  1.4    24    21      21    (-,-) 
  sr/g25__5107/Y -       B->Y  R     NOR2xp33_ASAP7_75t_R      1  0.6    24    19      39    (-,-) 
  sr/g24__2398/Y -       B->Y  F     NOR2xp33_ASAP7_75t_R      2  1.4    33    26      65    (-,-) 
  g17__4319/Y    -       A->Y  F     OR3x1_ASAP7_75t_R         1  0.3    10    31      97    (-,-) 
  y              -       -     F     (port)                    -    -     -     0      97    (-,-) 
#--------------------------------------------------------------------------------------------------

