============================================================
  Generated by:           Genus(TM) Synthesis Solution 20.11-s111_1
  Generated on:           Apr 04 2022  05:53:06 am
  Module:                 equal
  Operating conditions:   PVT_0P7V_25C 
  Interconnect mode:      global
  Area mode:              physical library
============================================================

                                         Leakage  
        Gate          Instances  Area  Power (nW)                 Library                 
------------------------------------------------------------------------------------------
HB1xp67_ASAP7_75t_R           1  0.933      0.051    asap7sc7p5t_INVBUF_RVT_TT_ccs_201020 
NOR2xp33_ASAP7_75t_R          2  1.866      0.059    asap7sc7p5t_SIMPLE_RVT_TT_ccs_201020 
OR3x1_ASAP7_75t_R             1  1.400      0.106    asap7sc7p5t_SIMPLE_RVT_TT_ccs_201020 
XOR2xp5_ASAP7_75t_R           1  2.100      0.134    asap7sc7p5t_SIMPLE_RVT_TT_ccs_201020 
------------------------------------------------------------------------------------------
total                         5  6.299      0.350                                         


                                                                   Leakage  Leakage 
               Library               Instances Instances %  Area Power (nW) Power % 
------------------------------------------------------------------------------------
asap7sc7p5t_INVBUF_RVT_TT_ccs_201020         1        20.0 0.933      0.051    14.6 
asap7sc7p5t_SIMPLE_RVT_TT_ccs_201020         4        80.0 5.365      0.299    85.4 

                                        Leakage  Leakage 
     Type      Instances  Area Area % Power (nW) Power % 
---------------------------------------------------------
buffer                 1 0.933   14.8      0.051    14.6 
logic                  4 5.365   85.2      0.299    85.4 
physical_cells         0 0.000    0.0      0.000     0.0 
---------------------------------------------------------
total                  5 6.299  100.0      0.350   100.0 

