============================================================
  Generated by:           Genus(TM) Synthesis Solution 20.11-s111_1
  Generated on:           Apr 04 2022  05:53:06 am
  Module:                 equal
  Operating conditions:   PVT_0P7V_25C 
  Interconnect mode:      global
  Area mode:              physical library
============================================================

Timing
-------
  Cost    Critical         Violating 
 Group   Path Slack  TNS     Paths   
-------------------------------------
default    No paths   0.0            
-------------------------------------
Total                 0.0          0 

Instance Count
--------------
Leaf Instance Count             5 
Physical Instance count         0 
Sequential Instance Count       0 
Combinational Instance Count    5 
Hierarchical Instance Count     1 

Area
----
Cell Area                          6.299
Physical Cell Area                 0.000
Total Cell Area (Cell+Physical)    6.299
Net Area                           4.719
Total Area (Cell+Physical+Net)     11.018

Runtime                            0.0 seconds
Elapsed Runtime                    17 seconds
Genus peak memory usage            1131.14 
Innovus peak memory usage          no_value 
Hostname                           ECE010.ECE.LOCAL.CMU.EDU
