============================================================
  Generated by:           Genus(TM) Synthesis Solution 20.11-s111_1
  Generated on:           Apr 25 2022  03:57:14 am
  Module:                 filter
  Operating conditions:   PVT_0P7V_25C 
  Interconnect mode:      global
  Area mode:              physical library
============================================================

                                           Leakage  
        Gate          Instances   Area   Power (nW)                 Library                 
--------------------------------------------------------------------------------------------
AND2x2_ASAP7_75t_R           16   22.395      2.313    asap7sc7p5t_SIMPLE_RVT_TT_ccs_201020 
HB1xp67_ASAP7_75t_R          32   29.860      1.624    asap7sc7p5t_INVBUF_RVT_TT_ccs_201020 
INVx1_ASAP7_75t_R            48   33.592      2.456    asap7sc7p5t_INVBUF_RVT_TT_ccs_201020 
NOR2xp33_ASAP7_75t_R        128  119.439      3.756    asap7sc7p5t_SIMPLE_RVT_TT_ccs_201020 
--------------------------------------------------------------------------------------------
total                       224  205.286     10.149                                         


                                                                     Leakage  Leakage 
               Library               Instances Instances %   Area  Power (nW) Power % 
--------------------------------------------------------------------------------------
asap7sc7p5t_INVBUF_RVT_TT_ccs_201020        80        35.7  63.452      4.080    40.2 
asap7sc7p5t_SIMPLE_RVT_TT_ccs_201020       144        64.3 141.834      6.069    59.8 

                                          Leakage  Leakage 
     Type      Instances   Area  Area % Power (nW) Power % 
-----------------------------------------------------------
inverter              48  33.592   16.4      2.456    24.2 
buffer                32  29.860   14.5      1.624    16.0 
logic                144 141.834   69.1      6.069    59.8 
physical_cells         0   0.000    0.0      0.000     0.0 
-----------------------------------------------------------
total                224 205.286  100.0     10.149   100.0 

