============================================================
  Generated by:           Genus(TM) Synthesis Solution 20.11-s111_1
  Generated on:           Apr 04 2022  05:55:45 am
  Module:                 exclusive_min
  Operating conditions:   PVT_0P7V_25C 
  Interconnect mode:      global
  Area mode:              physical library
============================================================


Path 1: UNCONSTRAINED
     Startpoint: (F) b
       Endpoint: (R) q

                   Capture    Launch  
      Drv Adjust:+       0         0  
                                      
       Data Path:-      80            

#---------------------------------------------------------------------------------------------------
# Timing Point   Flags   Arc   Edge         Cell           Fanout Load Trans Delay Arrival Instance 
#                                                                 (fF)  (ps)  (ps)   (ps)  Location 
#---------------------------------------------------------------------------------------------------
  b              -       -     F     (arrival)                  2  1.8     0     0       0    (-,-) 
  g50__6260/Y    -       A->Y  F     XNOR2xp5_ASAP7_75t_R       2  1.2    22    22      22    (-,-) 
  g41/Y          -       A->Y  R     INVxp33_ASAP7_75t_R        1  0.6    22    18      40    (-,-) 
  sr/g24__2398/Y -       B->Y  F     NOR2xp33_ASAP7_75t_R       2  1.2    31    23      63    (-,-) 
  g49__8428/Y    -       A1->Y R     AOI21xp33_ASAP7_75t_R      1  0.3    18    16      80    (-,-) 
  q              -       -     R     (port)                     -    -     -     0      80    (-,-) 
#---------------------------------------------------------------------------------------------------

