============================================================
  Generated by:           Genus(TM) Synthesis Solution 20.11-s111_1
  Generated on:           Apr 04 2022  12:44:50 am
  Module:                 exclusive_min
  Operating conditions:   PVT_0P7V_25C 
  Interconnect mode:      global
  Area mode:              physical library
============================================================

                                          Leakage  
         Gate          Instances  Area  Power (nW)                 Library                 
-------------------------------------------------------------------------------------------
AOI21xp33_ASAP7_75t_R          1  1.166      0.056    asap7sc7p5t_AO_RVT_TT_ccs_201020     
HB1xp67_ASAP7_75t_R            1  0.933      0.051    asap7sc7p5t_INVBUF_RVT_TT_ccs_201020 
INVxp33_ASAP7_75t_R            1  0.700      0.017    asap7sc7p5t_INVBUF_RVT_TT_ccs_201020 
NOR2xp33_ASAP7_75t_R           3  2.799      0.086    asap7sc7p5t_SIMPLE_RVT_TT_ccs_201020 
XNOR2xp5_ASAP7_75t_R           1  2.100      0.137    asap7sc7p5t_SIMPLE_RVT_TT_ccs_201020 
-------------------------------------------------------------------------------------------
total                          7  7.698      0.347                                         


                                                                   Leakage  Leakage 
               Library               Instances Instances %  Area Power (nW) Power % 
------------------------------------------------------------------------------------
asap7sc7p5t_AO_RVT_TT_ccs_201020             1        14.3 1.166      0.056    16.0 
asap7sc7p5t_INVBUF_RVT_TT_ccs_201020         2        28.6 1.633      0.068    19.6 
asap7sc7p5t_SIMPLE_RVT_TT_ccs_201020         4        57.1 4.899      0.223    64.4 

                                        Leakage  Leakage 
     Type      Instances  Area Area % Power (nW) Power % 
---------------------------------------------------------
inverter               1 0.700    9.1      0.017     4.9 
buffer                 1 0.933   12.1      0.051    14.7 
logic                  5 6.065   78.8      0.279    80.4 
physical_cells         0 0.000    0.0      0.000     0.0 
---------------------------------------------------------
total                  7 7.698  100.0      0.347   100.0 

