============================================================
  Generated by:           Genus(TM) Synthesis Solution 20.11-s111_1
  Generated on:           Apr 04 2022  12:42:25 am
  Module:                 equal
  Operating conditions:   PVT_0P7V_25C 
  Interconnect mode:      global
  Area mode:              physical library
============================================================


Path 1: MET (5362 ps) Late External Delay Assertion at pin y
          Group: aclk
     Startpoint: (F) b
          Clock: (R) aclk
       Endpoint: (R) y
          Clock: (R) aclk

                     Capture       Launch     
        Clock Edge:+   10000            0     
        Drv Adjust:+       0            0     
       Src Latency:+       0            0     
       Net Latency:+       0 (I)        0 (I) 
           Arrival:=   10000            0     
                                              
      Output Delay:-    2000                  
       Uncertainty:-     400                  
     Required Time:=    7600                  
      Launch Clock:-       0                  
       Input Delay:-    2000                  
         Data Path:-     238                  
             Slack:=    5362                  

Exceptions/Constraints:
  input_delay              2000            chip.sdc_line_7_3_1 
  output_delay             2000            chip.sdc_line_8     

#---------------------------------------------------------------------------------------------------
# Timing Point   Flags   Arc   Edge         Cell           Fanout Load Trans Delay Arrival Instance 
#                                                                 (fF)  (ps)  (ps)   (ps)  Location 
#---------------------------------------------------------------------------------------------------
  b              -       -     F     (arrival)                  2  2.0     0     0    2000    (-,-) 
  g358__6260/Y   -       A->Y  F     XOR2xp5_ASAP7_75t_R        1  0.6    14    18    2018    (-,-) 
  sr/g25__5107/Y -       B->Y  R     NOR2xp33_ASAP7_75t_R       1  0.6    22    16    2033    (-,-) 
  sr/g24__2398/Y -       B->Y  F     NOR2xp33_ASAP7_75t_R       2  1.4    33    25    2058    (-,-) 
  g356/Y         -       A->Y  R     INVx1_ASAP7_75t_R          1  0.8    16    15    2073    (-,-) 
  g381__5526/Y   -       A->Y  F     NAND3xp33_ASAP7_75t_R      2  1.7    38    24    2097    (-,-) 
  g378__4319/Y   -       A->Y  R     MAJIxp5_ASAP7_75t_R        1 15.3   268   139    2236    (-,-) 
  y              -       -     R     (port)                     -    -     -     1    2238    (-,-) 
#---------------------------------------------------------------------------------------------------



Path 2: MET (7372 ps) Setup Check with Pin counter_reg[3]/CLK->D
          Group: aclk
     Startpoint: (R) a
          Clock: (R) aclk
       Endpoint: (R) counter_reg[3]/D
          Clock: (R) aclk

                     Capture       Launch     
        Clock Edge:+   10000            0     
        Drv Adjust:+       0            0     
       Src Latency:+       0            0     
       Net Latency:+       0 (I)        0 (I) 
           Arrival:=   10000            0     
                                              
             Setup:-      -1                  
       Uncertainty:-     400                  
     Required Time:=    9601                  
      Launch Clock:-       0                  
       Input Delay:-    2000                  
         Data Path:-     229                  
             Slack:=    7372                  

Exceptions/Constraints:
  input_delay             2000            chip.sdc_line_7_2_1 

#---------------------------------------------------------------------------------------------------------
#  Timing Point    Flags    Arc   Edge           Cell            Fanout Load Trans Delay Arrival Instance 
#                                                                       (fF)  (ps)  (ps)   (ps)  Location 
#---------------------------------------------------------------------------------------------------------
  a                -       -      R     (arrival)                     2  2.0     0     0    2000    (-,-) 
  g358__6260/Y     -       B->Y   R     XOR2xp5_ASAP7_75t_R           1  0.6    20    19    2019    (-,-) 
  sr/g25__5107/Y   -       B->Y   F     NOR2xp33_ASAP7_75t_R          1  0.6    18    17    2036    (-,-) 
  sr/g24__2398/Y   -       B->Y   R     NOR2xp33_ASAP7_75t_R          2  1.4    41    26    2062    (-,-) 
  g356/Y           -       A->Y   F     INVx1_ASAP7_75t_R             1  0.8    15    14    2076    (-,-) 
  g381__5526/Y     -       A->Y   R     NAND3xp33_ASAP7_75t_R         2  1.7    30    20    2096    (-,-) 
  g414__1881/Y     -       B->Y   F     OAI21xp5_ASAP7_75t_R          2  1.4    32    20    2116    (-,-) 
  g412__6131/Y     -       B->Y   F     AND2x2_ASAP7_75t_R            2  1.6    11    29    2145    (-,-) 
  g410__8246/Y     -       B->Y   R     NAND2xp5_ASAP7_75t_R          2  1.5    29    16    2161    (-,-) 
  g409/Y           -       A->Y   F     INVxp67_ASAP7_75t_R           1  1.2    19    17    2178    (-,-) 
  g2/CON           -       B->CON R     HAxp5_ASAP7_75t_R             1  1.3    33    21    2200    (-,-) 
  g402__3680/Y     -       B->Y   R     XOR2xp5_ASAP7_75t_R           1  0.9    30    30    2229    (-,-) 
  counter_reg[3]/D -       -      R     ASYNC_DFFHx1_ASAP7_75t_R      1    -     -     0    2229    (-,-) 
#---------------------------------------------------------------------------------------------------------



Path 3: MET (7383 ps) Setup Check with Pin counter_reg[2]/CLK->D
          Group: aclk
     Startpoint: (F) b
          Clock: (R) aclk
       Endpoint: (R) counter_reg[2]/D
          Clock: (R) aclk

                     Capture       Launch     
        Clock Edge:+   10000            0     
        Drv Adjust:+       0            0     
       Src Latency:+       0            0     
       Net Latency:+       0 (I)        0 (I) 
           Arrival:=   10000            0     
                                              
             Setup:-      -1                  
       Uncertainty:-     400                  
     Required Time:=    9601                  
      Launch Clock:-       0                  
       Input Delay:-    2000                  
         Data Path:-     218                  
             Slack:=    7383                  

Exceptions/Constraints:
  input_delay             2000            chip.sdc_line_7_3_1 

#----------------------------------------------------------------------------------------------------------
#  Timing Point    Flags    Arc    Edge           Cell            Fanout Load Trans Delay Arrival Instance 
#                                                                        (fF)  (ps)  (ps)   (ps)  Location 
#----------------------------------------------------------------------------------------------------------
  b                -       -       F     (arrival)                     2  2.0     0     0    2000    (-,-) 
  g358__6260/Y     -       A->Y    F     XOR2xp5_ASAP7_75t_R           1  0.6    14    18    2018    (-,-) 
  sr/g25__5107/Y   -       B->Y    R     NOR2xp33_ASAP7_75t_R          1  0.6    22    16    2033    (-,-) 
  sr/g24__2398/Y   -       B->Y    F     NOR2xp33_ASAP7_75t_R          2  1.4    33    25    2058    (-,-) 
  g356/Y           -       A->Y    R     INVx1_ASAP7_75t_R             1  0.8    16    15    2073    (-,-) 
  g381__5526/Y     -       A->Y    F     NAND3xp33_ASAP7_75t_R         2  1.7    38    24    2097    (-,-) 
  g414__1881/Y     -       B->Y    R     OAI21xp5_ASAP7_75t_R          2  1.4    39    22    2119    (-,-) 
  g412__6131/Y     -       B->Y    R     AND2x2_ASAP7_75t_R            2  1.6    13    29    2149    (-,-) 
  g410__8246/Y     -       B->Y    F     NAND2xp5_ASAP7_75t_R          2  1.5    25    16    2165    (-,-) 
  g409/Y           -       A->Y    R     INVxp67_ASAP7_75t_R           1  1.1    21    18    2182    (-,-) 
  g2/CON           -       B->CON  F     HAxp5_ASAP7_75t_R             1  1.2    29    20    2202    (-,-) 
  g2/SN            -       CON->SN R     HAxp5_ASAP7_75t_R             1  0.9    28    16    2218    (-,-) 
  counter_reg[2]/D -       -       R     ASYNC_DFFHx1_ASAP7_75t_R      1    -     -     0    2218    (-,-) 
#----------------------------------------------------------------------------------------------------------



Path 4: MET (7421 ps) Setup Check with Pin counter_reg[1]/CLK->D
          Group: aclk
     Startpoint: (F) b
          Clock: (R) aclk
       Endpoint: (R) counter_reg[1]/D
          Clock: (R) aclk

                     Capture       Launch     
        Clock Edge:+   10000            0     
        Drv Adjust:+       0            0     
       Src Latency:+       0            0     
       Net Latency:+       0 (I)        0 (I) 
           Arrival:=   10000            0     
                                              
             Setup:-      -2                  
       Uncertainty:-     400                  
     Required Time:=    9602                  
      Launch Clock:-       0                  
       Input Delay:-    2000                  
         Data Path:-     181                  
             Slack:=    7421                  

Exceptions/Constraints:
  input_delay             2000            chip.sdc_line_7_3_1 

#--------------------------------------------------------------------------------------------------------
#  Timing Point    Flags   Arc   Edge           Cell            Fanout Load Trans Delay Arrival Instance 
#                                                                      (fF)  (ps)  (ps)   (ps)  Location 
#--------------------------------------------------------------------------------------------------------
  b                -       -     F     (arrival)                     2  2.0     0     0    2000    (-,-) 
  g358__6260/Y     -       A->Y  F     XOR2xp5_ASAP7_75t_R           1  0.6    14    18    2018    (-,-) 
  sr/g25__5107/Y   -       B->Y  R     NOR2xp33_ASAP7_75t_R          1  0.6    22    16    2033    (-,-) 
  sr/g24__2398/Y   -       B->Y  F     NOR2xp33_ASAP7_75t_R          2  1.4    33    25    2058    (-,-) 
  g356/Y           -       A->Y  R     INVx1_ASAP7_75t_R             1  0.8    16    15    2073    (-,-) 
  g381__5526/Y     -       A->Y  F     NAND3xp33_ASAP7_75t_R         2  1.7    38    24    2097    (-,-) 
  g414__1881/Y     -       B->Y  R     OAI21xp5_ASAP7_75t_R          2  1.4    39    22    2119    (-,-) 
  g412__6131/Y     -       B->Y  R     AND2x2_ASAP7_75t_R            2  1.6    13    29    2149    (-,-) 
  g410__8246/Y     -       B->Y  F     NAND2xp5_ASAP7_75t_R          2  1.5    25    16    2165    (-,-) 
  g408__5122/Y     -       B->Y  R     OAI21xp5_ASAP7_75t_R          1  0.9    25    16    2180    (-,-) 
  counter_reg[1]/D -       -     R     ASYNC_DFFHx1_ASAP7_75t_R      1    -     -     0    2181    (-,-) 
#--------------------------------------------------------------------------------------------------------



Path 5: MET (7423 ps) Setup Check with Pin counter_reg[0]/CLK->D
          Group: aclk
     Startpoint: (R) a
          Clock: (R) aclk
       Endpoint: (R) counter_reg[0]/D
          Clock: (R) aclk

                     Capture       Launch     
        Clock Edge:+   10000            0     
        Drv Adjust:+       0            0     
       Src Latency:+       0            0     
       Net Latency:+       0 (I)        0 (I) 
           Arrival:=   10000            0     
                                              
             Setup:-      -2                  
       Uncertainty:-     400                  
     Required Time:=    9602                  
      Launch Clock:-       0                  
       Input Delay:-    2000                  
         Data Path:-     178                  
             Slack:=    7423                  

Exceptions/Constraints:
  input_delay             2000            chip.sdc_line_7_2_1 

#--------------------------------------------------------------------------------------------------------
#  Timing Point    Flags   Arc   Edge           Cell            Fanout Load Trans Delay Arrival Instance 
#                                                                      (fF)  (ps)  (ps)   (ps)  Location 
#--------------------------------------------------------------------------------------------------------
  a                -       -     R     (arrival)                     2  2.0     0     0    2000    (-,-) 
  g358__6260/Y     -       B->Y  R     XOR2xp5_ASAP7_75t_R           1  0.6    20    19    2019    (-,-) 
  sr/g25__5107/Y   -       B->Y  F     NOR2xp33_ASAP7_75t_R          1  0.6    18    17    2036    (-,-) 
  sr/g24__2398/Y   -       B->Y  R     NOR2xp33_ASAP7_75t_R          2  1.4    41    26    2062    (-,-) 
  g356/Y           -       A->Y  F     INVx1_ASAP7_75t_R             1  0.8    15    14    2076    (-,-) 
  g381__5526/Y     -       A->Y  R     NAND3xp33_ASAP7_75t_R         2  1.7    30    20    2096    (-,-) 
  g414__1881/Y     -       B->Y  F     OAI21xp5_ASAP7_75t_R          2  1.4    32    20    2116    (-,-) 
  g413/Y           -       A->Y  R     INVxp67_ASAP7_75t_R           2  1.5    28    23    2139    (-,-) 
  g411__7098/Y     -       B->Y  F     AOI211xp5_ASAP7_75t_R         1  0.8    28    18    2157    (-,-) 
  g407__1705/Y     -       B->Y  R     AOI21xp5_ASAP7_75t_R          1  0.9    26    22    2178    (-,-) 
  counter_reg[0]/D -       -     R     ASYNC_DFFHx1_ASAP7_75t_R      1    -     -     0    2178    (-,-) 
#--------------------------------------------------------------------------------------------------------

Some unconstrained paths have not been displayed.
Use -unconstrained or set the root attribute 'timing_report_unconstrained' to 'true' to see only these unconstrained paths.

