

Working Directory = /afs/andrew.cmu.edu/usr4/kbhat2/private/18-743/project/SYNTH/equal_seq_pulse
QoS Summary for equal
================================================================================
Metric                          final          
================================================================================
Slack (ps):                     5,370
  R2R (ps):                  no_value
  I2R (ps):                     7,491
  R2O (ps):                     7,393
  I2O (ps):                     5,370
  CG  (ps):                  no_value
TNS (ps):                           0
  R2R (ps):                  no_value
  I2R (ps):                         0
  R2O (ps):                         0
  I2O (ps):                         0
  CG  (ps):                  no_value
Failing Paths:                      0
Cell Area:                         25
Total Cell Area:                   25
Leaf Instances:                    14
Total Instances:                   14
Utilization (%):                 0.00
Tot. Net Length (um):        no_value
Avg. Net Length (um):        no_value
Route Overflow H (%):        no_value
Route Overflow V (%):        no_value
MBCI(%) (bits/gate) :            0.00
Norm Cong Hotspot Area:
  Max Cong:                  no_value
  Tot Cong:                  no_value
================================================================================
CPU  Runtime (h:m:s):        00:00:29
Real Runtime (h:m:s):        00:00:13
CPU  Elapsed (h:m:s):        00:00:33
Real Elapsed (h:m:s):        00:00:14
Memory (MB):                  1139.64
================================================================================
================================================================================
Flow Settings:
================================================================================
Total Runtime (h:m:s): 00:00:14
Total Memory (MB):     1147.64
Executable Version:    20.11-s111_1
================================================================================
Total Cell Area =  Cell Area + Physical Cell Area
Total Instances =  Leaf Instances + Physical Instances


