============================================================
  Generated by:           Genus(TM) Synthesis Solution 20.11-s111_1
  Generated on:           Apr 04 2022  05:53:26 am
  Module:                 equal
  Operating conditions:   PVT_0P7V_25C 
  Interconnect mode:      global
  Area mode:              physical library
============================================================

                                              Leakage  
          Gate            Instances   Area  Power (nW)                 Library                 
-----------------------------------------------------------------------------------------------
AND2x2_ASAP7_75t_R                1   1.400      0.141    asap7sc7p5t_SIMPLE_RVT_TT_ccs_201020 
ASYNC_DFFHx1_ASAP7_75t_R          2  12.131      0.601    asap7sc7p5t_SEQ_RVT_TT_ccs_201020    
HB1xp67_ASAP7_75t_R               2   1.866      0.102    asap7sc7p5t_INVBUF_RVT_TT_ccs_201020 
INVxp67_ASAP7_75t_R               1   0.700      0.034    asap7sc7p5t_INVBUF_RVT_TT_ccs_201020 
NAND2xp5_ASAP7_75t_R              1   0.933      0.047    asap7sc7p5t_SIMPLE_RVT_TT_ccs_201020 
NOR2xp33_ASAP7_75t_R              5   4.666      0.147    asap7sc7p5t_SIMPLE_RVT_TT_ccs_201020 
NOR3xp33_ASAP7_75t_R              1   1.166      0.036    asap7sc7p5t_SIMPLE_RVT_TT_ccs_201020 
XOR2xp5_ASAP7_75t_R               1   2.100      0.134    asap7sc7p5t_SIMPLE_RVT_TT_ccs_201020 
-----------------------------------------------------------------------------------------------
total                            14  24.961      1.242                                         


                                                                    Leakage  Leakage 
               Library               Instances Instances %  Area  Power (nW) Power % 
-------------------------------------------------------------------------------------
asap7sc7p5t_INVBUF_RVT_TT_ccs_201020         3        21.4  2.566      0.136    10.9 
asap7sc7p5t_SEQ_RVT_TT_ccs_201020            2        14.3 12.131      0.601    48.4 
asap7sc7p5t_SIMPLE_RVT_TT_ccs_201020         9        64.3 10.264      0.505    40.7 

                                         Leakage  Leakage 
     Type      Instances  Area  Area % Power (nW) Power % 
----------------------------------------------------------
sequential             2 12.131   48.6      0.601    48.4 
inverter               1  0.700    2.8      0.034     2.7 
buffer                 2  1.866    7.5      0.102     8.2 
logic                  9 10.264   41.1      0.505    40.7 
physical_cells         0  0.000    0.0      0.000     0.0 
----------------------------------------------------------
total                 14 24.961  100.0      1.242   100.0 

