============================================================
  Generated by:           Genus(TM) Synthesis Solution 20.11-s111_1
  Generated on:           Apr 04 2022  05:53:26 am
  Module:                 equal
  Operating conditions:   PVT_0P7V_25C 
  Interconnect mode:      global
  Area mode:              physical library
============================================================

Timing
--------

Clock  Period 
--------------
aclk  10000.0 


  Cost    Critical         Violating 
 Group   Path Slack  TNS     Paths   
-------------------------------------
aclk         5370.5   0.0          0 
default    No paths   0.0            
-------------------------------------
Total                 0.0          0 

Instance Count
--------------
Leaf Instance Count             14 
Physical Instance count          0 
Sequential Instance Count        2 
Combinational Instance Count    12 
Hierarchical Instance Count      2 

Area
----
Cell Area                          24.961
Physical Cell Area                 0.000
Total Cell Area (Cell+Physical)    24.961
Net Area                           10.423
Total Area (Cell+Physical+Net)     35.384

Runtime                            0.0 seconds
Elapsed Runtime                    17 seconds
Genus peak memory usage            1147.64 
Innovus peak memory usage          no_value 
Hostname                           ECE010.ECE.LOCAL.CMU.EDU
