============================================================
  Generated by:           Genus(TM) Synthesis Solution 20.11-s111_1
  Generated on:           Apr 25 2022  03:58:54 am
  Module:                 filter
  Operating conditions:   PVT_0P7V_25C 
  Interconnect mode:      global
  Area mode:              physical library
============================================================

                                            Leakage  
        Gate          Instances    Area   Power (nW)                 Library                 
---------------------------------------------------------------------------------------------
AND2x2_ASAP7_75t_R          128   179.159     18.507    asap7sc7p5t_SIMPLE_RVT_TT_ccs_201020 
HB1xp67_ASAP7_75t_R         256   238.879     12.993    asap7sc7p5t_INVBUF_RVT_TT_ccs_201020 
INVx1_ASAP7_75t_R           384   268.739     19.645    asap7sc7p5t_INVBUF_RVT_TT_ccs_201020 
NOR2xp33_ASAP7_75t_R       1024   955.515     30.045    asap7sc7p5t_SIMPLE_RVT_TT_ccs_201020 
---------------------------------------------------------------------------------------------
total                      1792  1642.291     81.190                                         


                                                                      Leakage  Leakage 
               Library               Instances Instances %   Area   Power (nW) Power % 
---------------------------------------------------------------------------------------
asap7sc7p5t_INVBUF_RVT_TT_ccs_201020       640        35.7  507.617     32.638    40.2 
asap7sc7p5t_SIMPLE_RVT_TT_ccs_201020      1152        64.3 1134.674     48.552    59.8 

                                           Leakage  Leakage 
     Type      Instances   Area   Area % Power (nW) Power % 
------------------------------------------------------------
inverter             384  268.739   16.4     19.645    24.2 
buffer               256  238.879   14.5     12.993    16.0 
logic               1152 1134.674   69.1     48.552    59.8 
physical_cells         0    0.000    0.0      0.000     0.0 
------------------------------------------------------------
total               1792 1642.291  100.0     81.190   100.0 

