

Working Directory = /afs/andrew.cmu.edu/usr4/kbhat2/private/18-743/project/SYNTH/filter_seq_rising_128
QoS Summary for filter
================================================================================
Metric                          final          
================================================================================
Slack (ps):                     5,463
  R2R (ps):                  no_value
  I2R (ps):                  no_value
  R2O (ps):                  no_value
  I2O (ps):                     5,463
  CG  (ps):                  no_value
TNS (ps):                           0
  R2R (ps):                  no_value
  I2R (ps):                  no_value
  R2O (ps):                  no_value
  I2O (ps):                         0
  CG  (ps):                  no_value
Failing Paths:                      0
Cell Area:                      1,642
Total Cell Area:                1,642
Leaf Instances:                 1,792
Total Instances:                1,792
Utilization (%):                 0.00
Tot. Net Length (um):        no_value
Avg. Net Length (um):        no_value
Route Overflow H (%):        no_value
Route Overflow V (%):        no_value
MBCI(%) (bits/gate) :            0.00
Norm Cong Hotspot Area:
  Max Cong:                  no_value
  Tot Cong:                  no_value
================================================================================
CPU  Runtime (h:m:s):        00:00:54
Real Runtime (h:m:s):        00:00:34
CPU  Elapsed (h:m:s):        00:00:58
Real Elapsed (h:m:s):        00:00:35
Memory (MB):                  1176.14
================================================================================
================================================================================
Flow Settings:
================================================================================
Total Runtime (h:m:s): 00:00:35
Total Memory (MB):     1184.15
Executable Version:    20.11-s111_1
================================================================================
Total Cell Area =  Cell Area + Physical Cell Area
Total Instances =  Leaf Instances + Physical Instances


