============================================================
  Generated by:           Genus(TM) Synthesis Solution 20.11-s111_1
  Generated on:           Apr 04 2022  05:54:44 am
  Module:                 exclusive_max
  Operating conditions:   PVT_0P7V_25C 
  Interconnect mode:      global
  Area mode:              physical library
============================================================


Path 1: UNCONSTRAINED
     Startpoint: (F) a
       Endpoint: (R) q

                   Capture    Launch  
      Drv Adjust:+       0         0  
                                      
       Data Path:-      78            

#--------------------------------------------------------------------------------------------------
# Timing Point   Flags   Arc   Edge         Cell          Fanout Load Trans Delay Arrival Instance 
#                                                                (fF)  (ps)  (ps)   (ps)  Location 
#--------------------------------------------------------------------------------------------------
  a              -       -     F     (arrival)                 1  1.2     0     0       0    (-,-) 
  g2/SN          -       B->SN F     HAxp5_ASAP7_75t_R         1  0.6    17    24      24    (-,-) 
  g3/Y           -       A->Y  R     INVxp33_ASAP7_75t_R       1  0.6    21    16      40    (-,-) 
  sr/g24__2398/Y -       B->Y  F     NOR2xp33_ASAP7_75t_R      2  1.1    29    22      62    (-,-) 
  g46__4319/Y    -       B->Y  R     NOR2xp33_ASAP7_75t_R      1  0.3    19    16      78    (-,-) 
  q              -       -     R     (port)                    -    -     -     0      78    (-,-) 
#--------------------------------------------------------------------------------------------------

