============================================================
  Generated by:           Genus(TM) Synthesis Solution 20.11-s111_1
  Generated on:           Apr 04 2022  06:19:42 am
  Module:                 less_than
  Operating conditions:   PVT_0P7V_25C 
  Interconnect mode:      global
  Area mode:              physical library
============================================================


Path 1: UNCONSTRAINED
     Startpoint: (F) b
       Endpoint: (R) q

                   Capture    Launch  
      Drv Adjust:+       0         0  
                                      
       Data Path:-      91            

#--------------------------------------------------------------------------------------------------
# Timing Point   Flags   Arc   Edge         Cell          Fanout Load Trans Delay Arrival Instance 
#                                                                (fF)  (ps)  (ps)   (ps)  Location 
#--------------------------------------------------------------------------------------------------
  b              -       -     F     (arrival)                 1  0.6     0     0       0    (-,-) 
  g12/Y          -       A->Y  R     INVxp33_ASAP7_75t_R       1  0.6    19    10      10    (-,-) 
  g16__6260/Y    -       B->Y  F     NOR2xp33_ASAP7_75t_R      2  1.1    27    21      32    (-,-) 
  sr/g24__2398/Y -       B->Y  R     NOR2xp33_ASAP7_75t_R      2  1.1    36    26      57    (-,-) 
  g11/Y          -       A->Y  F     INVxp33_ASAP7_75t_R       1  0.6    21    19      77    (-,-) 
  g17__4319/Y    -       B->Y  R     NOR2xp33_ASAP7_75t_R      1  0.3    16    14      91    (-,-) 
  q              -       -     R     (port)                    -    -     -     0      91    (-,-) 
#--------------------------------------------------------------------------------------------------

