============================================================
  Generated by:           Genus(TM) Synthesis Solution 18.14-s037_1
  Generated on:           Mar 29 2022  03:08:01 pm
  Module:                 snl_top_wrapper
  Operating conditions:   PVT_0P7V_25C 
  Interconnect mode:      global
  Area mode:              physical library
============================================================

                                         Leakage  
       Gate         Instances   Area   Power (nW)                 Library                 
------------------------------------------------------------------------------------------
AND2x2_ASAP7_75t_R        181  253.342     29.074    asap7sc7p5t_SIMPLE_RVT_TT_ccs_201020 
OR2x2_ASAP7_75t_R         202  282.735     28.392    asap7sc7p5t_SIMPLE_RVT_TT_ccs_201020 
------------------------------------------------------------------------------------------
total                     383  536.077     57.466                                         


                                          Leakage  Leakage 
     Type      Instances   Area  Area % Power (nW) Power % 
-----------------------------------------------------------
logic                383 536.077  100.0     57.466   100.0 
physical_cells         0   0.000    0.0      0.000     0.0 
-----------------------------------------------------------
total                383 536.077  100.0     57.466   100.0 

