============================================================
  Generated by:           Genus(TM) Synthesis Solution 18.14-s037_1
  Generated on:           Mar 29 2022  03:08:02 pm
  Module:                 snl_top_wrapper
  Operating conditions:   PVT_0P7V_25C 
  Interconnect mode:      global
  Area mode:              physical library
============================================================

                                              Leakage   Dynamic    Total   
               Instance                Cells Power(nW) Power(nW) Power(nW) 
---------------------------------------------------------------------------
snl_top_wrapper                          383    57.466  7232.807  7290.273 
  nsg                                    383    57.466  6990.359  7047.825 
    up                                   351    52.660  6374.184  6426.845 
      Upper                              160    23.922  2783.554  2807.475 
        Upper                             48     7.181   869.812   876.994 
          Lower                           12     1.798   211.569   213.367 
            outter_loo..op_0_.swapper      2     0.300    46.950    47.250 
            Lower                          2     0.300    37.555    37.855 
            outter_loo..op_1_.swapper      2     0.300    33.083    33.383 
            Upper                          2     0.300    32.891    33.191 
            outter_loo..op_0_.swapper      2     0.299    37.662    37.961 
            outter_loo..op_2_.swapper      2     0.299    23.428    23.727 
          Upper                           12     1.794   225.181   226.975 
            outter_loo..op_0_.swapper      2     0.300    46.994    47.294 
            Lower                          2     0.300    37.358    37.658 
            outter_loo..op_1_.swapper      2     0.299    37.614    37.914 
            outter_loo..op_0_.swapper      2     0.299    37.660    37.960 
            Upper                          2     0.299    37.552    37.851 
            outter_loo..op_2_.swapper      2     0.297    28.002    28.299 
          outter_loo..op_1_.swapper        2     0.300    42.184    42.484 
          outter_loo..op_0_.swapper        2     0.300    37.541    37.841 
          outter_loo..op_0_.swapper        2     0.300    46.999    47.299 
          outter_loo..op_2_.swapper        2     0.300    32.776    33.076 
          outter_loo..op_3_.swapper        2     0.300    28.382    28.682 
          outter_loo..op_0_.swapper        2     0.300    28.280    28.579 
          outter_loo..op_1_.swapper        2     0.300    42.548    42.848 
          outter_loo..op_2_.swapper        2     0.299    46.913    47.213 
          outter_loo..op_4_.swapper        2     0.299    42.341    42.640 
          outter_loo..op_4_.swapper        2     0.298    37.888    38.186 
          outter_loo..op_5_.swapper        2     0.298    28.365    28.663 
          outter_loo..op_6_.swapper        2     0.296    18.844    19.140 
        Lower                             48     7.177   859.817   866.994 
          Upper                           12     1.796   183.144   184.940 
            outter_loo..op_0_.swapper      2     0.300    37.569    37.869 
            outter_loo..op_1_.swapper      2     0.300    37.680    37.980 
            Upper                          2     0.299    32.792    33.091 
            outter_loo..op_0_.swapper      2     0.299    23.647    23.947 
            Lower                          2     0.299    28.084    28.383 
            outter_loo..op_2_.swapper      2     0.298    23.372    23.671 
          Lower                           12     1.795   267.541   269.336 
            outter_loo..op_0_.swapper      2     0.300    47.031    47.331 
            Lower                          2     0.300    47.029    47.329 
            outter_loo..op_1_.swapper      2     0.300    42.255    42.555 
            outter_loo..op_0_.swapper      2     0.299    46.877    47.176 
            Upper                          2     0.299    42.203    42.503 
            outter_loo..op_2_.swapper      2     0.297    42.145    42.443 
          outter_loo..op_1_.swapper        2     0.300    47.258    47.558 
          outter_loo..op_0_.swapper        2     0.300    42.421    42.721 
          outter_loo..op_0_.swapper        2     0.300    37.600    37.900 
          outter_loo..op_2_.swapper        2     0.300    51.664    51.964 
          outter_loo..op_3_.swapper        2     0.300    28.236    28.535 
          outter_loo..op_0_.swapper        2     0.300    23.613    23.913 
          outter_loo..op_2_.swapper        2     0.300    37.739    38.039 
          outter_loo..op_1_.swapper        2     0.299    46.618    46.917 
          outter_loo..op_4_.swapper        2     0.298    37.627    37.925 
          outter_loo..op_4_.swapper        2     0.297    18.872    19.169 
          outter_loo..op_5_.swapper        2     0.297    28.283    28.580 
          outter_loo..op_6_.swapper        2     0.296     9.201     9.497 
        outter_loo..op_3_.swapper          2     0.300    37.609    37.909 
        outter_loo..op_4_.swapper          2     0.300    37.673    37.973 
        outter_loo..op_1_.swapper          2     0.300    47.002    47.302 
        outter_loo..op_0_.swapper          2     0.300    51.761    52.061 
        outter_loo..op_4_.swapper          2     0.300    51.419    51.719 
        outter_loo..op_2_.swapper          2     0.300    37.594    37.894 
        outter_loo..op_5_.swapper          2     0.300    42.110    42.410 
        outter_loo..op_3_.swapper          2     0.300    32.996    33.296 
        outter_loo..op_6_.swapper          2     0.300    32.823    33.123 
        outter_loo..op_2_.swapper          2     0.300    33.841    34.141 
        outter_loo..op_4_.swapper          2     0.300    42.237    42.536 
        outter_loo..op_7_.swapper          2     0.300    23.621    23.921 
        outter_loo..op_5_.swapper          2     0.300    42.295    42.595 
        outter_loo..op_0_.swapper          2     0.300    46.816    47.116 
        outter_loo..op_0_.swapper          2     0.300    23.794    24.094 
        outter_loo..op_1_.swapper          2     0.300    42.363    42.662 
        outter_loo..op_0_.swapper          2     0.300    37.662    37.962 
        outter_loo..op_6_.swapper          2     0.300    30.124    30.423 
        outter_loo..op_1_.swapper          2     0.300    32.940    33.240 
        outter_loo..op_2_.swapper          2     0.299    37.458    37.757 
        outter_loo..op_8_.swapper          2     0.299    30.176    30.475 
        outter_loo..op_8_.swapper          2     0.299    47.187    47.486 
        outter_loo..op_9_.swapper          2     0.298    33.010    33.308 
        outter_loo..op_8_.swapper          2     0.298    23.786    24.084 
        outter_loo..p_10_.swapper          2     0.298    33.610    33.908 
        outter_loo..p_11_.swapper          2     0.297    18.845    19.143 
        outter_loo..op_9_.swapper          2     0.297    27.932    28.229 
        outter_loo..p_10_.swapper          2     0.297    32.854    33.151 
        outter_loo..p_12_.swapper          2     0.296    18.774    19.070 
        outter_loo..p_13_.swapper          2     0.296    14.097    14.393 
        outter_loo..p_12_.swapper          2     0.296     9.514     9.810 
        outter_loo..p_14_.swapper          2     0.296     0.000     0.296 
      Lower                              160    23.886  2925.504  2949.390 
        Upper                             48     7.172   901.398   908.570 
          Upper                           12     1.797   225.374   227.170 
            outter_loo..op_0_.swapper      2     0.300    37.542    37.842 
            outter_loo..op_1_.swapper      2     0.300    32.913    33.213 
            Lower                          2     0.299    42.415    42.715 
            Upper                          2     0.299    32.935    33.234 
            outter_loo..op_0_.swapper      2     0.299    42.080    42.379 
            outter_loo..op_2_.swapper      2     0.298    37.489    37.787 
          Lower                           12     1.791   225.009   226.800 
            outter_loo..op_0_.swapper      2     0.300    51.489    51.789 
            outter_loo..op_1_.swapper      2     0.299    37.480    37.780 
            Lower                          2     0.299    28.164    28.463 
            Upper                          2     0.298    46.939    47.237 
            outter_loo..op_0_.swapper      2     0.297    37.727    38.024 
            outter_loo..op_2_.swapper      2     0.297    23.210    23.507 
          outter_loo..op_0_.swapper        2     0.300    42.470    42.770 
          outter_loo..op_1_.swapper        2     0.300    51.698    51.998 
          outter_loo..op_0_.swapper        2     0.300    37.600    37.900 
          outter_loo..op_2_.swapper        2     0.300    56.174    56.474 
          outter_loo..op_0_.swapper        2     0.300    23.613    23.913 
          outter_loo..op_3_.swapper        2     0.299    46.949    47.248 
          outter_loo..op_1_.swapper        2     0.299    37.468    37.767 
          outter_loo..op_2_.swapper        2     0.299    42.410    42.709 
          outter_loo..op_4_.swapper        2     0.297    37.595    37.892 
          outter_loo..op_5_.swapper        2     0.297    32.805    33.101 
          outter_loo..op_4_.swapper        2     0.297    23.604    23.901 
          outter_loo..op_6_.swapper        2     0.296    18.631    18.927 
        Lower                             48     7.170   898.495   905.665 
          Lower                           12     1.794   253.524   255.318 
            outter_loo..op_0_.swapper      2     0.301    46.874    47.175 
            outter_loo..op_1_.swapper      2     0.300    47.146    47.446 
            Lower                          2     0.299    51.716    52.016 
            Upper                          2     0.299    32.994    33.292 
            outter_loo..op_0_.swapper      2     0.298    37.434    37.732 
            outter_loo..op_2_.swapper      2     0.297    37.360    37.657 
          Upper                           12     1.793   197.597   199.390 
            outter_loo..op_0_.swapper      2     0.300    47.166    47.465 
            outter_loo..op_0_.swapper      2     0.299    28.271    28.570 
            Upper                          2     0.299    32.931    33.231 
            outter_loo..op_1_.swapper      2     0.299    37.645    37.944 
            Lower                          2     0.299    32.902    33.201 
            outter_loo..op_2_.swapper      2     0.297    18.682    18.979 
          outter_loo..op_0_.swapper        2     0.300    51.919    52.219 
          outter_loo..op_2_.swapper        2     0.300    70.461    70.761 
          outter_loo..op_1_.swapper        2     0.300    56.703    57.003 
          outter_loo..op_0_.swapper        2     0.300    37.600    37.900 
          outter_loo..op_3_.swapper        2     0.300    23.794    24.094 
          outter_loo..op_0_.swapper        2     0.300    28.250    28.549 
          outter_loo..op_1_.swapper        2     0.299    56.227    56.527 
          outter_loo..op_2_.swapper        2     0.299    42.253    42.552 
          outter_loo..op_4_.swapper        2     0.297    32.829    33.125 
          outter_loo..op_4_.swapper        2     0.296    18.810    19.107 
          outter_loo..op_5_.swapper        2     0.296    23.786    24.082 
          outter_loo..op_6_.swapper        2     0.296     4.740     5.036 
        outter_loo..op_3_.swapper          2     0.300    52.040    52.341 
        outter_loo..op_0_.swapper          2     0.300    61.524    61.824 
        outter_loo..op_1_.swapper          2     0.300    56.322    56.622 
        outter_loo..op_2_.swapper          2     0.300    56.076    56.376 
        outter_loo..op_6_.swapper          2     0.300    32.812    33.112 
        outter_loo..op_1_.swapper          2     0.300    23.683    23.983 
        outter_loo..op_0_.swapper          2     0.300    19.035    19.335 
        outter_loo..op_7_.swapper          2     0.300    23.614    23.914 
        outter_loo..op_4_.swapper          2     0.300    52.655    52.955 
        outter_loo..op_5_.swapper          2     0.300    47.130    47.430 
        outter_loo..op_4_.swapper          2     0.300    60.771    61.071 
        outter_loo..op_2_.swapper          2     0.300    48.788    49.087 
        outter_loo..op_1_.swapper          2     0.299    42.256    42.555 
        outter_loo..op_2_.swapper          2     0.299    42.526    42.825 
        outter_loo..op_0_.swapper          2     0.299    56.327    56.625 
        outter_loo..op_5_.swapper          2     0.299    66.012    66.311 
        outter_loo..op_3_.swapper          2     0.299    46.934    47.233 
        outter_loo..op_4_.swapper          2     0.299    61.072    61.371 
        outter_loo..op_0_.swapper          2     0.299    30.141    30.439 
        outter_loo..op_6_.swapper          2     0.298    49.014    49.312 
        outter_loo..op_8_.swapper          2     0.297    33.787    34.084 
        outter_loo..op_9_.swapper          2     0.297    28.164    28.461 
        outter_loo..op_8_.swapper          2     0.297    37.590    37.887 
        outter_loo..op_9_.swapper          2     0.296    13.802    14.098 
        outter_loo..p_10_.swapper          2     0.296    18.735    19.031 
        outter_loo..p_11_.swapper          2     0.296    18.860    19.156 
        outter_loo..op_8_.swapper          2     0.296    19.029    19.325 
        outter_loo..p_10_.swapper          2     0.296    18.504    18.800 
        outter_loo..p_13_.swapper          2     0.296     4.584     4.880 
        outter_loo..p_12_.swapper          2     0.296     3.825     4.120 
        outter_loo..p_12_.swapper          2     0.296     0.000     0.296 
        outter_loo..p_14_.swapper          2     0.296     0.000     0.296 
      outter_loo..op_6_.swapper            1     0.165    18.687    18.852 
      outter_loo..op_7_.swapper            1     0.164    22.490    22.654 
      outter_loo..p_10_.swapper            1     0.164    30.058    30.222 
      outter_loo..op_9_.swapper            1     0.164    29.830    29.994 
      outter_loo..op_8_.swapper            1     0.163    26.168    26.332 
      outter_loo..p_11_.swapper            1     0.163    26.506    26.669 
      outter_loo..op_5_.swapper            1     0.162    22.671    22.834 
      outter_loo..op_4_.swapper            1     0.162    22.760    22.921 
      outter_loo..op_8_.swapper            1     0.161    29.908    30.069 
      outter_loo..p_11_.swapper            1     0.160    15.010    15.170 
      outter_loo..p_10_.swapper            1     0.160    15.085    15.245 
      outter_loo..op_9_.swapper            1     0.159    26.172    26.332 
      outter_loo..op_3_.swapper            1     0.159    22.837    22.996 
      outter_loo..op_2_.swapper            1     0.159    15.285    15.443 
      outter_loo..op_1_.swapper            1     0.158    19.091    19.249 
      outter_loo..p_12_.swapper            1     0.158    30.345    30.503 
      outter_loo..op_0_.swapper            1     0.158    19.106    19.264 
      outter_loo..p_10_.swapper            1     0.157    12.389    12.546 
      outter_loo..p_13_.swapper            1     0.156    19.062    19.218 
      outter_loo..p_14_.swapper            1     0.155    15.273    15.427 
      outter_loo..p_15_.swapper            1     0.155    15.285    15.439 
      outter_loo..op_6_.swapper            1     0.153    11.554    11.707 
      outter_loo..op_5_.swapper            1     0.152    19.204    19.357 
      outter_loo..op_7_.swapper            1     0.152    15.429    15.581 
      outter_loo..op_4_.swapper            1     0.151    19.120    19.271 
      outter_loo..op_0_.swapper            1     0.149    23.114    23.263 
      outter_loo..op_1_.swapper            1     0.148    26.987    27.135 
      outter_loo..op_3_.swapper            1     0.148    19.211    19.359 
      outter_loo..op_2_.swapper            1     0.148    23.181    23.328 
      outter_loo..op_9_.swapper            1     0.145    23.068    23.213 
      outter_loo..op_8_.swapper            1     0.144    30.243    30.387 

