============================================================
  Generated by:           Genus(TM) Synthesis Solution 20.11-s111_1
  Generated on:           Apr 04 2022  06:22:02 am
  Module:                 less_than_eq
  Operating conditions:   PVT_0P7V_25C 
  Interconnect mode:      global
  Area mode:              physical library
============================================================

                                              Leakage  
          Gate            Instances   Area  Power (nW)                 Library                 
-----------------------------------------------------------------------------------------------
AND2x2_ASAP7_75t_R                1   1.400      0.142    asap7sc7p5t_SIMPLE_RVT_TT_ccs_201020 
ASYNC_DFFHx1_ASAP7_75t_R          2  12.131      0.608    asap7sc7p5t_SEQ_RVT_TT_ccs_201020    
HB1xp67_ASAP7_75t_R               2   1.866      0.101    asap7sc7p5t_INVBUF_RVT_TT_ccs_201020 
INVx1_ASAP7_75t_R                 1   0.700      0.051    asap7sc7p5t_INVBUF_RVT_TT_ccs_201020 
INVxp67_ASAP7_75t_R               1   0.700      0.034    asap7sc7p5t_INVBUF_RVT_TT_ccs_201020 
NOR2xp33_ASAP7_75t_R              5   4.666      0.145    asap7sc7p5t_SIMPLE_RVT_TT_ccs_201020 
NOR3xp33_ASAP7_75t_R              1   1.166      0.039    asap7sc7p5t_SIMPLE_RVT_TT_ccs_201020 
OR2x2_ASAP7_75t_R                 1   1.400      0.156    asap7sc7p5t_SIMPLE_RVT_TT_ccs_201020 
-----------------------------------------------------------------------------------------------
total                            14  24.028      1.278                                         


                                                                    Leakage  Leakage 
               Library               Instances Instances %  Area  Power (nW) Power % 
-------------------------------------------------------------------------------------
asap7sc7p5t_INVBUF_RVT_TT_ccs_201020         4        28.6  3.266      0.187    14.6 
asap7sc7p5t_SEQ_RVT_TT_ccs_201020            2        14.3 12.131      0.608    47.6 
asap7sc7p5t_SIMPLE_RVT_TT_ccs_201020         8        57.1  8.631      0.483    37.8 

                                         Leakage  Leakage 
     Type      Instances  Area  Area % Power (nW) Power % 
----------------------------------------------------------
sequential             2 12.131   50.5      0.608    47.6 
inverter               2  1.400    5.8      0.085     6.7 
buffer                 2  1.866    7.8      0.101     7.9 
logic                  8  8.631   35.9      0.483    37.8 
physical_cells         0  0.000    0.0      0.000     0.0 
----------------------------------------------------------
total                 14 24.028  100.0      1.278   100.0 

