============================================================
  Generated by:           Genus(TM) Synthesis Solution 20.11-s111_1
  Generated on:           Apr 04 2022  06:22:02 am
  Module:                 less_than_eq
  Operating conditions:   PVT_0P7V_25C 
  Interconnect mode:      global
  Area mode:              physical library
============================================================


Path 1: MET (5390 ps) Late External Delay Assertion at pin q
          Group: aclk
     Startpoint: (F) b
          Clock: (R) aclk
       Endpoint: (R) q
          Clock: (R) aclk

                     Capture       Launch     
        Clock Edge:+   10000            0     
        Drv Adjust:+       0            0     
       Src Latency:+       0            0     
       Net Latency:+       0 (I)        0 (I) 
           Arrival:=   10000            0     
                                              
      Output Delay:-    2000                  
       Uncertainty:-     400                  
     Required Time:=    7600                  
      Launch Clock:-       0                  
       Input Delay:-    2000                  
         Data Path:-     210                  
             Slack:=    5390                  

Exceptions/Constraints:
  input_delay              2000            chip.sdc_line_7_3_1 
  output_delay             2000            chip.sdc_line_8     

#---------------------------------------------------------------------------------------------------
#  Timing Point   Flags   Arc   Edge         Cell          Fanout Load Trans Delay Arrival Instance 
#                                                                 (fF)  (ps)  (ps)   (ps)  Location 
#---------------------------------------------------------------------------------------------------
  b               -       -     F     (arrival)                 1  0.9     0     0    2000    (-,-) 
  g76/Y           -       A->Y  R     INVx1_ASAP7_75t_R         1  0.6     7     5    2005    (-,-) 
  g79__8428/Y     -       B->Y  F     NOR2xp33_ASAP7_75t_R      1  0.6    17    12    2017    (-,-) 
  sr/g25__5107/Y  -       B->Y  R     NOR2xp33_ASAP7_75t_R      1  0.6    22    17    2034    (-,-) 
  sr/g24__2398/Y  -       B->Y  F     NOR2xp33_ASAP7_75t_R      2  1.3    31    24    2058    (-,-) 
  g96__6783/Y     -       B->Y  F     OR2x2_ASAP7_75t_R         2  1.6    12    31    2089    (-,-) 
  g93__5526/Y     -       A->Y  R     NOR3xp33_ASAP7_75t_R      1  0.6    27    17    2106    (-,-) 
  sr1/g25__4319/Y -       B->Y  F     NOR2xp33_ASAP7_75t_R      1  0.6    20    18    2125    (-,-) 
  sr1/g24__6260/Y -       B->Y  R     NOR2xp33_ASAP7_75t_R      2  1.3    39    26    2150    (-,-) 
  g81__3680/Y     -       B->Y  R     AND2x2_ASAP7_75t_R        1 15.3    72    58    2209    (-,-) 
  q               -       -     R     (port)                    -    -     -     1    2210    (-,-) 
#---------------------------------------------------------------------------------------------------



Path 2: MET (7516 ps) Setup Check with Pin prev_temp_out_reg/CLK->D
          Group: aclk
     Startpoint: (R) b
          Clock: (R) aclk
       Endpoint: (R) prev_temp_out_reg/D
          Clock: (R) aclk

                     Capture       Launch     
        Clock Edge:+   10000            0     
        Drv Adjust:+       0            0     
       Src Latency:+       0            0     
       Net Latency:+       0 (I)        0 (I) 
           Arrival:=   10000            0     
                                              
             Setup:-      -4                  
       Uncertainty:-     400                  
     Required Time:=    9604                  
      Launch Clock:-       0                  
       Input Delay:-    2000                  
         Data Path:-      88                  
             Slack:=    7516                  

Exceptions/Constraints:
  input_delay             2000            chip.sdc_line_7_3_1 

#-----------------------------------------------------------------------------------------------------------
#    Timing Point     Flags   Arc   Edge           Cell            Fanout Load Trans Delay Arrival Instance 
#                                                                         (fF)  (ps)  (ps)   (ps)  Location 
#-----------------------------------------------------------------------------------------------------------
  b                   -       -     R     (arrival)                     1  0.9     0     0    2000    (-,-) 
  g76/Y               -       A->Y  F     INVx1_ASAP7_75t_R             1  0.6     5     4    2004    (-,-) 
  g79__8428/Y         -       B->Y  R     NOR2xp33_ASAP7_75t_R          1  0.6    21    13    2017    (-,-) 
  sr/g25__5107/Y      -       B->Y  F     NOR2xp33_ASAP7_75t_R          1  0.6    18    17    2034    (-,-) 
  sr/g24__2398/Y      -       B->Y  R     NOR2xp33_ASAP7_75t_R          2  1.3    39    25    2059    (-,-) 
  g96__6783/Y         -       B->Y  R     OR2x2_ASAP7_75t_R             2  1.6    12    29    2088    (-,-) 
  prev_temp_out_reg/D -       -     R     ASYNC_DFFHx1_ASAP7_75t_R      2    -     -     0    2088    (-,-) 
#-----------------------------------------------------------------------------------------------------------



Path 3: MET (7590 ps) Setup Check with Pin prev_a_reg/CLK->D
          Group: aclk
     Startpoint: (F) a
          Clock: (R) aclk
       Endpoint: (R) prev_a_reg/D
          Clock: (R) aclk

                     Capture       Launch     
        Clock Edge:+   10000            0     
        Drv Adjust:+       0            0     
       Src Latency:+       0            0     
       Net Latency:+       0 (I)        0 (I) 
           Arrival:=   10000            0     
                                              
             Setup:-      -2                  
       Uncertainty:-     400                  
     Required Time:=    9602                  
      Launch Clock:-       0                  
       Input Delay:-    2000                  
         Data Path:-      12                  
             Slack:=    7590                  

Exceptions/Constraints:
  input_delay             2000            chip.sdc_line_7_2_1 

#------------------------------------------------------------------------------------------------------
# Timing Point   Flags   Arc   Edge           Cell            Fanout Load Trans Delay Arrival Instance 
#                                                                    (fF)  (ps)  (ps)   (ps)  Location 
#------------------------------------------------------------------------------------------------------
  a              -       -     F     (arrival)                     3  1.8     0     0    2000    (-,-) 
  g97/Y          -       A->Y  R     INVxp67_ASAP7_75t_R           2  1.6    23    12    2012    (-,-) 
  prev_a_reg/D   -       -     R     ASYNC_DFFHx1_ASAP7_75t_R      2    -     -     0    2012    (-,-) 
#------------------------------------------------------------------------------------------------------

Some unconstrained paths have not been displayed.
Use -unconstrained or set the root attribute 'timing_report_unconstrained' to 'true' to see only these unconstrained paths.

