============================================================
  Generated by:           Genus(TM) Synthesis Solution 20.11-s111_1
  Generated on:           Apr 25 2022  04:10:02 am
  Module:                 mux_t_t_t_1
  Operating conditions:   PVT_0P7V_25C 
  Interconnect mode:      global
  Area mode:              physical library
============================================================

                                           Leakage  
        Gate          Instances   Area   Power (nW)                 Library                 
--------------------------------------------------------------------------------------------
AND5x1_ASAP7_75t_R            1    1.866      0.070    asap7sc7p5t_SIMPLE_RVT_TT_ccs_201020 
HB1xp67_ASAP7_75t_R         128  119.439      6.519    asap7sc7p5t_INVBUF_RVT_TT_ccs_201020 
INVx1_ASAP7_75t_R           128   89.580      6.548    asap7sc7p5t_INVBUF_RVT_TT_ccs_201020 
NAND5xp2_ASAP7_75t_R          1    1.633      0.019    asap7sc7p5t_SIMPLE_RVT_TT_ccs_201020 
NOR2xp33_ASAP7_75t_R        256  238.879      7.535    asap7sc7p5t_SIMPLE_RVT_TT_ccs_201020 
NOR3xp33_ASAP7_75t_R        128  149.299      5.585    asap7sc7p5t_SIMPLE_RVT_TT_ccs_201020 
NOR4xp25_ASAP7_75t_R          1    1.400      0.089    asap7sc7p5t_SIMPLE_RVT_TT_ccs_201020 
NOR5xp2_ASAP7_75t_R           8   13.064      0.333    asap7sc7p5t_SIMPLE_RVT_TT_ccs_201020 
OR4x1_ASAP7_75t_R             8   13.064      1.400    asap7sc7p5t_SIMPLE_RVT_TT_ccs_201020 
OR5x1_ASAP7_75t_R            15   27.994      1.678    asap7sc7p5t_SIMPLE_RVT_TT_ccs_201020 
XOR2xp5_ASAP7_75t_R         128  268.739     17.180    asap7sc7p5t_SIMPLE_RVT_TT_ccs_201020 
--------------------------------------------------------------------------------------------
total                       802  924.955     46.957                                         


                                                                     Leakage  Leakage 
               Library               Instances Instances %   Area  Power (nW) Power % 
--------------------------------------------------------------------------------------
asap7sc7p5t_INVBUF_RVT_TT_ccs_201020       256        31.9 209.019     13.067    27.8 
asap7sc7p5t_SIMPLE_RVT_TT_ccs_201020       546        68.1 715.936     33.890    72.2 

                                          Leakage  Leakage 
     Type      Instances   Area  Area % Power (nW) Power % 
-----------------------------------------------------------
inverter             128  89.580    9.7      6.548    13.9 
buffer               128 119.439   12.9      6.519    13.9 
logic                546 715.936   77.4     33.890    72.2 
physical_cells         0   0.000    0.0      0.000     0.0 
-----------------------------------------------------------
total                802 924.955  100.0     46.957   100.0 

