============================================================
  Generated by:           Genus(TM) Synthesis Solution 20.11-s111_1
  Generated on:           Apr 25 2022  04:10:02 am
  Module:                 mux_t_t_t_1
  Operating conditions:   PVT_0P7V_25C 
  Interconnect mode:      global
  Area mode:              physical library
============================================================


Path 1: UNCONSTRAINED
     Startpoint: (R) select_line
       Endpoint: (F) y

                   Capture    Launch  
      Drv Adjust:+       0         0  
                                      
       Data Path:-     306            

#---------------------------------------------------------------------------------------------------------------
#       Timing Point         Flags   Arc   Edge         Cell          Fanout  Load Trans Delay Arrival Instance 
#                                                                             (fF)  (ps)  (ps)   (ps)  Location 
#---------------------------------------------------------------------------------------------------------------
  select_line                -       -     R     (arrival)               256 243.4     0     0       0    (-,-) 
  eq_56_.inst/g25__6260/Y    -       B->Y  R     XOR2xp5_ASAP7_75t_R       2   1.3    32    25      25    (-,-) 
  eq_56_.inst/sr/g25__5107/Y -       B->Y  F     NOR2xp33_ASAP7_75t_R      1   0.6    21    20      44    (-,-) 
  eq_56_.inst/sr/g24__2398/Y -       B->Y  R     NOR2xp33_ASAP7_75t_R      2   1.3    39    26      70    (-,-) 
  eq_56_.inst/g35__4319/Y    -       A->Y  F     NOR3xp33_ASAP7_75t_R      1   0.9    20    19      89    (-,-) 
  g1374__5526/Y              -       D->Y  F     OR4x1_ASAP7_75t_R         1   0.8    15    40     129    (-,-) 
  g1367__6417/Y              -       A->Y  F     OR5x1_ASAP7_75t_R         1   0.8    17    39     169    (-,-) 
  g1364__2346/Y              -       A->Y  F     OR5x1_ASAP7_75t_R         1   0.8    17    40     208    (-,-) 
  g1351__1705/Y              -       A->Y  R     NOR5xp2_ASAP7_75t_R       1   0.8    60    32     240    (-,-) 
  g1350__2802/Y              -       C->Y  R     AND5x1_ASAP7_75t_R        1   0.8    18    49     289    (-,-) 
  g1349__1617/Y              -       A->Y  F     NAND5xp2_ASAP7_75t_R      1   0.3    34    18     306    (-,-) 
  y                          -       -     F     (port)                    -     -     -     0     306    (-,-) 
#---------------------------------------------------------------------------------------------------------------

