============================================================
  Generated by:           Genus(TM) Synthesis Solution 20.11-s111_1
  Generated on:           Apr 25 2022  04:04:08 am
  Module:                 mux_t_be_t_1
  Operating conditions:   PVT_0P7V_25C 
  Interconnect mode:      global
  Area mode:              physical library
============================================================

                                               Leakage  
          Gate            Instances   Area   Power (nW)                 Library                 
------------------------------------------------------------------------------------------------
AO21x1_ASAP7_75t_R                1    1.400      0.143    asap7sc7p5t_AO_RVT_TT_ccs_201020     
AOI211xp5_ASAP7_75t_R             1    1.400      0.058    asap7sc7p5t_AO_RVT_TT_ccs_201020     
AOI21xp5_ASAP7_75t_R              1    1.166      0.063    asap7sc7p5t_AO_RVT_TT_ccs_201020     
ASYNC_DFFHx1_ASAP7_75t_R         22  133.436      6.710    asap7sc7p5t_SEQ_RVT_TT_ccs_201020    
HAxp5_ASAP7_75t_R                 3    6.299      0.412    asap7sc7p5t_SIMPLE_RVT_TT_ccs_201020 
HB1xp67_ASAP7_75t_R              16   14.930      0.829    asap7sc7p5t_INVBUF_RVT_TT_ccs_201020 
INVx1_ASAP7_75t_R                37   25.894      1.875    asap7sc7p5t_INVBUF_RVT_TT_ccs_201020 
INVxp67_ASAP7_75t_R               3    2.100      0.101    asap7sc7p5t_INVBUF_RVT_TT_ccs_201020 
MAJIxp5_ASAP7_75t_R               1    1.633      0.092    asap7sc7p5t_SIMPLE_RVT_TT_ccs_201020 
NAND2xp5_ASAP7_75t_R              2    1.866      0.100    asap7sc7p5t_SIMPLE_RVT_TT_ccs_201020 
NAND3xp33_ASAP7_75t_R             1    1.166      0.057    asap7sc7p5t_SIMPLE_RVT_TT_ccs_201020 
NOR2xp33_ASAP7_75t_R             32   29.860      0.925    asap7sc7p5t_SIMPLE_RVT_TT_ccs_201020 
NOR3xp33_ASAP7_75t_R             17   19.829      0.529    asap7sc7p5t_SIMPLE_RVT_TT_ccs_201020 
OAI21xp5_ASAP7_75t_R              1    1.166      0.072    asap7sc7p5t_OA_RVT_TT_ccs_201020     
OR2x2_ASAP7_75t_R                 1    1.400      0.150    asap7sc7p5t_SIMPLE_RVT_TT_ccs_201020 
OR4x1_ASAP7_75t_R                 1    1.633      0.247    asap7sc7p5t_SIMPLE_RVT_TT_ccs_201020 
OR5x1_ASAP7_75t_R                 3    5.599      0.587    asap7sc7p5t_SIMPLE_RVT_TT_ccs_201020 
XNOR2xp5_ASAP7_75t_R              1    2.100      0.137    asap7sc7p5t_SIMPLE_RVT_TT_ccs_201020 
XOR2xp5_ASAP7_75t_R              18   37.791      2.385    asap7sc7p5t_SIMPLE_RVT_TT_ccs_201020 
------------------------------------------------------------------------------------------------
total                           162  290.667     15.472                                         


                                                                     Leakage  Leakage 
               Library               Instances Instances %   Area  Power (nW) Power % 
--------------------------------------------------------------------------------------
asap7sc7p5t_AO_RVT_TT_ccs_201020             3         1.9   3.966      0.264     1.7 
asap7sc7p5t_INVBUF_RVT_TT_ccs_201020        56        34.6  42.924      2.804    18.1 
asap7sc7p5t_OA_RVT_TT_ccs_201020             1         0.6   1.166      0.072     0.5 
asap7sc7p5t_SEQ_RVT_TT_ccs_201020           22        13.6 133.436      6.710    43.4 
asap7sc7p5t_SIMPLE_RVT_TT_ccs_201020        80        49.4 109.175      5.621    36.3 

                                          Leakage  Leakage 
     Type      Instances   Area  Area % Power (nW) Power % 
-----------------------------------------------------------
sequential            22 133.436   45.9      6.710    43.4 
inverter              40  27.994    9.6      1.975    12.8 
buffer                16  14.930    5.1      0.829     5.4 
logic                 84 114.307   39.3      5.958    38.5 
physical_cells         0   0.000    0.0      0.000     0.0 
-----------------------------------------------------------
total                162 290.667  100.0     15.472   100.0 

