============================================================
  Generated by:           Genus(TM) Synthesis Solution 20.11-s111_1
  Generated on:           Apr 25 2022  03:38:27 am
  Module:                 filter
  Operating conditions:   PVT_0P7V_25C 
  Interconnect mode:      global
  Area mode:              physical library
============================================================


Path 1: MET (5463 ps) Late External Delay Assertion at pin y[0]
          Group: aclk
     Startpoint: (F) inputs[0]
          Clock: (R) aclk
       Endpoint: (R) y[0]
          Clock: (R) aclk

                     Capture       Launch     
        Clock Edge:+   10000            0     
        Drv Adjust:+       0            0     
       Src Latency:+       0            0     
       Net Latency:+       0 (I)        0 (I) 
           Arrival:=   10000            0     
                                              
      Output Delay:-    2000                  
       Uncertainty:-     400                  
     Required Time:=    7600                  
      Launch Clock:-       0                  
       Input Delay:-    2000                  
         Data Path:-     137                  
             Slack:=    5463                  

Exceptions/Constraints:
  input_delay              2000            chip.sdc_line_7_16_1 
  output_delay             2000            chip.sdc_line_8_32_1 

#-------------------------------------------------------------------------------------------------------------------------------
#                Timing Point                 Flags   Arc   Edge         Cell          Fanout Load Trans Delay Arrival Instance 
#                                                                                             (fF)  (ps)  (ps)   (ps)  Location 
#-------------------------------------------------------------------------------------------------------------------------------
  inputs[0]                                   -       -     F     (arrival)                 3  2.1     0     0    2000    (-,-) 
  genblk1_0_.greater_than_inst/g17/Y          -       A->Y  R     INVx1_ASAP7_75t_R         2  1.1    11     7    2007    (-,-) 
  genblk1_0_.greater_than_inst/g16__6260/Y    -       B->Y  F     NOR2xp33_ASAP7_75t_R      1  0.6    17    14    2020    (-,-) 
  genblk1_0_.greater_than_inst/sr/g25__5107/Y -       B->Y  R     NOR2xp33_ASAP7_75t_R      1  0.6    22    17    2037    (-,-) 
  genblk1_0_.greater_than_inst/sr/g24__2398/Y -       B->Y  F     NOR2xp33_ASAP7_75t_R      2  1.1    28    22    2059    (-,-) 
  genblk1_0_.greater_than_inst/g18__4319/Y    -       B->Y  R     NOR2xp33_ASAP7_75t_R      1  0.8    29    22    2082    (-,-) 
  g25__5115/Y                                 -       A->Y  R     AND2x2_ASAP7_75t_R        1 15.3    71    54    2136    (-,-) 
  y[0]                                        -       -     R     (port)                    -    -     -     1    2137    (-,-) 
#-------------------------------------------------------------------------------------------------------------------------------



Path 2: MET (5463 ps) Late External Delay Assertion at pin y[1]
          Group: aclk
     Startpoint: (F) inputs[1]
          Clock: (R) aclk
       Endpoint: (R) y[1]
          Clock: (R) aclk

                     Capture       Launch     
        Clock Edge:+   10000            0     
        Drv Adjust:+       0            0     
       Src Latency:+       0            0     
       Net Latency:+       0 (I)        0 (I) 
           Arrival:=   10000            0     
                                              
      Output Delay:-    2000                  
       Uncertainty:-     400                  
     Required Time:=    7600                  
      Launch Clock:-       0                  
       Input Delay:-    2000                  
         Data Path:-     137                  
             Slack:=    5463                  

Exceptions/Constraints:
  input_delay              2000            chip.sdc_line_7_15_1 
  output_delay             2000            chip.sdc_line_8_31_1 

#-------------------------------------------------------------------------------------------------------------------------------
#                Timing Point                 Flags   Arc   Edge         Cell          Fanout Load Trans Delay Arrival Instance 
#                                                                                             (fF)  (ps)  (ps)   (ps)  Location 
#-------------------------------------------------------------------------------------------------------------------------------
  inputs[1]                                   -       -     F     (arrival)                 3  2.1     0     0    2000    (-,-) 
  genblk1_1_.greater_than_inst/g17/Y          -       A->Y  R     INVx1_ASAP7_75t_R         2  1.1    11     7    2007    (-,-) 
  genblk1_1_.greater_than_inst/g16__1705/Y    -       B->Y  F     NOR2xp33_ASAP7_75t_R      1  0.6    17    14    2020    (-,-) 
  genblk1_1_.greater_than_inst/sr/g25__2802/Y -       B->Y  R     NOR2xp33_ASAP7_75t_R      1  0.6    22    17    2037    (-,-) 
  genblk1_1_.greater_than_inst/sr/g24__1617/Y -       B->Y  F     NOR2xp33_ASAP7_75t_R      2  1.1    28    22    2059    (-,-) 
  genblk1_1_.greater_than_inst/g18__5122/Y    -       B->Y  R     NOR2xp33_ASAP7_75t_R      1  0.8    29    22    2082    (-,-) 
  g26__7482/Y                                 -       A->Y  R     AND2x2_ASAP7_75t_R        1 15.3    71    54    2136    (-,-) 
  y[1]                                        -       -     R     (port)                    -    -     -     1    2137    (-,-) 
#-------------------------------------------------------------------------------------------------------------------------------



Path 3: MET (5463 ps) Late External Delay Assertion at pin y[2]
          Group: aclk
     Startpoint: (F) inputs[2]
          Clock: (R) aclk
       Endpoint: (R) y[2]
          Clock: (R) aclk

                     Capture       Launch     
        Clock Edge:+   10000            0     
        Drv Adjust:+       0            0     
       Src Latency:+       0            0     
       Net Latency:+       0 (I)        0 (I) 
           Arrival:=   10000            0     
                                              
      Output Delay:-    2000                  
       Uncertainty:-     400                  
     Required Time:=    7600                  
      Launch Clock:-       0                  
       Input Delay:-    2000                  
         Data Path:-     137                  
             Slack:=    5463                  

Exceptions/Constraints:
  input_delay              2000            chip.sdc_line_7_14_1 
  output_delay             2000            chip.sdc_line_8_30_1 

#-------------------------------------------------------------------------------------------------------------------------------
#                Timing Point                 Flags   Arc   Edge         Cell          Fanout Load Trans Delay Arrival Instance 
#                                                                                             (fF)  (ps)  (ps)   (ps)  Location 
#-------------------------------------------------------------------------------------------------------------------------------
  inputs[2]                                   -       -     F     (arrival)                 3  2.1     0     0    2000    (-,-) 
  genblk1_2_.greater_than_inst/g17/Y          -       A->Y  R     INVx1_ASAP7_75t_R         2  1.1    11     7    2007    (-,-) 
  genblk1_2_.greater_than_inst/g16__4733/Y    -       B->Y  F     NOR2xp33_ASAP7_75t_R      1  0.6    17    14    2020    (-,-) 
  genblk1_2_.greater_than_inst/sr/g25__7482/Y -       B->Y  R     NOR2xp33_ASAP7_75t_R      1  0.6    22    17    2037    (-,-) 
  genblk1_2_.greater_than_inst/sr/g24__5115/Y -       B->Y  F     NOR2xp33_ASAP7_75t_R      2  1.1    28    22    2059    (-,-) 
  genblk1_2_.greater_than_inst/g18__6161/Y    -       B->Y  R     NOR2xp33_ASAP7_75t_R      1  0.8    29    22    2082    (-,-) 
  g27__4733/Y                                 -       A->Y  R     AND2x2_ASAP7_75t_R        1 15.3    71    54    2136    (-,-) 
  y[2]                                        -       -     R     (port)                    -    -     -     1    2137    (-,-) 
#-------------------------------------------------------------------------------------------------------------------------------



Path 4: MET (5463 ps) Late External Delay Assertion at pin y[3]
          Group: aclk
     Startpoint: (F) inputs[3]
          Clock: (R) aclk
       Endpoint: (R) y[3]
          Clock: (R) aclk

                     Capture       Launch     
        Clock Edge:+   10000            0     
        Drv Adjust:+       0            0     
       Src Latency:+       0            0     
       Net Latency:+       0 (I)        0 (I) 
           Arrival:=   10000            0     
                                              
      Output Delay:-    2000                  
       Uncertainty:-     400                  
     Required Time:=    7600                  
      Launch Clock:-       0                  
       Input Delay:-    2000                  
         Data Path:-     137                  
             Slack:=    5463                  

Exceptions/Constraints:
  input_delay              2000            chip.sdc_line_7_13_1 
  output_delay             2000            chip.sdc_line_8_29_1 

#-------------------------------------------------------------------------------------------------------------------------------
#                Timing Point                 Flags   Arc   Edge         Cell          Fanout Load Trans Delay Arrival Instance 
#                                                                                             (fF)  (ps)  (ps)   (ps)  Location 
#-------------------------------------------------------------------------------------------------------------------------------
  inputs[3]                                   -       -     F     (arrival)                 3  2.1     0     0    2000    (-,-) 
  genblk1_3_.greater_than_inst/g17/Y          -       A->Y  R     INVx1_ASAP7_75t_R         2  1.1    11     7    2007    (-,-) 
  genblk1_3_.greater_than_inst/g16__6417/Y    -       B->Y  F     NOR2xp33_ASAP7_75t_R      1  0.6    17    14    2020    (-,-) 
  genblk1_3_.greater_than_inst/sr/g25__7410/Y -       B->Y  R     NOR2xp33_ASAP7_75t_R      1  0.6    22    17    2037    (-,-) 
  genblk1_3_.greater_than_inst/sr/g24__1666/Y -       B->Y  F     NOR2xp33_ASAP7_75t_R      2  1.1    28    22    2059    (-,-) 
  genblk1_3_.greater_than_inst/g18__5477/Y    -       B->Y  R     NOR2xp33_ASAP7_75t_R      1  0.8    29    22    2082    (-,-) 
  g28__6161/Y                                 -       A->Y  R     AND2x2_ASAP7_75t_R        1 15.3    71    54    2136    (-,-) 
  y[3]                                        -       -     R     (port)                    -    -     -     1    2137    (-,-) 
#-------------------------------------------------------------------------------------------------------------------------------



Path 5: MET (5463 ps) Late External Delay Assertion at pin y[4]
          Group: aclk
     Startpoint: (F) inputs[4]
          Clock: (R) aclk
       Endpoint: (R) y[4]
          Clock: (R) aclk

                     Capture       Launch     
        Clock Edge:+   10000            0     
        Drv Adjust:+       0            0     
       Src Latency:+       0            0     
       Net Latency:+       0 (I)        0 (I) 
           Arrival:=   10000            0     
                                              
      Output Delay:-    2000                  
       Uncertainty:-     400                  
     Required Time:=    7600                  
      Launch Clock:-       0                  
       Input Delay:-    2000                  
         Data Path:-     137                  
             Slack:=    5463                  

Exceptions/Constraints:
  input_delay              2000            chip.sdc_line_7_12_1 
  output_delay             2000            chip.sdc_line_8_28_1 

#-------------------------------------------------------------------------------------------------------------------------------
#                Timing Point                 Flags   Arc   Edge         Cell          Fanout Load Trans Delay Arrival Instance 
#                                                                                             (fF)  (ps)  (ps)   (ps)  Location 
#-------------------------------------------------------------------------------------------------------------------------------
  inputs[4]                                   -       -     F     (arrival)                 3  2.1     0     0    2000    (-,-) 
  genblk1_4_.greater_than_inst/g17/Y          -       A->Y  R     INVx1_ASAP7_75t_R         2  1.1    11     7    2007    (-,-) 
  genblk1_4_.greater_than_inst/g16__6783/Y    -       B->Y  F     NOR2xp33_ASAP7_75t_R      1  0.6    17    14    2020    (-,-) 
  genblk1_4_.greater_than_inst/sr/g25__5526/Y -       B->Y  R     NOR2xp33_ASAP7_75t_R      1  0.6    22    17    2037    (-,-) 
  genblk1_4_.greater_than_inst/sr/g24__8428/Y -       B->Y  F     NOR2xp33_ASAP7_75t_R      2  1.1    28    22    2059    (-,-) 
  genblk1_4_.greater_than_inst/g18__3680/Y    -       B->Y  R     NOR2xp33_ASAP7_75t_R      1  0.8    29    22    2082    (-,-) 
  g29__9315/Y                                 -       A->Y  R     AND2x2_ASAP7_75t_R        1 15.3    71    54    2136    (-,-) 
  y[4]                                        -       -     R     (port)                    -    -     -     1    2137    (-,-) 
#-------------------------------------------------------------------------------------------------------------------------------



Path 6: MET (5463 ps) Late External Delay Assertion at pin y[5]
          Group: aclk
     Startpoint: (F) inputs[5]
          Clock: (R) aclk
       Endpoint: (R) y[5]
          Clock: (R) aclk

                     Capture       Launch     
        Clock Edge:+   10000            0     
        Drv Adjust:+       0            0     
       Src Latency:+       0            0     
       Net Latency:+       0 (I)        0 (I) 
           Arrival:=   10000            0     
                                              
      Output Delay:-    2000                  
       Uncertainty:-     400                  
     Required Time:=    7600                  
      Launch Clock:-       0                  
       Input Delay:-    2000                  
         Data Path:-     137                  
             Slack:=    5463                  

Exceptions/Constraints:
  input_delay              2000            chip.sdc_line_7_11_1 
  output_delay             2000            chip.sdc_line_8_27_1 

#-------------------------------------------------------------------------------------------------------------------------------
#                Timing Point                 Flags   Arc   Edge         Cell          Fanout Load Trans Delay Arrival Instance 
#                                                                                             (fF)  (ps)  (ps)   (ps)  Location 
#-------------------------------------------------------------------------------------------------------------------------------
  inputs[5]                                   -       -     F     (arrival)                 3  2.1     0     0    2000    (-,-) 
  genblk1_5_.greater_than_inst/g17/Y          -       A->Y  R     INVx1_ASAP7_75t_R         2  1.1    11     7    2007    (-,-) 
  genblk1_5_.greater_than_inst/g16__6131/Y    -       B->Y  F     NOR2xp33_ASAP7_75t_R      1  0.6    17    14    2020    (-,-) 
  genblk1_5_.greater_than_inst/sr/g25__7098/Y -       B->Y  R     NOR2xp33_ASAP7_75t_R      1  0.6    22    17    2037    (-,-) 
  genblk1_5_.greater_than_inst/sr/g24__8246/Y -       B->Y  F     NOR2xp33_ASAP7_75t_R      2  1.1    28    22    2059    (-,-) 
  genblk1_5_.greater_than_inst/g18__1881/Y    -       B->Y  R     NOR2xp33_ASAP7_75t_R      1  0.8    29    22    2082    (-,-) 
  g30__9945/Y                                 -       A->Y  R     AND2x2_ASAP7_75t_R        1 15.3    71    54    2136    (-,-) 
  y[5]                                        -       -     R     (port)                    -    -     -     1    2137    (-,-) 
#-------------------------------------------------------------------------------------------------------------------------------



Path 7: MET (5463 ps) Late External Delay Assertion at pin y[6]
          Group: aclk
     Startpoint: (F) inputs[6]
          Clock: (R) aclk
       Endpoint: (R) y[6]
          Clock: (R) aclk

                     Capture       Launch     
        Clock Edge:+   10000            0     
        Drv Adjust:+       0            0     
       Src Latency:+       0            0     
       Net Latency:+       0 (I)        0 (I) 
           Arrival:=   10000            0     
                                              
      Output Delay:-    2000                  
       Uncertainty:-     400                  
     Required Time:=    7600                  
      Launch Clock:-       0                  
       Input Delay:-    2000                  
         Data Path:-     137                  
             Slack:=    5463                  

Exceptions/Constraints:
  input_delay              2000            chip.sdc_line_7_10_1 
  output_delay             2000            chip.sdc_line_8_26_1 

#-------------------------------------------------------------------------------------------------------------------------------
#                Timing Point                 Flags   Arc   Edge         Cell          Fanout Load Trans Delay Arrival Instance 
#                                                                                             (fF)  (ps)  (ps)   (ps)  Location 
#-------------------------------------------------------------------------------------------------------------------------------
  inputs[6]                                   -       -     F     (arrival)                 3  2.1     0     0    2000    (-,-) 
  genblk1_6_.greater_than_inst/g17/Y          -       A->Y  R     INVx1_ASAP7_75t_R         2  1.1    11     7    2007    (-,-) 
  genblk1_6_.greater_than_inst/g16__2883/Y    -       B->Y  F     NOR2xp33_ASAP7_75t_R      1  0.6    17    14    2020    (-,-) 
  genblk1_6_.greater_than_inst/sr/g25__9945/Y -       B->Y  R     NOR2xp33_ASAP7_75t_R      1  0.6    22    17    2037    (-,-) 
  genblk1_6_.greater_than_inst/sr/g24__9315/Y -       B->Y  F     NOR2xp33_ASAP7_75t_R      2  1.1    28    22    2059    (-,-) 
  genblk1_6_.greater_than_inst/g18__2346/Y    -       B->Y  R     NOR2xp33_ASAP7_75t_R      1  0.8    29    22    2082    (-,-) 
  g31__2883/Y                                 -       A->Y  R     AND2x2_ASAP7_75t_R        1 15.3    71    54    2136    (-,-) 
  y[6]                                        -       -     R     (port)                    -    -     -     1    2137    (-,-) 
#-------------------------------------------------------------------------------------------------------------------------------



Path 8: MET (5463 ps) Late External Delay Assertion at pin y[7]
          Group: aclk
     Startpoint: (F) inputs[7]
          Clock: (R) aclk
       Endpoint: (R) y[7]
          Clock: (R) aclk

                     Capture       Launch     
        Clock Edge:+   10000            0     
        Drv Adjust:+       0            0     
       Src Latency:+       0            0     
       Net Latency:+       0 (I)        0 (I) 
           Arrival:=   10000            0     
                                              
      Output Delay:-    2000                  
       Uncertainty:-     400                  
     Required Time:=    7600                  
      Launch Clock:-       0                  
       Input Delay:-    2000                  
         Data Path:-     137                  
             Slack:=    5463                  

Exceptions/Constraints:
  input_delay              2000            chip.sdc_line_7_9_1  
  output_delay             2000            chip.sdc_line_8_25_1 

#-------------------------------------------------------------------------------------------------------------------------------
#                Timing Point                 Flags   Arc   Edge         Cell          Fanout Load Trans Delay Arrival Instance 
#                                                                                             (fF)  (ps)  (ps)   (ps)  Location 
#-------------------------------------------------------------------------------------------------------------------------------
  inputs[7]                                   -       -     F     (arrival)                 3  2.1     0     0    2000    (-,-) 
  genblk1_7_.greater_than_inst/g17/Y          -       A->Y  R     INVx1_ASAP7_75t_R         2  1.1    11     7    2007    (-,-) 
  genblk1_7_.greater_than_inst/g16__6260/Y    -       B->Y  F     NOR2xp33_ASAP7_75t_R      1  0.6    17    14    2020    (-,-) 
  genblk1_7_.greater_than_inst/sr/g25__5107/Y -       B->Y  R     NOR2xp33_ASAP7_75t_R      1  0.6    22    17    2037    (-,-) 
  genblk1_7_.greater_than_inst/sr/g24__2398/Y -       B->Y  F     NOR2xp33_ASAP7_75t_R      2  1.1    28    22    2059    (-,-) 
  genblk1_7_.greater_than_inst/g18__4319/Y    -       B->Y  R     NOR2xp33_ASAP7_75t_R      1  0.8    29    22    2082    (-,-) 
  g32__2346/Y                                 -       A->Y  R     AND2x2_ASAP7_75t_R        1 15.3    71    54    2136    (-,-) 
  y[7]                                        -       -     R     (port)                    -    -     -     1    2137    (-,-) 
#-------------------------------------------------------------------------------------------------------------------------------



Path 9: MET (5463 ps) Late External Delay Assertion at pin y[8]
          Group: aclk
     Startpoint: (F) inputs[8]
          Clock: (R) aclk
       Endpoint: (R) y[8]
          Clock: (R) aclk

                     Capture       Launch     
        Clock Edge:+   10000            0     
        Drv Adjust:+       0            0     
       Src Latency:+       0            0     
       Net Latency:+       0 (I)        0 (I) 
           Arrival:=   10000            0     
                                              
      Output Delay:-    2000                  
       Uncertainty:-     400                  
     Required Time:=    7600                  
      Launch Clock:-       0                  
       Input Delay:-    2000                  
         Data Path:-     137                  
             Slack:=    5463                  

Exceptions/Constraints:
  input_delay              2000            chip.sdc_line_7_8_1  
  output_delay             2000            chip.sdc_line_8_24_1 

#-------------------------------------------------------------------------------------------------------------------------------
#                Timing Point                 Flags   Arc   Edge         Cell          Fanout Load Trans Delay Arrival Instance 
#                                                                                             (fF)  (ps)  (ps)   (ps)  Location 
#-------------------------------------------------------------------------------------------------------------------------------
  inputs[8]                                   -       -     F     (arrival)                 3  2.1     0     0    2000    (-,-) 
  genblk1_8_.greater_than_inst/g17/Y          -       A->Y  R     INVx1_ASAP7_75t_R         2  1.1    11     7    2007    (-,-) 
  genblk1_8_.greater_than_inst/g16__1705/Y    -       B->Y  F     NOR2xp33_ASAP7_75t_R      1  0.6    17    14    2020    (-,-) 
  genblk1_8_.greater_than_inst/sr/g25__2802/Y -       B->Y  R     NOR2xp33_ASAP7_75t_R      1  0.6    22    17    2037    (-,-) 
  genblk1_8_.greater_than_inst/sr/g24__1617/Y -       B->Y  F     NOR2xp33_ASAP7_75t_R      2  1.1    28    22    2059    (-,-) 
  genblk1_8_.greater_than_inst/g18__5122/Y    -       B->Y  R     NOR2xp33_ASAP7_75t_R      1  0.8    29    22    2082    (-,-) 
  g33__1666/Y                                 -       A->Y  R     AND2x2_ASAP7_75t_R        1 15.3    71    54    2136    (-,-) 
  y[8]                                        -       -     R     (port)                    -    -     -     1    2137    (-,-) 
#-------------------------------------------------------------------------------------------------------------------------------



Path 10: MET (5463 ps) Late External Delay Assertion at pin y[9]
          Group: aclk
     Startpoint: (F) inputs[9]
          Clock: (R) aclk
       Endpoint: (R) y[9]
          Clock: (R) aclk

                     Capture       Launch     
        Clock Edge:+   10000            0     
        Drv Adjust:+       0            0     
       Src Latency:+       0            0     
       Net Latency:+       0 (I)        0 (I) 
           Arrival:=   10000            0     
                                              
      Output Delay:-    2000                  
       Uncertainty:-     400                  
     Required Time:=    7600                  
      Launch Clock:-       0                  
       Input Delay:-    2000                  
         Data Path:-     137                  
             Slack:=    5463                  

Exceptions/Constraints:
  input_delay              2000            chip.sdc_line_7_7_1  
  output_delay             2000            chip.sdc_line_8_23_1 

#-------------------------------------------------------------------------------------------------------------------------------
#                Timing Point                 Flags   Arc   Edge         Cell          Fanout Load Trans Delay Arrival Instance 
#                                                                                             (fF)  (ps)  (ps)   (ps)  Location 
#-------------------------------------------------------------------------------------------------------------------------------
  inputs[9]                                   -       -     F     (arrival)                 3  2.1     0     0    2000    (-,-) 
  genblk1_9_.greater_than_inst/g17/Y          -       A->Y  R     INVx1_ASAP7_75t_R         2  1.1    11     7    2007    (-,-) 
  genblk1_9_.greater_than_inst/g16__4733/Y    -       B->Y  F     NOR2xp33_ASAP7_75t_R      1  0.6    17    14    2020    (-,-) 
  genblk1_9_.greater_than_inst/sr/g25__7482/Y -       B->Y  R     NOR2xp33_ASAP7_75t_R      1  0.6    22    17    2037    (-,-) 
  genblk1_9_.greater_than_inst/sr/g24__5115/Y -       B->Y  F     NOR2xp33_ASAP7_75t_R      2  1.1    28    22    2059    (-,-) 
  genblk1_9_.greater_than_inst/g18__6161/Y    -       B->Y  R     NOR2xp33_ASAP7_75t_R      1  0.8    29    22    2082    (-,-) 
  g34__7410/Y                                 -       A->Y  R     AND2x2_ASAP7_75t_R        1 15.3    71    54    2136    (-,-) 
  y[9]                                        -       -     R     (port)                    -    -     -     1    2137    (-,-) 
#-------------------------------------------------------------------------------------------------------------------------------



Path 11: MET (5463 ps) Late External Delay Assertion at pin y[10]
          Group: aclk
     Startpoint: (F) inputs[10]
          Clock: (R) aclk
       Endpoint: (R) y[10]
          Clock: (R) aclk

                     Capture       Launch     
        Clock Edge:+   10000            0     
        Drv Adjust:+       0            0     
       Src Latency:+       0            0     
       Net Latency:+       0 (I)        0 (I) 
           Arrival:=   10000            0     
                                              
      Output Delay:-    2000                  
       Uncertainty:-     400                  
     Required Time:=    7600                  
      Launch Clock:-       0                  
       Input Delay:-    2000                  
         Data Path:-     137                  
             Slack:=    5463                  

Exceptions/Constraints:
  input_delay              2000            chip.sdc_line_7_6_1  
  output_delay             2000            chip.sdc_line_8_22_1 

#--------------------------------------------------------------------------------------------------------------------------------
#                Timing Point                  Flags   Arc   Edge         Cell          Fanout Load Trans Delay Arrival Instance 
#                                                                                              (fF)  (ps)  (ps)   (ps)  Location 
#--------------------------------------------------------------------------------------------------------------------------------
  inputs[10]                                   -       -     F     (arrival)                 3  2.1     0     0    2000    (-,-) 
  genblk1_10_.greater_than_inst/g17/Y          -       A->Y  R     INVx1_ASAP7_75t_R         2  1.1    11     7    2007    (-,-) 
  genblk1_10_.greater_than_inst/g16__6417/Y    -       B->Y  F     NOR2xp33_ASAP7_75t_R      1  0.6    17    14    2020    (-,-) 
  genblk1_10_.greater_than_inst/sr/g25__7410/Y -       B->Y  R     NOR2xp33_ASAP7_75t_R      1  0.6    22    17    2037    (-,-) 
  genblk1_10_.greater_than_inst/sr/g24__1666/Y -       B->Y  F     NOR2xp33_ASAP7_75t_R      2  1.1    28    22    2059    (-,-) 
  genblk1_10_.greater_than_inst/g18__5477/Y    -       B->Y  R     NOR2xp33_ASAP7_75t_R      1  0.8    29    22    2082    (-,-) 
  g35__6417/Y                                  -       A->Y  R     AND2x2_ASAP7_75t_R        1 15.3    71    54    2136    (-,-) 
  y[10]                                        -       -     R     (port)                    -    -     -     1    2137    (-,-) 
#--------------------------------------------------------------------------------------------------------------------------------



Path 12: MET (5463 ps) Late External Delay Assertion at pin y[11]
          Group: aclk
     Startpoint: (F) inputs[11]
          Clock: (R) aclk
       Endpoint: (R) y[11]
          Clock: (R) aclk

                     Capture       Launch     
        Clock Edge:+   10000            0     
        Drv Adjust:+       0            0     
       Src Latency:+       0            0     
       Net Latency:+       0 (I)        0 (I) 
           Arrival:=   10000            0     
                                              
      Output Delay:-    2000                  
       Uncertainty:-     400                  
     Required Time:=    7600                  
      Launch Clock:-       0                  
       Input Delay:-    2000                  
         Data Path:-     137                  
             Slack:=    5463                  

Exceptions/Constraints:
  input_delay              2000            chip.sdc_line_7_5_1  
  output_delay             2000            chip.sdc_line_8_21_1 

#--------------------------------------------------------------------------------------------------------------------------------
#                Timing Point                  Flags   Arc   Edge         Cell          Fanout Load Trans Delay Arrival Instance 
#                                                                                              (fF)  (ps)  (ps)   (ps)  Location 
#--------------------------------------------------------------------------------------------------------------------------------
  inputs[11]                                   -       -     F     (arrival)                 3  2.1     0     0    2000    (-,-) 
  genblk1_11_.greater_than_inst/g17/Y          -       A->Y  R     INVx1_ASAP7_75t_R         2  1.1    11     7    2007    (-,-) 
  genblk1_11_.greater_than_inst/g16__6783/Y    -       B->Y  F     NOR2xp33_ASAP7_75t_R      1  0.6    17    14    2020    (-,-) 
  genblk1_11_.greater_than_inst/sr/g25__5526/Y -       B->Y  R     NOR2xp33_ASAP7_75t_R      1  0.6    22    17    2037    (-,-) 
  genblk1_11_.greater_than_inst/sr/g24__8428/Y -       B->Y  F     NOR2xp33_ASAP7_75t_R      2  1.1    28    22    2059    (-,-) 
  genblk1_11_.greater_than_inst/g18__3680/Y    -       B->Y  R     NOR2xp33_ASAP7_75t_R      1  0.8    29    22    2082    (-,-) 
  g36__5477/Y                                  -       A->Y  R     AND2x2_ASAP7_75t_R        1 15.3    71    54    2136    (-,-) 
  y[11]                                        -       -     R     (port)                    -    -     -     1    2137    (-,-) 
#--------------------------------------------------------------------------------------------------------------------------------



Path 13: MET (5463 ps) Late External Delay Assertion at pin y[12]
          Group: aclk
     Startpoint: (F) inputs[12]
          Clock: (R) aclk
       Endpoint: (R) y[12]
          Clock: (R) aclk

                     Capture       Launch     
        Clock Edge:+   10000            0     
        Drv Adjust:+       0            0     
       Src Latency:+       0            0     
       Net Latency:+       0 (I)        0 (I) 
           Arrival:=   10000            0     
                                              
      Output Delay:-    2000                  
       Uncertainty:-     400                  
     Required Time:=    7600                  
      Launch Clock:-       0                  
       Input Delay:-    2000                  
         Data Path:-     137                  
             Slack:=    5463                  

Exceptions/Constraints:
  input_delay              2000            chip.sdc_line_7_4_1  
  output_delay             2000            chip.sdc_line_8_20_1 

#--------------------------------------------------------------------------------------------------------------------------------
#                Timing Point                  Flags   Arc   Edge         Cell          Fanout Load Trans Delay Arrival Instance 
#                                                                                              (fF)  (ps)  (ps)   (ps)  Location 
#--------------------------------------------------------------------------------------------------------------------------------
  inputs[12]                                   -       -     F     (arrival)                 3  2.1     0     0    2000    (-,-) 
  genblk1_12_.greater_than_inst/g17/Y          -       A->Y  R     INVx1_ASAP7_75t_R         2  1.1    11     7    2007    (-,-) 
  genblk1_12_.greater_than_inst/g16__6131/Y    -       B->Y  F     NOR2xp33_ASAP7_75t_R      1  0.6    17    14    2020    (-,-) 
  genblk1_12_.greater_than_inst/sr/g25__7098/Y -       B->Y  R     NOR2xp33_ASAP7_75t_R      1  0.6    22    17    2037    (-,-) 
  genblk1_12_.greater_than_inst/sr/g24__8246/Y -       B->Y  F     NOR2xp33_ASAP7_75t_R      2  1.1    28    22    2059    (-,-) 
  genblk1_12_.greater_than_inst/g18__1881/Y    -       B->Y  R     NOR2xp33_ASAP7_75t_R      1  0.8    29    22    2082    (-,-) 
  g37__2398/Y                                  -       A->Y  R     AND2x2_ASAP7_75t_R        1 15.3    71    54    2136    (-,-) 
  y[12]                                        -       -     R     (port)                    -    -     -     1    2137    (-,-) 
#--------------------------------------------------------------------------------------------------------------------------------



Path 14: MET (5463 ps) Late External Delay Assertion at pin y[13]
          Group: aclk
     Startpoint: (F) inputs[13]
          Clock: (R) aclk
       Endpoint: (R) y[13]
          Clock: (R) aclk

                     Capture       Launch     
        Clock Edge:+   10000            0     
        Drv Adjust:+       0            0     
       Src Latency:+       0            0     
       Net Latency:+       0 (I)        0 (I) 
           Arrival:=   10000            0     
                                              
      Output Delay:-    2000                  
       Uncertainty:-     400                  
     Required Time:=    7600                  
      Launch Clock:-       0                  
       Input Delay:-    2000                  
         Data Path:-     137                  
             Slack:=    5463                  

Exceptions/Constraints:
  input_delay              2000            chip.sdc_line_7_3_1  
  output_delay             2000            chip.sdc_line_8_19_1 

#--------------------------------------------------------------------------------------------------------------------------------
#                Timing Point                  Flags   Arc   Edge         Cell          Fanout Load Trans Delay Arrival Instance 
#                                                                                              (fF)  (ps)  (ps)   (ps)  Location 
#--------------------------------------------------------------------------------------------------------------------------------
  inputs[13]                                   -       -     F     (arrival)                 3  2.1     0     0    2000    (-,-) 
  genblk1_13_.greater_than_inst/g17/Y          -       A->Y  R     INVx1_ASAP7_75t_R         2  1.1    11     7    2007    (-,-) 
  genblk1_13_.greater_than_inst/g16__2883/Y    -       B->Y  F     NOR2xp33_ASAP7_75t_R      1  0.6    17    14    2020    (-,-) 
  genblk1_13_.greater_than_inst/sr/g25__9945/Y -       B->Y  R     NOR2xp33_ASAP7_75t_R      1  0.6    22    17    2037    (-,-) 
  genblk1_13_.greater_than_inst/sr/g24__9315/Y -       B->Y  F     NOR2xp33_ASAP7_75t_R      2  1.1    28    22    2059    (-,-) 
  genblk1_13_.greater_than_inst/g18__2346/Y    -       B->Y  R     NOR2xp33_ASAP7_75t_R      1  0.8    29    22    2082    (-,-) 
  g38__5107/Y                                  -       A->Y  R     AND2x2_ASAP7_75t_R        1 15.3    71    54    2136    (-,-) 
  y[13]                                        -       -     R     (port)                    -    -     -     1    2137    (-,-) 
#--------------------------------------------------------------------------------------------------------------------------------



Path 15: MET (5463 ps) Late External Delay Assertion at pin y[14]
          Group: aclk
     Startpoint: (F) inputs[14]
          Clock: (R) aclk
       Endpoint: (R) y[14]
          Clock: (R) aclk

                     Capture       Launch     
        Clock Edge:+   10000            0     
        Drv Adjust:+       0            0     
       Src Latency:+       0            0     
       Net Latency:+       0 (I)        0 (I) 
           Arrival:=   10000            0     
                                              
      Output Delay:-    2000                  
       Uncertainty:-     400                  
     Required Time:=    7600                  
      Launch Clock:-       0                  
       Input Delay:-    2000                  
         Data Path:-     137                  
             Slack:=    5463                  

Exceptions/Constraints:
  input_delay              2000            chip.sdc_line_7_2_1  
  output_delay             2000            chip.sdc_line_8_18_1 

#--------------------------------------------------------------------------------------------------------------------------------
#                Timing Point                  Flags   Arc   Edge         Cell          Fanout Load Trans Delay Arrival Instance 
#                                                                                              (fF)  (ps)  (ps)   (ps)  Location 
#--------------------------------------------------------------------------------------------------------------------------------
  inputs[14]                                   -       -     F     (arrival)                 3  2.1     0     0    2000    (-,-) 
  genblk1_14_.greater_than_inst/g17/Y          -       A->Y  R     INVx1_ASAP7_75t_R         2  1.1    11     7    2007    (-,-) 
  genblk1_14_.greater_than_inst/g16__6260/Y    -       B->Y  F     NOR2xp33_ASAP7_75t_R      1  0.6    17    14    2020    (-,-) 
  genblk1_14_.greater_than_inst/sr/g25__5107/Y -       B->Y  R     NOR2xp33_ASAP7_75t_R      1  0.6    22    17    2037    (-,-) 
  genblk1_14_.greater_than_inst/sr/g24__2398/Y -       B->Y  F     NOR2xp33_ASAP7_75t_R      2  1.1    28    22    2059    (-,-) 
  genblk1_14_.greater_than_inst/g18__4319/Y    -       B->Y  R     NOR2xp33_ASAP7_75t_R      1  0.8    29    22    2082    (-,-) 
  g39__6260/Y                                  -       A->Y  R     AND2x2_ASAP7_75t_R        1 15.3    71    54    2136    (-,-) 
  y[14]                                        -       -     R     (port)                    -    -     -     1    2137    (-,-) 
#--------------------------------------------------------------------------------------------------------------------------------



Path 16: MET (5463 ps) Late External Delay Assertion at pin y[15]
          Group: aclk
     Startpoint: (F) inputs[15]
          Clock: (R) aclk
       Endpoint: (R) y[15]
          Clock: (R) aclk

                     Capture       Launch     
        Clock Edge:+   10000            0     
        Drv Adjust:+       0            0     
       Src Latency:+       0            0     
       Net Latency:+       0 (I)        0 (I) 
           Arrival:=   10000            0     
                                              
      Output Delay:-    2000                  
       Uncertainty:-     400                  
     Required Time:=    7600                  
      Launch Clock:-       0                  
       Input Delay:-    2000                  
         Data Path:-     137                  
             Slack:=    5463                  

Exceptions/Constraints:
  input_delay              2000            chip.sdc_line_7_1_1 
  output_delay             2000            chip.sdc_line_8     

#--------------------------------------------------------------------------------------------------------------------------------
#                Timing Point                  Flags   Arc   Edge         Cell          Fanout Load Trans Delay Arrival Instance 
#                                                                                              (fF)  (ps)  (ps)   (ps)  Location 
#--------------------------------------------------------------------------------------------------------------------------------
  inputs[15]                                   -       -     F     (arrival)                 3  2.1     0     0    2000    (-,-) 
  genblk1_15_.greater_than_inst/g17/Y          -       A->Y  R     INVx1_ASAP7_75t_R         2  1.1    11     7    2007    (-,-) 
  genblk1_15_.greater_than_inst/g16__1705/Y    -       B->Y  F     NOR2xp33_ASAP7_75t_R      1  0.6    17    14    2020    (-,-) 
  genblk1_15_.greater_than_inst/sr/g25__2802/Y -       B->Y  R     NOR2xp33_ASAP7_75t_R      1  0.6    22    17    2037    (-,-) 
  genblk1_15_.greater_than_inst/sr/g24__1617/Y -       B->Y  F     NOR2xp33_ASAP7_75t_R      2  1.1    28    22    2059    (-,-) 
  genblk1_15_.greater_than_inst/g18__5122/Y    -       B->Y  R     NOR2xp33_ASAP7_75t_R      1  0.8    29    22    2082    (-,-) 
  g40__4319/Y                                  -       A->Y  R     AND2x2_ASAP7_75t_R        1 15.3    71    54    2136    (-,-) 
  y[15]                                        -       -     R     (port)                    -    -     -     1    2137    (-,-) 
#--------------------------------------------------------------------------------------------------------------------------------

