

Working Directory = /afs/ece.cmu.edu/usr/acli/Private/18743/SYNTH/kwta
QoS Summary for kwta
================================================================================
Metric                          final          
================================================================================
Slack (ps):                       620
  R2R (ps):                     2,402
  I2R (ps):                     1,612
  R2O (ps):                     1,411
  I2O (ps):                       620
  CG  (ps):                  no_value
TNS (ps):                           0
  R2R (ps):                         0
  I2R (ps):                         0
  R2O (ps):                         0
  I2O (ps):                         0
  CG  (ps):                  no_value
Failing Paths:                      0
Cell Area:                        311
Total Cell Area:                  311
Leaf Instances:                   174
Total Instances:                  174
Utilization (%):                 0.00
Tot. Net Length (um):        no_value
Avg. Net Length (um):        no_value
Route Overflow H (%):        no_value
Route Overflow V (%):        no_value
MBCI(%) (bits/gate) :            0.00
Norm Cong Hotspot Area:
  Max Cong:                  no_value
  Tot Cong:                  no_value
================================================================================
CPU  Runtime (h:m:s):        00:00:27
Real Runtime (h:m:s):        00:00:11
CPU  Elapsed (h:m:s):        00:00:31
Real Elapsed (h:m:s):        00:00:12
Memory (MB):                   833.89
================================================================================
================================================================================
Flow Settings:
================================================================================
Total Runtime (h:m:s): 00:00:13
Total Memory (MB):     833.89
Executable Version:    18.14-s037_1
================================================================================
Total Cell Area =  Cell Area + Physical Cell Area
Total Instances =  Leaf Instances + Physical Instances


