============================================================
  Generated by:           Genus(TM) Synthesis Solution 20.11-s111_1
  Generated on:           Apr 25 2022  04:07:21 am
  Module:                 mux_t_be_t_N
  Operating conditions:   PVT_0P7V_25C 
  Interconnect mode:      global
  Area mode:              physical library
============================================================

Timing
--------

Clock  Period 
--------------
aclk  10000.0 


  Cost    Critical         Violating 
 Group   Path Slack  TNS     Paths   
-------------------------------------
aclk         5387.8   0.0          0 
default    No paths   0.0            
-------------------------------------
Total                 0.0          0 

Instance Count
--------------
Leaf Instance Count             543 
Physical Instance count           0 
Sequential Instance Count        70 
Combinational Instance Count    473 
Hierarchical Instance Count     129 

Area
----
Cell Area                          934.753
Physical Cell Area                 0.000
Total Cell Area (Cell+Physical)    934.753
Net Area                           388.379
Total Area (Cell+Physical+Net)     1323.132

Runtime                            0.0 seconds
Elapsed Runtime                    27 seconds
Genus peak memory usage            1170.06 
Innovus peak memory usage          no_value 
Hostname                           ECE010.ece.local.cmu.edu
