

Working Directory = /afs/andrew.cmu.edu/usr4/kbhat2/private/18-743/project/SYNTH/mux_t_be_t_N_seq_rising_64
QoS Summary for mux_t_be_t_N
================================================================================
Metric                          final          
================================================================================
Slack (ps):                     5,388
  R2R (ps):                     9,378
  I2R (ps):                     7,434
  R2O (ps):                     7,068
  I2O (ps):                     5,388
  CG  (ps):                  no_value
TNS (ps):                           0
  R2R (ps):                         0
  I2R (ps):                         0
  R2O (ps):                         0
  I2O (ps):                         0
  CG  (ps):                  no_value
Failing Paths:                      0
Cell Area:                        935
Total Cell Area:                  935
Leaf Instances:                   543
Total Instances:                  543
Utilization (%):                 0.00
Tot. Net Length (um):        no_value
Avg. Net Length (um):        no_value
Route Overflow H (%):        no_value
Route Overflow V (%):        no_value
MBCI(%) (bits/gate) :            0.00
Norm Cong Hotspot Area:
  Max Cong:                  no_value
  Tot Cong:                  no_value
================================================================================
CPU  Runtime (h:m:s):        00:00:38
Real Runtime (h:m:s):        00:00:21
CPU  Elapsed (h:m:s):        00:00:43
Real Elapsed (h:m:s):        00:00:23
Memory (MB):                  1162.06
================================================================================
================================================================================
Flow Settings:
================================================================================
Total Runtime (h:m:s): 00:00:22
Total Memory (MB):     1170.06
Executable Version:    20.11-s111_1
================================================================================
Total Cell Area =  Cell Area + Physical Cell Area
Total Instances =  Leaf Instances + Physical Instances


