============================================================
  Generated by:           Genus(TM) Synthesis Solution 20.11-s111_1
  Generated on:           Apr 25 2022  04:07:21 am
  Module:                 mux_t_be_t_N
  Operating conditions:   PVT_0P7V_25C 
  Interconnect mode:      global
  Area mode:              physical library
============================================================

                                               Leakage  
          Gate            Instances   Area   Power (nW)                 Library                 
------------------------------------------------------------------------------------------------
AO21x1_ASAP7_75t_R                1    1.400      0.143    asap7sc7p5t_AO_RVT_TT_ccs_201020     
AOI211xp5_ASAP7_75t_R             1    1.400      0.058    asap7sc7p5t_AO_RVT_TT_ccs_201020     
AOI21xp5_ASAP7_75t_R              1    1.166      0.063    asap7sc7p5t_AO_RVT_TT_ccs_201020     
ASYNC_DFFHx1_ASAP7_75t_R         70  424.570     21.354    asap7sc7p5t_SEQ_RVT_TT_ccs_201020    
BUFx4f_ASAP7_75t_R                1    1.866      0.276    asap7sc7p5t_INVBUF_RVT_TT_ccs_201020 
HAxp5_ASAP7_75t_R                 3    6.299      0.412    asap7sc7p5t_SIMPLE_RVT_TT_ccs_201020 
HB1xp67_ASAP7_75t_R              64   59.720      3.315    asap7sc7p5t_INVBUF_RVT_TT_ccs_201020 
INVx1_ASAP7_75t_R               133   93.079      6.731    asap7sc7p5t_INVBUF_RVT_TT_ccs_201020 
INVxp67_ASAP7_75t_R               3    2.100      0.101    asap7sc7p5t_INVBUF_RVT_TT_ccs_201020 
MAJIxp5_ASAP7_75t_R               1    1.633      0.092    asap7sc7p5t_SIMPLE_RVT_TT_ccs_201020 
NAND2xp5_ASAP7_75t_R              2    1.866      0.100    asap7sc7p5t_SIMPLE_RVT_TT_ccs_201020 
NAND3xp33_ASAP7_75t_R             1    1.166      0.057    asap7sc7p5t_SIMPLE_RVT_TT_ccs_201020 
NOR2xp33_ASAP7_75t_R            128  119.439      3.699    asap7sc7p5t_SIMPLE_RVT_TT_ccs_201020 
NOR3xp33_ASAP7_75t_R             65   75.816      2.001    asap7sc7p5t_SIMPLE_RVT_TT_ccs_201020 
OAI21xp5_ASAP7_75t_R              1    1.166      0.072    asap7sc7p5t_OA_RVT_TT_ccs_201020     
OR2x2_ASAP7_75t_R                 1    1.400      0.150    asap7sc7p5t_SIMPLE_RVT_TT_ccs_201020 
XNOR2xp5_ASAP7_75t_R              1    2.100      0.137    asap7sc7p5t_SIMPLE_RVT_TT_ccs_201020 
XOR2xp5_ASAP7_75t_R              66  138.568      8.735    asap7sc7p5t_SIMPLE_RVT_TT_ccs_201020 
------------------------------------------------------------------------------------------------
total                           543  934.753     47.497                                         


                                                                     Leakage  Leakage 
               Library               Instances Instances %   Area  Power (nW) Power % 
--------------------------------------------------------------------------------------
asap7sc7p5t_AO_RVT_TT_ccs_201020             3         0.6   3.966      0.264     0.6 
asap7sc7p5t_INVBUF_RVT_TT_ccs_201020       201        37.0 156.764     10.423    21.9 
asap7sc7p5t_OA_RVT_TT_ccs_201020             1         0.2   1.166      0.072     0.2 
asap7sc7p5t_SEQ_RVT_TT_ccs_201020           70        12.9 424.570     21.354    45.0 
asap7sc7p5t_SIMPLE_RVT_TT_ccs_201020       268        49.4 348.287     15.383    32.4 

                                          Leakage  Leakage 
     Type      Instances   Area  Area % Power (nW) Power % 
-----------------------------------------------------------
sequential            70 424.570   45.4     21.354    45.0 
inverter             136  95.178   10.2      6.832    14.4 
buffer                65  61.586    6.6      3.591     7.6 
logic                272 353.419   37.8     15.720    33.1 
physical_cells         0   0.000    0.0      0.000     0.0 
-----------------------------------------------------------
total                543 934.753  100.0     47.497   100.0 

