============================================================
  Generated by:           Genus(TM) Synthesis Solution 18.14-s037_1
  Generated on:           Apr 04 2022  02:19:43 pm
  Module:                 wrapper
  Operating conditions:   PVT_0P7V_25C 
  Interconnect mode:      global
  Area mode:              physical library
============================================================

Timing
--------

Clock  Period 
--------------
aclk  50000.0 


  Cost    Critical         Violating 
 Group   Path Slack  TNS     Paths   
-------------------------------------
aclk       No paths   0.0            
default    No paths   0.0            
-------------------------------------
Total                 0.0          0 

Instance Count
--------------
Leaf Instance Count             426 
Physical Instance count           0 
Sequential Instance Count        64 
Combinational Instance Count    362 
Hierarchical Instance Count      66 

Area
----
Cell Area                          768.191
Physical Cell Area                 0.000
Total Cell Area (Cell+Physical)    768.191
Net Area                           344.667
Total Area (Cell+Physical+Net)     1112.858

Runtime                            0.0 seconds
Elapsed Runtime                    15 seconds
Genus peak memory usage            834.50 
Innovus peak memory usage          no_value 
Hostname                           ECE014.ECE.LOCAL.CMU.EDU
