============================================================
  Generated by:           Genus(TM) Synthesis Solution 18.14-s037_1
  Generated on:           Apr 04 2022  02:19:43 pm
  Module:                 wrapper
  Operating conditions:   PVT_0P7V_25C 
  Interconnect mode:      global
  Area mode:              physical library
============================================================

                                               Leakage  
          Gate            Instances   Area   Power (nW)                 Library                 
------------------------------------------------------------------------------------------------
AND2x2_ASAP7_75t_R               87  121.772     12.782    asap7sc7p5t_SIMPLE_RVT_TT_ccs_201020 
ASYNC_DFFHx1_ASAP7_75t_R         64  388.178     19.034    asap7sc7p5t_SEQ_RVT_TT_ccs_201020    
HB1xp67_ASAP7_75t_R               2    1.866      0.102    asap7sc7p5t_INVBUF_RVT_TT_ccs_201020 
INVx1_ASAP7_75t_R                96   67.185      5.110    asap7sc7p5t_INVBUF_RVT_TT_ccs_201020 
INVxp67_ASAP7_75t_R               9    6.299      0.307    asap7sc7p5t_INVBUF_RVT_TT_ccs_201020 
NAND2xp33_ASAP7_75t_R            30   27.994      0.817    asap7sc7p5t_SIMPLE_RVT_TT_ccs_201020 
NOR2x1_ASAP7_75t_R               39   54.588      2.522    asap7sc7p5t_SIMPLE_RVT_TT_ccs_201020 
NOR2xp33_ASAP7_75t_R             67   62.519      1.828    asap7sc7p5t_SIMPLE_RVT_TT_ccs_201020 
NOR3xp33_ASAP7_75t_R             30   34.992      0.732    asap7sc7p5t_SIMPLE_RVT_TT_ccs_201020 
OR3x1_ASAP7_75t_R                 2    2.799      0.155    asap7sc7p5t_SIMPLE_RVT_TT_ccs_201020 
------------------------------------------------------------------------------------------------
total                           426  768.191     43.389                                         


                                                                     Leakage  Leakage 
               Library               Instances Instances %   Area  Power (nW) Power % 
--------------------------------------------------------------------------------------
asap7sc7p5t_INVBUF_RVT_TT_ccs_201020       107        25.1  75.349      5.519    12.7 
asap7sc7p5t_SEQ_RVT_TT_ccs_201020           64        15.0 388.178     19.034    43.9 
asap7sc7p5t_SIMPLE_RVT_TT_ccs_201020       255        59.9 304.664     18.836    43.4 

                                          Leakage  Leakage 
     Type      Instances   Area  Area % Power (nW) Power % 
-----------------------------------------------------------
sequential            64 388.178   50.5     19.034    43.9 
inverter             105  73.483    9.6      5.417    12.5 
buffer                 2   1.866    0.2      0.102     0.2 
logic_abstract        64   0.000    0.0      0.000     0.0 
logic                255 304.664   39.7     18.836    43.4 
physical_cells         0   0.000    0.0      0.000     0.0 
-----------------------------------------------------------
total                490 768.191  100.0     43.389   100.0 

