============================================================
  Generated by:           Genus(TM) Synthesis Solution 18.14-s037_1
  Generated on:           Apr 04 2022  02:19:43 pm
  Module:                 wrapper
  Operating conditions:   PVT_0P7V_25C 
  Interconnect mode:      global
  Area mode:              physical library
============================================================


Path 1: UNCONSTRAINED Late External Delay Assertion at pin output_spikes[63]
     Startpoint: (F) DUT/genblk1_2_.Lteq/q
       Endpoint: (R) output_spikes[63]
          Clock: (R) -

                                     
   Output Delay:-    2000            
      Data Path:-    1664            

Exceptions/Constraints:
  output_delay             2000            chip.sdc_line_14 

#----------------------------------------------------------------------------------------------------------
#     Timing Point      Flags   Arc   Edge         Cell           Fanout Load Trans Delay Arrival Instance 
#                                                                        (fF)  (ps)  (ps)   (ps)  Location 
#----------------------------------------------------------------------------------------------------------
  DUT/genblk1_2_.Lteq/q -       -     F     (arrival)                  2  1.6     0     0       0    (-,-) 
  DUT/g2964__8757/Y     -       C->Y  R     NOR3xp33_ASAP7_75t_R       3  2.0    61    32      32    (-,-) 
  DUT/g2963/Y           -       A->Y  F     INVx1_ASAP7_75t_R          1  0.8    18    16      48    (-,-) 
  DUT/g2959__2900/Y     -       A->Y  R     NOR3xp33_ASAP7_75t_R       3  2.0    61    36      84    (-,-) 
  DUT/g2958/Y           -       A->Y  F     INVx1_ASAP7_75t_R          1  0.8    18    16     100    (-,-) 
  DUT/g2954__9682/Y     -       A->Y  R     NOR3xp33_ASAP7_75t_R       2  1.4    46    29     129    (-,-) 
  DUT/g2953/Y           -       A->Y  F     INVx1_ASAP7_75t_R          2  2.0    24    22     150    (-,-) 
  DUT/g2949__4296/Y     -       A->Y  R     NOR3xp33_ASAP7_75t_R       2  1.4    47    30     180    (-,-) 
  DUT/g2948/Y           -       A->Y  F     INVx1_ASAP7_75t_R          2  2.0    24    22     202    (-,-) 
  DUT/g2944__5019/Y     -       A->Y  R     NOR3xp33_ASAP7_75t_R       3  2.0    62    37     239    (-,-) 
  DUT/g2943/Y           -       A->Y  F     INVx1_ASAP7_75t_R          1  0.8    18    16     256    (-,-) 
  DUT/g2939__2703/Y     -       A->Y  R     NOR3xp33_ASAP7_75t_R       2  1.4    46    29     284    (-,-) 
  DUT/g2938/Y           -       A->Y  F     INVx1_ASAP7_75t_R          2  2.0    24    22     306    (-,-) 
  DUT/g2934__7114/Y     -       A->Y  R     NOR3xp33_ASAP7_75t_R       3  2.0    62    37     343    (-,-) 
  DUT/g2933/Y           -       A->Y  F     INVx1_ASAP7_75t_R          1  0.8    18    16     359    (-,-) 
  DUT/g2929__8757/Y     -       A->Y  R     NOR3xp33_ASAP7_75t_R       3  2.0    61    36     395    (-,-) 
  DUT/g2928/Y           -       A->Y  F     INVx1_ASAP7_75t_R          1  0.8    18    16     411    (-,-) 
  DUT/g2924__2900/Y     -       A->Y  R     NOR3xp33_ASAP7_75t_R       2  1.4    46    29     439    (-,-) 
  DUT/g2923/Y           -       A->Y  F     INVx1_ASAP7_75t_R          2  2.0    24    22     461    (-,-) 
  DUT/g2919__9682/Y     -       A->Y  R     NOR3xp33_ASAP7_75t_R       3  2.0    62    37     498    (-,-) 
  DUT/g2918/Y           -       A->Y  F     INVx1_ASAP7_75t_R          1  0.8    18    16     514    (-,-) 
  DUT/g2914__4296/Y     -       A->Y  R     NOR3xp33_ASAP7_75t_R       3  2.0    61    36     550    (-,-) 
  DUT/g2913/Y           -       A->Y  F     INVx1_ASAP7_75t_R          1  0.8    18    16     566    (-,-) 
  DUT/g2909__5019/Y     -       A->Y  R     NOR3xp33_ASAP7_75t_R       2  1.4    46    29     594    (-,-) 
  DUT/g2908/Y           -       A->Y  F     INVx1_ASAP7_75t_R          2  2.0    24    22     616    (-,-) 
  DUT/g2904__2703/Y     -       A->Y  R     NOR3xp33_ASAP7_75t_R       3  2.0    62    37     653    (-,-) 
  DUT/g2903/Y           -       A->Y  F     INVx1_ASAP7_75t_R          1  0.8    18    16     669    (-,-) 
  DUT/g2899__7114/Y     -       A->Y  R     NOR3xp33_ASAP7_75t_R       3  2.0    61    36     705    (-,-) 
  DUT/g2898/Y           -       A->Y  F     INVx1_ASAP7_75t_R          1  0.8    18    16     721    (-,-) 
  DUT/g2894__8757/Y     -       A->Y  R     NOR3xp33_ASAP7_75t_R       3  2.0    61    36     756    (-,-) 
  DUT/g2893/Y           -       A->Y  F     INVx1_ASAP7_75t_R          1  0.8    18    16     772    (-,-) 
  DUT/g2889__2900/Y     -       A->Y  R     NOR3xp33_ASAP7_75t_R       2  1.4    46    29     801    (-,-) 
  DUT/g2888/Y           -       A->Y  F     INVx1_ASAP7_75t_R          2  2.0    24    22     823    (-,-) 
  DUT/g2884__9682/Y     -       A->Y  R     NOR3xp33_ASAP7_75t_R       3  2.0    62    37     860    (-,-) 
  DUT/g2883/Y           -       A->Y  F     INVx1_ASAP7_75t_R          1  0.8    18    16     876    (-,-) 
  DUT/g2879__4296/Y     -       A->Y  R     NOR3xp33_ASAP7_75t_R       3  2.0    61    36     912    (-,-) 
  DUT/g2878/Y           -       A->Y  F     INVx1_ASAP7_75t_R          1  0.8    18    16     928    (-,-) 
  DUT/g2874__5019/Y     -       A->Y  R     NOR3xp33_ASAP7_75t_R       3  2.0    61    36     963    (-,-) 
  DUT/g2873/Y           -       A->Y  F     INVx1_ASAP7_75t_R          1  0.8    18    16     979    (-,-) 
  DUT/g2869__2703/Y     -       A->Y  R     NOR3xp33_ASAP7_75t_R       3  2.0    61    36    1015    (-,-) 
  DUT/g2868/Y           -       A->Y  F     INVx1_ASAP7_75t_R          1  0.8    18    16    1031    (-,-) 
  DUT/g2864__7114/Y     -       A->Y  R     NOR3xp33_ASAP7_75t_R       3  2.0    61    36    1066    (-,-) 
  DUT/g2863/Y           -       A->Y  F     INVx1_ASAP7_75t_R          1  0.8    18    16    1082    (-,-) 
  DUT/g2859__8757/Y     -       A->Y  R     NOR3xp33_ASAP7_75t_R       3  2.0    61    36    1118    (-,-) 
  DUT/g2858/Y           -       A->Y  F     INVx1_ASAP7_75t_R          1  0.8    18    16    1134    (-,-) 
  DUT/g2854__2900/Y     -       A->Y  R     NOR3xp33_ASAP7_75t_R       3  2.0    61    36    1170    (-,-) 
  DUT/g2853/Y           -       A->Y  F     INVx1_ASAP7_75t_R          1  0.8    18    16    1186    (-,-) 
  DUT/g2849__9682/Y     -       A->Y  R     NOR3xp33_ASAP7_75t_R       3  2.0    61    36    1221    (-,-) 
  DUT/g2848/Y           -       A->Y  F     INVx1_ASAP7_75t_R          1  0.8    18    16    1237    (-,-) 
  DUT/g2844__4296/Y     -       A->Y  R     NOR3xp33_ASAP7_75t_R       3  2.0    61    36    1273    (-,-) 
  DUT/g2843/Y           -       A->Y  F     INVx1_ASAP7_75t_R          1  0.8    18    16    1289    (-,-) 
  DUT/g2839__5019/Y     -       A->Y  R     NOR3xp33_ASAP7_75t_R       3  2.0    61    36    1324    (-,-) 
  DUT/g2838/Y           -       A->Y  F     INVx1_ASAP7_75t_R          1  0.8    18    16    1340    (-,-) 
  DUT/g2834__2703/Y     -       A->Y  R     NOR3xp33_ASAP7_75t_R       3  2.0    61    36    1376    (-,-) 
  DUT/g2833/Y           -       A->Y  F     INVx1_ASAP7_75t_R          1  0.9    19    17    1393    (-,-) 
  DUT/g2829__7114/Y     -       A->Y  F     OR3x1_ASAP7_75t_R          2  1.8    19    34    1427    (-,-) 
  DUT/g2826__1786/Y     -       B->Y  R     NOR2xp33_ASAP7_75t_R       3  2.0    56    34    1461    (-,-) 
  DUT/g2825/Y           -       A->Y  F     INVx1_ASAP7_75t_R          1  0.8    18    16    1476    (-,-) 
  DUT/g2822__7675/Y     -       A->Y  R     NOR3xp33_ASAP7_75t_R       3  2.0    61    35    1512    (-,-) 
  DUT/g2821/Y           -       A->Y  F     INVx1_ASAP7_75t_R          1  0.8    18    16    1528    (-,-) 
  DUT/g2819__2900/Y     -       A->Y  R     NOR3xp33_ASAP7_75t_R       2  1.4    46    29    1556    (-,-) 
  DUT/g2814__9682/Y     -       B->Y  F     NAND2xp33_ASAP7_75t_R      1  1.3    35    28    1585    (-,-) 
  DUT/g2811__3772/Y     -       B->Y  R     NOR2x1_ASAP7_75t_R         2 16.1   141    78    1663    (-,-) 
  output_spikes[63]     -       -     R     (port)                     -    -     -     0    1664    (-,-) 
#----------------------------------------------------------------------------------------------------------

