============================================================
  Generated by:           Genus(TM) Synthesis Solution 18.14-s037_1
  Generated on:           Apr 04 2022  02:19:44 pm
  Module:                 wrapper
  Operating conditions:   PVT_0P7V_25C 
  Interconnect mode:      global
  Area mode:              physical library
============================================================

                             Leakage   Dynamic    Total   
      Instance        Cells Power(nW) Power(nW) Power(nW) 
----------------------------------------------------------
wrapper                 426    43.389  4346.530  4389.919 
  DUT                   169     9.558  1137.115  1146.674 
    Inhibit_sr            3     0.107    61.839    61.946 
    genblk1_0_.Lteq       0     0.000    94.427    94.427 
    genblk1_1_.Lteq       0     0.000    10.208    10.208 
    genblk1_2_.Lteq       0     0.000     8.167     8.167 
    genblk1_3_.Lteq       0     0.000    13.271    13.271 
    genblk1_4_.Lteq       0     0.000     6.635     6.635 
    genblk1_5_.Lteq       0     0.000    13.271    13.271 
    genblk1_6_.Lteq       0     0.000     6.635     6.635 
    genblk1_7_.Lteq       0     0.000    12.760    12.760 
    genblk1_8_.Lteq       0     0.000     6.635     6.635 
    genblk1_9_.Lteq       0     0.000    12.760    12.760 
    genblk1_10_.Lteq      0     0.000     6.635     6.635 
    genblk1_11_.Lteq      0     0.000    13.271    13.271 
    genblk1_12_.Lteq      0     0.000     6.635     6.635 
    genblk1_13_.Lteq      0     0.000    12.760    12.760 
    genblk1_14_.Lteq      0     0.000     6.635     6.635 
    genblk1_15_.Lteq      0     0.000    13.271    13.271 
    genblk1_16_.Lteq      0     0.000     6.635     6.635 
    genblk1_17_.Lteq      0     0.000    13.271    13.271 
    genblk1_18_.Lteq      0     0.000     6.635     6.635 
    genblk1_19_.Lteq      0     0.000    12.760    12.760 
    genblk1_20_.Lteq      0     0.000     6.635     6.635 
    genblk1_21_.Lteq      0     0.000    13.271    13.271 
    genblk1_22_.Lteq      0     0.000     6.635     6.635 
    genblk1_23_.Lteq      0     0.000    13.271    13.271 
    genblk1_24_.Lteq      0     0.000     6.635     6.635 
    genblk1_25_.Lteq      0     0.000    12.760    12.760 
    genblk1_26_.Lteq      0     0.000     6.635     6.635 
    genblk1_27_.Lteq      0     0.000    13.271    13.271 
    genblk1_28_.Lteq      0     0.000     6.635     6.635 
    genblk1_29_.Lteq      0     0.000    13.271    13.271 
    genblk1_30_.Lteq      0     0.000     6.635     6.635 
    genblk1_31_.Lteq      0     0.000    13.271    13.271 
    genblk1_32_.Lteq      0     0.000     6.635     6.635 
    genblk1_33_.Lteq      0     0.000    12.760    12.760 
    genblk1_34_.Lteq      0     0.000     6.635     6.635 
    genblk1_35_.Lteq      0     0.000    13.271    13.271 
    genblk1_36_.Lteq      0     0.000     6.635     6.635 
    genblk1_37_.Lteq      0     0.000    13.271    13.271 
    genblk1_38_.Lteq      0     0.000     6.635     6.635 
    genblk1_39_.Lteq      0     0.000    13.271    13.271 
    genblk1_40_.Lteq      0     0.000     6.635     6.635 
    genblk1_41_.Lteq      0     0.000    13.271    13.271 
    genblk1_42_.Lteq      0     0.000     6.635     6.635 
    genblk1_43_.Lteq      0     0.000    13.271    13.271 
    genblk1_44_.Lteq      0     0.000     6.635     6.635 
    genblk1_45_.Lteq      0     0.000    13.271    13.271 
    genblk1_46_.Lteq      0     0.000     6.635     6.635 
    genblk1_47_.Lteq      0     0.000    13.271    13.271 
    genblk1_48_.Lteq      0     0.000     6.635     6.635 
    genblk1_49_.Lteq      0     0.000    13.271    13.271 
    genblk1_50_.Lteq      0     0.000     6.635     6.635 
    genblk1_51_.Lteq      0     0.000    13.271    13.271 
    genblk1_52_.Lteq      0     0.000     6.635     6.635 
    genblk1_53_.Lteq      0     0.000    13.271    13.271 
    genblk1_54_.Lteq      0     0.000     6.635     6.635 
    genblk1_55_.Lteq      0     0.000    13.271    13.271 
    genblk1_56_.Lteq      0     0.000     7.146     7.146 
    genblk1_57_.Lteq      0     0.000     6.125     6.125 
    genblk1_58_.Lteq      0     0.000    11.612    11.612 
    genblk1_59_.Lteq      0     0.000     6.635     6.635 
    genblk1_60_.Lteq      0     0.000    13.271    13.271 
    genblk1_61_.Lteq      0     0.000     6.635     6.635 
    genblk1_62_.Lteq      0     0.000    13.271    13.271 
    genblk1_63_.Lteq      0     0.000     7.146     7.146 

