============================================================
  Generated by:           Genus(TM) Synthesis Solution 18.14-s037_1
  Generated on:           Apr 03 2022  05:53:19 pm
  Module:                 wta_1
  Operating conditions:   PVT_0P7V_25C 
  Interconnect mode:      global
  Area mode:              physical library
============================================================

                           Leakage   Dynamic    Total   
     Instance       Cells Power(nW) Power(nW) Power(nW) 
--------------------------------------------------------
wta_1                  38     1.890   240.038   241.928 
  genblk1_0_.Lteq       0     0.000    39.302    39.302 
  genblk1_1_.Lteq       0     0.000    38.281    38.281 
  genblk1_2_.Lteq       0     0.000    36.240    36.240 
  genblk1_3_.Lteq       0     0.000    34.198    34.198 
  genblk1_4_.Lteq       0     0.000    37.771    37.771 
  genblk1_5_.Lteq       0     0.000    34.708    34.708 
  genblk1_6_.Lteq       0     0.000    37.771    37.771 
  genblk1_7_.Lteq       0     0.000    34.708    34.708 
  genblk1_8_.Lteq       0     0.000    37.771    37.771 
  genblk1_9_.Lteq       0     0.000    34.708    34.708 
  genblk1_10_.Lteq      0     0.000    37.771    37.771 
  genblk1_11_.Lteq      0     0.000    34.708    34.708 
  genblk1_12_.Lteq      0     0.000    37.771    37.771 
  genblk1_13_.Lteq      0     0.000    34.708    34.708 
  genblk1_14_.Lteq      0     0.000    36.750    36.750 
  genblk1_15_.Lteq      0     0.000    33.687    33.687 

