============================================================
  Generated by:           Genus(TM) Synthesis Solution 18.14-s037_1
  Generated on:           Apr 03 2022  05:53:19 pm
  Module:                 wta_1
  Operating conditions:   PVT_0P7V_25C 
  Interconnect mode:      global
  Area mode:              physical library
============================================================


Path 1: UNCONSTRAINED
     Startpoint: (F) genblk1_1_.Lteq/q
       Endpoint: (F) genblk1_15_.Lteq/b

                                     
      Data Path:-     357            

#-------------------------------------------------------------------------------------------------------
#   Timing Point     Flags   Arc   Edge         Cell           Fanout Load Trans Delay Arrival Instance 
#                                                                     (fF)  (ps)  (ps)   (ps)  Location 
#-------------------------------------------------------------------------------------------------------
  genblk1_1_.Lteq/q  -       -     F     (arrival)                  3  2.1     0     0       0    (-,-) 
  g677__9906/Y       -       C->Y  F     OR3x1_ASAP7_75t_R          2  1.1    15    29      29    (-,-) 
  g674__1840/Y       -       B->Y  R     NOR2xp33_ASAP7_75t_R       3  2.0    56    32      61    (-,-) 
  g673/Y             -       A->Y  F     INVx1_ASAP7_75t_R          1  0.8    18    16      76    (-,-) 
  g670__2703/Y       -       A->Y  R     NOR3xp33_ASAP7_75t_R       3  2.0    61    35     112    (-,-) 
  g669/Y             -       A->Y  F     INVx1_ASAP7_75t_R          1  0.8    18    16     128    (-,-) 
  g667__2250/Y       -       A->Y  R     NOR3xp33_ASAP7_75t_R       3  2.0    61    36     164    (-,-) 
  g665/Y             -       A->Y  F     INVx1_ASAP7_75t_R          1  0.8    18    16     180    (-,-) 
  g663__5703/Y       -       A->Y  R     NOR3xp33_ASAP7_75t_R       3  2.0    61    36     215    (-,-) 
  g661/Y             -       A->Y  F     INVx1_ASAP7_75t_R          1  0.8    18    16     231    (-,-) 
  g655__2900/Y       -       A->Y  R     NOR3xp33_ASAP7_75t_R       3  2.0    61    36     267    (-,-) 
  g654/Y             -       A->Y  F     INVx1_ASAP7_75t_R          1  0.8    18    16     283    (-,-) 
  g650__9682/Y       -       A->Y  R     NOR3xp33_ASAP7_75t_R       3  1.7    54    32     315    (-,-) 
  g648__1474/Y       -       B->Y  F     NAND2xp33_ASAP7_75t_R     16  2.6    57    43     357    (-,-) 
  genblk1_15_.Lteq/b -       -     F     (hpin)                    15    -     -     0     357    (-,-) 
#-------------------------------------------------------------------------------------------------------

