============================================================
  Generated by:           Genus(TM) Synthesis Solution 20.11-s111_1
  Generated on:           Apr 04 2022  06:15:48 am
  Module:                 greater_than
  Operating conditions:   PVT_0P7V_25C 
  Interconnect mode:      global
  Area mode:              physical library
============================================================


Path 1: UNCONSTRAINED
     Startpoint: (R) a
       Endpoint: (F) q

                   Capture    Launch  
      Drv Adjust:+       0         0  
                                      
       Data Path:-      71            

#--------------------------------------------------------------------------------------------------
# Timing Point   Flags   Arc   Edge         Cell          Fanout Load Trans Delay Arrival Instance 
#                                                                (fF)  (ps)  (ps)   (ps)  Location 
#--------------------------------------------------------------------------------------------------
  a              -       -     R     (arrival)                 2  1.4     0     0       0    (-,-) 
  g16/Y          -       A->Y  F     INVxp67_ASAP7_75t_R       1  0.6     7     5       5    (-,-) 
  g15__4319/Y    -       B->Y  R     NOR2xp33_ASAP7_75t_R      1  0.6    21    14      19    (-,-) 
  sr/g24__2398/Y -       B->Y  F     NOR2xp33_ASAP7_75t_R      2  1.3    32    24      43    (-,-) 
  g8__6260/Y     -       B->Y  F     OR2x2_ASAP7_75t_R         1  0.3     8    28      71    (-,-) 
  q              -       -     F     (port)                    -    -     -     0      71    (-,-) 
#--------------------------------------------------------------------------------------------------

