============================================================
  Generated by:           Genus(TM) Synthesis Solution 20.11-s111_1
  Generated on:           Apr 04 2022  05:54:25 am
  Module:                 not_equal
  Operating conditions:   PVT_0P7V_25C 
  Interconnect mode:      global
  Area mode:              physical library
============================================================

                                              Leakage  
          Gate            Instances   Area  Power (nW)                 Library                 
-----------------------------------------------------------------------------------------------
AND2x2_ASAP7_75t_R                1   1.400      0.142    asap7sc7p5t_SIMPLE_RVT_TT_ccs_201020 
ASYNC_DFFHx1_ASAP7_75t_R          2  12.131      0.609    asap7sc7p5t_SEQ_RVT_TT_ccs_201020    
HB1xp67_ASAP7_75t_R               2   1.866      0.102    asap7sc7p5t_INVBUF_RVT_TT_ccs_201020 
INVxp67_ASAP7_75t_R               2   1.400      0.069    asap7sc7p5t_INVBUF_RVT_TT_ccs_201020 
NOR2xp33_ASAP7_75t_R              4   3.732      0.118    asap7sc7p5t_SIMPLE_RVT_TT_ccs_201020 
NOR3xp33_ASAP7_75t_R              1   1.166      0.039    asap7sc7p5t_SIMPLE_RVT_TT_ccs_201020 
OAI21xp5_ASAP7_75t_R              1   1.166      0.075    asap7sc7p5t_OA_RVT_TT_ccs_201020     
XOR2xp5_ASAP7_75t_R               1   2.100      0.134    asap7sc7p5t_SIMPLE_RVT_TT_ccs_201020 
-----------------------------------------------------------------------------------------------
total                            14  24.961      1.287                                         


                                                                    Leakage  Leakage 
               Library               Instances Instances %  Area  Power (nW) Power % 
-------------------------------------------------------------------------------------
asap7sc7p5t_INVBUF_RVT_TT_ccs_201020         4        28.6  3.266      0.170    13.2 
asap7sc7p5t_OA_RVT_TT_ccs_201020             1         7.1  1.166      0.075     5.8 
asap7sc7p5t_SEQ_RVT_TT_ccs_201020            2        14.3 12.131      0.609    47.3 
asap7sc7p5t_SIMPLE_RVT_TT_ccs_201020         7        50.0  8.398      0.433    33.6 

                                         Leakage  Leakage 
     Type      Instances  Area  Area % Power (nW) Power % 
----------------------------------------------------------
sequential             2 12.131   48.6      0.609    47.3 
inverter               2  1.400    5.6      0.069     5.3 
buffer                 2  1.866    7.5      0.102     7.9 
logic                  8  9.564   38.3      0.508    39.5 
physical_cells         0  0.000    0.0      0.000     0.0 
----------------------------------------------------------
total                 14 24.961  100.0      1.287   100.0 

