============================================================
  Generated by:           Genus(TM) Synthesis Solution 20.11-s111_1
  Generated on:           Apr 04 2022  12:43:30 am
  Module:                 not_equal
  Operating conditions:   PVT_0P7V_25C 
  Interconnect mode:      global
  Area mode:              physical library
============================================================

Timing
--------

Clock  Period 
--------------
aclk  10000.0 


  Cost    Critical         Violating 
 Group   Path Slack  TNS     Paths   
-------------------------------------
aclk         5369.8   0.0          0 
default    No paths   0.0            
-------------------------------------
Total                 0.0          0 

Instance Count
--------------
Leaf Instance Count             19 
Physical Instance count          0 
Sequential Instance Count        4 
Combinational Instance Count    15 
Hierarchical Instance Count      1 

Area
----
Cell Area                          43.623
Physical Cell Area                 0.000
Total Cell Area (Cell+Physical)    43.623
Net Area                           14.643
Total Area (Cell+Physical+Net)     58.266

Runtime                            0.0 seconds
Elapsed Runtime                    20 seconds
Genus peak memory usage            1133.78 
Innovus peak memory usage          no_value 
Hostname                           ECE010.ECE.LOCAL.CMU.EDU
