 
****************************************
Report : area
Design : bitonic_sort_32
Version: P-2019.03
Date   : Mon Mar 21 14:01:26 2022
****************************************

Library(s) Used:

    NangateOpenCellLibrary (File: /afs/andrew.cmu.edu/course/18/743/backend/45nm_Nangate/pdk_v1.3_v2010_12/NangateOpenCellLibrary_PDKv1_3_v2010_12/Front_End/Liberty/NLDM/NangateOpenCellLibrary_typical.db)

Number of ports:                         1216
Number of nets:                          2144
Number of cells:                         1214
Number of combinational cells:            960
Number of sequential cells:                 0
Number of macros/black boxes:               0
Number of buf/inv:                        480
Number of references:                      82

Combinational area:                638.399992
Buf/Inv area:                      255.360003
Noncombinational area:               0.000000
Macro/Black Box area:                0.000000
Net Interconnect area:      undefined  (Wire load has zero net area)

Total cell area:                   638.399992
Total area:                 undefined

Hierarchical area distribution
------------------------------

                                  Global cell area          Local cell area
                                  ------------------  --------------------------- 
Hierarchical cell                 Absolute   Percent  Combi-    Noncombi-  Black-
                                  Total      Total    national  national   boxes   Design
--------------------------------  ---------  -------  --------  ---------  ------  ------------------
bitonic_sort_32                    638.4000    100.0    0.0000     0.0000  0.0000  bitonic_sort_32
Lower                              212.8000     33.3    0.0000     0.0000  0.0000  bitonic_sort_16_0
Lower/Lower                         63.8400     10.0    0.0000     0.0000  0.0000  bitonic_sort_8_0
Lower/Lower/Lower                   15.9600      2.5    0.0000     0.0000  0.0000  bitonic_sort_4_0
Lower/Lower/Lower/Lower              2.6600      0.4    2.6600     0.0000  0.0000  bitonic_sort_2_4
Lower/Lower/Lower/Upper              2.6600      0.4    2.6600     0.0000  0.0000  bitonic_sort_2_5
Lower/Lower/Lower/outter_loop_0__inner_loop_0__s_loop_0__swapper
                                     2.6600      0.4    2.6600     0.0000  0.0000  bitonic_sort_2_3
Lower/Lower/Lower/outter_loop_0__inner_loop_0__s_loop_1__swapper
                                     2.6600      0.4    2.6600     0.0000  0.0000  bitonic_sort_2_2
Lower/Lower/Lower/outter_loop_1__inner_loop_0__s_loop_0__swapper
                                     2.6600      0.4    2.6600     0.0000  0.0000  bitonic_sort_2_1
Lower/Lower/Lower/outter_loop_1__inner_loop_1__s_loop_2__swapper
                                     2.6600      0.4    2.6600     0.0000  0.0000  bitonic_sort_2_0
Lower/Lower/Upper                   15.9600      2.5    0.0000     0.0000  0.0000  bitonic_sort_4_1
Lower/Lower/Upper/Lower              2.6600      0.4    2.6600     0.0000  0.0000  bitonic_sort_2_10
Lower/Lower/Upper/Upper              2.6600      0.4    2.6600     0.0000  0.0000  bitonic_sort_2_11
Lower/Lower/Upper/outter_loop_0__inner_loop_0__s_loop_0__swapper
                                     2.6600      0.4    2.6600     0.0000  0.0000  bitonic_sort_2_9
Lower/Lower/Upper/outter_loop_0__inner_loop_0__s_loop_1__swapper
                                     2.6600      0.4    2.6600     0.0000  0.0000  bitonic_sort_2_8
Lower/Lower/Upper/outter_loop_1__inner_loop_0__s_loop_0__swapper
                                     2.6600      0.4    2.6600     0.0000  0.0000  bitonic_sort_2_7
Lower/Lower/Upper/outter_loop_1__inner_loop_1__s_loop_2__swapper
                                     2.6600      0.4    2.6600     0.0000  0.0000  bitonic_sort_2_6
Lower/Lower/outter_loop_0__inner_loop_0__s_loop_0__swapper
                                     2.6600      0.4    2.6600     0.0000  0.0000  bitonic_sort_2_59
Lower/Lower/outter_loop_0__inner_loop_0__s_loop_1__swapper
                                     2.6600      0.4    2.6600     0.0000  0.0000  bitonic_sort_2_58
Lower/Lower/outter_loop_0__inner_loop_0__s_loop_2__swapper
                                     2.6600      0.4    2.6600     0.0000  0.0000  bitonic_sort_2_57
Lower/Lower/outter_loop_0__inner_loop_0__s_loop_3__swapper
                                     2.6600      0.4    2.6600     0.0000  0.0000  bitonic_sort_2_56
Lower/Lower/outter_loop_1__inner_loop_0__s_loop_0__swapper
                                     2.6600      0.4    2.6600     0.0000  0.0000  bitonic_sort_2_55
Lower/Lower/outter_loop_1__inner_loop_0__s_loop_1__swapper
                                     2.6600      0.4    2.6600     0.0000  0.0000  bitonic_sort_2_54
Lower/Lower/outter_loop_1__inner_loop_1__s_loop_4__swapper
                                     2.6600      0.4    2.6600     0.0000  0.0000  bitonic_sort_2_53
Lower/Lower/outter_loop_1__inner_loop_1__s_loop_5__swapper
                                     2.6600      0.4    2.6600     0.0000  0.0000  bitonic_sort_2_52
Lower/Lower/outter_loop_2__inner_loop_0__s_loop_0__swapper
                                     2.6600      0.4    2.6600     0.0000  0.0000  bitonic_sort_2_51
Lower/Lower/outter_loop_2__inner_loop_1__s_loop_2__swapper
                                     2.6600      0.4    2.6600     0.0000  0.0000  bitonic_sort_2_50
Lower/Lower/outter_loop_2__inner_loop_2__s_loop_4__swapper
                                     2.6600      0.4    2.6600     0.0000  0.0000  bitonic_sort_2_49
Lower/Lower/outter_loop_2__inner_loop_3__s_loop_6__swapper
                                     2.6600      0.4    2.6600     0.0000  0.0000  bitonic_sort_2_48
Lower/Upper                         63.8400     10.0    0.0000     0.0000  0.0000  bitonic_sort_8_1
Lower/Upper/Lower                   15.9600      2.5    0.0000     0.0000  0.0000  bitonic_sort_4_2
Lower/Upper/Lower/Lower              2.6600      0.4    2.6600     0.0000  0.0000  bitonic_sort_2_16
Lower/Upper/Lower/Upper              2.6600      0.4    2.6600     0.0000  0.0000  bitonic_sort_2_17
Lower/Upper/Lower/outter_loop_0__inner_loop_0__s_loop_0__swapper
                                     2.6600      0.4    2.6600     0.0000  0.0000  bitonic_sort_2_15
Lower/Upper/Lower/outter_loop_0__inner_loop_0__s_loop_1__swapper
                                     2.6600      0.4    2.6600     0.0000  0.0000  bitonic_sort_2_14
Lower/Upper/Lower/outter_loop_1__inner_loop_0__s_loop_0__swapper
                                     2.6600      0.4    2.6600     0.0000  0.0000  bitonic_sort_2_13
Lower/Upper/Lower/outter_loop_1__inner_loop_1__s_loop_2__swapper
                                     2.6600      0.4    2.6600     0.0000  0.0000  bitonic_sort_2_12
Lower/Upper/Upper                   15.9600      2.5    0.0000     0.0000  0.0000  bitonic_sort_4_3
Lower/Upper/Upper/Lower              2.6600      0.4    2.6600     0.0000  0.0000  bitonic_sort_2_22
Lower/Upper/Upper/Upper              2.6600      0.4    2.6600     0.0000  0.0000  bitonic_sort_2_23
Lower/Upper/Upper/outter_loop_0__inner_loop_0__s_loop_0__swapper
                                     2.6600      0.4    2.6600     0.0000  0.0000  bitonic_sort_2_21
Lower/Upper/Upper/outter_loop_0__inner_loop_0__s_loop_1__swapper
                                     2.6600      0.4    2.6600     0.0000  0.0000  bitonic_sort_2_20
Lower/Upper/Upper/outter_loop_1__inner_loop_0__s_loop_0__swapper
                                     2.6600      0.4    2.6600     0.0000  0.0000  bitonic_sort_2_19
Lower/Upper/Upper/outter_loop_1__inner_loop_1__s_loop_2__swapper
                                     2.6600      0.4    2.6600     0.0000  0.0000  bitonic_sort_2_18
Lower/Upper/outter_loop_0__inner_loop_0__s_loop_0__swapper
                                     2.6600      0.4    2.6600     0.0000  0.0000  bitonic_sort_2_71
Lower/Upper/outter_loop_0__inner_loop_0__s_loop_1__swapper
                                     2.6600      0.4    2.6600     0.0000  0.0000  bitonic_sort_2_70
Lower/Upper/outter_loop_0__inner_loop_0__s_loop_2__swapper
                                     2.6600      0.4    2.6600     0.0000  0.0000  bitonic_sort_2_69
Lower/Upper/outter_loop_0__inner_loop_0__s_loop_3__swapper
                                     2.6600      0.4    2.6600     0.0000  0.0000  bitonic_sort_2_68
Lower/Upper/outter_loop_1__inner_loop_0__s_loop_0__swapper
                                     2.6600      0.4    2.6600     0.0000  0.0000  bitonic_sort_2_67
Lower/Upper/outter_loop_1__inner_loop_0__s_loop_1__swapper
                                     2.6600      0.4    2.6600     0.0000  0.0000  bitonic_sort_2_66
Lower/Upper/outter_loop_1__inner_loop_1__s_loop_4__swapper
                                     2.6600      0.4    2.6600     0.0000  0.0000  bitonic_sort_2_65
Lower/Upper/outter_loop_1__inner_loop_1__s_loop_5__swapper
                                     2.6600      0.4    2.6600     0.0000  0.0000  bitonic_sort_2_64
Lower/Upper/outter_loop_2__inner_loop_0__s_loop_0__swapper
                                     2.6600      0.4    2.6600     0.0000  0.0000  bitonic_sort_2_63
Lower/Upper/outter_loop_2__inner_loop_1__s_loop_2__swapper
                                     2.6600      0.4    2.6600     0.0000  0.0000  bitonic_sort_2_62
Lower/Upper/outter_loop_2__inner_loop_2__s_loop_4__swapper
                                     2.6600      0.4    2.6600     0.0000  0.0000  bitonic_sort_2_61
Lower/Upper/outter_loop_2__inner_loop_3__s_loop_6__swapper
                                     2.6600      0.4    2.6600     0.0000  0.0000  bitonic_sort_2_60
Lower/outter_loop_0__inner_loop_0__s_loop_0__swapper
                                     2.6600      0.4    2.6600     0.0000  0.0000  bitonic_sort_2_127
Lower/outter_loop_0__inner_loop_0__s_loop_1__swapper
                                     2.6600      0.4    2.6600     0.0000  0.0000  bitonic_sort_2_126
Lower/outter_loop_0__inner_loop_0__s_loop_2__swapper
                                     2.6600      0.4    2.6600     0.0000  0.0000  bitonic_sort_2_125
Lower/outter_loop_0__inner_loop_0__s_loop_3__swapper
                                     2.6600      0.4    2.6600     0.0000  0.0000  bitonic_sort_2_124
Lower/outter_loop_0__inner_loop_0__s_loop_4__swapper
                                     2.6600      0.4    2.6600     0.0000  0.0000  bitonic_sort_2_123
Lower/outter_loop_0__inner_loop_0__s_loop_5__swapper
                                     2.6600      0.4    2.6600     0.0000  0.0000  bitonic_sort_2_122
Lower/outter_loop_0__inner_loop_0__s_loop_6__swapper
                                     2.6600      0.4    2.6600     0.0000  0.0000  bitonic_sort_2_121
Lower/outter_loop_0__inner_loop_0__s_loop_7__swapper
                                     2.6600      0.4    2.6600     0.0000  0.0000  bitonic_sort_2_120
Lower/outter_loop_1__inner_loop_0__s_loop_0__swapper
                                     2.6600      0.4    2.6600     0.0000  0.0000  bitonic_sort_2_119
Lower/outter_loop_1__inner_loop_0__s_loop_1__swapper
                                     2.6600      0.4    2.6600     0.0000  0.0000  bitonic_sort_2_118
Lower/outter_loop_1__inner_loop_0__s_loop_2__swapper
                                     2.6600      0.4    2.6600     0.0000  0.0000  bitonic_sort_2_117
Lower/outter_loop_1__inner_loop_0__s_loop_3__swapper
                                     2.6600      0.4    2.6600     0.0000  0.0000  bitonic_sort_2_116
Lower/outter_loop_1__inner_loop_1__s_loop_10__swapper
                                     2.6600      0.4    2.6600     0.0000  0.0000  bitonic_sort_2_113
Lower/outter_loop_1__inner_loop_1__s_loop_11__swapper
                                     2.6600      0.4    2.6600     0.0000  0.0000  bitonic_sort_2_112
Lower/outter_loop_1__inner_loop_1__s_loop_8__swapper
                                     2.6600      0.4    2.6600     0.0000  0.0000  bitonic_sort_2_115
Lower/outter_loop_1__inner_loop_1__s_loop_9__swapper
                                     2.6600      0.4    2.6600     0.0000  0.0000  bitonic_sort_2_114
Lower/outter_loop_2__inner_loop_0__s_loop_0__swapper
                                     2.6600      0.4    2.6600     0.0000  0.0000  bitonic_sort_2_111
Lower/outter_loop_2__inner_loop_0__s_loop_1__swapper
                                     2.6600      0.4    2.6600     0.0000  0.0000  bitonic_sort_2_110
Lower/outter_loop_2__inner_loop_1__s_loop_4__swapper
                                     2.6600      0.4    2.6600     0.0000  0.0000  bitonic_sort_2_109
Lower/outter_loop_2__inner_loop_1__s_loop_5__swapper
                                     2.6600      0.4    2.6600     0.0000  0.0000  bitonic_sort_2_108
Lower/outter_loop_2__inner_loop_2__s_loop_8__swapper
                                     2.6600      0.4    2.6600     0.0000  0.0000  bitonic_sort_2_107
Lower/outter_loop_2__inner_loop_2__s_loop_9__swapper
                                     2.6600      0.4    2.6600     0.0000  0.0000  bitonic_sort_2_106
Lower/outter_loop_2__inner_loop_3__s_loop_12__swapper
                                     2.6600      0.4    2.6600     0.0000  0.0000  bitonic_sort_2_105
Lower/outter_loop_2__inner_loop_3__s_loop_13__swapper
                                     2.6600      0.4    2.6600     0.0000  0.0000  bitonic_sort_2_104
Lower/outter_loop_3__inner_loop_0__s_loop_0__swapper
                                     2.6600      0.4    2.6600     0.0000  0.0000  bitonic_sort_2_103
Lower/outter_loop_3__inner_loop_1__s_loop_2__swapper
                                     2.6600      0.4    2.6600     0.0000  0.0000  bitonic_sort_2_102
Lower/outter_loop_3__inner_loop_2__s_loop_4__swapper
                                     2.6600      0.4    2.6600     0.0000  0.0000  bitonic_sort_2_101
Lower/outter_loop_3__inner_loop_3__s_loop_6__swapper
                                     2.6600      0.4    2.6600     0.0000  0.0000  bitonic_sort_2_100
Lower/outter_loop_3__inner_loop_4__s_loop_8__swapper
                                     2.6600      0.4    2.6600     0.0000  0.0000  bitonic_sort_2_99
Lower/outter_loop_3__inner_loop_5__s_loop_10__swapper
                                     2.6600      0.4    2.6600     0.0000  0.0000  bitonic_sort_2_98
Lower/outter_loop_3__inner_loop_6__s_loop_12__swapper
                                     2.6600      0.4    2.6600     0.0000  0.0000  bitonic_sort_2_97
Lower/outter_loop_3__inner_loop_7__s_loop_14__swapper
                                     2.6600      0.4    2.6600     0.0000  0.0000  bitonic_sort_2_96
Upper                              212.8000     33.3    0.0000     0.0000  0.0000  bitonic_sort_16_1
Upper/Lower                         63.8400     10.0    0.0000     0.0000  0.0000  bitonic_sort_8_2
Upper/Lower/Lower                   15.9600      2.5    0.0000     0.0000  0.0000  bitonic_sort_4_4
Upper/Lower/Lower/Lower              2.6600      0.4    2.6600     0.0000  0.0000  bitonic_sort_2_28
Upper/Lower/Lower/Upper              2.6600      0.4    2.6600     0.0000  0.0000  bitonic_sort_2_29
Upper/Lower/Lower/outter_loop_0__inner_loop_0__s_loop_0__swapper
                                     2.6600      0.4    2.6600     0.0000  0.0000  bitonic_sort_2_27
Upper/Lower/Lower/outter_loop_0__inner_loop_0__s_loop_1__swapper
                                     2.6600      0.4    2.6600     0.0000  0.0000  bitonic_sort_2_26
Upper/Lower/Lower/outter_loop_1__inner_loop_0__s_loop_0__swapper
                                     2.6600      0.4    2.6600     0.0000  0.0000  bitonic_sort_2_25
Upper/Lower/Lower/outter_loop_1__inner_loop_1__s_loop_2__swapper
                                     2.6600      0.4    2.6600     0.0000  0.0000  bitonic_sort_2_24
Upper/Lower/Upper                   15.9600      2.5    0.0000     0.0000  0.0000  bitonic_sort_4_5
Upper/Lower/Upper/Lower              2.6600      0.4    2.6600     0.0000  0.0000  bitonic_sort_2_34
Upper/Lower/Upper/Upper              2.6600      0.4    2.6600     0.0000  0.0000  bitonic_sort_2_35
Upper/Lower/Upper/outter_loop_0__inner_loop_0__s_loop_0__swapper
                                     2.6600      0.4    2.6600     0.0000  0.0000  bitonic_sort_2_33
Upper/Lower/Upper/outter_loop_0__inner_loop_0__s_loop_1__swapper
                                     2.6600      0.4    2.6600     0.0000  0.0000  bitonic_sort_2_32
Upper/Lower/Upper/outter_loop_1__inner_loop_0__s_loop_0__swapper
                                     2.6600      0.4    2.6600     0.0000  0.0000  bitonic_sort_2_31
Upper/Lower/Upper/outter_loop_1__inner_loop_1__s_loop_2__swapper
                                     2.6600      0.4    2.6600     0.0000  0.0000  bitonic_sort_2_30
Upper/Lower/outter_loop_0__inner_loop_0__s_loop_0__swapper
                                     2.6600      0.4    2.6600     0.0000  0.0000  bitonic_sort_2_83
Upper/Lower/outter_loop_0__inner_loop_0__s_loop_1__swapper
                                     2.6600      0.4    2.6600     0.0000  0.0000  bitonic_sort_2_82
Upper/Lower/outter_loop_0__inner_loop_0__s_loop_2__swapper
                                     2.6600      0.4    2.6600     0.0000  0.0000  bitonic_sort_2_81
Upper/Lower/outter_loop_0__inner_loop_0__s_loop_3__swapper
                                     2.6600      0.4    2.6600     0.0000  0.0000  bitonic_sort_2_80
Upper/Lower/outter_loop_1__inner_loop_0__s_loop_0__swapper
                                     2.6600      0.4    2.6600     0.0000  0.0000  bitonic_sort_2_79
Upper/Lower/outter_loop_1__inner_loop_0__s_loop_1__swapper
                                     2.6600      0.4    2.6600     0.0000  0.0000  bitonic_sort_2_78
Upper/Lower/outter_loop_1__inner_loop_1__s_loop_4__swapper
                                     2.6600      0.4    2.6600     0.0000  0.0000  bitonic_sort_2_77
Upper/Lower/outter_loop_1__inner_loop_1__s_loop_5__swapper
                                     2.6600      0.4    2.6600     0.0000  0.0000  bitonic_sort_2_76
Upper/Lower/outter_loop_2__inner_loop_0__s_loop_0__swapper
                                     2.6600      0.4    2.6600     0.0000  0.0000  bitonic_sort_2_75
Upper/Lower/outter_loop_2__inner_loop_1__s_loop_2__swapper
                                     2.6600      0.4    2.6600     0.0000  0.0000  bitonic_sort_2_74
Upper/Lower/outter_loop_2__inner_loop_2__s_loop_4__swapper
                                     2.6600      0.4    2.6600     0.0000  0.0000  bitonic_sort_2_73
Upper/Lower/outter_loop_2__inner_loop_3__s_loop_6__swapper
                                     2.6600      0.4    2.6600     0.0000  0.0000  bitonic_sort_2_72
Upper/Upper                         63.8400     10.0    0.0000     0.0000  0.0000  bitonic_sort_8_3
Upper/Upper/Lower                   15.9600      2.5    0.0000     0.0000  0.0000  bitonic_sort_4_6
Upper/Upper/Lower/Lower              2.6600      0.4    2.6600     0.0000  0.0000  bitonic_sort_2_40
Upper/Upper/Lower/Upper              2.6600      0.4    2.6600     0.0000  0.0000  bitonic_sort_2_41
Upper/Upper/Lower/outter_loop_0__inner_loop_0__s_loop_0__swapper
                                     2.6600      0.4    2.6600     0.0000  0.0000  bitonic_sort_2_39
Upper/Upper/Lower/outter_loop_0__inner_loop_0__s_loop_1__swapper
                                     2.6600      0.4    2.6600     0.0000  0.0000  bitonic_sort_2_38
Upper/Upper/Lower/outter_loop_1__inner_loop_0__s_loop_0__swapper
                                     2.6600      0.4    2.6600     0.0000  0.0000  bitonic_sort_2_37
Upper/Upper/Lower/outter_loop_1__inner_loop_1__s_loop_2__swapper
                                     2.6600      0.4    2.6600     0.0000  0.0000  bitonic_sort_2_36
Upper/Upper/Upper                   15.9600      2.5    0.0000     0.0000  0.0000  bitonic_sort_4_7
Upper/Upper/Upper/Lower              2.6600      0.4    2.6600     0.0000  0.0000  bitonic_sort_2_46
Upper/Upper/Upper/Upper              2.6600      0.4    2.6600     0.0000  0.0000  bitonic_sort_2_47
Upper/Upper/Upper/outter_loop_0__inner_loop_0__s_loop_0__swapper
                                     2.6600      0.4    2.6600     0.0000  0.0000  bitonic_sort_2_45
Upper/Upper/Upper/outter_loop_0__inner_loop_0__s_loop_1__swapper
                                     2.6600      0.4    2.6600     0.0000  0.0000  bitonic_sort_2_44
Upper/Upper/Upper/outter_loop_1__inner_loop_0__s_loop_0__swapper
                                     2.6600      0.4    2.6600     0.0000  0.0000  bitonic_sort_2_43
Upper/Upper/Upper/outter_loop_1__inner_loop_1__s_loop_2__swapper
                                     2.6600      0.4    2.6600     0.0000  0.0000  bitonic_sort_2_42
Upper/Upper/outter_loop_0__inner_loop_0__s_loop_0__swapper
                                     2.6600      0.4    2.6600     0.0000  0.0000  bitonic_sort_2_95
Upper/Upper/outter_loop_0__inner_loop_0__s_loop_1__swapper
                                     2.6600      0.4    2.6600     0.0000  0.0000  bitonic_sort_2_94
Upper/Upper/outter_loop_0__inner_loop_0__s_loop_2__swapper
                                     2.6600      0.4    2.6600     0.0000  0.0000  bitonic_sort_2_93
Upper/Upper/outter_loop_0__inner_loop_0__s_loop_3__swapper
                                     2.6600      0.4    2.6600     0.0000  0.0000  bitonic_sort_2_92
Upper/Upper/outter_loop_1__inner_loop_0__s_loop_0__swapper
                                     2.6600      0.4    2.6600     0.0000  0.0000  bitonic_sort_2_91
Upper/Upper/outter_loop_1__inner_loop_0__s_loop_1__swapper
                                     2.6600      0.4    2.6600     0.0000  0.0000  bitonic_sort_2_90
Upper/Upper/outter_loop_1__inner_loop_1__s_loop_4__swapper
                                     2.6600      0.4    2.6600     0.0000  0.0000  bitonic_sort_2_89
Upper/Upper/outter_loop_1__inner_loop_1__s_loop_5__swapper
                                     2.6600      0.4    2.6600     0.0000  0.0000  bitonic_sort_2_88
Upper/Upper/outter_loop_2__inner_loop_0__s_loop_0__swapper
                                     2.6600      0.4    2.6600     0.0000  0.0000  bitonic_sort_2_87
Upper/Upper/outter_loop_2__inner_loop_1__s_loop_2__swapper
                                     2.6600      0.4    2.6600     0.0000  0.0000  bitonic_sort_2_86
Upper/Upper/outter_loop_2__inner_loop_2__s_loop_4__swapper
                                     2.6600      0.4    2.6600     0.0000  0.0000  bitonic_sort_2_85
Upper/Upper/outter_loop_2__inner_loop_3__s_loop_6__swapper
                                     2.6600      0.4    2.6600     0.0000  0.0000  bitonic_sort_2_84
Upper/outter_loop_0__inner_loop_0__s_loop_0__swapper
                                     2.6600      0.4    2.6600     0.0000  0.0000  bitonic_sort_2_159
Upper/outter_loop_0__inner_loop_0__s_loop_1__swapper
                                     2.6600      0.4    2.6600     0.0000  0.0000  bitonic_sort_2_158
Upper/outter_loop_0__inner_loop_0__s_loop_2__swapper
                                     2.6600      0.4    2.6600     0.0000  0.0000  bitonic_sort_2_157
Upper/outter_loop_0__inner_loop_0__s_loop_3__swapper
                                     2.6600      0.4    2.6600     0.0000  0.0000  bitonic_sort_2_156
Upper/outter_loop_0__inner_loop_0__s_loop_4__swapper
                                     2.6600      0.4    2.6600     0.0000  0.0000  bitonic_sort_2_155
Upper/outter_loop_0__inner_loop_0__s_loop_5__swapper
                                     2.6600      0.4    2.6600     0.0000  0.0000  bitonic_sort_2_154
Upper/outter_loop_0__inner_loop_0__s_loop_6__swapper
                                     2.6600      0.4    2.6600     0.0000  0.0000  bitonic_sort_2_153
Upper/outter_loop_0__inner_loop_0__s_loop_7__swapper
                                     2.6600      0.4    2.6600     0.0000  0.0000  bitonic_sort_2_152
Upper/outter_loop_1__inner_loop_0__s_loop_0__swapper
                                     2.6600      0.4    2.6600     0.0000  0.0000  bitonic_sort_2_151
Upper/outter_loop_1__inner_loop_0__s_loop_1__swapper
                                     2.6600      0.4    2.6600     0.0000  0.0000  bitonic_sort_2_150
Upper/outter_loop_1__inner_loop_0__s_loop_2__swapper
                                     2.6600      0.4    2.6600     0.0000  0.0000  bitonic_sort_2_149
Upper/outter_loop_1__inner_loop_0__s_loop_3__swapper
                                     2.6600      0.4    2.6600     0.0000  0.0000  bitonic_sort_2_148
Upper/outter_loop_1__inner_loop_1__s_loop_10__swapper
                                     2.6600      0.4    2.6600     0.0000  0.0000  bitonic_sort_2_145
Upper/outter_loop_1__inner_loop_1__s_loop_11__swapper
                                     2.6600      0.4    2.6600     0.0000  0.0000  bitonic_sort_2_144
Upper/outter_loop_1__inner_loop_1__s_loop_8__swapper
                                     2.6600      0.4    2.6600     0.0000  0.0000  bitonic_sort_2_147
Upper/outter_loop_1__inner_loop_1__s_loop_9__swapper
                                     2.6600      0.4    2.6600     0.0000  0.0000  bitonic_sort_2_146
Upper/outter_loop_2__inner_loop_0__s_loop_0__swapper
                                     2.6600      0.4    2.6600     0.0000  0.0000  bitonic_sort_2_143
Upper/outter_loop_2__inner_loop_0__s_loop_1__swapper
                                     2.6600      0.4    2.6600     0.0000  0.0000  bitonic_sort_2_142
Upper/outter_loop_2__inner_loop_1__s_loop_4__swapper
                                     2.6600      0.4    2.6600     0.0000  0.0000  bitonic_sort_2_141
Upper/outter_loop_2__inner_loop_1__s_loop_5__swapper
                                     2.6600      0.4    2.6600     0.0000  0.0000  bitonic_sort_2_140
Upper/outter_loop_2__inner_loop_2__s_loop_8__swapper
                                     2.6600      0.4    2.6600     0.0000  0.0000  bitonic_sort_2_139
Upper/outter_loop_2__inner_loop_2__s_loop_9__swapper
                                     2.6600      0.4    2.6600     0.0000  0.0000  bitonic_sort_2_138
Upper/outter_loop_2__inner_loop_3__s_loop_12__swapper
                                     2.6600      0.4    2.6600     0.0000  0.0000  bitonic_sort_2_137
Upper/outter_loop_2__inner_loop_3__s_loop_13__swapper
                                     2.6600      0.4    2.6600     0.0000  0.0000  bitonic_sort_2_136
Upper/outter_loop_3__inner_loop_0__s_loop_0__swapper
                                     2.6600      0.4    2.6600     0.0000  0.0000  bitonic_sort_2_135
Upper/outter_loop_3__inner_loop_1__s_loop_2__swapper
                                     2.6600      0.4    2.6600     0.0000  0.0000  bitonic_sort_2_134
Upper/outter_loop_3__inner_loop_2__s_loop_4__swapper
                                     2.6600      0.4    2.6600     0.0000  0.0000  bitonic_sort_2_133
Upper/outter_loop_3__inner_loop_3__s_loop_6__swapper
                                     2.6600      0.4    2.6600     0.0000  0.0000  bitonic_sort_2_132
Upper/outter_loop_3__inner_loop_4__s_loop_8__swapper
                                     2.6600      0.4    2.6600     0.0000  0.0000  bitonic_sort_2_131
Upper/outter_loop_3__inner_loop_5__s_loop_10__swapper
                                     2.6600      0.4    2.6600     0.0000  0.0000  bitonic_sort_2_130
Upper/outter_loop_3__inner_loop_6__s_loop_12__swapper
                                     2.6600      0.4    2.6600     0.0000  0.0000  bitonic_sort_2_129
Upper/outter_loop_3__inner_loop_7__s_loop_14__swapper
                                     2.6600      0.4    2.6600     0.0000  0.0000  bitonic_sort_2_128
outter_loop_0__inner_loop_0__s_loop_0__swapper
                                     2.6600      0.4    2.6600     0.0000  0.0000  bitonic_sort_2_239
outter_loop_0__inner_loop_0__s_loop_10__swapper
                                     2.6600      0.4    2.6600     0.0000  0.0000  bitonic_sort_2_229
outter_loop_0__inner_loop_0__s_loop_11__swapper
                                     2.6600      0.4    2.6600     0.0000  0.0000  bitonic_sort_2_228
outter_loop_0__inner_loop_0__s_loop_12__swapper
                                     2.6600      0.4    2.6600     0.0000  0.0000  bitonic_sort_2_227
outter_loop_0__inner_loop_0__s_loop_13__swapper
                                     2.6600      0.4    2.6600     0.0000  0.0000  bitonic_sort_2_226
outter_loop_0__inner_loop_0__s_loop_14__swapper
                                     2.6600      0.4    2.6600     0.0000  0.0000  bitonic_sort_2_225
outter_loop_0__inner_loop_0__s_loop_15__swapper
                                     2.6600      0.4    2.6600     0.0000  0.0000  bitonic_sort_2_224
outter_loop_0__inner_loop_0__s_loop_1__swapper
                                     2.6600      0.4    2.6600     0.0000  0.0000  bitonic_sort_2_238
outter_loop_0__inner_loop_0__s_loop_2__swapper
                                     2.6600      0.4    2.6600     0.0000  0.0000  bitonic_sort_2_237
outter_loop_0__inner_loop_0__s_loop_3__swapper
                                     2.6600      0.4    2.6600     0.0000  0.0000  bitonic_sort_2_236
outter_loop_0__inner_loop_0__s_loop_4__swapper
                                     2.6600      0.4    2.6600     0.0000  0.0000  bitonic_sort_2_235
outter_loop_0__inner_loop_0__s_loop_5__swapper
                                     2.6600      0.4    2.6600     0.0000  0.0000  bitonic_sort_2_234
outter_loop_0__inner_loop_0__s_loop_6__swapper
                                     2.6600      0.4    2.6600     0.0000  0.0000  bitonic_sort_2_233
outter_loop_0__inner_loop_0__s_loop_7__swapper
                                     2.6600      0.4    2.6600     0.0000  0.0000  bitonic_sort_2_232
outter_loop_0__inner_loop_0__s_loop_8__swapper
                                     2.6600      0.4    2.6600     0.0000  0.0000  bitonic_sort_2_231
outter_loop_0__inner_loop_0__s_loop_9__swapper
                                     2.6600      0.4    2.6600     0.0000  0.0000  bitonic_sort_2_230
outter_loop_1__inner_loop_0__s_loop_0__swapper
                                     2.6600      0.4    2.6600     0.0000  0.0000  bitonic_sort_2_223
outter_loop_1__inner_loop_0__s_loop_1__swapper
                                     2.6600      0.4    2.6600     0.0000  0.0000  bitonic_sort_2_222
outter_loop_1__inner_loop_0__s_loop_2__swapper
                                     2.6600      0.4    2.6600     0.0000  0.0000  bitonic_sort_2_221
outter_loop_1__inner_loop_0__s_loop_3__swapper
                                     2.6600      0.4    2.6600     0.0000  0.0000  bitonic_sort_2_220
outter_loop_1__inner_loop_0__s_loop_4__swapper
                                     2.6600      0.4    2.6600     0.0000  0.0000  bitonic_sort_2_219
outter_loop_1__inner_loop_0__s_loop_5__swapper
                                     2.6600      0.4    2.6600     0.0000  0.0000  bitonic_sort_2_218
outter_loop_1__inner_loop_0__s_loop_6__swapper
                                     2.6600      0.4    2.6600     0.0000  0.0000  bitonic_sort_2_217
outter_loop_1__inner_loop_0__s_loop_7__swapper
                                     2.6600      0.4    2.6600     0.0000  0.0000  bitonic_sort_2_216
outter_loop_1__inner_loop_1__s_loop_16__swapper
                                     2.6600      0.4    2.6600     0.0000  0.0000  bitonic_sort_2_215
outter_loop_1__inner_loop_1__s_loop_17__swapper
                                     2.6600      0.4    2.6600     0.0000  0.0000  bitonic_sort_2_214
outter_loop_1__inner_loop_1__s_loop_18__swapper
                                     2.6600      0.4    2.6600     0.0000  0.0000  bitonic_sort_2_213
outter_loop_1__inner_loop_1__s_loop_19__swapper
                                     2.6600      0.4    2.6600     0.0000  0.0000  bitonic_sort_2_212
outter_loop_1__inner_loop_1__s_loop_20__swapper
                                     2.6600      0.4    2.6600     0.0000  0.0000  bitonic_sort_2_211
outter_loop_1__inner_loop_1__s_loop_21__swapper
                                     2.6600      0.4    2.6600     0.0000  0.0000  bitonic_sort_2_210
outter_loop_1__inner_loop_1__s_loop_22__swapper
                                     2.6600      0.4    2.6600     0.0000  0.0000  bitonic_sort_2_209
outter_loop_1__inner_loop_1__s_loop_23__swapper
                                     2.6600      0.4    2.6600     0.0000  0.0000  bitonic_sort_2_208
outter_loop_2__inner_loop_0__s_loop_0__swapper
                                     2.6600      0.4    2.6600     0.0000  0.0000  bitonic_sort_2_207
outter_loop_2__inner_loop_0__s_loop_1__swapper
                                     2.6600      0.4    2.6600     0.0000  0.0000  bitonic_sort_2_206
outter_loop_2__inner_loop_0__s_loop_2__swapper
                                     2.6600      0.4    2.6600     0.0000  0.0000  bitonic_sort_2_205
outter_loop_2__inner_loop_0__s_loop_3__swapper
                                     2.6600      0.4    2.6600     0.0000  0.0000  bitonic_sort_2_204
outter_loop_2__inner_loop_1__s_loop_10__swapper
                                     2.6600      0.4    2.6600     0.0000  0.0000  bitonic_sort_2_201
outter_loop_2__inner_loop_1__s_loop_11__swapper
                                     2.6600      0.4    2.6600     0.0000  0.0000  bitonic_sort_2_200
outter_loop_2__inner_loop_1__s_loop_8__swapper
                                     2.6600      0.4    2.6600     0.0000  0.0000  bitonic_sort_2_203
outter_loop_2__inner_loop_1__s_loop_9__swapper
                                     2.6600      0.4    2.6600     0.0000  0.0000  bitonic_sort_2_202
outter_loop_2__inner_loop_2__s_loop_16__swapper
                                     2.6600      0.4    2.6600     0.0000  0.0000  bitonic_sort_2_199
outter_loop_2__inner_loop_2__s_loop_17__swapper
                                     2.6600      0.4    2.6600     0.0000  0.0000  bitonic_sort_2_198
outter_loop_2__inner_loop_2__s_loop_18__swapper
                                     2.6600      0.4    2.6600     0.0000  0.0000  bitonic_sort_2_197
outter_loop_2__inner_loop_2__s_loop_19__swapper
                                     2.6600      0.4    2.6600     0.0000  0.0000  bitonic_sort_2_196
outter_loop_2__inner_loop_3__s_loop_24__swapper
                                     2.6600      0.4    2.6600     0.0000  0.0000  bitonic_sort_2_195
outter_loop_2__inner_loop_3__s_loop_25__swapper
                                     2.6600      0.4    2.6600     0.0000  0.0000  bitonic_sort_2_194
outter_loop_2__inner_loop_3__s_loop_26__swapper
                                     2.6600      0.4    2.6600     0.0000  0.0000  bitonic_sort_2_193
outter_loop_2__inner_loop_3__s_loop_27__swapper
                                     2.6600      0.4    2.6600     0.0000  0.0000  bitonic_sort_2_192
outter_loop_3__inner_loop_0__s_loop_0__swapper
                                     2.6600      0.4    2.6600     0.0000  0.0000  bitonic_sort_2_191
outter_loop_3__inner_loop_0__s_loop_1__swapper
                                     2.6600      0.4    2.6600     0.0000  0.0000  bitonic_sort_2_190
outter_loop_3__inner_loop_1__s_loop_4__swapper
                                     2.6600      0.4    2.6600     0.0000  0.0000  bitonic_sort_2_189
outter_loop_3__inner_loop_1__s_loop_5__swapper
                                     2.6600      0.4    2.6600     0.0000  0.0000  bitonic_sort_2_188
outter_loop_3__inner_loop_2__s_loop_8__swapper
                                     2.6600      0.4    2.6600     0.0000  0.0000  bitonic_sort_2_187
outter_loop_3__inner_loop_2__s_loop_9__swapper
                                     2.6600      0.4    2.6600     0.0000  0.0000  bitonic_sort_2_186
outter_loop_3__inner_loop_3__s_loop_12__swapper
                                     2.6600      0.4    2.6600     0.0000  0.0000  bitonic_sort_2_185
outter_loop_3__inner_loop_3__s_loop_13__swapper
                                     2.6600      0.4    2.6600     0.0000  0.0000  bitonic_sort_2_184
outter_loop_3__inner_loop_4__s_loop_16__swapper
                                     2.6600      0.4    2.6600     0.0000  0.0000  bitonic_sort_2_183
outter_loop_3__inner_loop_4__s_loop_17__swapper
                                     2.6600      0.4    2.6600     0.0000  0.0000  bitonic_sort_2_182
outter_loop_3__inner_loop_5__s_loop_20__swapper
                                     2.6600      0.4    2.6600     0.0000  0.0000  bitonic_sort_2_181
outter_loop_3__inner_loop_5__s_loop_21__swapper
                                     2.6600      0.4    2.6600     0.0000  0.0000  bitonic_sort_2_180
outter_loop_3__inner_loop_6__s_loop_24__swapper
                                     2.6600      0.4    2.6600     0.0000  0.0000  bitonic_sort_2_179
outter_loop_3__inner_loop_6__s_loop_25__swapper
                                     2.6600      0.4    2.6600     0.0000  0.0000  bitonic_sort_2_178
outter_loop_3__inner_loop_7__s_loop_28__swapper
                                     2.6600      0.4    2.6600     0.0000  0.0000  bitonic_sort_2_177
outter_loop_3__inner_loop_7__s_loop_29__swapper
                                     2.6600      0.4    2.6600     0.0000  0.0000  bitonic_sort_2_176
outter_loop_4__inner_loop_0__s_loop_0__swapper
                                     2.6600      0.4    2.6600     0.0000  0.0000  bitonic_sort_2_175
outter_loop_4__inner_loop_10__s_loop_20__swapper
                                     2.6600      0.4    2.6600     0.0000  0.0000  bitonic_sort_2_165
outter_loop_4__inner_loop_11__s_loop_22__swapper
                                     2.6600      0.4    2.6600     0.0000  0.0000  bitonic_sort_2_164
outter_loop_4__inner_loop_12__s_loop_24__swapper
                                     2.6600      0.4    2.6600     0.0000  0.0000  bitonic_sort_2_163
outter_loop_4__inner_loop_13__s_loop_26__swapper
                                     2.6600      0.4    2.6600     0.0000  0.0000  bitonic_sort_2_162
outter_loop_4__inner_loop_14__s_loop_28__swapper
                                     2.6600      0.4    2.6600     0.0000  0.0000  bitonic_sort_2_161
outter_loop_4__inner_loop_15__s_loop_30__swapper
                                     2.6600      0.4    2.6600     0.0000  0.0000  bitonic_sort_2_160
outter_loop_4__inner_loop_1__s_loop_2__swapper
                                     2.6600      0.4    2.6600     0.0000  0.0000  bitonic_sort_2_174
outter_loop_4__inner_loop_2__s_loop_4__swapper
                                     2.6600      0.4    2.6600     0.0000  0.0000  bitonic_sort_2_173
outter_loop_4__inner_loop_3__s_loop_6__swapper
                                     2.6600      0.4    2.6600     0.0000  0.0000  bitonic_sort_2_172
outter_loop_4__inner_loop_4__s_loop_8__swapper
                                     2.6600      0.4    2.6600     0.0000  0.0000  bitonic_sort_2_171
outter_loop_4__inner_loop_5__s_loop_10__swapper
                                     2.6600      0.4    2.6600     0.0000  0.0000  bitonic_sort_2_170
outter_loop_4__inner_loop_6__s_loop_12__swapper
                                     2.6600      0.4    2.6600     0.0000  0.0000  bitonic_sort_2_169
outter_loop_4__inner_loop_7__s_loop_14__swapper
                                     2.6600      0.4    2.6600     0.0000  0.0000  bitonic_sort_2_168
outter_loop_4__inner_loop_8__s_loop_16__swapper
                                     2.6600      0.4    2.6600     0.0000  0.0000  bitonic_sort_2_167
outter_loop_4__inner_loop_9__s_loop_18__swapper
                                     2.6600      0.4    2.6600     0.0000  0.0000  bitonic_sort_2_166
--------------------------------  ---------  -------  --------  ---------  ------  ------------------
Total                                                 638.4000     0.0000  0.0000

1
