============================================================
  Generated by:           Genus(TM) Synthesis Solution 18.14-s037_1
  Generated on:           Mar 29 2022  03:02:14 pm
  Module:                 bitonic_sort_32
  Operating conditions:   PVT_0P7V_25C 
  Interconnect mode:      global
  Area mode:              physical library
============================================================

                       Instance                              Module        Cell Count  Cell Area  Net Area   Total Area 
------------------------------------------------------------------------------------------------------------------------
bitonic_sort_32                                                                   480    671.846   371.997     1043.843 
  Upper                                                bitonic_sort_16            160    223.949   106.811      330.760 
    Upper                                              bitonic_sort_8              48     67.185    29.670       96.854 
      Upper                                            bitonic_sort_4              12     16.796     5.934       22.730 
        outter_loop_1_.inner_loop_1_.s_loop_2_.swapper bitonic_sort_2_5             2      2.799     0.000        2.799 
        outter_loop_1_.inner_loop_0_.s_loop_0_.swapper bitonic_sort_2_4             2      2.799     0.000        2.799 
        outter_loop_0_.inner_loop_0_.s_loop_1_.swapper bitonic_sort_2_3             2      2.799     0.000        2.799 
        outter_loop_0_.inner_loop_0_.s_loop_0_.swapper bitonic_sort_2_2             2      2.799     0.000        2.799 
        Upper                                          bitonic_sort_2               2      2.799     0.000        2.799 
        Lower                                          bitonic_sort_2_1             2      2.799     0.000        2.799 
      Lower                                            bitonic_sort_4_1            12     16.796     5.934       22.730 
        outter_loop_1_.inner_loop_1_.s_loop_2_.swapper bitonic_sort_2_11            2      2.799     0.000        2.799 
        outter_loop_1_.inner_loop_0_.s_loop_0_.swapper bitonic_sort_2_10            2      2.799     0.000        2.799 
        outter_loop_0_.inner_loop_0_.s_loop_1_.swapper bitonic_sort_2_9             2      2.799     0.000        2.799 
        outter_loop_0_.inner_loop_0_.s_loop_0_.swapper bitonic_sort_2_8             2      2.799     0.000        2.799 
        Upper                                          bitonic_sort_2_6             2      2.799     0.000        2.799 
        Lower                                          bitonic_sort_2_7             2      2.799     0.000        2.799 
      outter_loop_2_.inner_loop_3_.s_loop_6_.swapper   bitonic_sort_2_23            2      2.799     0.000        2.799 
      outter_loop_2_.inner_loop_2_.s_loop_4_.swapper   bitonic_sort_2_22            2      2.799     0.000        2.799 
      outter_loop_2_.inner_loop_1_.s_loop_2_.swapper   bitonic_sort_2_21            2      2.799     0.000        2.799 
      outter_loop_2_.inner_loop_0_.s_loop_0_.swapper   bitonic_sort_2_20            2      2.799     0.000        2.799 
      outter_loop_1_.inner_loop_1_.s_loop_5_.swapper   bitonic_sort_2_19            2      2.799     0.000        2.799 
      outter_loop_1_.inner_loop_1_.s_loop_4_.swapper   bitonic_sort_2_18            2      2.799     0.000        2.799 
      outter_loop_1_.inner_loop_0_.s_loop_1_.swapper   bitonic_sort_2_17            2      2.799     0.000        2.799 
      outter_loop_1_.inner_loop_0_.s_loop_0_.swapper   bitonic_sort_2_16            2      2.799     0.000        2.799 
      outter_loop_0_.inner_loop_0_.s_loop_3_.swapper   bitonic_sort_2_15            2      2.799     0.000        2.799 
      outter_loop_0_.inner_loop_0_.s_loop_2_.swapper   bitonic_sort_2_14            2      2.799     0.000        2.799 
      outter_loop_0_.inner_loop_0_.s_loop_1_.swapper   bitonic_sort_2_13            2      2.799     0.000        2.799 
      outter_loop_0_.inner_loop_0_.s_loop_0_.swapper   bitonic_sort_2_12            2      2.799     0.000        2.799 
    Lower                                              bitonic_sort_8_1            48     67.185    29.670       96.854 
      Upper                                            bitonic_sort_4_2            12     16.796     5.934       22.730 
        outter_loop_1_.inner_loop_1_.s_loop_2_.swapper bitonic_sort_2_29            2      2.799     0.000        2.799 
        outter_loop_1_.inner_loop_0_.s_loop_0_.swapper bitonic_sort_2_28            2      2.799     0.000        2.799 
        outter_loop_0_.inner_loop_0_.s_loop_1_.swapper bitonic_sort_2_27            2      2.799     0.000        2.799 
        outter_loop_0_.inner_loop_0_.s_loop_0_.swapper bitonic_sort_2_26            2      2.799     0.000        2.799 
        Upper                                          bitonic_sort_2_24            2      2.799     0.000        2.799 
        Lower                                          bitonic_sort_2_25            2      2.799     0.000        2.799 
      Lower                                            bitonic_sort_4_3            12     16.796     5.934       22.730 
        outter_loop_1_.inner_loop_1_.s_loop_2_.swapper bitonic_sort_2_35            2      2.799     0.000        2.799 
        outter_loop_1_.inner_loop_0_.s_loop_0_.swapper bitonic_sort_2_34            2      2.799     0.000        2.799 
        outter_loop_0_.inner_loop_0_.s_loop_1_.swapper bitonic_sort_2_33            2      2.799     0.000        2.799 
        outter_loop_0_.inner_loop_0_.s_loop_0_.swapper bitonic_sort_2_32            2      2.799     0.000        2.799 
        Upper                                          bitonic_sort_2_30            2      2.799     0.000        2.799 
        Lower                                          bitonic_sort_2_31            2      2.799     0.000        2.799 
      outter_loop_2_.inner_loop_3_.s_loop_6_.swapper   bitonic_sort_2_47            2      2.799     0.000        2.799 
      outter_loop_2_.inner_loop_2_.s_loop_4_.swapper   bitonic_sort_2_46            2      2.799     0.000        2.799 
      outter_loop_2_.inner_loop_1_.s_loop_2_.swapper   bitonic_sort_2_45            2      2.799     0.000        2.799 
      outter_loop_2_.inner_loop_0_.s_loop_0_.swapper   bitonic_sort_2_44            2      2.799     0.000        2.799 
      outter_loop_1_.inner_loop_1_.s_loop_5_.swapper   bitonic_sort_2_43            2      2.799     0.000        2.799 
      outter_loop_1_.inner_loop_1_.s_loop_4_.swapper   bitonic_sort_2_42            2      2.799     0.000        2.799 
      outter_loop_1_.inner_loop_0_.s_loop_1_.swapper   bitonic_sort_2_41            2      2.799     0.000        2.799 
      outter_loop_1_.inner_loop_0_.s_loop_0_.swapper   bitonic_sort_2_40            2      2.799     0.000        2.799 
      outter_loop_0_.inner_loop_0_.s_loop_3_.swapper   bitonic_sort_2_39            2      2.799     0.000        2.799 
      outter_loop_0_.inner_loop_0_.s_loop_2_.swapper   bitonic_sort_2_38            2      2.799     0.000        2.799 
      outter_loop_0_.inner_loop_0_.s_loop_1_.swapper   bitonic_sort_2_37            2      2.799     0.000        2.799 
      outter_loop_0_.inner_loop_0_.s_loop_0_.swapper   bitonic_sort_2_36            2      2.799     0.000        2.799 
    outter_loop_3_.inner_loop_7_.s_loop_14_.swapper    bitonic_sort_2_79            2      2.799     0.000        2.799 
    outter_loop_3_.inner_loop_6_.s_loop_12_.swapper    bitonic_sort_2_78            2      2.799     0.000        2.799 
    outter_loop_3_.inner_loop_5_.s_loop_10_.swapper    bitonic_sort_2_77            2      2.799     0.000        2.799 
    outter_loop_3_.inner_loop_4_.s_loop_8_.swapper     bitonic_sort_2_76            2      2.799     0.000        2.799 
    outter_loop_3_.inner_loop_3_.s_loop_6_.swapper     bitonic_sort_2_75            2      2.799     0.000        2.799 
    outter_loop_3_.inner_loop_2_.s_loop_4_.swapper     bitonic_sort_2_74            2      2.799     0.000        2.799 
    outter_loop_3_.inner_loop_1_.s_loop_2_.swapper     bitonic_sort_2_73            2      2.799     0.000        2.799 
    outter_loop_3_.inner_loop_0_.s_loop_0_.swapper     bitonic_sort_2_72            2      2.799     0.000        2.799 
    outter_loop_2_.inner_loop_3_.s_loop_13_.swapper    bitonic_sort_2_71            2      2.799     0.000        2.799 
    outter_loop_2_.inner_loop_3_.s_loop_12_.swapper    bitonic_sort_2_70            2      2.799     0.000        2.799 
    outter_loop_2_.inner_loop_2_.s_loop_9_.swapper     bitonic_sort_2_69            2      2.799     0.000        2.799 
    outter_loop_2_.inner_loop_2_.s_loop_8_.swapper     bitonic_sort_2_68            2      2.799     0.000        2.799 
    outter_loop_2_.inner_loop_1_.s_loop_5_.swapper     bitonic_sort_2_67            2      2.799     0.000        2.799 
    outter_loop_2_.inner_loop_1_.s_loop_4_.swapper     bitonic_sort_2_66            2      2.799     0.000        2.799 
    outter_loop_2_.inner_loop_0_.s_loop_1_.swapper     bitonic_sort_2_65            2      2.799     0.000        2.799 
    outter_loop_2_.inner_loop_0_.s_loop_0_.swapper     bitonic_sort_2_64            2      2.799     0.000        2.799 
    outter_loop_1_.inner_loop_1_.s_loop_11_.swapper    bitonic_sort_2_63            2      2.799     0.000        2.799 
    outter_loop_1_.inner_loop_1_.s_loop_10_.swapper    bitonic_sort_2_62            2      2.799     0.000        2.799 
    outter_loop_1_.inner_loop_1_.s_loop_9_.swapper     bitonic_sort_2_61            2      2.799     0.000        2.799 
    outter_loop_1_.inner_loop_1_.s_loop_8_.swapper     bitonic_sort_2_60            2      2.799     0.000        2.799 
    outter_loop_1_.inner_loop_0_.s_loop_3_.swapper     bitonic_sort_2_59            2      2.799     0.000        2.799 
    outter_loop_1_.inner_loop_0_.s_loop_2_.swapper     bitonic_sort_2_58            2      2.799     0.000        2.799 
    outter_loop_1_.inner_loop_0_.s_loop_1_.swapper     bitonic_sort_2_57            2      2.799     0.000        2.799 
    outter_loop_1_.inner_loop_0_.s_loop_0_.swapper     bitonic_sort_2_56            2      2.799     0.000        2.799 
    outter_loop_0_.inner_loop_0_.s_loop_7_.swapper     bitonic_sort_2_55            2      2.799     0.000        2.799 
    outter_loop_0_.inner_loop_0_.s_loop_6_.swapper     bitonic_sort_2_54            2      2.799     0.000        2.799 
    outter_loop_0_.inner_loop_0_.s_loop_5_.swapper     bitonic_sort_2_53            2      2.799     0.000        2.799 
    outter_loop_0_.inner_loop_0_.s_loop_4_.swapper     bitonic_sort_2_52            2      2.799     0.000        2.799 
    outter_loop_0_.inner_loop_0_.s_loop_3_.swapper     bitonic_sort_2_51            2      2.799     0.000        2.799 
    outter_loop_0_.inner_loop_0_.s_loop_2_.swapper     bitonic_sort_2_50            2      2.799     0.000        2.799 
    outter_loop_0_.inner_loop_0_.s_loop_1_.swapper     bitonic_sort_2_49            2      2.799     0.000        2.799 
    outter_loop_0_.inner_loop_0_.s_loop_0_.swapper     bitonic_sort_2_48            2      2.799     0.000        2.799 
  Lower                                                bitonic_sort_16_1          160    223.949   106.811      330.760 
    Upper                                              bitonic_sort_8_2            48     67.185    29.670       96.854 
      Upper                                            bitonic_sort_4_4            12     16.796     5.934       22.730 
        outter_loop_1_.inner_loop_1_.s_loop_2_.swapper bitonic_sort_2_85            2      2.799     0.000        2.799 
        outter_loop_1_.inner_loop_0_.s_loop_0_.swapper bitonic_sort_2_84            2      2.799     0.000        2.799 
        outter_loop_0_.inner_loop_0_.s_loop_1_.swapper bitonic_sort_2_83            2      2.799     0.000        2.799 
        outter_loop_0_.inner_loop_0_.s_loop_0_.swapper bitonic_sort_2_82            2      2.799     0.000        2.799 
        Upper                                          bitonic_sort_2_80            2      2.799     0.000        2.799 
        Lower                                          bitonic_sort_2_81            2      2.799     0.000        2.799 
      Lower                                            bitonic_sort_4_5            12     16.796     5.934       22.730 
        outter_loop_1_.inner_loop_1_.s_loop_2_.swapper bitonic_sort_2_91            2      2.799     0.000        2.799 
        outter_loop_1_.inner_loop_0_.s_loop_0_.swapper bitonic_sort_2_90            2      2.799     0.000        2.799 
        outter_loop_0_.inner_loop_0_.s_loop_1_.swapper bitonic_sort_2_89            2      2.799     0.000        2.799 
        outter_loop_0_.inner_loop_0_.s_loop_0_.swapper bitonic_sort_2_88            2      2.799     0.000        2.799 
        Upper                                          bitonic_sort_2_86            2      2.799     0.000        2.799 
        Lower                                          bitonic_sort_2_87            2      2.799     0.000        2.799 
      outter_loop_2_.inner_loop_3_.s_loop_6_.swapper   bitonic_sort_2_103           2      2.799     0.000        2.799 
      outter_loop_2_.inner_loop_2_.s_loop_4_.swapper   bitonic_sort_2_102           2      2.799     0.000        2.799 
      outter_loop_2_.inner_loop_1_.s_loop_2_.swapper   bitonic_sort_2_101           2      2.799     0.000        2.799 
      outter_loop_2_.inner_loop_0_.s_loop_0_.swapper   bitonic_sort_2_100           2      2.799     0.000        2.799 
      outter_loop_1_.inner_loop_1_.s_loop_5_.swapper   bitonic_sort_2_99            2      2.799     0.000        2.799 
      outter_loop_1_.inner_loop_1_.s_loop_4_.swapper   bitonic_sort_2_98            2      2.799     0.000        2.799 
      outter_loop_1_.inner_loop_0_.s_loop_1_.swapper   bitonic_sort_2_97            2      2.799     0.000        2.799 
      outter_loop_1_.inner_loop_0_.s_loop_0_.swapper   bitonic_sort_2_96            2      2.799     0.000        2.799 
      outter_loop_0_.inner_loop_0_.s_loop_3_.swapper   bitonic_sort_2_95            2      2.799     0.000        2.799 
      outter_loop_0_.inner_loop_0_.s_loop_2_.swapper   bitonic_sort_2_94            2      2.799     0.000        2.799 
      outter_loop_0_.inner_loop_0_.s_loop_1_.swapper   bitonic_sort_2_93            2      2.799     0.000        2.799 
      outter_loop_0_.inner_loop_0_.s_loop_0_.swapper   bitonic_sort_2_92            2      2.799     0.000        2.799 
    Lower                                              bitonic_sort_8_3            48     67.185    29.670       96.854 
      Upper                                            bitonic_sort_4_6            12     16.796     5.934       22.730 
        outter_loop_1_.inner_loop_1_.s_loop_2_.swapper bitonic_sort_2_109           2      2.799     0.000        2.799 
        outter_loop_1_.inner_loop_0_.s_loop_0_.swapper bitonic_sort_2_108           2      2.799     0.000        2.799 
        outter_loop_0_.inner_loop_0_.s_loop_1_.swapper bitonic_sort_2_107           2      2.799     0.000        2.799 
        outter_loop_0_.inner_loop_0_.s_loop_0_.swapper bitonic_sort_2_106           2      2.799     0.000        2.799 
        Upper                                          bitonic_sort_2_104           2      2.799     0.000        2.799 
        Lower                                          bitonic_sort_2_105           2      2.799     0.000        2.799 
      Lower                                            bitonic_sort_4_7            12     16.796     5.934       22.730 
        outter_loop_1_.inner_loop_1_.s_loop_2_.swapper bitonic_sort_2_115           2      2.799     0.000        2.799 
        outter_loop_1_.inner_loop_0_.s_loop_0_.swapper bitonic_sort_2_114           2      2.799     0.000        2.799 
        outter_loop_0_.inner_loop_0_.s_loop_1_.swapper bitonic_sort_2_113           2      2.799     0.000        2.799 
        outter_loop_0_.inner_loop_0_.s_loop_0_.swapper bitonic_sort_2_112           2      2.799     0.000        2.799 
        Upper                                          bitonic_sort_2_110           2      2.799     0.000        2.799 
        Lower                                          bitonic_sort_2_111           2      2.799     0.000        2.799 
      outter_loop_2_.inner_loop_3_.s_loop_6_.swapper   bitonic_sort_2_127           2      2.799     0.000        2.799 
      outter_loop_2_.inner_loop_2_.s_loop_4_.swapper   bitonic_sort_2_126           2      2.799     0.000        2.799 
      outter_loop_2_.inner_loop_1_.s_loop_2_.swapper   bitonic_sort_2_125           2      2.799     0.000        2.799 
      outter_loop_2_.inner_loop_0_.s_loop_0_.swapper   bitonic_sort_2_124           2      2.799     0.000        2.799 
      outter_loop_1_.inner_loop_1_.s_loop_5_.swapper   bitonic_sort_2_123           2      2.799     0.000        2.799 
      outter_loop_1_.inner_loop_1_.s_loop_4_.swapper   bitonic_sort_2_122           2      2.799     0.000        2.799 
      outter_loop_1_.inner_loop_0_.s_loop_1_.swapper   bitonic_sort_2_121           2      2.799     0.000        2.799 
      outter_loop_1_.inner_loop_0_.s_loop_0_.swapper   bitonic_sort_2_120           2      2.799     0.000        2.799 
      outter_loop_0_.inner_loop_0_.s_loop_3_.swapper   bitonic_sort_2_119           2      2.799     0.000        2.799 
      outter_loop_0_.inner_loop_0_.s_loop_2_.swapper   bitonic_sort_2_118           2      2.799     0.000        2.799 
      outter_loop_0_.inner_loop_0_.s_loop_1_.swapper   bitonic_sort_2_117           2      2.799     0.000        2.799 
      outter_loop_0_.inner_loop_0_.s_loop_0_.swapper   bitonic_sort_2_116           2      2.799     0.000        2.799 
    outter_loop_3_.inner_loop_7_.s_loop_14_.swapper    bitonic_sort_2_159           2      2.799     0.000        2.799 
    outter_loop_3_.inner_loop_6_.s_loop_12_.swapper    bitonic_sort_2_158           2      2.799     0.000        2.799 
    outter_loop_3_.inner_loop_5_.s_loop_10_.swapper    bitonic_sort_2_157           2      2.799     0.000        2.799 
    outter_loop_3_.inner_loop_4_.s_loop_8_.swapper     bitonic_sort_2_156           2      2.799     0.000        2.799 
    outter_loop_3_.inner_loop_3_.s_loop_6_.swapper     bitonic_sort_2_155           2      2.799     0.000        2.799 
    outter_loop_3_.inner_loop_2_.s_loop_4_.swapper     bitonic_sort_2_154           2      2.799     0.000        2.799 
    outter_loop_3_.inner_loop_1_.s_loop_2_.swapper     bitonic_sort_2_153           2      2.799     0.000        2.799 
    outter_loop_3_.inner_loop_0_.s_loop_0_.swapper     bitonic_sort_2_152           2      2.799     0.000        2.799 
    outter_loop_2_.inner_loop_3_.s_loop_13_.swapper    bitonic_sort_2_151           2      2.799     0.000        2.799 
    outter_loop_2_.inner_loop_3_.s_loop_12_.swapper    bitonic_sort_2_150           2      2.799     0.000        2.799 
    outter_loop_2_.inner_loop_2_.s_loop_9_.swapper     bitonic_sort_2_149           2      2.799     0.000        2.799 
    outter_loop_2_.inner_loop_2_.s_loop_8_.swapper     bitonic_sort_2_148           2      2.799     0.000        2.799 
    outter_loop_2_.inner_loop_1_.s_loop_5_.swapper     bitonic_sort_2_147           2      2.799     0.000        2.799 
    outter_loop_2_.inner_loop_1_.s_loop_4_.swapper     bitonic_sort_2_146           2      2.799     0.000        2.799 
    outter_loop_2_.inner_loop_0_.s_loop_1_.swapper     bitonic_sort_2_145           2      2.799     0.000        2.799 
    outter_loop_2_.inner_loop_0_.s_loop_0_.swapper     bitonic_sort_2_144           2      2.799     0.000        2.799 
    outter_loop_1_.inner_loop_1_.s_loop_11_.swapper    bitonic_sort_2_143           2      2.799     0.000        2.799 
    outter_loop_1_.inner_loop_1_.s_loop_10_.swapper    bitonic_sort_2_142           2      2.799     0.000        2.799 
    outter_loop_1_.inner_loop_1_.s_loop_9_.swapper     bitonic_sort_2_141           2      2.799     0.000        2.799 
    outter_loop_1_.inner_loop_1_.s_loop_8_.swapper     bitonic_sort_2_140           2      2.799     0.000        2.799 
    outter_loop_1_.inner_loop_0_.s_loop_3_.swapper     bitonic_sort_2_139           2      2.799     0.000        2.799 
    outter_loop_1_.inner_loop_0_.s_loop_2_.swapper     bitonic_sort_2_138           2      2.799     0.000        2.799 
    outter_loop_1_.inner_loop_0_.s_loop_1_.swapper     bitonic_sort_2_137           2      2.799     0.000        2.799 
    outter_loop_1_.inner_loop_0_.s_loop_0_.swapper     bitonic_sort_2_136           2      2.799     0.000        2.799 
    outter_loop_0_.inner_loop_0_.s_loop_7_.swapper     bitonic_sort_2_135           2      2.799     0.000        2.799 
    outter_loop_0_.inner_loop_0_.s_loop_6_.swapper     bitonic_sort_2_134           2      2.799     0.000        2.799 
    outter_loop_0_.inner_loop_0_.s_loop_5_.swapper     bitonic_sort_2_133           2      2.799     0.000        2.799 
    outter_loop_0_.inner_loop_0_.s_loop_4_.swapper     bitonic_sort_2_132           2      2.799     0.000        2.799 
    outter_loop_0_.inner_loop_0_.s_loop_3_.swapper     bitonic_sort_2_131           2      2.799     0.000        2.799 
    outter_loop_0_.inner_loop_0_.s_loop_2_.swapper     bitonic_sort_2_130           2      2.799     0.000        2.799 
    outter_loop_0_.inner_loop_0_.s_loop_1_.swapper     bitonic_sort_2_129           2      2.799     0.000        2.799 
    outter_loop_0_.inner_loop_0_.s_loop_0_.swapper     bitonic_sort_2_128           2      2.799     0.000        2.799 
  outter_loop_4_.inner_loop_15_.s_loop_30_.swapper     bitonic_sort_2_239           2      2.799     0.000        2.799 
  outter_loop_4_.inner_loop_14_.s_loop_28_.swapper     bitonic_sort_2_238           2      2.799     0.000        2.799 
  outter_loop_4_.inner_loop_13_.s_loop_26_.swapper     bitonic_sort_2_237           2      2.799     0.000        2.799 
  outter_loop_4_.inner_loop_12_.s_loop_24_.swapper     bitonic_sort_2_236           2      2.799     0.000        2.799 
  outter_loop_4_.inner_loop_11_.s_loop_22_.swapper     bitonic_sort_2_235           2      2.799     0.000        2.799 
  outter_loop_4_.inner_loop_10_.s_loop_20_.swapper     bitonic_sort_2_234           2      2.799     0.000        2.799 
  outter_loop_4_.inner_loop_9_.s_loop_18_.swapper      bitonic_sort_2_233           2      2.799     0.000        2.799 
  outter_loop_4_.inner_loop_8_.s_loop_16_.swapper      bitonic_sort_2_232           2      2.799     0.000        2.799 
  outter_loop_4_.inner_loop_7_.s_loop_14_.swapper      bitonic_sort_2_231           2      2.799     0.000        2.799 
  outter_loop_4_.inner_loop_6_.s_loop_12_.swapper      bitonic_sort_2_230           2      2.799     0.000        2.799 
  outter_loop_4_.inner_loop_5_.s_loop_10_.swapper      bitonic_sort_2_229           2      2.799     0.000        2.799 
  outter_loop_4_.inner_loop_4_.s_loop_8_.swapper       bitonic_sort_2_228           2      2.799     0.000        2.799 
  outter_loop_4_.inner_loop_3_.s_loop_6_.swapper       bitonic_sort_2_227           2      2.799     0.000        2.799 
  outter_loop_4_.inner_loop_2_.s_loop_4_.swapper       bitonic_sort_2_226           2      2.799     0.000        2.799 
  outter_loop_4_.inner_loop_1_.s_loop_2_.swapper       bitonic_sort_2_225           2      2.799     0.000        2.799 
  outter_loop_4_.inner_loop_0_.s_loop_0_.swapper       bitonic_sort_2_224           2      2.799     0.000        2.799 
  outter_loop_3_.inner_loop_7_.s_loop_29_.swapper      bitonic_sort_2_223           2      2.799     0.000        2.799 
  outter_loop_3_.inner_loop_7_.s_loop_28_.swapper      bitonic_sort_2_222           2      2.799     0.000        2.799 
  outter_loop_3_.inner_loop_6_.s_loop_25_.swapper      bitonic_sort_2_221           2      2.799     0.000        2.799 
  outter_loop_3_.inner_loop_6_.s_loop_24_.swapper      bitonic_sort_2_220           2      2.799     0.000        2.799 
  outter_loop_3_.inner_loop_5_.s_loop_21_.swapper      bitonic_sort_2_219           2      2.799     0.000        2.799 
  outter_loop_3_.inner_loop_5_.s_loop_20_.swapper      bitonic_sort_2_218           2      2.799     0.000        2.799 
  outter_loop_3_.inner_loop_4_.s_loop_17_.swapper      bitonic_sort_2_217           2      2.799     0.000        2.799 
  outter_loop_3_.inner_loop_4_.s_loop_16_.swapper      bitonic_sort_2_216           2      2.799     0.000        2.799 
  outter_loop_3_.inner_loop_3_.s_loop_13_.swapper      bitonic_sort_2_215           2      2.799     0.000        2.799 
  outter_loop_3_.inner_loop_3_.s_loop_12_.swapper      bitonic_sort_2_214           2      2.799     0.000        2.799 
  outter_loop_3_.inner_loop_2_.s_loop_9_.swapper       bitonic_sort_2_213           2      2.799     0.000        2.799 
  outter_loop_3_.inner_loop_2_.s_loop_8_.swapper       bitonic_sort_2_212           2      2.799     0.000        2.799 
  outter_loop_3_.inner_loop_1_.s_loop_5_.swapper       bitonic_sort_2_211           2      2.799     0.000        2.799 
  outter_loop_3_.inner_loop_1_.s_loop_4_.swapper       bitonic_sort_2_210           2      2.799     0.000        2.799 
  outter_loop_3_.inner_loop_0_.s_loop_1_.swapper       bitonic_sort_2_209           2      2.799     0.000        2.799 
  outter_loop_3_.inner_loop_0_.s_loop_0_.swapper       bitonic_sort_2_208           2      2.799     0.000        2.799 
  outter_loop_2_.inner_loop_3_.s_loop_27_.swapper      bitonic_sort_2_207           2      2.799     0.000        2.799 
  outter_loop_2_.inner_loop_3_.s_loop_26_.swapper      bitonic_sort_2_206           2      2.799     0.000        2.799 
  outter_loop_2_.inner_loop_3_.s_loop_25_.swapper      bitonic_sort_2_205           2      2.799     0.000        2.799 
  outter_loop_2_.inner_loop_3_.s_loop_24_.swapper      bitonic_sort_2_204           2      2.799     0.000        2.799 
  outter_loop_2_.inner_loop_2_.s_loop_19_.swapper      bitonic_sort_2_203           2      2.799     0.000        2.799 
  outter_loop_2_.inner_loop_2_.s_loop_18_.swapper      bitonic_sort_2_202           2      2.799     0.000        2.799 
  outter_loop_2_.inner_loop_2_.s_loop_17_.swapper      bitonic_sort_2_201           2      2.799     0.000        2.799 
  outter_loop_2_.inner_loop_2_.s_loop_16_.swapper      bitonic_sort_2_200           2      2.799     0.000        2.799 
  outter_loop_2_.inner_loop_1_.s_loop_11_.swapper      bitonic_sort_2_199           2      2.799     0.000        2.799 
  outter_loop_2_.inner_loop_1_.s_loop_10_.swapper      bitonic_sort_2_198           2      2.799     0.000        2.799 
  outter_loop_2_.inner_loop_1_.s_loop_9_.swapper       bitonic_sort_2_197           2      2.799     0.000        2.799 
  outter_loop_2_.inner_loop_1_.s_loop_8_.swapper       bitonic_sort_2_196           2      2.799     0.000        2.799 
  outter_loop_2_.inner_loop_0_.s_loop_3_.swapper       bitonic_sort_2_195           2      2.799     0.000        2.799 
  outter_loop_2_.inner_loop_0_.s_loop_2_.swapper       bitonic_sort_2_194           2      2.799     0.000        2.799 
  outter_loop_2_.inner_loop_0_.s_loop_1_.swapper       bitonic_sort_2_193           2      2.799     0.000        2.799 
  outter_loop_2_.inner_loop_0_.s_loop_0_.swapper       bitonic_sort_2_192           2      2.799     0.000        2.799 
  outter_loop_1_.inner_loop_1_.s_loop_23_.swapper      bitonic_sort_2_191           2      2.799     0.000        2.799 
  outter_loop_1_.inner_loop_1_.s_loop_22_.swapper      bitonic_sort_2_190           2      2.799     0.000        2.799 
  outter_loop_1_.inner_loop_1_.s_loop_21_.swapper      bitonic_sort_2_189           2      2.799     0.000        2.799 
  outter_loop_1_.inner_loop_1_.s_loop_20_.swapper      bitonic_sort_2_188           2      2.799     0.000        2.799 
  outter_loop_1_.inner_loop_1_.s_loop_19_.swapper      bitonic_sort_2_187           2      2.799     0.000        2.799 
  outter_loop_1_.inner_loop_1_.s_loop_18_.swapper      bitonic_sort_2_186           2      2.799     0.000        2.799 
  outter_loop_1_.inner_loop_1_.s_loop_17_.swapper      bitonic_sort_2_185           2      2.799     0.000        2.799 
  outter_loop_1_.inner_loop_1_.s_loop_16_.swapper      bitonic_sort_2_184           2      2.799     0.000        2.799 
  outter_loop_1_.inner_loop_0_.s_loop_7_.swapper       bitonic_sort_2_183           2      2.799     0.000        2.799 
  outter_loop_1_.inner_loop_0_.s_loop_6_.swapper       bitonic_sort_2_182           2      2.799     0.000        2.799 
  outter_loop_1_.inner_loop_0_.s_loop_5_.swapper       bitonic_sort_2_181           2      2.799     0.000        2.799 
  outter_loop_1_.inner_loop_0_.s_loop_4_.swapper       bitonic_sort_2_180           2      2.799     0.000        2.799 
  outter_loop_1_.inner_loop_0_.s_loop_3_.swapper       bitonic_sort_2_179           2      2.799     0.000        2.799 
  outter_loop_1_.inner_loop_0_.s_loop_2_.swapper       bitonic_sort_2_178           2      2.799     0.000        2.799 
  outter_loop_1_.inner_loop_0_.s_loop_1_.swapper       bitonic_sort_2_177           2      2.799     0.000        2.799 
  outter_loop_1_.inner_loop_0_.s_loop_0_.swapper       bitonic_sort_2_176           2      2.799     0.000        2.799 
  outter_loop_0_.inner_loop_0_.s_loop_15_.swapper      bitonic_sort_2_175           2      2.799     0.000        2.799 
  outter_loop_0_.inner_loop_0_.s_loop_14_.swapper      bitonic_sort_2_174           2      2.799     0.000        2.799 
  outter_loop_0_.inner_loop_0_.s_loop_13_.swapper      bitonic_sort_2_173           2      2.799     0.000        2.799 
  outter_loop_0_.inner_loop_0_.s_loop_12_.swapper      bitonic_sort_2_172           2      2.799     0.000        2.799 
  outter_loop_0_.inner_loop_0_.s_loop_11_.swapper      bitonic_sort_2_171           2      2.799     0.000        2.799 
  outter_loop_0_.inner_loop_0_.s_loop_10_.swapper      bitonic_sort_2_170           2      2.799     0.000        2.799 
  outter_loop_0_.inner_loop_0_.s_loop_9_.swapper       bitonic_sort_2_169           2      2.799     0.000        2.799 
  outter_loop_0_.inner_loop_0_.s_loop_8_.swapper       bitonic_sort_2_168           2      2.799     0.000        2.799 
  outter_loop_0_.inner_loop_0_.s_loop_7_.swapper       bitonic_sort_2_167           2      2.799     0.000        2.799 
  outter_loop_0_.inner_loop_0_.s_loop_6_.swapper       bitonic_sort_2_166           2      2.799     0.000        2.799 
  outter_loop_0_.inner_loop_0_.s_loop_5_.swapper       bitonic_sort_2_165           2      2.799     0.000        2.799 
  outter_loop_0_.inner_loop_0_.s_loop_4_.swapper       bitonic_sort_2_164           2      2.799     0.000        2.799 
  outter_loop_0_.inner_loop_0_.s_loop_3_.swapper       bitonic_sort_2_163           2      2.799     0.000        2.799 
  outter_loop_0_.inner_loop_0_.s_loop_2_.swapper       bitonic_sort_2_162           2      2.799     0.000        2.799 
  outter_loop_0_.inner_loop_0_.s_loop_1_.swapper       bitonic_sort_2_161           2      2.799     0.000        2.799 
  outter_loop_0_.inner_loop_0_.s_loop_0_.swapper       bitonic_sort_2_160           2      2.799     0.000        2.799 
