============================================================
  Generated by:           Genus(TM) Synthesis Solution 18.14-s037_1
  Generated on:           Mar 29 2022  03:02:14 pm
  Module:                 bitonic_sort_32
  Operating conditions:   PVT_0P7V_25C 
  Interconnect mode:      global
  Area mode:              physical library
============================================================

                                         Leakage  
       Gate         Instances   Area   Power (nW)                 Library                 
------------------------------------------------------------------------------------------
AND2x2_ASAP7_75t_R        240  335.923     35.853    asap7sc7p5t_SIMPLE_RVT_TT_ccs_201020 
OR2x2_ASAP7_75t_R         240  335.923     35.821    asap7sc7p5t_SIMPLE_RVT_TT_ccs_201020 
------------------------------------------------------------------------------------------
total                     480  671.846     71.674                                         


                                          Leakage  Leakage 
     Type      Instances   Area  Area % Power (nW) Power % 
-----------------------------------------------------------
logic                480 671.846  100.0     71.674   100.0 
physical_cells         0   0.000    0.0      0.000     0.0 
-----------------------------------------------------------
total                480 671.846  100.0     71.674   100.0 

