============================================================
  Generated by:           Genus(TM) Synthesis Solution 20.11-s111_1
  Generated on:           Apr 25 2022  04:08:20 am
  Module:                 mux_t_t_t_1
  Operating conditions:   PVT_0P7V_25C 
  Interconnect mode:      global
  Area mode:              physical library
============================================================

Timing
-------
  Cost    Critical         Violating 
 Group   Path Slack  TNS     Paths   
-------------------------------------
default    No paths   0.0            
-------------------------------------
Total                 0.0          0 

Instance Count
--------------
Leaf Instance Count             50 
Physical Instance count          0 
Sequential Instance Count        0 
Combinational Instance Count    50 
Hierarchical Instance Count     16 

Area
----
Cell Area                          57.620
Physical Cell Area                 0.000
Total Cell Area (Cell+Physical)    57.620
Net Area                           39.159
Total Area (Cell+Physical+Net)     96.779

Runtime                            0.0 seconds
Elapsed Runtime                    19 seconds
Genus peak memory usage            1181.30 
Innovus peak memory usage          no_value 
Hostname                           ECE010.ece.local.cmu.edu
