============================================================
  Generated by:           Genus(TM) Synthesis Solution 20.11-s111_1
  Generated on:           Apr 25 2022  04:08:20 am
  Module:                 mux_t_t_t_1
  Operating conditions:   PVT_0P7V_25C 
  Interconnect mode:      global
  Area mode:              physical library
============================================================

                                          Leakage  
        Gate          Instances   Area  Power (nW)                 Library                 
-------------------------------------------------------------------------------------------
HB1xp67_ASAP7_75t_R           8   7.465      0.407    asap7sc7p5t_INVBUF_RVT_TT_ccs_201020 
INVx1_ASAP7_75t_R             8   5.599      0.409    asap7sc7p5t_INVBUF_RVT_TT_ccs_201020 
NOR2xp33_ASAP7_75t_R         16  14.930      0.471    asap7sc7p5t_SIMPLE_RVT_TT_ccs_201020 
NOR3xp33_ASAP7_75t_R          8   9.331      0.349    asap7sc7p5t_SIMPLE_RVT_TT_ccs_201020 
OR4x1_ASAP7_75t_R             1   1.633      0.175    asap7sc7p5t_SIMPLE_RVT_TT_ccs_201020 
OR5x1_ASAP7_75t_R             1   1.866      0.120    asap7sc7p5t_SIMPLE_RVT_TT_ccs_201020 
XOR2xp5_ASAP7_75t_R           8  16.796      1.074    asap7sc7p5t_SIMPLE_RVT_TT_ccs_201020 
-------------------------------------------------------------------------------------------
total                        50  57.620      3.006                                         


                                                                    Leakage  Leakage 
               Library               Instances Instances %  Area  Power (nW) Power % 
-------------------------------------------------------------------------------------
asap7sc7p5t_INVBUF_RVT_TT_ccs_201020        16        32.0 13.064      0.817    27.2 
asap7sc7p5t_SIMPLE_RVT_TT_ccs_201020        34        68.0 44.556      2.189    72.8 

                                         Leakage  Leakage 
     Type      Instances  Area  Area % Power (nW) Power % 
----------------------------------------------------------
inverter               8  5.599    9.7      0.409    13.6 
buffer                 8  7.465   13.0      0.407    13.6 
logic                 34 44.556   77.3      2.189    72.8 
physical_cells         0  0.000    0.0      0.000     0.0 
----------------------------------------------------------
total                 50 57.620  100.0      3.006   100.0 

