============================================================
  Generated by:           Genus(TM) Synthesis Solution 20.11-s111_1
  Generated on:           Apr 04 2022  12:42:17 am
  Module:                 greater_than_eq
  Operating conditions:   PVT_0P7V_25C 
  Interconnect mode:      global
  Area mode:              physical library
============================================================

                                              Leakage  
          Gate            Instances   Area  Power (nW)                 Library                 
-----------------------------------------------------------------------------------------------
AOI32xp33_ASAP7_75t_R             1   1.633      0.076    asap7sc7p5t_AO_RVT_TT_ccs_201020     
ASYNC_DFFHx1_ASAP7_75t_R          4  24.261      1.220    asap7sc7p5t_SEQ_RVT_TT_ccs_201020    
HAxp5_ASAP7_75t_R                 1   2.100      0.138    asap7sc7p5t_SIMPLE_RVT_TT_ccs_201020 
HB1xp67_ASAP7_75t_R               1   0.933      0.051    asap7sc7p5t_INVBUF_RVT_TT_ccs_201020 
INVx1_ASAP7_75t_R                 3   2.100      0.155    asap7sc7p5t_INVBUF_RVT_TT_ccs_201020 
INVxp67_ASAP7_75t_R               3   2.100      0.101    asap7sc7p5t_INVBUF_RVT_TT_ccs_201020 
NAND2xp5_ASAP7_75t_R              3   2.799      0.155    asap7sc7p5t_SIMPLE_RVT_TT_ccs_201020 
NOR2xp33_ASAP7_75t_R              5   4.666      0.139    asap7sc7p5t_SIMPLE_RVT_TT_ccs_201020 
OAI21xp5_ASAP7_75t_R              2   2.333      0.173    asap7sc7p5t_OA_RVT_TT_ccs_201020     
OAI31xp33_ASAP7_75t_R             1   1.400      0.051    asap7sc7p5t_OA_RVT_TT_ccs_201020     
OR3x1_ASAP7_75t_R                 1   1.400      0.096    asap7sc7p5t_SIMPLE_RVT_TT_ccs_201020 
XOR2xp5_ASAP7_75t_R               1   2.100      0.131    asap7sc7p5t_SIMPLE_RVT_TT_ccs_201020 
-----------------------------------------------------------------------------------------------
total                            26  47.822      2.486                                         


                                                                    Leakage  Leakage 
               Library               Instances Instances %  Area  Power (nW) Power % 
-------------------------------------------------------------------------------------
asap7sc7p5t_AO_RVT_TT_ccs_201020             1         3.8  1.633      0.076     3.1 
asap7sc7p5t_INVBUF_RVT_TT_ccs_201020         7        26.9  5.132      0.307    12.3 
asap7sc7p5t_OA_RVT_TT_ccs_201020             3        11.5  3.732      0.224     9.0 
asap7sc7p5t_SEQ_RVT_TT_ccs_201020            4        15.4 24.261      1.220    49.1 
asap7sc7p5t_SIMPLE_RVT_TT_ccs_201020        11        42.3 13.064      0.659    26.5 

                                         Leakage  Leakage 
     Type      Instances  Area  Area % Power (nW) Power % 
----------------------------------------------------------
sequential             4 24.261   50.7      1.220    49.1 
inverter               6  4.199    8.8      0.256    10.3 
buffer                 1  0.933    2.0      0.051     2.0 
logic                 15 18.429   38.5      0.959    38.6 
physical_cells         0  0.000    0.0      0.000     0.0 
----------------------------------------------------------
total                 26 47.822  100.0      2.486   100.0 

