============================================================
  Generated by:           Genus(TM) Synthesis Solution 20.11-s111_1
  Generated on:           Apr 04 2022  12:44:10 am
  Module:                 exclusive_max
  Operating conditions:   PVT_0P7V_25C 
  Interconnect mode:      global
  Area mode:              physical library
============================================================


Path 1: UNCONSTRAINED
     Startpoint: (R) a
       Endpoint: (F) q

                   Capture    Launch  
      Drv Adjust:+       0         0  
                                      
       Data Path:-      76            

#--------------------------------------------------------------------------------------------------
# Timing Point   Flags   Arc   Edge         Cell          Fanout Load Trans Delay Arrival Instance 
#                                                                (fF)  (ps)  (ps)   (ps)  Location 
#--------------------------------------------------------------------------------------------------
  a              -       -     R     (arrival)                 2  2.0     0     0       0    (-,-) 
  g28__6260/Y    -       B->Y  R     XOR2xp5_ASAP7_75t_R       1  0.6    20    19      19    (-,-) 
  sr/g24__2398/Y -       B->Y  F     NOR2xp33_ASAP7_75t_R      2  1.4    34    25      44    (-,-) 
  g29__4319/Y    -       A->Y  F     OR3x1_ASAP7_75t_R         1  0.3    10    32      76    (-,-) 
  q              -       -     F     (port)                    -    -     -     0      76    (-,-) 
#--------------------------------------------------------------------------------------------------

