============================================================
  Generated by:           Genus(TM) Synthesis Solution 20.11-s111_1
  Generated on:           Apr 25 2022  04:05:39 am
  Module:                 mux_t_be_t_1
  Operating conditions:   PVT_0P7V_25C 
  Interconnect mode:      global
  Area mode:              physical library
============================================================

Timing
--------

Clock  Period 
--------------
aclk  10000.0 


  Cost    Critical         Violating 
 Group   Path Slack  TNS     Paths   
-------------------------------------
aclk         5144.7   0.0          0 
default    No paths   0.0            
-------------------------------------
Total                 0.0          0 

Instance Count
--------------
Leaf Instance Count             1089 
Physical Instance count            0 
Sequential Instance Count        134 
Combinational Instance Count     955 
Hierarchical Instance Count      257 

Area
----
Cell Area                          1860.641
Physical Cell Area                 0.000
Total Cell Area (Cell+Physical)    1860.641
Net Area                           770.377
Total Area (Cell+Physical+Net)     2631.018

Runtime                            0.0 seconds
Elapsed Runtime                    34 seconds
Genus peak memory usage            1167.36 
Innovus peak memory usage          no_value 
Hostname                           ECE010.ece.local.cmu.edu
