============================================================
  Generated by:           Genus(TM) Synthesis Solution 20.11-s111_1
  Generated on:           Apr 25 2022  04:05:39 am
  Module:                 mux_t_be_t_1
  Operating conditions:   PVT_0P7V_25C 
  Interconnect mode:      global
  Area mode:              physical library
============================================================

                                                Leakage  
          Gate            Instances    Area   Power (nW)                 Library                 
-------------------------------------------------------------------------------------------------
AND5x1_ASAP7_75t_R                1     1.866      0.117    asap7sc7p5t_SIMPLE_RVT_TT_ccs_201020 
AO21x1_ASAP7_75t_R                1     1.400      0.143    asap7sc7p5t_AO_RVT_TT_ccs_201020     
AOI211xp5_ASAP7_75t_R             1     1.400      0.058    asap7sc7p5t_AO_RVT_TT_ccs_201020     
AOI21xp5_ASAP7_75t_R              1     1.166      0.063    asap7sc7p5t_AO_RVT_TT_ccs_201020     
ASYNC_DFFHx1_ASAP7_75t_R        134   812.748     40.880    asap7sc7p5t_SEQ_RVT_TT_ccs_201020    
BUFx8_ASAP7_75t_R                 1     2.799      0.485    asap7sc7p5t_INVBUF_RVT_TT_ccs_201020 
HAxp5_ASAP7_75t_R                 3     6.299      0.412    asap7sc7p5t_SIMPLE_RVT_TT_ccs_201020 
HB1xp67_ASAP7_75t_R             128   119.439      6.630    asap7sc7p5t_INVBUF_RVT_TT_ccs_201020 
INVx1_ASAP7_75t_R               261   182.658     13.207    asap7sc7p5t_INVBUF_RVT_TT_ccs_201020 
INVxp67_ASAP7_75t_R               3     2.100      0.101    asap7sc7p5t_INVBUF_RVT_TT_ccs_201020 
MAJIxp5_ASAP7_75t_R               1     1.633      0.092    asap7sc7p5t_SIMPLE_RVT_TT_ccs_201020 
NAND2xp5_ASAP7_75t_R              2     1.866      0.100    asap7sc7p5t_SIMPLE_RVT_TT_ccs_201020 
NAND3xp33_ASAP7_75t_R             1     1.166      0.057    asap7sc7p5t_SIMPLE_RVT_TT_ccs_201020 
NAND5xp2_ASAP7_75t_R              1     1.633      0.040    asap7sc7p5t_SIMPLE_RVT_TT_ccs_201020 
NOR2xp33_ASAP7_75t_R            256   238.879      7.398    asap7sc7p5t_SIMPLE_RVT_TT_ccs_201020 
NOR3xp33_ASAP7_75t_R            129   150.466      3.963    asap7sc7p5t_SIMPLE_RVT_TT_ccs_201020 
NOR4xp25_ASAP7_75t_R              1     1.400      0.134    asap7sc7p5t_SIMPLE_RVT_TT_ccs_201020 
NOR5xp2_ASAP7_75t_R               8    13.064      1.098    asap7sc7p5t_SIMPLE_RVT_TT_ccs_201020 
OAI21xp5_ASAP7_75t_R              1     1.166      0.072    asap7sc7p5t_OA_RVT_TT_ccs_201020     
OR2x2_ASAP7_75t_R                 1     1.400      0.150    asap7sc7p5t_SIMPLE_RVT_TT_ccs_201020 
OR4x1_ASAP7_75t_R                 8    13.064      1.979    asap7sc7p5t_SIMPLE_RVT_TT_ccs_201020 
OR5x1_ASAP7_75t_R                15    27.994      3.006    asap7sc7p5t_SIMPLE_RVT_TT_ccs_201020 
XNOR2xp5_ASAP7_75t_R              1     2.100      0.137    asap7sc7p5t_SIMPLE_RVT_TT_ccs_201020 
XOR2xp5_ASAP7_75t_R             130   272.938     17.202    asap7sc7p5t_SIMPLE_RVT_TT_ccs_201020 
-------------------------------------------------------------------------------------------------
total                          1089  1860.641     97.526                                         


                                                                     Leakage  Leakage 
               Library               Instances Instances %   Area  Power (nW) Power % 
--------------------------------------------------------------------------------------
asap7sc7p5t_AO_RVT_TT_ccs_201020             3         0.3   3.966      0.264     0.3 
asap7sc7p5t_INVBUF_RVT_TT_ccs_201020       393        36.1 306.996     20.423    20.9 
asap7sc7p5t_OA_RVT_TT_ccs_201020             1         0.1   1.166      0.072     0.1 
asap7sc7p5t_SEQ_RVT_TT_ccs_201020          134        12.3 812.748     40.880    41.9 
asap7sc7p5t_SIMPLE_RVT_TT_ccs_201020       558        51.2 735.765     35.887    36.8 

                                           Leakage  Leakage 
     Type      Instances   Area   Area % Power (nW) Power % 
------------------------------------------------------------
sequential           134  812.748   43.7     40.880    41.9 
inverter             264  184.758    9.9     13.308    13.6 
buffer               129  122.239    6.6      7.115     7.3 
logic                562  740.897   39.8     36.223    37.1 
physical_cells         0    0.000    0.0      0.000     0.0 
------------------------------------------------------------
total               1089 1860.641  100.0     97.526   100.0 

