============================================================
  Generated by:           Genus(TM) Synthesis Solution 18.14-s037_1
  Generated on:           Apr 24 2022  10:30:26 pm
  Module:                 mem_group_share
  Operating conditions:   PVT_0P7V_25C 
  Interconnect mode:      global
  Area mode:              physical library
============================================================

      Instance                       Module                   Cell Count  Cell Area  Net Area   Total Area 
-----------------------------------------------------------------------------------------------------------
mem_group_share                                                     3251   6847.001  2651.935     9498.936 
  genblk1_127_.unit mem_GAMMA_CYCLE_WIDTH16_PULSE_WIDTH8_127          26     53.654    16.357       70.011 
  genblk1_126_.unit mem_GAMMA_CYCLE_WIDTH16_PULSE_WIDTH8_126          26     53.654    16.357       70.011 
  genblk1_123_.unit mem_GAMMA_CYCLE_WIDTH16_PULSE_WIDTH8_123          26     53.654    16.357       70.011 
  genblk1_108_.unit mem_GAMMA_CYCLE_WIDTH16_PULSE_WIDTH8_108          26     53.654    16.357       70.011 
  genblk1_67_.unit  mem_GAMMA_CYCLE_WIDTH16_PULSE_WIDTH8_67           26     53.654    16.357       70.011 
  genblk1_58_.unit  mem_GAMMA_CYCLE_WIDTH16_PULSE_WIDTH8_58           26     53.654    16.357       70.011 
  genblk1_56_.unit  mem_GAMMA_CYCLE_WIDTH16_PULSE_WIDTH8_56           26     53.654    16.357       70.011 
  genblk1_54_.unit  mem_GAMMA_CYCLE_WIDTH16_PULSE_WIDTH8_54           26     53.654    16.357       70.011 
  genblk1_52_.unit  mem_GAMMA_CYCLE_WIDTH16_PULSE_WIDTH8_52           26     53.654    16.357       70.011 
  genblk1_51_.unit  mem_GAMMA_CYCLE_WIDTH16_PULSE_WIDTH8_51           26     53.654    16.357       70.011 
  genblk1_50_.unit  mem_GAMMA_CYCLE_WIDTH16_PULSE_WIDTH8_50           26     53.654    16.357       70.011 
  genblk1_49_.unit  mem_GAMMA_CYCLE_WIDTH16_PULSE_WIDTH8_49           26     53.654    16.357       70.011 
  genblk1_47_.unit  mem_GAMMA_CYCLE_WIDTH16_PULSE_WIDTH8_47           26     53.654    16.357       70.011 
  genblk1_46_.unit  mem_GAMMA_CYCLE_WIDTH16_PULSE_WIDTH8_46           26     53.654    16.357       70.011 
  genblk1_45_.unit  mem_GAMMA_CYCLE_WIDTH16_PULSE_WIDTH8_45           26     53.654    16.357       70.011 
  genblk1_44_.unit  mem_GAMMA_CYCLE_WIDTH16_PULSE_WIDTH8_44           26     53.654    16.357       70.011 
  genblk1_43_.unit  mem_GAMMA_CYCLE_WIDTH16_PULSE_WIDTH8_43           26     53.654    16.357       70.011 
  genblk1_39_.unit  mem_GAMMA_CYCLE_WIDTH16_PULSE_WIDTH8_39           26     53.654    16.357       70.011 
  genblk1_38_.unit  mem_GAMMA_CYCLE_WIDTH16_PULSE_WIDTH8_38           26     53.654    16.357       70.011 
  genblk1_33_.unit  mem_GAMMA_CYCLE_WIDTH16_PULSE_WIDTH8_33           26     53.654    16.357       70.011 
  genblk1_28_.unit  mem_GAMMA_CYCLE_WIDTH16_PULSE_WIDTH8_28           26     53.654    16.357       70.011 
  genblk1_24_.unit  mem_GAMMA_CYCLE_WIDTH16_PULSE_WIDTH8_24           26     53.654    16.357       70.011 
  genblk1_23_.unit  mem_GAMMA_CYCLE_WIDTH16_PULSE_WIDTH8_23           26     53.654    16.357       70.011 
  genblk1_22_.unit  mem_GAMMA_CYCLE_WIDTH16_PULSE_WIDTH8_22           26     53.654    16.357       70.011 
  genblk1_21_.unit  mem_GAMMA_CYCLE_WIDTH16_PULSE_WIDTH8_21           26     53.654    16.357       70.011 
  genblk1_15_.unit  mem_GAMMA_CYCLE_WIDTH16_PULSE_WIDTH8_15           26     53.654    16.357       70.011 
  genblk1_14_.unit  mem_GAMMA_CYCLE_WIDTH16_PULSE_WIDTH8_14           26     53.654    16.357       70.011 
  genblk1_13_.unit  mem_GAMMA_CYCLE_WIDTH16_PULSE_WIDTH8_13           26     53.654    16.357       70.011 
  genblk1_12_.unit  mem_GAMMA_CYCLE_WIDTH16_PULSE_WIDTH8_12           26     53.654    16.357       70.011 
  genblk1_11_.unit  mem_GAMMA_CYCLE_WIDTH16_PULSE_WIDTH8_11           26     53.654    16.357       70.011 
  genblk1_5_.unit   mem_GAMMA_CYCLE_WIDTH16_PULSE_WIDTH8_5            26     53.654    16.357       70.011 
  genblk1_3_.unit   mem_GAMMA_CYCLE_WIDTH16_PULSE_WIDTH8_3            26     53.654    16.357       70.011 
  genblk1_125_.unit mem_GAMMA_CYCLE_WIDTH16_PULSE_WIDTH8_125          25     52.955    15.372       68.327 
  genblk1_124_.unit mem_GAMMA_CYCLE_WIDTH16_PULSE_WIDTH8_124          25     52.955    15.372       68.327 
  genblk1_122_.unit mem_GAMMA_CYCLE_WIDTH16_PULSE_WIDTH8_122          25     52.955    15.372       68.327 
  genblk1_121_.unit mem_GAMMA_CYCLE_WIDTH16_PULSE_WIDTH8_121          25     52.955    15.372       68.327 
  genblk1_120_.unit mem_GAMMA_CYCLE_WIDTH16_PULSE_WIDTH8_120          25     52.955    15.372       68.327 
  genblk1_119_.unit mem_GAMMA_CYCLE_WIDTH16_PULSE_WIDTH8_119          25     52.955    15.372       68.327 
  genblk1_118_.unit mem_GAMMA_CYCLE_WIDTH16_PULSE_WIDTH8_118          25     52.955    15.372       68.327 
  genblk1_117_.unit mem_GAMMA_CYCLE_WIDTH16_PULSE_WIDTH8_117          25     52.955    15.372       68.327 
  genblk1_116_.unit mem_GAMMA_CYCLE_WIDTH16_PULSE_WIDTH8_116          25     52.955    15.372       68.327 
  genblk1_115_.unit mem_GAMMA_CYCLE_WIDTH16_PULSE_WIDTH8_115          25     52.955    15.372       68.327 
  genblk1_114_.unit mem_GAMMA_CYCLE_WIDTH16_PULSE_WIDTH8_114          25     52.955    15.372       68.327 
  genblk1_113_.unit mem_GAMMA_CYCLE_WIDTH16_PULSE_WIDTH8_113          25     52.955    15.372       68.327 
  genblk1_112_.unit mem_GAMMA_CYCLE_WIDTH16_PULSE_WIDTH8_112          25     52.955    15.372       68.327 
  genblk1_111_.unit mem_GAMMA_CYCLE_WIDTH16_PULSE_WIDTH8_111          25     52.955    15.372       68.327 
  genblk1_110_.unit mem_GAMMA_CYCLE_WIDTH16_PULSE_WIDTH8_110          25     52.955    15.372       68.327 
  genblk1_109_.unit mem_GAMMA_CYCLE_WIDTH16_PULSE_WIDTH8_109          25     52.955    15.372       68.327 
  genblk1_107_.unit mem_GAMMA_CYCLE_WIDTH16_PULSE_WIDTH8_107          25     52.955    15.372       68.327 
  genblk1_106_.unit mem_GAMMA_CYCLE_WIDTH16_PULSE_WIDTH8_106          25     52.955    15.372       68.327 
  genblk1_105_.unit mem_GAMMA_CYCLE_WIDTH16_PULSE_WIDTH8_105          25     52.955    15.372       68.327 
  genblk1_104_.unit mem_GAMMA_CYCLE_WIDTH16_PULSE_WIDTH8_104          25     52.955    15.372       68.327 
  genblk1_103_.unit mem_GAMMA_CYCLE_WIDTH16_PULSE_WIDTH8_103          25     52.955    15.372       68.327 
  genblk1_102_.unit mem_GAMMA_CYCLE_WIDTH16_PULSE_WIDTH8_102          25     52.955    15.372       68.327 
  genblk1_101_.unit mem_GAMMA_CYCLE_WIDTH16_PULSE_WIDTH8_101          25     52.955    15.372       68.327 
  genblk1_100_.unit mem_GAMMA_CYCLE_WIDTH16_PULSE_WIDTH8_100          25     52.955    15.372       68.327 
  genblk1_99_.unit  mem_GAMMA_CYCLE_WIDTH16_PULSE_WIDTH8_99           25     52.955    15.372       68.327 
  genblk1_98_.unit  mem_GAMMA_CYCLE_WIDTH16_PULSE_WIDTH8_98           25     52.955    15.372       68.327 
  genblk1_97_.unit  mem_GAMMA_CYCLE_WIDTH16_PULSE_WIDTH8_97           25     52.955    15.372       68.327 
  genblk1_96_.unit  mem_GAMMA_CYCLE_WIDTH16_PULSE_WIDTH8_96           25     52.955    15.372       68.327 
  genblk1_95_.unit  mem_GAMMA_CYCLE_WIDTH16_PULSE_WIDTH8_95           25     52.955    15.372       68.327 
  genblk1_94_.unit  mem_GAMMA_CYCLE_WIDTH16_PULSE_WIDTH8_94           25     52.955    15.372       68.327 
  genblk1_93_.unit  mem_GAMMA_CYCLE_WIDTH16_PULSE_WIDTH8_93           25     52.955    15.372       68.327 
  genblk1_92_.unit  mem_GAMMA_CYCLE_WIDTH16_PULSE_WIDTH8_92           25     52.955    15.372       68.327 
  genblk1_91_.unit  mem_GAMMA_CYCLE_WIDTH16_PULSE_WIDTH8_91           25     52.955    15.372       68.327 
  genblk1_90_.unit  mem_GAMMA_CYCLE_WIDTH16_PULSE_WIDTH8_90           25     52.955    15.372       68.327 
  genblk1_89_.unit  mem_GAMMA_CYCLE_WIDTH16_PULSE_WIDTH8_89           25     52.955    15.372       68.327 
  genblk1_88_.unit  mem_GAMMA_CYCLE_WIDTH16_PULSE_WIDTH8_88           25     52.955    15.372       68.327 
  genblk1_87_.unit  mem_GAMMA_CYCLE_WIDTH16_PULSE_WIDTH8_87           25     52.955    15.372       68.327 
  genblk1_86_.unit  mem_GAMMA_CYCLE_WIDTH16_PULSE_WIDTH8_86           25     52.955    15.372       68.327 
  genblk1_85_.unit  mem_GAMMA_CYCLE_WIDTH16_PULSE_WIDTH8_85           25     52.955    15.372       68.327 
  genblk1_84_.unit  mem_GAMMA_CYCLE_WIDTH16_PULSE_WIDTH8_84           25     52.955    15.372       68.327 
  genblk1_83_.unit  mem_GAMMA_CYCLE_WIDTH16_PULSE_WIDTH8_83           25     52.955    15.372       68.327 
  genblk1_82_.unit  mem_GAMMA_CYCLE_WIDTH16_PULSE_WIDTH8_82           25     52.955    15.372       68.327 
  genblk1_81_.unit  mem_GAMMA_CYCLE_WIDTH16_PULSE_WIDTH8_81           25     52.955    15.372       68.327 
  genblk1_80_.unit  mem_GAMMA_CYCLE_WIDTH16_PULSE_WIDTH8_80           25     52.955    15.372       68.327 
  genblk1_79_.unit  mem_GAMMA_CYCLE_WIDTH16_PULSE_WIDTH8_79           25     52.955    15.372       68.327 
  genblk1_78_.unit  mem_GAMMA_CYCLE_WIDTH16_PULSE_WIDTH8_78           25     52.955    15.372       68.327 
  genblk1_77_.unit  mem_GAMMA_CYCLE_WIDTH16_PULSE_WIDTH8_77           25     52.955    15.372       68.327 
  genblk1_76_.unit  mem_GAMMA_CYCLE_WIDTH16_PULSE_WIDTH8_76           25     52.955    15.372       68.327 
  genblk1_75_.unit  mem_GAMMA_CYCLE_WIDTH16_PULSE_WIDTH8_75           25     52.955    15.372       68.327 
  genblk1_74_.unit  mem_GAMMA_CYCLE_WIDTH16_PULSE_WIDTH8_74           25     52.955    15.372       68.327 
  genblk1_73_.unit  mem_GAMMA_CYCLE_WIDTH16_PULSE_WIDTH8_73           25     52.955    15.372       68.327 
  genblk1_72_.unit  mem_GAMMA_CYCLE_WIDTH16_PULSE_WIDTH8_72           25     52.955    15.372       68.327 
  genblk1_71_.unit  mem_GAMMA_CYCLE_WIDTH16_PULSE_WIDTH8_71           25     52.955    15.372       68.327 
  genblk1_70_.unit  mem_GAMMA_CYCLE_WIDTH16_PULSE_WIDTH8_70           25     52.955    15.372       68.327 
  genblk1_69_.unit  mem_GAMMA_CYCLE_WIDTH16_PULSE_WIDTH8_69           25     52.955    15.372       68.327 
  genblk1_68_.unit  mem_GAMMA_CYCLE_WIDTH16_PULSE_WIDTH8_68           25     52.955    15.372       68.327 
  genblk1_66_.unit  mem_GAMMA_CYCLE_WIDTH16_PULSE_WIDTH8_66           25     52.955    15.372       68.327 
  genblk1_65_.unit  mem_GAMMA_CYCLE_WIDTH16_PULSE_WIDTH8_65           25     52.955    15.372       68.327 
  genblk1_64_.unit  mem_GAMMA_CYCLE_WIDTH16_PULSE_WIDTH8_64           25     52.955    15.372       68.327 
  genblk1_63_.unit  mem_GAMMA_CYCLE_WIDTH16_PULSE_WIDTH8_63           25     52.955    15.372       68.327 
  genblk1_62_.unit  mem_GAMMA_CYCLE_WIDTH16_PULSE_WIDTH8_62           25     52.955    15.372       68.327 
  genblk1_61_.unit  mem_GAMMA_CYCLE_WIDTH16_PULSE_WIDTH8_61           25     52.955    15.372       68.327 
  genblk1_60_.unit  mem_GAMMA_CYCLE_WIDTH16_PULSE_WIDTH8_60           25     52.955    15.372       68.327 
  genblk1_59_.unit  mem_GAMMA_CYCLE_WIDTH16_PULSE_WIDTH8_59           25     52.955    15.372       68.327 
  genblk1_57_.unit  mem_GAMMA_CYCLE_WIDTH16_PULSE_WIDTH8_57           25     52.955    15.372       68.327 
  genblk1_55_.unit  mem_GAMMA_CYCLE_WIDTH16_PULSE_WIDTH8_55           25     52.955    15.372       68.327 
  genblk1_53_.unit  mem_GAMMA_CYCLE_WIDTH16_PULSE_WIDTH8_53           25     52.955    15.372       68.327 
  genblk1_48_.unit  mem_GAMMA_CYCLE_WIDTH16_PULSE_WIDTH8_48           25     52.955    15.372       68.327 
  genblk1_42_.unit  mem_GAMMA_CYCLE_WIDTH16_PULSE_WIDTH8_42           25     52.955    15.372       68.327 
  genblk1_41_.unit  mem_GAMMA_CYCLE_WIDTH16_PULSE_WIDTH8_41           25     52.955    15.372       68.327 
  genblk1_40_.unit  mem_GAMMA_CYCLE_WIDTH16_PULSE_WIDTH8_40           25     52.955    15.372       68.327 
  genblk1_37_.unit  mem_GAMMA_CYCLE_WIDTH16_PULSE_WIDTH8_37           25     52.955    15.372       68.327 
  genblk1_36_.unit  mem_GAMMA_CYCLE_WIDTH16_PULSE_WIDTH8_36           25     52.955    15.372       68.327 
  genblk1_35_.unit  mem_GAMMA_CYCLE_WIDTH16_PULSE_WIDTH8_35           25     52.955    15.372       68.327 
  genblk1_34_.unit  mem_GAMMA_CYCLE_WIDTH16_PULSE_WIDTH8_34           25     52.955    15.372       68.327 
  genblk1_32_.unit  mem_GAMMA_CYCLE_WIDTH16_PULSE_WIDTH8_32           25     52.955    15.372       68.327 
  genblk1_31_.unit  mem_GAMMA_CYCLE_WIDTH16_PULSE_WIDTH8_31           25     52.955    15.372       68.327 
  genblk1_30_.unit  mem_GAMMA_CYCLE_WIDTH16_PULSE_WIDTH8_30           25     52.955    15.372       68.327 
  genblk1_29_.unit  mem_GAMMA_CYCLE_WIDTH16_PULSE_WIDTH8_29           25     52.955    15.372       68.327 
  genblk1_27_.unit  mem_GAMMA_CYCLE_WIDTH16_PULSE_WIDTH8_27           25     52.955    15.372       68.327 
  genblk1_26_.unit  mem_GAMMA_CYCLE_WIDTH16_PULSE_WIDTH8_26           25     52.955    15.372       68.327 
  genblk1_25_.unit  mem_GAMMA_CYCLE_WIDTH16_PULSE_WIDTH8_25           25     52.955    15.372       68.327 
  genblk1_20_.unit  mem_GAMMA_CYCLE_WIDTH16_PULSE_WIDTH8_20           25     52.955    15.372       68.327 
  genblk1_19_.unit  mem_GAMMA_CYCLE_WIDTH16_PULSE_WIDTH8_19           25     52.955    15.372       68.327 
  genblk1_18_.unit  mem_GAMMA_CYCLE_WIDTH16_PULSE_WIDTH8_18           25     52.955    15.372       68.327 
  genblk1_17_.unit  mem_GAMMA_CYCLE_WIDTH16_PULSE_WIDTH8_17           25     52.955    15.372       68.327 
  genblk1_16_.unit  mem_GAMMA_CYCLE_WIDTH16_PULSE_WIDTH8_16           25     52.955    15.372       68.327 
  genblk1_10_.unit  mem_GAMMA_CYCLE_WIDTH16_PULSE_WIDTH8_10           25     52.955    15.372       68.327 
  genblk1_9_.unit   mem_GAMMA_CYCLE_WIDTH16_PULSE_WIDTH8_9            25     52.955    15.372       68.327 
  genblk1_8_.unit   mem_GAMMA_CYCLE_WIDTH16_PULSE_WIDTH8_8            25     52.955    15.372       68.327 
  genblk1_7_.unit   mem_GAMMA_CYCLE_WIDTH16_PULSE_WIDTH8_7            25     52.955    15.372       68.327 
  genblk1_6_.unit   mem_GAMMA_CYCLE_WIDTH16_PULSE_WIDTH8_6            25     52.955    15.372       68.327 
  genblk1_4_.unit   mem_GAMMA_CYCLE_WIDTH16_PULSE_WIDTH8_4            25     52.955    15.372       68.327 
  genblk1_2_.unit   mem_GAMMA_CYCLE_WIDTH16_PULSE_WIDTH8_2            25     52.955    15.372       68.327 
  genblk1_1_.unit   mem_GAMMA_CYCLE_WIDTH16_PULSE_WIDTH8_1            25     52.955    15.372       68.327 
  genblk1_0_.unit   mem_GAMMA_CYCLE_WIDTH16_PULSE_WIDTH8              25     52.955    15.372       68.327 
