============================================================
  Generated by:           Genus(TM) Synthesis Solution 18.14-s037_1
  Generated on:           Apr 23 2022  04:24:36 pm
  Module:                 mem_group_share
  Operating conditions:   PVT_0P7V_25C 
  Interconnect mode:      global
  Area mode:              physical library
============================================================

                                              Leakage  
          Gate            Instances   Area  Power (nW)                 Library                 
-----------------------------------------------------------------------------------------------
AOI21xp5_ASAP7_75t_R              1   1.166      0.065    asap7sc7p5t_AO_RVT_TT_ccs_201020     
AOI22xp5_ASAP7_75t_R              4   5.599      0.351    asap7sc7p5t_AO_RVT_TT_ccs_201020     
AOI31xp33_ASAP7_75t_R             1   1.400      0.061    asap7sc7p5t_AO_RVT_TT_ccs_201020     
ASYNC_DFFHx1_ASAP7_75t_R          9  54.588      2.743    asap7sc7p5t_SEQ_RVT_TT_ccs_201020    
HAxp5_ASAP7_75t_R                 2   4.199      0.274    asap7sc7p5t_SIMPLE_RVT_TT_ccs_201020 
INVx1_ASAP7_75t_R                 5   3.499      0.255    asap7sc7p5t_INVBUF_RVT_TT_ccs_201020 
INVxp67_ASAP7_75t_R               3   2.100      0.103    asap7sc7p5t_INVBUF_RVT_TT_ccs_201020 
MAJIxp5_ASAP7_75t_R               1   1.633      0.093    asap7sc7p5t_SIMPLE_RVT_TT_ccs_201020 
NAND2xp5_ASAP7_75t_R              2   1.866      0.101    asap7sc7p5t_SIMPLE_RVT_TT_ccs_201020 
NOR2xp33_ASAP7_75t_R              1   0.933      0.029    asap7sc7p5t_SIMPLE_RVT_TT_ccs_201020 
OA21x2_ASAP7_75t_R                1   1.633      0.188    asap7sc7p5t_OA_RVT_TT_ccs_201020     
OAI21xp5_ASAP7_75t_R              1   1.166      0.084    asap7sc7p5t_OA_RVT_TT_ccs_201020     
OR2x2_ASAP7_75t_R                 1   1.400      0.158    asap7sc7p5t_SIMPLE_RVT_TT_ccs_201020 
XOR2xp5_ASAP7_75t_R               1   2.100      0.132    asap7sc7p5t_SIMPLE_RVT_TT_ccs_201020 
-----------------------------------------------------------------------------------------------
total                            33  83.281      4.637                                         


                                                                    Leakage  Leakage 
               Library               Instances Instances %  Area  Power (nW) Power % 
-------------------------------------------------------------------------------------
asap7sc7p5t_AO_RVT_TT_ccs_201020             6        18.2  8.165      0.477    10.3 
asap7sc7p5t_INVBUF_RVT_TT_ccs_201020         8        24.2  5.599      0.358     7.7 
asap7sc7p5t_OA_RVT_TT_ccs_201020             2         6.1  2.799      0.272     5.9 
asap7sc7p5t_SEQ_RVT_TT_ccs_201020            9        27.3 54.588      2.743    59.2 
asap7sc7p5t_SIMPLE_RVT_TT_ccs_201020         8        24.2 12.131      0.787    17.0 

                                         Leakage  Leakage 
     Type      Instances  Area  Area % Power (nW) Power % 
----------------------------------------------------------
sequential             9 54.588   65.5      2.743    59.2 
inverter               8  5.599    6.7      0.358     7.7 
logic                 16 23.095   27.7      1.536    33.1 
physical_cells         0  0.000    0.0      0.000     0.0 
----------------------------------------------------------
total                 33 83.281  100.0      4.637   100.0 

