============================================================
  Generated by:           Genus(TM) Synthesis Solution 18.14-s037_1
  Generated on:           Apr 24 2022  10:30:26 pm
  Module:                 mem_group_share
  Operating conditions:   PVT_0P7V_25C 
  Interconnect mode:      global
  Area mode:              physical library
============================================================

Timing
--------

Clock  Period 
--------------
aclk  20000.0 


  Cost    Critical         Violating 
 Group   Path Slack  TNS     Paths   
-------------------------------------
aclk        15388.2   0.0          0 
default    No paths   0.0            
-------------------------------------
Total                 0.0          0 

Instance Count
--------------
Leaf Instance Count             3251 
Physical Instance count            0 
Sequential Instance Count        644 
Combinational Instance Count    2607 
Hierarchical Instance Count      128 

Area
----
Cell Area                          6847.001
Physical Cell Area                 0.000
Total Cell Area (Cell+Physical)    6847.001
Net Area                           2651.935
Total Area (Cell+Physical+Net)     9498.936

Runtime                            0.0 seconds
Elapsed Runtime                    54 seconds
Genus peak memory usage            861.99 
Innovus peak memory usage          no_value 
Hostname                           ECE014.ece.local.cmu.edu
