============================================================
  Generated by:           Genus(TM) Synthesis Solution 18.14-s037_1
  Generated on:           Apr 24 2022  10:30:31 pm
  Module:                 mem_group_share
  Operating conditions:   PVT_0P7V_25C 
  Interconnect mode:      global
  Area mode:              physical library
============================================================

                            Leakage    Dynamic     Total   
      Instance       Cells Power(nW)  Power(nW)  Power(nW) 
-----------------------------------------------------------
mem_group_share       3251   366.445 137809.753 138176.199 
  genblk1_15_.unit      26     2.877   1000.927   1003.804 
  genblk1_11_.unit      26     2.876    860.557    863.433 
  genblk1_44_.unit      26     2.876   1021.431   1024.307 
  genblk1_108_.unit     26     2.874    966.210    969.084 
  genblk1_54_.unit      26     2.874    984.577    987.451 
  genblk1_14_.unit      26     2.873   1039.372   1042.245 
  genblk1_22_.unit      26     2.872    932.545    935.418 
  genblk1_23_.unit      26     2.872    893.400    896.272 
  genblk1_58_.unit      26     2.871   1002.659   1005.530 
  genblk1_21_.unit      26     2.871    927.530    930.400 
  genblk1_39_.unit      26     2.871    861.999    864.870 
  genblk1_45_.unit      26     2.870    948.957    951.827 
  genblk1_51_.unit      26     2.869    888.509    891.378 
  genblk1_38_.unit      26     2.868   1007.108   1009.976 
  genblk1_50_.unit      26     2.868    951.570    954.437 
  genblk1_126_.unit     26     2.867    907.177    910.043 
  genblk1_46_.unit      26     2.866    982.617    985.483 
  genblk1_13_.unit      26     2.866    913.471    916.337 
  genblk1_5_.unit       26     2.866   1065.291   1068.157 
  genblk1_52_.unit      26     2.865    897.825    900.691 
  genblk1_3_.unit       26     2.865    871.865    874.730 
  genblk1_28_.unit      26     2.864   1068.870   1071.734 
  genblk1_43_.unit      26     2.864   1017.129   1019.994 
  genblk1_47_.unit      26     2.864   1023.235   1026.099 
  genblk1_12_.unit      26     2.864    975.993    978.857 
  genblk1_24_.unit      26     2.863    990.187    993.050 
  genblk1_56_.unit      26     2.863    931.925    934.788 
  genblk1_33_.unit      26     2.862    982.134    984.996 
  genblk1_127_.unit     26     2.861    956.945    959.806 
  genblk1_67_.unit      26     2.861    973.383    976.245 
  genblk1_49_.unit      26     2.861    951.741    954.602 
  genblk1_123_.unit     26     2.854    921.218    924.072 
  genblk1_62_.unit      25     2.828   1017.642   1020.470 
  genblk1_41_.unit      25     2.827    993.504    996.331 
  genblk1_90_.unit      25     2.826    976.128    978.954 
  genblk1_70_.unit      25     2.824    972.259    975.083 
  genblk1_27_.unit      25     2.824    914.591    917.414 
  genblk1_0_.unit       25     2.823    982.453    985.276 
  genblk1_100_.unit     25     2.823   1042.929   1045.752 
  genblk1_105_.unit     25     2.823   1061.932   1064.755 
  genblk1_19_.unit      25     2.823    902.433    905.256 
  genblk1_107_.unit     25     2.823    942.236    945.059 
  genblk1_7_.unit       25     2.822    915.539    918.361 
  genblk1_59_.unit      25     2.822   1040.927   1043.749 
  genblk1_97_.unit      25     2.821    835.126    837.948 
  genblk1_95_.unit      25     2.821    957.955    960.776 
  genblk1_119_.unit     25     2.821   1000.740   1003.561 
  genblk1_30_.unit      25     2.821   1008.892   1011.713 
  genblk1_55_.unit      25     2.821    880.252    883.073 
  genblk1_68_.unit      25     2.821    920.523    923.344 
  genblk1_74_.unit      25     2.821    864.338    867.159 
  genblk1_18_.unit      25     2.821    852.422    855.243 
  genblk1_93_.unit      25     2.820   1043.511   1046.331 
  genblk1_17_.unit      25     2.820    942.830    945.650 
  genblk1_35_.unit      25     2.820   1090.126   1092.946 
  genblk1_34_.unit      25     2.820    978.947    981.766 
  genblk1_102_.unit     25     2.820   1006.001   1008.820 
  genblk1_124_.unit     25     2.820    911.893    914.712 
  genblk1_117_.unit     25     2.819    855.942    858.762 
  genblk1_115_.unit     25     2.819    833.907    836.726 
  genblk1_86_.unit      25     2.819    977.745    980.564 
  genblk1_110_.unit     25     2.819    969.166    971.985 
  genblk1_112_.unit     25     2.818   1023.442   1026.261 
  genblk1_71_.unit      25     2.818    780.161    782.980 
  genblk1_84_.unit      25     2.818    905.682    908.501 
  genblk1_87_.unit      25     2.818    972.998    975.817 
  genblk1_32_.unit      25     2.818    948.260    951.078 
  genblk1_40_.unit      25     2.818   1020.501   1023.319 
  genblk1_91_.unit      25     2.818    865.890    868.708 
  genblk1_72_.unit      25     2.817    927.856    930.673 
  genblk1_37_.unit      25     2.817    900.138    902.955 
  genblk1_92_.unit      25     2.817    911.252    914.070 
  genblk1_29_.unit      25     2.817    881.544    884.361 
  genblk1_57_.unit      25     2.817    880.013    882.830 
  genblk1_109_.unit     25     2.817    921.580    924.397 
  genblk1_48_.unit      25     2.817   1001.258   1004.075 
  genblk1_82_.unit      25     2.817   1070.036   1072.853 
  genblk1_114_.unit     25     2.816    962.046    964.862 
  genblk1_66_.unit      25     2.816    885.386    888.203 
  genblk1_99_.unit      25     2.816    959.923    962.739 
  genblk1_101_.unit     25     2.816   1027.720   1030.536 
  genblk1_65_.unit      25     2.816    839.873    842.689 
  genblk1_25_.unit      25     2.816    896.183    898.999 
  genblk1_106_.unit     25     2.816    894.209    897.025 
  genblk1_89_.unit      25     2.815    973.530    976.345 
  genblk1_60_.unit      25     2.815    902.366    905.181 
  genblk1_83_.unit      25     2.815    960.170    962.985 
  genblk1_9_.unit       25     2.815    817.404    820.218 
  genblk1_2_.unit       25     2.814    832.245    835.059 
  genblk1_63_.unit      25     2.814    927.125    929.940 
  genblk1_78_.unit      25     2.814    899.859    902.673 
  genblk1_64_.unit      25     2.814    991.368    994.183 
  genblk1_20_.unit      25     2.814    956.432    959.246 
  genblk1_36_.unit      25     2.814    935.675    938.489 
  genblk1_26_.unit      25     2.813    870.291    873.105 
  genblk1_120_.unit     25     2.813    923.466    926.279 
  genblk1_103_.unit     25     2.813    943.586    946.399 
  genblk1_10_.unit      25     2.813    932.534    935.346 
  genblk1_113_.unit     25     2.813    922.309    925.122 
  genblk1_111_.unit     25     2.813    932.090    934.903 
  genblk1_96_.unit      25     2.812   1032.813   1035.625 
  genblk1_77_.unit      25     2.812    880.989    883.801 
  genblk1_42_.unit      25     2.812    905.582    908.394 
  genblk1_81_.unit      25     2.812    944.385    947.197 
  genblk1_16_.unit      25     2.812    931.855    934.666 
  genblk1_121_.unit     25     2.811    912.724    915.535 
  genblk1_88_.unit      25     2.811    936.845    939.656 
  genblk1_80_.unit      25     2.811   1029.634   1032.445 
  genblk1_75_.unit      25     2.810    972.295    975.105 
  genblk1_1_.unit       25     2.810    908.403    911.213 
  genblk1_104_.unit     25     2.809    867.087    869.896 
  genblk1_69_.unit      25     2.809    972.334    975.143 
  genblk1_116_.unit     25     2.809    977.787    980.596 
  genblk1_94_.unit      25     2.809    910.276    913.085 
  genblk1_6_.unit       25     2.809    868.391    871.200 
  genblk1_85_.unit      25     2.808    904.516    907.325 
  genblk1_118_.unit     25     2.808   1014.459   1017.267 
  genblk1_98_.unit      25     2.808    962.220    965.028 
  genblk1_79_.unit      25     2.808    813.189    815.997 
  genblk1_125_.unit     25     2.806    902.919    905.725 
  genblk1_73_.unit      25     2.806    956.970    959.776 
  genblk1_76_.unit      25     2.806    905.790    908.596 
  genblk1_31_.unit      25     2.806    922.650    925.456 
  genblk1_4_.unit       25     2.806    961.315    964.121 
  genblk1_53_.unit      25     2.806    908.471    911.277 
  genblk1_122_.unit     25     2.805    973.327    976.131 
  genblk1_8_.unit       25     2.804    886.105    888.909 
  genblk1_61_.unit      25     2.804    892.426    895.231 

