============================================================
  Generated by:           Genus(TM) Synthesis Solution 20.11-s111_1
  Generated on:           Apr 04 2022  06:21:42 am
  Module:                 less_than_eq
  Operating conditions:   PVT_0P7V_25C 
  Interconnect mode:      global
  Area mode:              physical library
============================================================

                                         Leakage  
        Gate          Instances  Area  Power (nW)                 Library                 
------------------------------------------------------------------------------------------
HB1xp67_ASAP7_75t_R           1  0.933      0.051    asap7sc7p5t_INVBUF_RVT_TT_ccs_201020 
INVxp67_ASAP7_75t_R           1  0.700      0.034    asap7sc7p5t_INVBUF_RVT_TT_ccs_201020 
NOR2xp33_ASAP7_75t_R          3  2.799      0.087    asap7sc7p5t_SIMPLE_RVT_TT_ccs_201020 
OR2x2_ASAP7_75t_R             1  1.400      0.156    asap7sc7p5t_SIMPLE_RVT_TT_ccs_201020 
------------------------------------------------------------------------------------------
total                         6  5.832      0.328                                         


                                                                   Leakage  Leakage 
               Library               Instances Instances %  Area Power (nW) Power % 
------------------------------------------------------------------------------------
asap7sc7p5t_INVBUF_RVT_TT_ccs_201020         2        33.3 1.633      0.085    25.9 
asap7sc7p5t_SIMPLE_RVT_TT_ccs_201020         4        66.7 4.199      0.243    74.1 

                                        Leakage  Leakage 
     Type      Instances  Area Area % Power (nW) Power % 
---------------------------------------------------------
inverter               1 0.700   12.0      0.034    10.4 
buffer                 1 0.933   16.0      0.051    15.5 
logic                  4 4.199   72.0      0.243    74.1 
physical_cells         0 0.000    0.0      0.000     0.0 
---------------------------------------------------------
total                  6 5.832  100.0      0.328   100.0 

