============================================================
  Generated by:           Genus(TM) Synthesis Solution 20.11-s111_1
  Generated on:           Apr 04 2022  06:21:42 am
  Module:                 less_than_eq
  Operating conditions:   PVT_0P7V_25C 
  Interconnect mode:      global
  Area mode:              physical library
============================================================

Timing
-------
  Cost    Critical         Violating 
 Group   Path Slack  TNS     Paths   
-------------------------------------
default    No paths   0.0            
-------------------------------------
Total                 0.0          0 

Instance Count
--------------
Leaf Instance Count             6 
Physical Instance count         0 
Sequential Instance Count       0 
Combinational Instance Count    6 
Hierarchical Instance Count     1 

Area
----
Cell Area                          5.832
Physical Cell Area                 0.000
Total Cell Area (Cell+Physical)    5.832
Net Area                           4.975
Total Area (Cell+Physical+Net)     10.807

Runtime                            0.0 seconds
Elapsed Runtime                    18 seconds
Genus peak memory usage            1187.13 
Innovus peak memory usage          no_value 
Hostname                           ECE010.ECE.LOCAL.CMU.EDU
