============================================================
  Generated by:           Genus(TM) Synthesis Solution 20.11-s111_1
  Generated on:           Apr 04 2022  12:42:59 am
  Module:                 less_than_eq
  Operating conditions:   PVT_0P7V_25C 
  Interconnect mode:      global
  Area mode:              physical library
============================================================


Path 1: UNCONSTRAINED
     Startpoint: (F) a
       Endpoint: (F) q

                   Capture    Launch  
      Drv Adjust:+       0         0  
                                      
       Data Path:-      88            

#--------------------------------------------------------------------------------------------------
# Timing Point   Flags   Arc   Edge         Cell          Fanout Load Trans Delay Arrival Instance 
#                                                                (fF)  (ps)  (ps)   (ps)  Location 
#--------------------------------------------------------------------------------------------------
  a              -       -     F     (arrival)                 2  1.4     0     0       0    (-,-) 
  g16/Y          -       A->Y  R     INVxp67_ASAP7_75t_R       1  0.6    10     6       6    (-,-) 
  g15__4319/Y    -       B->Y  F     NOR2xp33_ASAP7_75t_R      1  0.6    17    13      19    (-,-) 
  sr/g25__5107/Y -       B->Y  R     NOR2xp33_ASAP7_75t_R      1  0.6    22    17      36    (-,-) 
  sr/g24__2398/Y -       B->Y  F     NOR2xp33_ASAP7_75t_R      2  1.3    31    24      60    (-,-) 
  g8__6260/Y     -       B->Y  F     OR2x2_ASAP7_75t_R         1  0.3     8    28      88    (-,-) 
  q              -       -     F     (port)                    -    -     -     0      88    (-,-) 
#--------------------------------------------------------------------------------------------------

