============================================================
  Generated by:           Genus(TM) Synthesis Solution 20.11-s111_1
  Generated on:           Apr 04 2022  06:19:43 am
  Module:                 less_than
  Operating conditions:   PVT_0P7V_25C 
  Interconnect mode:      global
  Area mode:              physical library
============================================================

                                         Leakage  
        Gate          Instances  Area  Power (nW)                 Library                 
------------------------------------------------------------------------------------------
HB1xp67_ASAP7_75t_R           1  0.933      0.051    asap7sc7p5t_INVBUF_RVT_TT_ccs_201020 
INVxp33_ASAP7_75t_R           2  1.400      0.034    asap7sc7p5t_INVBUF_RVT_TT_ccs_201020 
NOR2xp33_ASAP7_75t_R          4  3.732      0.118    asap7sc7p5t_SIMPLE_RVT_TT_ccs_201020 
------------------------------------------------------------------------------------------
total                         7  6.065      0.203                                         


                                                                   Leakage  Leakage 
               Library               Instances Instances %  Area Power (nW) Power % 
------------------------------------------------------------------------------------
asap7sc7p5t_INVBUF_RVT_TT_ccs_201020         3        42.9 2.333      0.085    41.9 
asap7sc7p5t_SIMPLE_RVT_TT_ccs_201020         4        57.1 3.732      0.118    58.1 

                                        Leakage  Leakage 
     Type      Instances  Area Area % Power (nW) Power % 
---------------------------------------------------------
inverter               2 1.400   23.1      0.034    16.7 
buffer                 1 0.933   15.4      0.051    25.2 
logic                  4 3.732   61.5      0.118    58.1 
physical_cells         0 0.000    0.0      0.000     0.0 
---------------------------------------------------------
total                  7 6.065  100.0      0.203   100.0 

