============================================================
  Generated by:           Genus(TM) Synthesis Solution 20.11-s111_1
  Generated on:           Apr 04 2022  12:41:42 am
  Module:                 equal
  Operating conditions:   PVT_0P7V_25C 
  Interconnect mode:      global
  Area mode:              physical library
============================================================

                                         Leakage  
        Gate          Instances  Area  Power (nW)                 Library                 
------------------------------------------------------------------------------------------
HB1xp67_ASAP7_75t_R           1  0.933      0.051    asap7sc7p5t_INVBUF_RVT_TT_ccs_201020 
INVx1_ASAP7_75t_R             1  0.700      0.051    asap7sc7p5t_INVBUF_RVT_TT_ccs_201020 
NOR2xp33_ASAP7_75t_R          2  1.866      0.059    asap7sc7p5t_SIMPLE_RVT_TT_ccs_201020 
NOR3xp33_ASAP7_75t_R          1  1.166      0.044    asap7sc7p5t_SIMPLE_RVT_TT_ccs_201020 
XOR2xp5_ASAP7_75t_R           1  2.100      0.134    asap7sc7p5t_SIMPLE_RVT_TT_ccs_201020 
------------------------------------------------------------------------------------------
total                         6  6.765      0.339                                         


                                                                   Leakage  Leakage 
               Library               Instances Instances %  Area Power (nW) Power % 
------------------------------------------------------------------------------------
asap7sc7p5t_INVBUF_RVT_TT_ccs_201020         2        33.3 1.633      0.102    30.1 
asap7sc7p5t_SIMPLE_RVT_TT_ccs_201020         4        66.7 5.132      0.237    69.9 

                                        Leakage  Leakage 
     Type      Instances  Area Area % Power (nW) Power % 
---------------------------------------------------------
inverter               1 0.700   10.3      0.051    15.1 
buffer                 1 0.933   13.8      0.051    15.0 
logic                  4 5.132   75.9      0.237    69.9 
physical_cells         0 0.000    0.0      0.000     0.0 
---------------------------------------------------------
total                  6 6.765  100.0      0.339   100.0 

