============================================================
  Generated by:           Genus(TM) Synthesis Solution 20.11-s111_1
  Generated on:           Apr 25 2022  12:25:03 pm
  Module:                 mux_b_t_s
  Operating conditions:   PVT_0P7V_25C 
  Interconnect mode:      global
  Area mode:              physical library
============================================================

Timing
--------

Clock  Period 
--------------
aclk  10000.0 


  Cost    Critical         Violating 
 Group   Path Slack  TNS     Paths   
-------------------------------------
aclk         5458.0   0.0          0 
default    No paths   0.0            
-------------------------------------
Total                 0.0          0 

Instance Count
--------------
Leaf Instance Count             77 
Physical Instance count          0 
Sequential Instance Count        4 
Combinational Instance Count    73 
Hierarchical Instance Count      1 

Area
----
Cell Area                          117.340
Physical Cell Area                 0.000
Total Cell Area (Cell+Physical)    117.340
Net Area                           93.920
Total Area (Cell+Physical+Net)     211.260

Runtime                            0.0 seconds
Elapsed Runtime                    20 seconds
Genus peak memory usage            1160.94 
Innovus peak memory usage          no_value 
Hostname                           ECE010.ece.local.cmu.edu
