============================================================
  Generated by:           Genus(TM) Synthesis Solution 20.11-s111_1
  Generated on:           Apr 04 2022  05:55:25 am
  Module:                 exclusive_max
  Operating conditions:   PVT_0P7V_25C 
  Interconnect mode:      global
  Area mode:              physical library
============================================================

Timing
--------

Clock  Period 
--------------
aclk  10000.0 


  Cost    Critical         Violating 
 Group   Path Slack  TNS     Paths   
-------------------------------------
aclk         5325.8   0.0          0 
default    No paths   0.0            
-------------------------------------
Total                 0.0          0 

Instance Count
--------------
Leaf Instance Count             19 
Physical Instance count          0 
Sequential Instance Count        2 
Combinational Instance Count    17 
Hierarchical Instance Count      3 

Area
----
Cell Area                          29.860
Physical Cell Area                 0.000
Total Cell Area (Cell+Physical)    29.860
Net Area                           13.888
Total Area (Cell+Physical+Net)     43.748

Runtime                            0.0 seconds
Elapsed Runtime                    18 seconds
Genus peak memory usage            1140.91 
Innovus peak memory usage          no_value 
Hostname                           ECE010.ECE.LOCAL.CMU.EDU
