============================================================
  Generated by:           Genus(TM) Synthesis Solution 20.11-s111_1
  Generated on:           Apr 25 2022  04:09:30 am
  Module:                 mux_t_t_t_1
  Operating conditions:   PVT_0P7V_25C 
  Interconnect mode:      global
  Area mode:              physical library
============================================================

Timing
-------
  Cost    Critical         Violating 
 Group   Path Slack  TNS     Paths   
-------------------------------------
default    No paths   0.0            
-------------------------------------
Total                 0.0          0 

Instance Count
--------------
Leaf Instance Count             401 
Physical Instance count           0 
Sequential Instance Count         0 
Combinational Instance Count    401 
Hierarchical Instance Count     128 

Area
----
Cell Area                          462.128
Physical Cell Area                 0.000
Total Cell Area (Cell+Physical)    462.128
Net Area                           310.189
Total Area (Cell+Physical+Net)     772.317

Runtime                            0.0 seconds
Elapsed Runtime                    23 seconds
Genus peak memory usage            1158.63 
Innovus peak memory usage          no_value 
Hostname                           ECE010.ece.local.cmu.edu
