============================================================
  Generated by:           Genus(TM) Synthesis Solution 20.11-s111_1
  Generated on:           Apr 25 2022  04:09:30 am
  Module:                 mux_t_t_t_1
  Operating conditions:   PVT_0P7V_25C 
  Interconnect mode:      global
  Area mode:              physical library
============================================================

                                           Leakage  
        Gate          Instances   Area   Power (nW)                 Library                 
--------------------------------------------------------------------------------------------
HB1xp67_ASAP7_75t_R          64   59.720      3.259    asap7sc7p5t_INVBUF_RVT_TT_ccs_201020 
INVx1_ASAP7_75t_R            64   44.790      3.274    asap7sc7p5t_INVBUF_RVT_TT_ccs_201020 
NAND5xp2_ASAP7_75t_R          1    1.633      0.021    asap7sc7p5t_SIMPLE_RVT_TT_ccs_201020 
NOR2xp33_ASAP7_75t_R        128  119.439      3.768    asap7sc7p5t_SIMPLE_RVT_TT_ccs_201020 
NOR3xp33_ASAP7_75t_R         64   74.650      2.793    asap7sc7p5t_SIMPLE_RVT_TT_ccs_201020 
NOR4xp25_ASAP7_75t_R          1    1.400      0.089    asap7sc7p5t_SIMPLE_RVT_TT_ccs_201020 
NOR5xp2_ASAP7_75t_R           4    6.532      0.171    asap7sc7p5t_SIMPLE_RVT_TT_ccs_201020 
OR4x1_ASAP7_75t_R             4    6.532      0.700    asap7sc7p5t_SIMPLE_RVT_TT_ccs_201020 
OR5x1_ASAP7_75t_R             7   13.064      0.788    asap7sc7p5t_SIMPLE_RVT_TT_ccs_201020 
XOR2xp5_ASAP7_75t_R          64  134.369      8.590    asap7sc7p5t_SIMPLE_RVT_TT_ccs_201020 
--------------------------------------------------------------------------------------------
total                       401  462.128     23.453                                         


                                                                     Leakage  Leakage 
               Library               Instances Instances %   Area  Power (nW) Power % 
--------------------------------------------------------------------------------------
asap7sc7p5t_INVBUF_RVT_TT_ccs_201020       128        31.9 104.509      6.534    27.9 
asap7sc7p5t_SIMPLE_RVT_TT_ccs_201020       273        68.1 357.618     16.919    72.1 

                                          Leakage  Leakage 
     Type      Instances   Area  Area % Power (nW) Power % 
-----------------------------------------------------------
inverter              64  44.790    9.7      3.274    14.0 
buffer                64  59.720   12.9      3.259    13.9 
logic                273 357.618   77.4     16.919    72.1 
physical_cells         0   0.000    0.0      0.000     0.0 
-----------------------------------------------------------
total                401 462.128  100.0     23.453   100.0 

