============================================================
  Generated by:           Genus(TM) Synthesis Solution 20.11-s111_1
  Generated on:           Apr 25 2022  04:09:30 am
  Module:                 mux_t_t_t_1
  Operating conditions:   PVT_0P7V_25C 
  Interconnect mode:      global
  Area mode:              physical library
============================================================


Path 1: UNCONSTRAINED
     Startpoint: (R) select_line
       Endpoint: (F) y

                   Capture    Launch  
      Drv Adjust:+       0         0  
                                      
       Data Path:-     269            

#---------------------------------------------------------------------------------------------------------------
#       Timing Point         Flags   Arc   Edge         Cell          Fanout  Load Trans Delay Arrival Instance 
#                                                                             (fF)  (ps)  (ps)   (ps)  Location 
#---------------------------------------------------------------------------------------------------------------
  select_line                -       -     R     (arrival)               128 121.8     0     0       0    (-,-) 
  eq_28_.inst/g25__6260/Y    -       B->Y  R     XOR2xp5_ASAP7_75t_R       2   1.3    32    25      25    (-,-) 
  eq_28_.inst/sr/g25__5107/Y -       B->Y  F     NOR2xp33_ASAP7_75t_R      1   0.6    21    20      44    (-,-) 
  eq_28_.inst/sr/g24__2398/Y -       B->Y  R     NOR2xp33_ASAP7_75t_R      2   1.3    39    26      70    (-,-) 
  eq_28_.inst/g35__4319/Y    -       A->Y  F     NOR3xp33_ASAP7_75t_R      1   0.9    20    19      89    (-,-) 
  g619__5115/Y               -       D->Y  F     OR4x1_ASAP7_75t_R         1   0.8    15    40     129    (-,-) 
  g616__7098/Y               -       A->Y  F     OR5x1_ASAP7_75t_R         1   0.8    17    39     169    (-,-) 
  g611__1617/Y               -       A->Y  F     OR5x1_ASAP7_75t_R         1   0.8    17    40     208    (-,-) 
  g609__6783/Y               -       A->Y  R     NOR5xp2_ASAP7_75t_R       1   0.8    60    32     240    (-,-) 
  g607__8428/Y               -       A->Y  F     NAND5xp2_ASAP7_75t_R      1   0.3    37    28     269    (-,-) 
  y                          -       -     F     (port)                    -     -     -     0     269    (-,-) 
#---------------------------------------------------------------------------------------------------------------

