============================================================
  Generated by:           Genus(TM) Synthesis Solution 20.11-s111_1
  Generated on:           Apr 04 2022  12:42:47 am
  Module:                 not_equal
  Operating conditions:   PVT_0P7V_25C 
  Interconnect mode:      global
  Area mode:              physical library
============================================================

                                         Leakage  
        Gate          Instances  Area  Power (nW)                 Library                 
------------------------------------------------------------------------------------------
HB1xp67_ASAP7_75t_R           1  0.933      0.051    asap7sc7p5t_INVBUF_RVT_TT_ccs_201020 
INVxp33_ASAP7_75t_R           1  0.700      0.017    asap7sc7p5t_INVBUF_RVT_TT_ccs_201020 
NOR2xp33_ASAP7_75t_R          2  1.866      0.059    asap7sc7p5t_SIMPLE_RVT_TT_ccs_201020 
OA21x2_ASAP7_75t_R            1  1.633      0.177    asap7sc7p5t_OA_RVT_TT_ccs_201020     
XOR2xp5_ASAP7_75t_R           1  2.100      0.134    asap7sc7p5t_SIMPLE_RVT_TT_ccs_201020 
------------------------------------------------------------------------------------------
total                         6  7.232      0.438                                         


                                                                   Leakage  Leakage 
               Library               Instances Instances %  Area Power (nW) Power % 
------------------------------------------------------------------------------------
asap7sc7p5t_INVBUF_RVT_TT_ccs_201020         2        33.3 1.633      0.068    15.6 
asap7sc7p5t_OA_RVT_TT_ccs_201020             1        16.7 1.633      0.177    40.3 
asap7sc7p5t_SIMPLE_RVT_TT_ccs_201020         3        50.0 3.966      0.193    44.1 

                                        Leakage  Leakage 
     Type      Instances  Area Area % Power (nW) Power % 
---------------------------------------------------------
inverter               1 0.700    9.7      0.017     3.9 
buffer                 1 0.933   12.9      0.051    11.6 
logic                  4 5.599   77.4      0.370    84.4 
physical_cells         0 0.000    0.0      0.000     0.0 
---------------------------------------------------------
total                  6 7.232  100.0      0.438   100.0 

