============================================================
  Generated by:           Genus(TM) Synthesis Solution 20.11-s111_1
  Generated on:           Apr 04 2022  05:53:46 am
  Module:                 not_equal
  Operating conditions:   PVT_0P7V_25C 
  Interconnect mode:      global
  Area mode:              physical library
============================================================


Path 1: UNCONSTRAINED
     Startpoint: (R) a
       Endpoint: (R) y

                   Capture    Launch  
      Drv Adjust:+       0         0  
                                      
       Data Path:-     100            

#--------------------------------------------------------------------------------------------------
# Timing Point   Flags   Arc   Edge         Cell          Fanout Load Trans Delay Arrival Instance 
#                                                                (fF)  (ps)  (ps)   (ps)  Location 
#--------------------------------------------------------------------------------------------------
  a              -       -     R     (arrival)                 2  2.1     0     0       0    (-,-) 
  g24__6260/Y    -       B->Y  R     XOR2xp5_ASAP7_75t_R       2  1.3    32    25      25    (-,-) 
  sr/g24__2398/Y -       B->Y  F     NOR2xp33_ASAP7_75t_R      2  1.1    30    25      50    (-,-) 
  g20/Y          -       A->Y  R     INVxp33_ASAP7_75t_R       1  0.9    31    24      74    (-,-) 
  g29__4319/Y    -       A2->Y R     OA21x2_ASAP7_75t_R        1  0.3     8    25     100    (-,-) 
  y              -       -     R     (port)                    -    -     -     0     100    (-,-) 
#--------------------------------------------------------------------------------------------------

