============================================================
  Generated by:           Genus(TM) Synthesis Solution 20.11-s111_1
  Generated on:           Apr 24 2022  01:33:30 pm
  Module:                 mux_t_be_t_N
  Operating conditions:   PVT_0P7V_25C 
  Interconnect mode:      global
  Area mode:              physical library
============================================================

Timing
--------

Clock  Period 
--------------
aclk  10000.0 


  Cost    Critical         Violating 
 Group   Path Slack  TNS     Paths   
-------------------------------------
aclk         5387.8   0.0          0 
default    No paths   0.0            
-------------------------------------
Total                 0.0          0 

Instance Count
--------------
Leaf Instance Count             148 
Physical Instance count           0 
Sequential Instance Count        21 
Combinational Instance Count    127 
Hierarchical Instance Count      33 

Area
----
Cell Area                          264.773
Physical Cell Area                 0.000
Total Cell Area (Cell+Physical)    264.773
Net Area                           106.670
Total Area (Cell+Physical+Net)     371.443

Runtime                            0.0 seconds
Elapsed Runtime                    20 seconds
Genus peak memory usage            1153.34 
Innovus peak memory usage          no_value 
Hostname                           ECE010.ece.local.cmu.edu
