============================================================
  Generated by:           Genus(TM) Synthesis Solution 18.14-s037_1
  Generated on:           Apr 04 2022  09:40:55 pm
  Module:                 kwta
  Operating conditions:   PVT_0P7V_25C 
  Interconnect mode:      global
  Area mode:              physical library
============================================================

Timing
--------

Clock  Period 
--------------
aclk  50000.0 


  Cost    Critical         Violating 
 Group   Path Slack  TNS     Paths   
-------------------------------------
aclk        43570.2   0.0          0 
default    No paths   0.0            
-------------------------------------
Total                 0.0          0 

Instance Count
--------------
Leaf Instance Count             174 
Physical Instance count           0 
Sequential Instance Count        19 
Combinational Instance Count    155 
Hierarchical Instance Count       0 

Area
----
Cell Area                          311.429
Physical Cell Area                 0.000
Total Cell Area (Cell+Physical)    311.429
Net Area                           139.230
Total Area (Cell+Physical+Net)     450.659

Runtime                            0.0 seconds
Elapsed Runtime                    15 seconds
Genus peak memory usage            848.39 
Innovus peak memory usage          no_value 
Hostname                           ECE014.ECE.LOCAL.CMU.EDU
