============================================================
  Generated by:           Genus(TM) Synthesis Solution 18.14-s037_1
  Generated on:           Apr 04 2022  09:40:55 pm
  Module:                 kwta
  Operating conditions:   PVT_0P7V_25C 
  Interconnect mode:      global
  Area mode:              physical library
============================================================

                                               Leakage  
          Gate            Instances   Area   Power (nW)                 Library                 
------------------------------------------------------------------------------------------------
A2O1A1Ixp33_ASAP7_75t_R           2    2.799      0.134    asap7sc7p5t_AO_RVT_TT_ccs_201020     
AND2x2_ASAP7_75t_R                7    9.798      1.021    asap7sc7p5t_SIMPLE_RVT_TT_ccs_201020 
AOI211xp5_ASAP7_75t_R             1    1.400      0.041    asap7sc7p5t_AO_RVT_TT_ccs_201020     
AOI21xp5_ASAP7_75t_R              8    9.331      0.518    asap7sc7p5t_AO_RVT_TT_ccs_201020     
AOI221xp5_ASAP7_75t_R             5    8.165      0.343    asap7sc7p5t_AO_RVT_TT_ccs_201020     
AOI22xp5_ASAP7_75t_R              1    1.400      0.089    asap7sc7p5t_AO_RVT_TT_ccs_201020     
ASYNC_DFFHx1_ASAP7_75t_R         19  115.240      5.797    asap7sc7p5t_SEQ_RVT_TT_ccs_201020    
INVx1_ASAP7_75t_R                31   21.695      1.580    asap7sc7p5t_INVBUF_RVT_TT_ccs_201020 
INVxp67_ASAP7_75t_R               6    4.199      0.205    asap7sc7p5t_INVBUF_RVT_TT_ccs_201020 
MAJIxp5_ASAP7_75t_R               1    1.633      0.098    asap7sc7p5t_SIMPLE_RVT_TT_ccs_201020 
NAND2xp5_ASAP7_75t_R             13   12.131      0.631    asap7sc7p5t_SIMPLE_RVT_TT_ccs_201020 
NAND3xp33_ASAP7_75t_R             1    1.166      0.065    asap7sc7p5t_SIMPLE_RVT_TT_ccs_201020 
NOR2xp33_ASAP7_75t_R             15   13.997      0.415    asap7sc7p5t_SIMPLE_RVT_TT_ccs_201020 
NOR3xp33_ASAP7_75t_R              5    5.832      0.208    asap7sc7p5t_SIMPLE_RVT_TT_ccs_201020 
OAI211xp5_ASAP7_75t_R             1    1.400      0.075    asap7sc7p5t_OA_RVT_TT_ccs_201020     
OAI21xp5_ASAP7_75t_R              6    6.998      0.459    asap7sc7p5t_OA_RVT_TT_ccs_201020     
OAI221xp5_ASAP7_75t_R             5    8.165      0.380    asap7sc7p5t_OA_RVT_TT_ccs_201020     
OAI22xp5_ASAP7_75t_R              1    1.400      0.096    asap7sc7p5t_OA_RVT_TT_ccs_201020     
OAI31xp33_ASAP7_75t_R             1    1.400      0.061    asap7sc7p5t_OA_RVT_TT_ccs_201020     
OR2x2_ASAP7_75t_R                16   22.395      2.532    asap7sc7p5t_SIMPLE_RVT_TT_ccs_201020 
XNOR2xp5_ASAP7_75t_R             17   35.692      2.330    asap7sc7p5t_SIMPLE_RVT_TT_ccs_201020 
XOR2xp5_ASAP7_75t_R              12   25.194      1.622    asap7sc7p5t_SIMPLE_RVT_TT_ccs_201020 
------------------------------------------------------------------------------------------------
total                           174  311.429     18.698                                         


                                                                     Leakage  Leakage 
               Library               Instances Instances %   Area  Power (nW) Power % 
--------------------------------------------------------------------------------------
asap7sc7p5t_AO_RVT_TT_ccs_201020            17         9.8  23.095      1.124     6.0 
asap7sc7p5t_INVBUF_RVT_TT_ccs_201020        37        21.3  25.894      1.785     9.5 
asap7sc7p5t_OA_RVT_TT_ccs_201020            14         8.0  19.362      1.070     5.7 
asap7sc7p5t_SEQ_RVT_TT_ccs_201020           19        10.9 115.240      5.797    31.0 
asap7sc7p5t_SIMPLE_RVT_TT_ccs_201020        87        50.0 127.837      8.922    47.7 

                                          Leakage  Leakage 
     Type      Instances   Area  Area % Power (nW) Power % 
-----------------------------------------------------------
sequential            19 115.240   37.0      5.797    31.0 
inverter              37  25.894    8.3      1.785     9.5 
logic                118 170.294   54.7     11.116    59.5 
physical_cells         0   0.000    0.0      0.000     0.0 
-----------------------------------------------------------
total                174 311.429  100.0     18.698   100.0 

