  =================
   Message Summary
  =================
-----------------------------------------------------------------------------------------------------------------------------------------------------------------------------------------------
|    Id     |  Sev   |Count |                                                                          Message Text                                                                           |
-----------------------------------------------------------------------------------------------------------------------------------------------------------------------------------------------
| CDFG-372  |Info    |   16 |Bitwidth mismatch in assignment.                                                                                                                                 |
| CDFG-818  |Warning |    1 |Using default parameter value for module elaboration.                                                                                                            |
| CFM-1     |Info    |    1 |Wrote dofile.                                                                                                                                                    |
| CFM-212   |Info    |    1 |Forcing flat compare.                                                                                                                                            |
| CFM-5     |Info    |    1 |Wrote formal verification information.                                                                                                                           |
| DPOPT-1   |Info    |    1 |Optimizing datapath logic.                                                                                                                                       |
| DPOPT-2   |Info    |    1 |Done optimizing datapath logic.                                                                                                                                  |
| DPOPT-3   |Info    |    1 |Implementing datapath configurations.                                                                                                                            |
| DPOPT-4   |Info    |    1 |Done implementing datapath configurations.                                                                                                                       |
| DPOPT-6   |Info    |    1 |Pre-processed datapath logic.                                                                                                                                    |
| ELAB-1    |Info    |    1 |Elaborating Design.                                                                                                                                              |
| ELAB-3    |Info    |    1 |Done Elaborating Design.                                                                                                                                         |
| GLO-12    |Info    |    1 |Replacing a flip-flop with a logic constant 0.                                                                                                                   |
|           |        |      |To prevent this optimization, set the 'optimize_constant_0_flops' root attribute to 'false' or 'optimize_constant_0_seq' instance attribute to 'false'.          |
| GLO-32    |Info    |    1 |Deleting sequential instances not driving any primary outputs.                                                                                                   |
|           |        |      |Optimizations such as constant propagation or redundancy removal could change the connections so an instance does not drive any primary outputs anymore. To see  |
|           |        |      | the list of deleted sequential, set the 'information_level' attribute to 2 or above. If the message is truncated set the message attribute 'truncate' to false  |
|           |        |      | to see the complete list.                                                                                                                                       |
| GLO-34    |Info    |    1 |Deleting instances not driving any primary outputs.                                                                                                              |
|           |        |      |Optimizations such as constant propagation or redundancy removal could change the connections so a hierarchical instance does not drive any primary outputs      |
|           |        |      | anymore. To see the list of deleted hierarchical instances, set the 'information_level' attribute to 2 or above. If the message is truncated set the message    |
|           |        |      | attribute 'truncate' to false to see the complete list. To prevent this optimization, set the 'delete_unloaded_insts' root/subdesign attribute to 'false' or    |
|           |        |      | 'preserve' instance attribute to 'true'.                                                                                                                        |
| GLO-45    |Info    |    1 |Replacing the synchronous part of an always feeding back flip-flop with a logic constant.                                                                        |
|           |        |      |To prevent this optimization, set 'optimize_constant_feedback_seqs' root attribute to 'false'. The instance attribute 'optimize_constant_feedback_seq' controls  |
|           |        |      | this optimization.                                                                                                                                              |
| LBR-103   |Warning |   20 |The clock gating integrated cell is not usable.                                                                                                                  |
|           |        |      |The 'clock_gating_integrated_cell' attribute and state table or latch group definition for the clock gating integrated cell is not matching.                     |
| LBR-155   |Info    |    6 |Mismatch in unateness between 'timing_sense' attribute and the function.                                                                                         |
|           |        |      |The 'timing_sense' attribute will be respected.                                                                                                                  |
| LBR-162   |Info    |   17 |Both 'pos_unate' and 'neg_unate' timing_sense arcs have been processed.                                                                                          |
|           |        |      |Setting the 'timing_sense' to non_unate.                                                                                                                         |
| LBR-412   |Info    |    5 |Created nominal operating condition.                                                                                                                             |
|           |        |      |The nominal operating condition represents either the nominal PVT values if specified in the library source, or the default PVT values (1.0, 1.0, 1.0).          |
| LBR-43    |Warning |   10 |Libcell has no area attribute.  Defaulting to 0 area.                                                                                                            |
|           |        |      |Specify a valid area value for the libcell.                                                                                                                      |
| LBR-518   |Info    |   10 |Missing a function attribute in the output pin definition.                                                                                                       |
| LBR-526   |Warning |   10 |Missing sequential block in the sequential cell.                                                                                                                 |
| PHYS-12   |Warning |    2 |The variant range of wire parameters is too large.                                                                                                               |
|           |        |      |Check the consistency of the parameters.                                                                                                                         |
| PHYS-129  |Info    |    9 |Via with no resistance will have a value of '0.0' assigned.                                                                                                      |
| PHYS-13   |Warning |    1 |The value of the wire parameter is too big.                                                                                                                      |
|           |        |      |Check the consistency of the specified wire parameter.                                                                                                           |
| PHYS-14   |Warning |    5 |The value of the wire parameter is too small.                                                                                                                    |
|           |        |      |Check the consistency of the specified wire parameter.                                                                                                           |
| PHYS-15   |Warning |   30 |Missing wire parameter.                                                                                                                                          |
|           |        |      |Check the wire parameter in LEF technology files.                                                                                                                |
| PHYS-25   |Warning |    4 |Minimum width of layer in LEF does not match minimum width of layer in cap table.                                                                                |
| PHYS-752  |Info    |    2 |Partition Based Synthesis execution skipped.                                                                                                                     |
| RTLOPT-40 |Info    |    4 |Transformed datapath macro.                                                                                                                                      |
| SYNTH-1   |Info    |    1 |Synthesizing.                                                                                                                                                    |
| SYNTH-2   |Info    |    1 |Done synthesizing.                                                                                                                                               |
| SYNTH-4   |Info    |    1 |Mapping.                                                                                                                                                         |
| SYNTH-5   |Info    |    1 |Done mapping.                                                                                                                                                    |
| SYNTH-7   |Info    |    1 |Incrementally optimizing.                                                                                                                                        |
| SYNTH-8   |Info    |    1 |Done incrementally optimizing.                                                                                                                                   |
| TIM-11    |Warning |    1 |Possible timing problems have been detected in this design.                                                                                                      |
|           |        |      |Use 'report timing -lint' for more information.                                                                                                                  |
-----------------------------------------------------------------------------------------------------------------------------------------------------------------------------------------------
