============================================================
  Generated by:           Genus(TM) Synthesis Solution 20.11-s111_1
  Generated on:           Apr 25 2022  04:11:09 am
  Module:                 mux_t_t_t_N
  Operating conditions:   PVT_0P7V_25C 
  Interconnect mode:      global
  Area mode:              physical library
============================================================

                                           Leakage  
        Gate          Instances   Area   Power (nW)                 Library                 
--------------------------------------------------------------------------------------------
HB1xp67_ASAP7_75t_R          32   29.860      1.630    asap7sc7p5t_INVBUF_RVT_TT_ccs_201020 
INVx1_ASAP7_75t_R            32   22.395      1.637    asap7sc7p5t_INVBUF_RVT_TT_ccs_201020 
NOR2xp33_ASAP7_75t_R         64   59.720      1.884    asap7sc7p5t_SIMPLE_RVT_TT_ccs_201020 
NOR3xp33_ASAP7_75t_R         32   37.325      1.396    asap7sc7p5t_SIMPLE_RVT_TT_ccs_201020 
XOR2xp5_ASAP7_75t_R          32   67.185      4.295    asap7sc7p5t_SIMPLE_RVT_TT_ccs_201020 
--------------------------------------------------------------------------------------------
total                       192  216.484     10.842                                         


                                                                     Leakage  Leakage 
               Library               Instances Instances %   Area  Power (nW) Power % 
--------------------------------------------------------------------------------------
asap7sc7p5t_INVBUF_RVT_TT_ccs_201020        64        33.3  52.255      3.267    30.1 
asap7sc7p5t_SIMPLE_RVT_TT_ccs_201020       128        66.7 164.229      7.575    69.9 

                                          Leakage  Leakage 
     Type      Instances   Area  Area % Power (nW) Power % 
-----------------------------------------------------------
inverter              32  22.395   10.3      1.637    15.1 
buffer                32  29.860   13.8      1.630    15.0 
logic                128 164.229   75.9      7.575    69.9 
physical_cells         0   0.000    0.0      0.000     0.0 
-----------------------------------------------------------
total                192 216.484  100.0     10.842   100.0 

