============================================================
  Generated by:           Genus(TM) Synthesis Solution 20.11-s111_1
  Generated on:           Apr 04 2022  12:43:50 am
  Module:                 exclusive_max
  Operating conditions:   PVT_0P7V_25C 
  Interconnect mode:      global
  Area mode:              physical library
============================================================

                                         Leakage  
        Gate          Instances  Area  Power (nW)                 Library                 
------------------------------------------------------------------------------------------
HAxp5_ASAP7_75t_R             1  2.100      0.137    asap7sc7p5t_SIMPLE_RVT_TT_ccs_201020 
HB1xp67_ASAP7_75t_R           1  0.933      0.051    asap7sc7p5t_INVBUF_RVT_TT_ccs_201020 
INVxp33_ASAP7_75t_R           1  0.700      0.017    asap7sc7p5t_INVBUF_RVT_TT_ccs_201020 
NOR2xp33_ASAP7_75t_R          3  2.799      0.086    asap7sc7p5t_SIMPLE_RVT_TT_ccs_201020 
------------------------------------------------------------------------------------------
total                         6  6.532      0.291                                         


                                                                   Leakage  Leakage 
               Library               Instances Instances %  Area Power (nW) Power % 
------------------------------------------------------------------------------------
asap7sc7p5t_INVBUF_RVT_TT_ccs_201020         2        33.3 1.633      0.068    23.4 
asap7sc7p5t_SIMPLE_RVT_TT_ccs_201020         4        66.7 4.899      0.223    76.6 

                                        Leakage  Leakage 
     Type      Instances  Area Area % Power (nW) Power % 
---------------------------------------------------------
inverter               1 0.700   10.7      0.017     5.9 
buffer                 1 0.933   14.3      0.051    17.5 
logic                  4 4.899   75.0      0.223    76.6 
physical_cells         0 0.000    0.0      0.000     0.0 
---------------------------------------------------------
total                  6 6.532  100.0      0.291   100.0 

