============================================================
  Generated by:           Genus(TM) Synthesis Solution 20.11-s111_1
  Generated on:           Apr 04 2022  05:54:44 am
  Module:                 exclusive_max
  Operating conditions:   PVT_0P7V_25C 
  Interconnect mode:      global
  Area mode:              physical library
============================================================

Timing
-------
  Cost    Critical         Violating 
 Group   Path Slack  TNS     Paths   
-------------------------------------
default    No paths   0.0            
-------------------------------------
Total                 0.0          0 

Instance Count
--------------
Leaf Instance Count             6 
Physical Instance count         0 
Sequential Instance Count       0 
Combinational Instance Count    6 
Hierarchical Instance Count     1 

Area
----
Cell Area                          6.532
Physical Cell Area                 0.000
Total Cell Area (Cell+Physical)    6.532
Net Area                           5.230
Total Area (Cell+Physical+Net)     11.762

Runtime                            0.0 seconds
Elapsed Runtime                    16 seconds
Genus peak memory usage            1131.65 
Innovus peak memory usage          no_value 
Hostname                           ECE010.ECE.LOCAL.CMU.EDU
