============================================================
  Generated by:           Genus(TM) Synthesis Solution 20.11-s111_1
  Generated on:           Apr 04 2022  12:45:10 am
  Module:                 exclusive_min
  Operating conditions:   PVT_0P7V_25C 
  Interconnect mode:      global
  Area mode:              physical library
============================================================


Path 1: UNCONSTRAINED
     Startpoint: (F) a
       Endpoint: (F) q

                   Capture    Launch  
      Drv Adjust:+       0         0  
                                      
       Data Path:-     107            

#---------------------------------------------------------------------------------------------------
# Timing Point   Flags   Arc   Edge         Cell           Fanout Load Trans Delay Arrival Instance 
#                                                                 (fF)  (ps)  (ps)   (ps)  Location 
#---------------------------------------------------------------------------------------------------
  a              -       -     F     (arrival)                  1  1.2     0     0       0    (-,-) 
  g2/SN          -       B->SN F     HAxp5_ASAP7_75t_R          2  1.1    24    32      32    (-,-) 
  g23/Y          -       A->Y  R     INVxp33_ASAP7_75t_R        1  0.6    22    19      50    (-,-) 
  sr/g24__2398/Y -       B->Y  F     NOR2xp33_ASAP7_75t_R       2  1.1    29    22      73    (-,-) 
  g29__5526/Y    -       B->Y  R     NAND2xp33_ASAP7_75t_R      1  0.6    25    21      94    (-,-) 
  g28__8428/Y    -       B->Y  F     NAND2xp33_ASAP7_75t_R      1  0.3    14    12     107    (-,-) 
  q              -       -     F     (port)                     -    -     -     0     107    (-,-) 
#---------------------------------------------------------------------------------------------------

