============================================================
  Generated by:           Genus(TM) Synthesis Solution 20.11-s111_1
  Generated on:           Apr 04 2022  12:45:10 am
  Module:                 exclusive_min
  Operating conditions:   PVT_0P7V_25C 
  Interconnect mode:      global
  Area mode:              physical library
============================================================

                                          Leakage  
         Gate          Instances  Area  Power (nW)                 Library                 
-------------------------------------------------------------------------------------------
HAxp5_ASAP7_75t_R              1  2.100      0.137    asap7sc7p5t_SIMPLE_RVT_TT_ccs_201020 
HB1xp67_ASAP7_75t_R            1  0.933      0.051    asap7sc7p5t_INVBUF_RVT_TT_ccs_201020 
INVxp33_ASAP7_75t_R            1  0.700      0.017    asap7sc7p5t_INVBUF_RVT_TT_ccs_201020 
NAND2xp33_ASAP7_75t_R          2  1.866      0.063    asap7sc7p5t_SIMPLE_RVT_TT_ccs_201020 
NOR2xp33_ASAP7_75t_R           2  1.866      0.059    asap7sc7p5t_SIMPLE_RVT_TT_ccs_201020 
-------------------------------------------------------------------------------------------
total                          7  7.465      0.327                                         


                                                                   Leakage  Leakage 
               Library               Instances Instances %  Area Power (nW) Power % 
------------------------------------------------------------------------------------
asap7sc7p5t_INVBUF_RVT_TT_ccs_201020         2        28.6 1.633      0.068    20.8 
asap7sc7p5t_SIMPLE_RVT_TT_ccs_201020         5        71.4 5.832      0.259    79.2 

                                        Leakage  Leakage 
     Type      Instances  Area Area % Power (nW) Power % 
---------------------------------------------------------
inverter               1 0.700    9.4      0.017     5.2 
buffer                 1 0.933   12.5      0.051    15.6 
logic                  5 5.832   78.1      0.259    79.2 
physical_cells         0 0.000    0.0      0.000     0.0 
---------------------------------------------------------
total                  7 7.465  100.0      0.327   100.0 

