============================================================
  Generated by:           Genus(TM) Synthesis Solution 20.11-s111_1
  Generated on:           Apr 04 2022  12:45:10 am
  Module:                 exclusive_min
  Operating conditions:   PVT_0P7V_25C 
  Interconnect mode:      global
  Area mode:              physical library
============================================================

Timing
-------
  Cost    Critical         Violating 
 Group   Path Slack  TNS     Paths   
-------------------------------------
default    No paths   0.0            
-------------------------------------
Total                 0.0          0 

Instance Count
--------------
Leaf Instance Count             7 
Physical Instance count         0 
Sequential Instance Count       0 
Combinational Instance Count    7 
Hierarchical Instance Count     1 

Area
----
Cell Area                          7.465
Physical Cell Area                 0.000
Total Cell Area (Cell+Physical)    7.465
Net Area                           5.972
Total Area (Cell+Physical+Net)     13.437

Runtime                            0.0 seconds
Elapsed Runtime                    18 seconds
Genus peak memory usage            1156.05 
Innovus peak memory usage          no_value 
Hostname                           ECE010.ECE.LOCAL.CMU.EDU
