============================================================
  Generated by:           Genus(TM) Synthesis Solution 20.11-s111_1
  Generated on:           Apr 04 2022  05:56:25 am
  Module:                 exclusive_min
  Operating conditions:   PVT_0P7V_25C 
  Interconnect mode:      global
  Area mode:              physical library
============================================================

Timing
--------

Clock  Period 
--------------
aclk  10000.0 


  Cost    Critical         Violating 
 Group   Path Slack  TNS     Paths   
-------------------------------------
aclk         5330.5   0.0          0 
default    No paths   0.0            
-------------------------------------
Total                 0.0          0 

Instance Count
--------------
Leaf Instance Count             20 
Physical Instance count          0 
Sequential Instance Count        2 
Combinational Instance Count    18 
Hierarchical Instance Count      3 

Area
----
Cell Area                          31.959
Physical Cell Area                 0.000
Total Cell Area (Cell+Physical)    31.959
Net Area                           14.874
Total Area (Cell+Physical+Net)     46.833

Runtime                            0.0 seconds
Elapsed Runtime                    18 seconds
Genus peak memory usage            1138.62 
Innovus peak memory usage          no_value 
Hostname                           ECE010.ECE.LOCAL.CMU.EDU
