

Working Directory = /afs/andrew.cmu.edu/usr4/kbhat2/private/18-743/project/SYNTH/exclusive_min_seq_pulse
QoS Summary for exclusive_min
================================================================================
Metric                          final          
================================================================================
Slack (ps):                     5,330
  R2R (ps):                  no_value
  I2R (ps):                     7,515
  R2O (ps):                     7,340
  I2O (ps):                     5,330
  CG  (ps):                  no_value
TNS (ps):                           0
  R2R (ps):                  no_value
  I2R (ps):                         0
  R2O (ps):                         0
  I2O (ps):                         0
  CG  (ps):                  no_value
Failing Paths:                      0
Cell Area:                         32
Total Cell Area:                   32
Leaf Instances:                    20
Total Instances:                   20
Utilization (%):                 0.00
Tot. Net Length (um):        no_value
Avg. Net Length (um):        no_value
Route Overflow H (%):        no_value
Route Overflow V (%):        no_value
MBCI(%) (bits/gate) :            0.00
Norm Cong Hotspot Area:
  Max Cong:                  no_value
  Tot Cong:                  no_value
================================================================================
CPU  Runtime (h:m:s):        00:00:28
Real Runtime (h:m:s):        00:00:13
CPU  Elapsed (h:m:s):        00:00:32
Real Elapsed (h:m:s):        00:00:15
Memory (MB):                  1130.61
================================================================================
================================================================================
Flow Settings:
================================================================================
Total Runtime (h:m:s): 00:00:13
Total Memory (MB):     1138.62
Executable Version:    20.11-s111_1
================================================================================
Total Cell Area =  Cell Area + Physical Cell Area
Total Instances =  Leaf Instances + Physical Instances


