============================================================
  Generated by:           Genus(TM) Synthesis Solution 20.11-s111_1
  Generated on:           Apr 04 2022  05:56:25 am
  Module:                 exclusive_min
  Operating conditions:   PVT_0P7V_25C 
  Interconnect mode:      global
  Area mode:              physical library
============================================================

                                              Leakage  
          Gate            Instances   Area  Power (nW)                 Library                 
-----------------------------------------------------------------------------------------------
AO22x1_ASAP7_75t_R                1   2.100      0.106    asap7sc7p5t_AO_RVT_TT_ccs_201020     
ASYNC_DFFHx1_ASAP7_75t_R          2  12.131      0.610    asap7sc7p5t_SEQ_RVT_TT_ccs_201020    
HB1xp67_ASAP7_75t_R               3   2.799      0.152    asap7sc7p5t_INVBUF_RVT_TT_ccs_201020 
INVx1_ASAP7_75t_R                 3   2.100      0.153    asap7sc7p5t_INVBUF_RVT_TT_ccs_201020 
NOR2xp33_ASAP7_75t_R              7   6.532      0.201    asap7sc7p5t_SIMPLE_RVT_TT_ccs_201020 
NOR3xp33_ASAP7_75t_R              1   1.166      0.030    asap7sc7p5t_SIMPLE_RVT_TT_ccs_201020 
OA21x2_ASAP7_75t_R                1   1.633      0.179    asap7sc7p5t_OA_RVT_TT_ccs_201020     
OR2x2_ASAP7_75t_R                 1   1.400      0.150    asap7sc7p5t_SIMPLE_RVT_TT_ccs_201020 
XNOR2xp5_ASAP7_75t_R              1   2.100      0.137    asap7sc7p5t_SIMPLE_RVT_TT_ccs_201020 
-----------------------------------------------------------------------------------------------
total                            20  31.959      1.718                                         


                                                                    Leakage  Leakage 
               Library               Instances Instances %  Area  Power (nW) Power % 
-------------------------------------------------------------------------------------
asap7sc7p5t_AO_RVT_TT_ccs_201020             1         5.0  2.100      0.106     6.2 
asap7sc7p5t_INVBUF_RVT_TT_ccs_201020         6        30.0  4.899      0.306    17.8 
asap7sc7p5t_OA_RVT_TT_ccs_201020             1         5.0  1.633      0.179    10.4 
asap7sc7p5t_SEQ_RVT_TT_ccs_201020            2        10.0 12.131      0.610    35.5 
asap7sc7p5t_SIMPLE_RVT_TT_ccs_201020        10        50.0 11.197      0.518    30.1 

                                         Leakage  Leakage 
     Type      Instances  Area  Area % Power (nW) Power % 
----------------------------------------------------------
sequential             2 12.131   38.0      0.610    35.5 
inverter               3  2.100    6.6      0.153     8.9 
buffer                 3  2.799    8.8      0.152     8.9 
logic                 12 14.930   46.7      0.803    46.7 
physical_cells         0  0.000    0.0      0.000     0.0 
----------------------------------------------------------
total                 20 31.959  100.0      1.718   100.0 

