

Working Directory = /afs/andrew.cmu.edu/usr4/kbhat2/private/18-743/project/SYNTH/mux_t_be_t_1_seq_rising
QoS Summary for mux_t_be_t_1
================================================================================
Metric                          final          
================================================================================
Slack (ps):                     5,344
  R2R (ps):                     9,375
  I2R (ps):                     7,470
  R2O (ps):                     7,046
  I2O (ps):                     5,344
  CG  (ps):                  no_value
TNS (ps):                           0
  R2R (ps):                         0
  I2R (ps):                         0
  R2O (ps):                         0
  I2O (ps):                         0
  CG  (ps):                  no_value
Failing Paths:                      0
Cell Area:                        272
Total Cell Area:                  272
Leaf Instances:                   152
Total Instances:                  152
Utilization (%):                 0.00
Tot. Net Length (um):        no_value
Avg. Net Length (um):        no_value
Route Overflow H (%):        no_value
Route Overflow V (%):        no_value
MBCI(%) (bits/gate) :            0.00
Norm Cong Hotspot Area:
  Max Cong:                  no_value
  Tot Cong:                  no_value
================================================================================
CPU  Runtime (h:m:s):        00:00:32
Real Runtime (h:m:s):        00:00:16
CPU  Elapsed (h:m:s):        00:00:36
Real Elapsed (h:m:s):        00:00:17
Memory (MB):                  1141.03
================================================================================
================================================================================
Flow Settings:
================================================================================
Total Runtime (h:m:s): 00:00:16
Total Memory (MB):     1150.04
Executable Version:    20.11-s111_1
================================================================================
Total Cell Area =  Cell Area + Physical Cell Area
Total Instances =  Leaf Instances + Physical Instances


