============================================================
  Generated by:           Genus(TM) Synthesis Solution 20.11-s111_1
  Generated on:           Apr 24 2022  01:33:08 pm
  Module:                 mux_t_be_t_1
  Operating conditions:   PVT_0P7V_25C 
  Interconnect mode:      global
  Area mode:              physical library
============================================================

                                               Leakage  
          Gate            Instances   Area   Power (nW)                 Library                 
------------------------------------------------------------------------------------------------
A2O1A1Ixp33_ASAP7_75t_R           1    1.400      0.074    asap7sc7p5t_AO_RVT_TT_ccs_201020     
ASYNC_DFFHx1_ASAP7_75t_R         21  127.371      6.407    asap7sc7p5t_SEQ_RVT_TT_ccs_201020    
HAxp5_ASAP7_75t_R                 2    4.199      0.275    asap7sc7p5t_SIMPLE_RVT_TT_ccs_201020 
HB1xp67_ASAP7_75t_R              16   14.930      0.829    asap7sc7p5t_INVBUF_RVT_TT_ccs_201020 
INVx1_ASAP7_75t_R                35   24.494      1.785    asap7sc7p5t_INVBUF_RVT_TT_ccs_201020 
INVxp67_ASAP7_75t_R               2    1.400      0.067    asap7sc7p5t_INVBUF_RVT_TT_ccs_201020 
MAJIxp5_ASAP7_75t_R               1    1.633      0.096    asap7sc7p5t_SIMPLE_RVT_TT_ccs_201020 
NAND2xp5_ASAP7_75t_R              2    1.866      0.105    asap7sc7p5t_SIMPLE_RVT_TT_ccs_201020 
NAND3xp33_ASAP7_75t_R             1    1.166      0.052    asap7sc7p5t_SIMPLE_RVT_TT_ccs_201020 
NOR2xp33_ASAP7_75t_R             33   30.793      0.952    asap7sc7p5t_SIMPLE_RVT_TT_ccs_201020 
NOR3xp33_ASAP7_75t_R             16   18.662      0.431    asap7sc7p5t_SIMPLE_RVT_TT_ccs_201020 
OAI21xp5_ASAP7_75t_R              1    1.166      0.080    asap7sc7p5t_OA_RVT_TT_ccs_201020     
OR4x1_ASAP7_75t_R                 1    1.633      0.251    asap7sc7p5t_SIMPLE_RVT_TT_ccs_201020 
OR5x1_ASAP7_75t_R                 3    5.599      0.607    asap7sc7p5t_SIMPLE_RVT_TT_ccs_201020 
XOR2xp5_ASAP7_75t_R              17   35.692      2.269    asap7sc7p5t_SIMPLE_RVT_TT_ccs_201020 
------------------------------------------------------------------------------------------------
total                           152  272.004     14.280                                         


                                                                     Leakage  Leakage 
               Library               Instances Instances %   Area  Power (nW) Power % 
--------------------------------------------------------------------------------------
asap7sc7p5t_AO_RVT_TT_ccs_201020             1         0.7   1.400      0.074     0.5 
asap7sc7p5t_INVBUF_RVT_TT_ccs_201020        53        34.9  40.824      2.681    18.8 
asap7sc7p5t_OA_RVT_TT_ccs_201020             1         0.7   1.166      0.080     0.6 
asap7sc7p5t_SEQ_RVT_TT_ccs_201020           21        13.8 127.371      6.407    44.9 
asap7sc7p5t_SIMPLE_RVT_TT_ccs_201020        76        50.0 101.244      5.037    35.3 

                                          Leakage  Leakage 
     Type      Instances   Area  Area % Power (nW) Power % 
-----------------------------------------------------------
sequential            21 127.371   46.8      6.407    44.9 
inverter              37  25.894    9.5      1.852    13.0 
buffer                16  14.930    5.5      0.829     5.8 
logic                 78 103.810   38.2      5.192    36.4 
physical_cells         0   0.000    0.0      0.000     0.0 
-----------------------------------------------------------
total                152 272.004  100.0     14.280   100.0 

