============================================================
  Generated by:           Genus(TM) Synthesis Solution 20.11-s111_1
  Generated on:           Apr 25 2022  03:39:14 am
  Module:                 mux_t_be_t_1
  Operating conditions:   PVT_0P7V_25C 
  Interconnect mode:      global
  Area mode:              physical library
============================================================

Timing
--------

Clock  Period 
--------------
aclk  10000.0 


  Cost    Critical         Violating 
 Group   Path Slack  TNS     Paths   
-------------------------------------
aclk         5344.3   0.0          0 
default    No paths   0.0            
-------------------------------------
Total                 0.0          0 

Instance Count
--------------
Leaf Instance Count             162 
Physical Instance count           0 
Sequential Instance Count        22 
Combinational Instance Count    140 
Hierarchical Instance Count      33 

Area
----
Cell Area                          290.667
Physical Cell Area                 0.000
Total Cell Area (Cell+Physical)    290.667
Net Area                           116.095
Total Area (Cell+Physical+Net)     406.762

Runtime                            0.0 seconds
Elapsed Runtime                    21 seconds
Genus peak memory usage            1151.21 
Innovus peak memory usage          no_value 
Hostname                           ECE010.ece.local.cmu.edu
