============================================================
  Generated by:           Genus(TM) Synthesis Solution 20.11-s111_1
  Generated on:           Apr 04 2022  12:40:12 am
  Module:                 greater_than
  Operating conditions:   PVT_0P7V_25C 
  Interconnect mode:      global
  Area mode:              physical library
============================================================

                                              Leakage  
          Gate            Instances   Area  Power (nW)                 Library                 
-----------------------------------------------------------------------------------------------
AOI32xp33_ASAP7_75t_R             1   1.633      0.075    asap7sc7p5t_AO_RVT_TT_ccs_201020     
ASYNC_DFFHx1_ASAP7_75t_R          4  24.261      1.220    asap7sc7p5t_SEQ_RVT_TT_ccs_201020    
HAxp5_ASAP7_75t_R                 1   2.100      0.138    asap7sc7p5t_SIMPLE_RVT_TT_ccs_201020 
HB1xp67_ASAP7_75t_R               1   0.933      0.051    asap7sc7p5t_INVBUF_RVT_TT_ccs_201020 
INVx1_ASAP7_75t_R                 3   2.100      0.153    asap7sc7p5t_INVBUF_RVT_TT_ccs_201020 
INVxp67_ASAP7_75t_R               3   2.100      0.101    asap7sc7p5t_INVBUF_RVT_TT_ccs_201020 
NAND2xp5_ASAP7_75t_R              3   2.799      0.151    asap7sc7p5t_SIMPLE_RVT_TT_ccs_201020 
NOR2xp33_ASAP7_75t_R              5   4.666      0.138    asap7sc7p5t_SIMPLE_RVT_TT_ccs_201020 
OAI21xp5_ASAP7_75t_R              2   2.333      0.177    asap7sc7p5t_OA_RVT_TT_ccs_201020     
OAI31xp33_ASAP7_75t_R             1   1.400      0.051    asap7sc7p5t_OA_RVT_TT_ccs_201020     
OR3x1_ASAP7_75t_R                 1   1.400      0.096    asap7sc7p5t_SIMPLE_RVT_TT_ccs_201020 
XOR2xp5_ASAP7_75t_R               1   2.100      0.131    asap7sc7p5t_SIMPLE_RVT_TT_ccs_201020 
-----------------------------------------------------------------------------------------------
total                            26  47.822      2.481                                         


                                                                    Leakage  Leakage 
               Library               Instances Instances %  Area  Power (nW) Power % 
-------------------------------------------------------------------------------------
asap7sc7p5t_AO_RVT_TT_ccs_201020             1         3.8  1.633      0.075     3.0 
asap7sc7p5t_INVBUF_RVT_TT_ccs_201020         7        26.9  5.132      0.306    12.3 
asap7sc7p5t_OA_RVT_TT_ccs_201020             3        11.5  3.732      0.228     9.2 
asap7sc7p5t_SEQ_RVT_TT_ccs_201020            4        15.4 24.261      1.220    49.2 
asap7sc7p5t_SIMPLE_RVT_TT_ccs_201020        11        42.3 13.064      0.653    26.3 

                                         Leakage  Leakage 
     Type      Instances  Area  Area % Power (nW) Power % 
----------------------------------------------------------
sequential             4 24.261   50.7      1.220    49.2 
inverter               6  4.199    8.8      0.254    10.3 
buffer                 1  0.933    2.0      0.051     2.1 
logic                 15 18.429   38.5      0.956    38.5 
physical_cells         0  0.000    0.0      0.000     0.0 
----------------------------------------------------------
total                 26 47.822  100.0      2.481   100.0 

