

Working Directory = /afs/andrew.cmu.edu/usr24/sganiger/private/18743/project/18743/SYNTH/greater_than_seq_pulse
QoS Summary for greater_than
================================================================================
Metric                          final          
================================================================================
Slack (ps):                     5,392
  R2R (ps):                     9,306
  I2R (ps):                     7,366
  R2O (ps):                     7,320
  I2O (ps):                     5,392
  CG  (ps):                  no_value
TNS (ps):                           0
  R2R (ps):                         0
  I2R (ps):                         0
  R2O (ps):                         0
  I2O (ps):                         0
  CG  (ps):                  no_value
Failing Paths:                      0
Cell Area:                         48
Total Cell Area:                   48
Leaf Instances:                    26
Total Instances:                   26
Utilization (%):                 0.00
Tot. Net Length (um):        no_value
Avg. Net Length (um):        no_value
Route Overflow H (%):        no_value
Route Overflow V (%):        no_value
MBCI(%) (bits/gate) :            0.00
Norm Cong Hotspot Area:
  Max Cong:                  no_value
  Tot Cong:                  no_value
================================================================================
CPU  Runtime (h:m:s):        00:00:29
Real Runtime (h:m:s):        00:00:14
CPU  Elapsed (h:m:s):        00:00:33
Real Elapsed (h:m:s):        00:00:15
Memory (MB):                  1128.92
================================================================================
================================================================================
Flow Settings:
================================================================================
Total Runtime (h:m:s): 00:00:14
Total Memory (MB):     1136.93
Executable Version:    20.11-s111_1
================================================================================
Total Cell Area =  Cell Area + Physical Cell Area
Total Instances =  Leaf Instances + Physical Instances


