============================================================
  Generated by:           Genus(TM) Synthesis Solution 20.11-s111_1
  Generated on:           Apr 25 2022  04:12:05 am
  Module:                 mux_t_t_t_N
  Operating conditions:   PVT_0P7V_25C 
  Interconnect mode:      global
  Area mode:              physical library
============================================================

Timing
-------
  Cost    Critical         Violating 
 Group   Path Slack  TNS     Paths   
-------------------------------------
default    No paths   0.0            
-------------------------------------
Total                 0.0          0 

Instance Count
--------------
Leaf Instance Count             768 
Physical Instance count           0 
Sequential Instance Count         0 
Combinational Instance Count    768 
Hierarchical Instance Count     256 

Area
----
Cell Area                          865.935
Physical Cell Area                 0.000
Total Cell Area (Cell+Physical)    865.935
Net Area                           602.909
Total Area (Cell+Physical+Net)     1468.844

Runtime                            0.0 seconds
Elapsed Runtime                    28 seconds
Genus peak memory usage            1157.34 
Innovus peak memory usage          no_value 
Hostname                           ECE010.ece.local.cmu.edu
