

Working Directory = /afs/ece.cmu.edu/usr/acli/Private/18743/SYNTH/naive_delay
QoS Summary for naive_delay
================================================================================
Metric                          final          
================================================================================
Slack (ps):                    15,146
  R2R (ps):                    19,501
  I2R (ps):                    17,598
  R2O (ps):                    17,227
  I2O (ps):                    15,146
  CG  (ps):                  no_value
TNS (ps):                           0
  R2R (ps):                         0
  I2R (ps):                         0
  R2O (ps):                         0
  I2O (ps):                         0
  CG  (ps):                  no_value
Failing Paths:                      0
Cell Area:                      1,019
Total Cell Area:                1,019
Leaf Instances:                   372
Total Instances:                  372
Utilization (%):                 0.00
Tot. Net Length (um):        no_value
Avg. Net Length (um):        no_value
Route Overflow H (%):        no_value
Route Overflow V (%):        no_value
MBCI(%) (bits/gate) :            0.00
Norm Cong Hotspot Area:
  Max Cong:                  no_value
  Tot Cong:                  no_value
================================================================================
CPU  Runtime (h:m:s):        00:00:26
Real Runtime (h:m:s):        00:00:11
CPU  Elapsed (h:m:s):        00:00:29
Real Elapsed (h:m:s):        00:00:12
Memory (MB):                   854.86
================================================================================
================================================================================
Flow Settings:
================================================================================
Total Runtime (h:m:s): 00:00:11
Total Memory (MB):     854.86
Executable Version:    18.14-s037_1
================================================================================
Total Cell Area =  Cell Area + Physical Cell Area
Total Instances =  Leaf Instances + Physical Instances


