============================================================
  Generated by:           Genus(TM) Synthesis Solution 18.14-s037_1
  Generated on:           Apr 23 2022  03:08:05 pm
  Module:                 naive_delay
  Operating conditions:   PVT_0P7V_25C 
  Interconnect mode:      global
  Area mode:              physical library
============================================================

Timing
--------

Clock  Period 
--------------
aclk  20000.0 


  Cost    Critical         Violating 
 Group   Path Slack  TNS     Paths   
-------------------------------------
aclk        15145.5   0.0          0 
default    No paths   0.0            
-------------------------------------
Total                 0.0          0 

Instance Count
--------------
Leaf Instance Count             372 
Physical Instance count           0 
Sequential Instance Count       127 
Combinational Instance Count    245 
Hierarchical Instance Count       0 

Area
----
Cell Area                          1019.434
Physical Cell Area                 0.000
Total Cell Area (Cell+Physical)    1019.434
Net Area                           261.208
Total Area (Cell+Physical+Net)     1280.642

Runtime                            0.0 seconds
Elapsed Runtime                    15 seconds
Genus peak memory usage            854.86 
Innovus peak memory usage          no_value 
Hostname                           ECE014.ece.local.cmu.edu
