============================================================
  Generated by:           Genus(TM) Synthesis Solution 18.14-s037_1
  Generated on:           Apr 23 2022  03:08:05 pm
  Module:                 naive_delay
  Operating conditions:   PVT_0P7V_25C 
  Interconnect mode:      global
  Area mode:              physical library
============================================================

                                                 Leakage  
           Gate            Instances    Area   Power (nW)                 Library                 
--------------------------------------------------------------------------------------------------
A2O1A1Ixp33_ASAP7_75t_R            2     2.799      0.109    asap7sc7p5t_AO_RVT_TT_ccs_201020     
A2O1A1O1Ixp25_ASAP7_75t_R          1     2.100      0.101    asap7sc7p5t_AO_RVT_TT_ccs_201020     
AND2x2_ASAP7_75t_R                 5     6.998      0.726    asap7sc7p5t_SIMPLE_RVT_TT_ccs_201020 
AND4x1_ASAP7_75t_R                 1     1.633      0.176    asap7sc7p5t_SIMPLE_RVT_TT_ccs_201020 
AO21x1_ASAP7_75t_R                 1     1.400      0.140    asap7sc7p5t_AO_RVT_TT_ccs_201020     
AO22x1_ASAP7_75t_R                 5    10.498      0.531    asap7sc7p5t_AO_RVT_TT_ccs_201020     
AOI211xp5_ASAP7_75t_R              1     1.400      0.074    asap7sc7p5t_AO_RVT_TT_ccs_201020     
AOI21xp33_ASAP7_75t_R              1     1.166      0.060    asap7sc7p5t_AO_RVT_TT_ccs_201020     
AOI221xp5_ASAP7_75t_R              8    13.064      0.676    asap7sc7p5t_AO_RVT_TT_ccs_201020     
AOI22xp5_ASAP7_75t_R              51    71.384      4.344    asap7sc7p5t_AO_RVT_TT_ccs_201020     
AOI31xp33_ASAP7_75t_R              6     8.398      0.288    asap7sc7p5t_AO_RVT_TT_ccs_201020     
AOI321xp33_ASAP7_75t_R             1     1.866      0.093    asap7sc7p5t_AO_RVT_TT_ccs_201020     
ASYNC_DFFHx1_ASAP7_75t_R         127   770.291     38.746    asap7sc7p5t_SEQ_RVT_TT_ccs_201020    
INVx1_ASAP7_75t_R                  8     5.599      0.409    asap7sc7p5t_INVBUF_RVT_TT_ccs_201020 
INVxp67_ASAP7_75t_R              125    87.480      4.263    asap7sc7p5t_INVBUF_RVT_TT_ccs_201020 
NAND2xp5_ASAP7_75t_R               5     4.666      0.259    asap7sc7p5t_SIMPLE_RVT_TT_ccs_201020 
NAND4xp25_ASAP7_75t_R              5     6.998      0.484    asap7sc7p5t_SIMPLE_RVT_TT_ccs_201020 
NAND5xp2_ASAP7_75t_R               2     3.266      0.161    asap7sc7p5t_SIMPLE_RVT_TT_ccs_201020 
NOR2xp33_ASAP7_75t_R              12    11.197      0.302    asap7sc7p5t_SIMPLE_RVT_TT_ccs_201020 
OAI211xp5_ASAP7_75t_R              2     2.799      0.164    asap7sc7p5t_OA_RVT_TT_ccs_201020     
OAI221xp5_ASAP7_75t_R              1     1.633      0.084    asap7sc7p5t_OA_RVT_TT_ccs_201020     
OAI22xp5_ASAP7_75t_R               1     1.400      0.088    asap7sc7p5t_OA_RVT_TT_ccs_201020     
OR2x2_ASAP7_75t_R                  1     1.400      0.143    asap7sc7p5t_SIMPLE_RVT_TT_ccs_201020 
--------------------------------------------------------------------------------------------------
total                            372  1019.434     52.424                                         


                                                                     Leakage  Leakage 
               Library               Instances Instances %   Area  Power (nW) Power % 
--------------------------------------------------------------------------------------
asap7sc7p5t_AO_RVT_TT_ccs_201020            77        20.7 114.074      6.417    12.2 
asap7sc7p5t_INVBUF_RVT_TT_ccs_201020       133        35.8  93.079      4.673     8.9 
asap7sc7p5t_OA_RVT_TT_ccs_201020             4         1.1   5.832      0.336     0.6 
asap7sc7p5t_SEQ_RVT_TT_ccs_201020          127        34.1 770.291     38.746    73.9 
asap7sc7p5t_SIMPLE_RVT_TT_ccs_201020        31         8.3  36.158      2.251     4.3 

                                           Leakage  Leakage 
     Type      Instances   Area   Area % Power (nW) Power % 
------------------------------------------------------------
sequential           127  770.291   75.6     38.746    73.9 
inverter             133   93.079    9.1      4.673     8.9 
logic                112  156.064   15.3      9.005    17.2 
physical_cells         0    0.000    0.0      0.000     0.0 
------------------------------------------------------------
total                372 1019.434  100.0     52.424   100.0 

