============================================================
  Generated by:           Genus(TM) Synthesis Solution 20.11-s111_1
  Generated on:           Apr 25 2022  04:11:34 am
  Module:                 mux_t_t_t_N
  Operating conditions:   PVT_0P7V_25C 
  Interconnect mode:      global
  Area mode:              physical library
============================================================

Timing
-------
  Cost    Critical         Violating 
 Group   Path Slack  TNS     Paths   
-------------------------------------
default    No paths   0.0            
-------------------------------------
Total                 0.0          0 

Instance Count
--------------
Leaf Instance Count             384 
Physical Instance count           0 
Sequential Instance Count         0 
Combinational Instance Count    384 
Hierarchical Instance Count     128 

Area
----
Cell Area                          432.968
Physical Cell Area                 0.000
Total Cell Area (Cell+Physical)    432.968
Net Area                           301.710
Total Area (Cell+Physical+Net)     734.678

Runtime                            0.0 seconds
Elapsed Runtime                    23 seconds
Genus peak memory usage            1151.07 
Innovus peak memory usage          no_value 
Hostname                           ECE010.ece.local.cmu.edu
