============================================================
  Generated by:           Genus(TM) Synthesis Solution 20.11-s111_1
  Generated on:           Apr 25 2022  04:11:34 am
  Module:                 mux_t_t_t_N
  Operating conditions:   PVT_0P7V_25C 
  Interconnect mode:      global
  Area mode:              physical library
============================================================

                                           Leakage  
        Gate          Instances   Area   Power (nW)                 Library                 
--------------------------------------------------------------------------------------------
HB1xp67_ASAP7_75t_R          64   59.720      3.259    asap7sc7p5t_INVBUF_RVT_TT_ccs_201020 
INVx1_ASAP7_75t_R            64   44.790      3.274    asap7sc7p5t_INVBUF_RVT_TT_ccs_201020 
NOR2xp33_ASAP7_75t_R        128  119.439      3.768    asap7sc7p5t_SIMPLE_RVT_TT_ccs_201020 
NOR3xp33_ASAP7_75t_R         64   74.650      2.793    asap7sc7p5t_SIMPLE_RVT_TT_ccs_201020 
XOR2xp5_ASAP7_75t_R          64  134.369      8.590    asap7sc7p5t_SIMPLE_RVT_TT_ccs_201020 
--------------------------------------------------------------------------------------------
total                       384  432.968     21.684                                         


                                                                     Leakage  Leakage 
               Library               Instances Instances %   Area  Power (nW) Power % 
--------------------------------------------------------------------------------------
asap7sc7p5t_INVBUF_RVT_TT_ccs_201020       128        33.3 104.509      6.534    30.1 
asap7sc7p5t_SIMPLE_RVT_TT_ccs_201020       256        66.7 328.458     15.150    69.9 

                                          Leakage  Leakage 
     Type      Instances   Area  Area % Power (nW) Power % 
-----------------------------------------------------------
inverter              64  44.790   10.3      3.274    15.1 
buffer                64  59.720   13.8      3.259    15.0 
logic                256 328.458   75.9     15.150    69.9 
physical_cells         0   0.000    0.0      0.000     0.0 
-----------------------------------------------------------
total                384 432.968  100.0     21.684   100.0 

