============================================================
  Generated by:           Genus(TM) Synthesis Solution 20.11-s111_1
  Generated on:           Apr 25 2022  04:11:34 am
  Module:                 mux_t_t_t_N
  Operating conditions:   PVT_0P7V_25C 
  Interconnect mode:      global
  Area mode:              physical library
============================================================


Path 1: UNCONSTRAINED
     Startpoint: (R) select_line
       Endpoint: (F) y[0]

                   Capture    Launch  
      Drv Adjust:+       0         0  
                                      
       Data Path:-      84            

#--------------------------------------------------------------------------------------------------------------
#       Timing Point        Flags   Arc   Edge         Cell          Fanout  Load Trans Delay Arrival Instance 
#                                                                            (fF)  (ps)  (ps)   (ps)  Location 
#--------------------------------------------------------------------------------------------------------------
  select_line               -       -     R     (arrival)               128 121.8     0     0       0    (-,-) 
  eq_0_.inst/g25__6260/Y    -       B->Y  R     XOR2xp5_ASAP7_75t_R       2   1.3    32    25      25    (-,-) 
  eq_0_.inst/sr/g25__5107/Y -       B->Y  F     NOR2xp33_ASAP7_75t_R      1   0.6    21    20      44    (-,-) 
  eq_0_.inst/sr/g24__2398/Y -       B->Y  R     NOR2xp33_ASAP7_75t_R      2   1.3    39    26      70    (-,-) 
  eq_0_.inst/g35__4319/Y    -       A->Y  F     NOR3xp33_ASAP7_75t_R      1   0.3    14    14      84    (-,-) 
  y[0]                      -       -     F     (port)                    -     -     -     0      84    (-,-) 
#--------------------------------------------------------------------------------------------------------------

