============================================================
  Generated by:           Genus(TM) Synthesis Solution 20.11-s111_1
  Generated on:           Apr 25 2022  04:06:26 am
  Module:                 mux_t_be_t_N
  Operating conditions:   PVT_0P7V_25C 
  Interconnect mode:      global
  Area mode:              physical library
============================================================

Timing
--------

Clock  Period 
--------------
aclk  10000.0 


  Cost    Critical         Violating 
 Group   Path Slack  TNS     Paths   
-------------------------------------
aclk         5387.8   0.0          0 
default    No paths   0.0            
-------------------------------------
Total                 0.0          0 

Instance Count
--------------
Leaf Instance Count             158 
Physical Instance count           0 
Sequential Instance Count        22 
Combinational Instance Count    136 
Hierarchical Instance Count      33 

Area
----
Cell Area                          283.435
Physical Cell Area                 0.000
Total Cell Area (Cell+Physical)    283.435
Net Area                           114.101
Total Area (Cell+Physical+Net)     397.536

Runtime                            0.0 seconds
Elapsed Runtime                    21 seconds
Genus peak memory usage            1193.50 
Innovus peak memory usage          no_value 
Hostname                           ECE010.ece.local.cmu.edu
