============================================================
  Generated by:           Genus(TM) Synthesis Solution 18.14-s037_1
  Generated on:           Mar 29 2022  03:08:01 pm
  Module:                 snl_top_wrapper
  Operating conditions:   PVT_0P7V_25C 
  Interconnect mode:      global
  Area mode:              physical library
============================================================

Timing
-------
  Cost    Critical         Violating 
 Group   Path Slack  TNS     Paths   
-------------------------------------
default    No paths   0.0            
-------------------------------------
Total                 0.0          0 

Instance Count
--------------
Leaf Instance Count             383 
Physical Instance count           0 
Sequential Instance Count         0 
Combinational Instance Count    383 
Hierarchical Instance Count     207 

Area
----
Cell Area                          536.077
Physical Cell Area                 0.000
Total Cell Area (Cell+Physical)    536.077
Net Area                           294.038
Total Area (Cell+Physical+Net)     830.115

Runtime                            0.0 seconds
Elapsed Runtime                    21 seconds
Genus peak memory usage            853.05 
Innovus peak memory usage          no_value 
Hostname                           ECE015.ECE.LOCAL.CMU.EDU
