============================================================
  Generated by:           Genus(TM) Synthesis Solution 18.14-s037_1
  Generated on:           Mar 29 2022  03:08:01 pm
  Module:                 snl_top_wrapper
  Operating conditions:   PVT_0P7V_25C 
  Interconnect mode:      global
  Area mode:              physical library
============================================================


Path 1: UNCONSTRAINED
     Startpoint: (F) input_spikes[3]
       Endpoint: (F) output_spike

                   Capture    Launch  
      Drv Adjust:+       0         0  
                                      
       Data Path:-     371            

#---------------------------------------------------------------------------------------------------------------------------------------------------------------------
#                                    Timing Point                                     Flags   Arc   Edge        Cell         Fanout Load Trans Delay Arrival Instance 
#                                                                                                                                   (fF)  (ps)  (ps)   (ps)  Location 
#---------------------------------------------------------------------------------------------------------------------------------------------------------------------
  input_spikes[3]                                                                     -       -     F     (arrival)               8  5.4     0     0       0    (-,-) 
  nsg/g26__7118/Y                                                                     -       A->Y  F     OR2x2_ASAP7_75t_R       2  1.5    11    22      22    (-,-) 
  nsg/up/Lower/Lower/Upper/Upper/g17__5953/Y                                          -       A->Y  F     OR2x2_ASAP7_75t_R       2  1.5    11    25      47    (-,-) 
  nsg/up/Lower/Lower/Upper/outter_loop_0_.inner_loop_0_.s_loop_1_.swapper/g17__2250/Y -       B->Y  F     OR2x2_ASAP7_75t_R       2  1.5    11    25      72    (-,-) 
  nsg/up/Lower/Lower/Upper/outter_loop_1_.inner_loop_1_.s_loop_2_.swapper/g17__7344/Y -       A->Y  F     OR2x2_ASAP7_75t_R       2  1.5    11    25      97    (-,-) 
  nsg/up/Lower/Lower/outter_loop_0_.inner_loop_0_.s_loop_3_.swapper/g17__1474/Y       -       B->Y  F     OR2x2_ASAP7_75t_R       2  1.5    11    25     122    (-,-) 
  nsg/up/Lower/Lower/outter_loop_1_.inner_loop_1_.s_loop_5_.swapper/g17__7675/Y       -       B->Y  F     OR2x2_ASAP7_75t_R       2  1.5    11    25     146    (-,-) 
  nsg/up/Lower/Lower/outter_loop_2_.inner_loop_3_.s_loop_6_.swapper/g17__2250/Y       -       A->Y  F     OR2x2_ASAP7_75t_R       2  1.5    11    25     172    (-,-) 
  nsg/up/Lower/outter_loop_0_.inner_loop_0_.s_loop_0_.swapper/g17__8757/Y             -       B->Y  F     OR2x2_ASAP7_75t_R       2  1.5    11    25     196    (-,-) 
  nsg/up/Lower/outter_loop_1_.inner_loop_1_.s_loop_8_.swapper/g17__2900/Y             -       B->Y  F     OR2x2_ASAP7_75t_R       2  1.5    11    25     221    (-,-) 
  nsg/up/Lower/outter_loop_2_.inner_loop_3_.s_loop_12_.swapper/g17__4296/Y            -       B->Y  F     OR2x2_ASAP7_75t_R       2  1.5    11    25     246    (-,-) 
  nsg/up/Lower/outter_loop_3_.inner_loop_7_.s_loop_14_.swapper/g17__2250/Y            -       A->Y  F     OR2x2_ASAP7_75t_R       1  0.8     9    24     269    (-,-) 
  nsg/up/outter_loop_0_.inner_loop_0_.s_loop_0_.swapper/g14__7118/Y                   -       B->Y  F     AND2x2_ASAP7_75t_R      1  0.8     8    19     288    (-,-) 
  nsg/up/outter_loop_1_.inner_loop_0_.s_loop_0_.swapper/g5__8780/Y                    -       B->Y  F     OR2x2_ASAP7_75t_R       1  0.8     9    22     311    (-,-) 
  nsg/up/outter_loop_2_.inner_loop_1_.s_loop_8_.swapper/g14__6877/Y                   -       B->Y  F     AND2x2_ASAP7_75t_R      1  0.8     8    19     330    (-,-) 
  nsg/up/outter_loop_3_.inner_loop_2_.s_loop_8_.swapper/g5__7118/Y                    -       B->Y  F     OR2x2_ASAP7_75t_R       1  0.8     9    22     352    (-,-) 
  nsg/up/outter_loop_4_.inner_loop_5_.s_loop_10_.swapper/g14__1786/Y                  -       A->Y  F     AND2x2_ASAP7_75t_R      1  0.3     6    19     371    (-,-) 
  output_spike                                                                        -       -     F     (port)                  -    -     -     0     371    (-,-) 
#---------------------------------------------------------------------------------------------------------------------------------------------------------------------

