============================================================
  Generated by:           Genus(TM) Synthesis Solution 20.11-s111_1
  Generated on:           Apr 25 2022  04:10:24 am
  Module:                 mux_t_t_t_N
  Operating conditions:   PVT_0P7V_25C 
  Interconnect mode:      global
  Area mode:              physical library
============================================================

Timing
-------
  Cost    Critical         Violating 
 Group   Path Slack  TNS     Paths   
-------------------------------------
default    No paths   0.0            
-------------------------------------
Total                 0.0          0 

Instance Count
--------------
Leaf Instance Count             48 
Physical Instance count          0 
Sequential Instance Count        0 
Combinational Instance Count    48 
Hierarchical Instance Count     16 

Area
----
Cell Area                          54.121
Physical Cell Area                 0.000
Total Cell Area (Cell+Physical)    54.121
Net Area                           38.161
Total Area (Cell+Physical+Net)     92.282

Runtime                            0.0 seconds
Elapsed Runtime                    18 seconds
Genus peak memory usage            1132.68 
Innovus peak memory usage          no_value 
Hostname                           ECE010.ece.local.cmu.edu
