============================================================
  Generated by:           Genus(TM) Synthesis Solution 20.11-s111_1
  Generated on:           Apr 25 2022  04:10:24 am
  Module:                 mux_t_t_t_N
  Operating conditions:   PVT_0P7V_25C 
  Interconnect mode:      global
  Area mode:              physical library
============================================================

                                          Leakage  
        Gate          Instances   Area  Power (nW)                 Library                 
-------------------------------------------------------------------------------------------
HB1xp67_ASAP7_75t_R           8   7.465      0.407    asap7sc7p5t_INVBUF_RVT_TT_ccs_201020 
INVx1_ASAP7_75t_R             8   5.599      0.409    asap7sc7p5t_INVBUF_RVT_TT_ccs_201020 
NOR2xp33_ASAP7_75t_R         16  14.930      0.471    asap7sc7p5t_SIMPLE_RVT_TT_ccs_201020 
NOR3xp33_ASAP7_75t_R          8   9.331      0.349    asap7sc7p5t_SIMPLE_RVT_TT_ccs_201020 
XOR2xp5_ASAP7_75t_R           8  16.796      1.074    asap7sc7p5t_SIMPLE_RVT_TT_ccs_201020 
-------------------------------------------------------------------------------------------
total                        48  54.121      2.710                                         


                                                                    Leakage  Leakage 
               Library               Instances Instances %  Area  Power (nW) Power % 
-------------------------------------------------------------------------------------
asap7sc7p5t_INVBUF_RVT_TT_ccs_201020        16        33.3 13.064      0.817    30.1 
asap7sc7p5t_SIMPLE_RVT_TT_ccs_201020        32        66.7 41.057      1.894    69.9 

                                         Leakage  Leakage 
     Type      Instances  Area  Area % Power (nW) Power % 
----------------------------------------------------------
inverter               8  5.599   10.3      0.409    15.1 
buffer                 8  7.465   13.8      0.407    15.0 
logic                 32 41.057   75.9      1.894    69.9 
physical_cells         0  0.000    0.0      0.000     0.0 
----------------------------------------------------------
total                 48 54.121  100.0      2.710   100.0 

