============================================================
  Generated by:           Genus(TM) Synthesis Solution 20.11-s111_1
  Generated on:           Apr 25 2022  04:06:02 am
  Module:                 mux_t_be_t_N
  Operating conditions:   PVT_0P7V_25C 
  Interconnect mode:      global
  Area mode:              physical library
============================================================

Timing
--------

Clock  Period 
--------------
aclk  10000.0 


  Cost    Critical         Violating 
 Group   Path Slack  TNS     Paths   
-------------------------------------
aclk         5388.1   0.0          0 
default    No paths   0.0            
-------------------------------------
Total                 0.0          0 

Instance Count
--------------
Leaf Instance Count             94 
Physical Instance count          0 
Sequential Instance Count       14 
Combinational Instance Count    80 
Hierarchical Instance Count     17 

Area
----
Cell Area                          172.394
Physical Cell Area                 0.000
Total Cell Area (Cell+Physical)    172.394
Net Area                           67.972
Total Area (Cell+Physical+Net)     240.366

Runtime                            0.0 seconds
Elapsed Runtime                    20 seconds
Genus peak memory usage            1134.21 
Innovus peak memory usage          no_value 
Hostname                           ECE010.ece.local.cmu.edu
