============================================================
  Generated by:           Genus(TM) Synthesis Solution 20.11-s111_1
  Generated on:           Apr 25 2022  04:06:02 am
  Module:                 mux_t_be_t_N
  Operating conditions:   PVT_0P7V_25C 
  Interconnect mode:      global
  Area mode:              physical library
============================================================

                                               Leakage  
          Gate            Instances   Area   Power (nW)                 Library                 
------------------------------------------------------------------------------------------------
AO21x1_ASAP7_75t_R                2    2.799      0.277    asap7sc7p5t_AO_RVT_TT_ccs_201020     
AOI211xp5_ASAP7_75t_R             1    1.400      0.049    asap7sc7p5t_AO_RVT_TT_ccs_201020     
AOI21xp5_ASAP7_75t_R              1    1.166      0.082    asap7sc7p5t_AO_RVT_TT_ccs_201020     
ASYNC_DFFHx1_ASAP7_75t_R         14   84.914      4.267    asap7sc7p5t_SEQ_RVT_TT_ccs_201020    
HAxp5_ASAP7_75t_R                 3    6.299      0.412    asap7sc7p5t_SIMPLE_RVT_TT_ccs_201020 
HB1xp67_ASAP7_75t_R               8    7.465      0.414    asap7sc7p5t_INVBUF_RVT_TT_ccs_201020 
INVx1_ASAP7_75t_R                21   14.697      1.062    asap7sc7p5t_INVBUF_RVT_TT_ccs_201020 
INVxp67_ASAP7_75t_R               4    2.799      0.135    asap7sc7p5t_INVBUF_RVT_TT_ccs_201020 
MAJIxp5_ASAP7_75t_R               1    1.633      0.094    asap7sc7p5t_SIMPLE_RVT_TT_ccs_201020 
NAND2xp5_ASAP7_75t_R              2    1.866      0.100    asap7sc7p5t_SIMPLE_RVT_TT_ccs_201020 
NAND3xp33_ASAP7_75t_R             1    1.166      0.042    asap7sc7p5t_SIMPLE_RVT_TT_ccs_201020 
NOR2xp33_ASAP7_75t_R             18   16.796      0.514    asap7sc7p5t_SIMPLE_RVT_TT_ccs_201020 
NOR3xp33_ASAP7_75t_R              8    9.331      0.260    asap7sc7p5t_SIMPLE_RVT_TT_ccs_201020 
OAI21xp5_ASAP7_75t_R              1    1.166      0.073    asap7sc7p5t_OA_RVT_TT_ccs_201020     
XOR2xp5_ASAP7_75t_R               9   18.896      1.184    asap7sc7p5t_SIMPLE_RVT_TT_ccs_201020 
------------------------------------------------------------------------------------------------
total                            94  172.394      8.967                                         


                                                                    Leakage  Leakage 
               Library               Instances Instances %  Area  Power (nW) Power % 
-------------------------------------------------------------------------------------
asap7sc7p5t_AO_RVT_TT_ccs_201020             4         4.3  5.365      0.408     4.6 
asap7sc7p5t_INVBUF_RVT_TT_ccs_201020        33        35.1 24.961      1.612    18.0 
asap7sc7p5t_OA_RVT_TT_ccs_201020             1         1.1  1.166      0.073     0.8 
asap7sc7p5t_SEQ_RVT_TT_ccs_201020           14        14.9 84.914      4.267    47.6 
asap7sc7p5t_SIMPLE_RVT_TT_ccs_201020        42        44.7 55.987      2.607    29.1 

                                          Leakage  Leakage 
     Type      Instances   Area  Area % Power (nW) Power % 
-----------------------------------------------------------
sequential            14  84.914   49.3      4.267    47.6 
inverter              25  17.496   10.1      1.198    13.4 
buffer                 8   7.465    4.3      0.414     4.6 
logic                 47  62.519   36.3      3.088    34.4 
physical_cells         0   0.000    0.0      0.000     0.0 
-----------------------------------------------------------
total                 94 172.394  100.0      8.967   100.0 

