

Working Directory = /afs/andrew.cmu.edu/usr4/kbhat2/private/18-743/project/SYNTH/mux_t_be_t_N_seq_rising_8
QoS Summary for mux_t_be_t_N
================================================================================
Metric                          final          
================================================================================
Slack (ps):                     5,388
  R2R (ps):                     9,378
  I2R (ps):                     7,386
  R2O (ps):                     7,162
  I2O (ps):                     5,388
  CG  (ps):                  no_value
TNS (ps):                           0
  R2R (ps):                         0
  I2R (ps):                         0
  R2O (ps):                         0
  I2O (ps):                         0
  CG  (ps):                  no_value
Failing Paths:                      0
Cell Area:                        172
Total Cell Area:                  172
Leaf Instances:                    94
Total Instances:                   94
Utilization (%):                 0.00
Tot. Net Length (um):        no_value
Avg. Net Length (um):        no_value
Route Overflow H (%):        no_value
Route Overflow V (%):        no_value
MBCI(%) (bits/gate) :            0.00
Norm Cong Hotspot Area:
  Max Cong:                  no_value
  Tot Cong:                  no_value
================================================================================
CPU  Runtime (h:m:s):        00:00:32
Real Runtime (h:m:s):        00:00:15
CPU  Elapsed (h:m:s):        00:00:36
Real Elapsed (h:m:s):        00:00:17
Memory (MB):                  1126.21
================================================================================
================================================================================
Flow Settings:
================================================================================
Total Runtime (h:m:s): 00:00:15
Total Memory (MB):     1134.21
Executable Version:    20.11-s111_1
================================================================================
Total Cell Area =  Cell Area + Physical Cell Area
Total Instances =  Leaf Instances + Physical Instances


