============================================================
  Generated by:           Genus(TM) Synthesis Solution 20.11-s111_1
  Generated on:           Apr 04 2022  12:43:08 am
  Module:                 not_equal
  Operating conditions:   PVT_0P7V_25C 
  Interconnect mode:      global
  Area mode:              physical library
============================================================

                                         Leakage  
        Gate          Instances  Area  Power (nW)                 Library                 
------------------------------------------------------------------------------------------
AO21x1_ASAP7_75t_R            1  1.400      0.122    asap7sc7p5t_AO_RVT_TT_ccs_201020     
HB1xp67_ASAP7_75t_R           1  0.933      0.051    asap7sc7p5t_INVBUF_RVT_TT_ccs_201020 
INVx1_ASAP7_75t_R             1  0.700      0.051    asap7sc7p5t_INVBUF_RVT_TT_ccs_201020 
NOR2xp33_ASAP7_75t_R          2  1.866      0.059    asap7sc7p5t_SIMPLE_RVT_TT_ccs_201020 
XOR2xp5_ASAP7_75t_R           1  2.100      0.134    asap7sc7p5t_SIMPLE_RVT_TT_ccs_201020 
------------------------------------------------------------------------------------------
total                         6  6.998      0.417                                         


                                                                   Leakage  Leakage 
               Library               Instances Instances %  Area Power (nW) Power % 
------------------------------------------------------------------------------------
asap7sc7p5t_AO_RVT_TT_ccs_201020             1        16.7 1.400      0.122    29.2 
asap7sc7p5t_INVBUF_RVT_TT_ccs_201020         2        33.3 1.633      0.102    24.5 
asap7sc7p5t_SIMPLE_RVT_TT_ccs_201020         3        50.0 3.966      0.193    46.4 

                                        Leakage  Leakage 
     Type      Instances  Area Area % Power (nW) Power % 
---------------------------------------------------------
inverter               1 0.700   10.0      0.051    12.3 
buffer                 1 0.933   13.3      0.051    12.2 
logic                  4 5.365   76.7      0.315    75.5 
physical_cells         0 0.000    0.0      0.000     0.0 
---------------------------------------------------------
total                  6 6.998  100.0      0.417   100.0 

