============================================================
  Generated by:           Genus(TM) Synthesis Solution 20.11-s111_1
  Generated on:           Apr 04 2022  05:54:05 am
  Module:                 not_equal
  Operating conditions:   PVT_0P7V_25C 
  Interconnect mode:      global
  Area mode:              physical library
============================================================


Path 1: UNCONSTRAINED
     Startpoint: (R) a
       Endpoint: (F) y

                   Capture    Launch  
      Drv Adjust:+       0         0  
                                      
       Data Path:-      80            

#--------------------------------------------------------------------------------------------------
# Timing Point   Flags   Arc   Edge         Cell          Fanout Load Trans Delay Arrival Instance 
#                                                                (fF)  (ps)  (ps)   (ps)  Location 
#--------------------------------------------------------------------------------------------------
  a              -       -     R     (arrival)                 2  2.1     0     0       0    (-,-) 
  g17__6260/Y    -       B->Y  R     XOR2xp5_ASAP7_75t_R       2  1.4    33    25      25    (-,-) 
  sr/g24__2398/Y -       B->Y  F     NOR2xp33_ASAP7_75t_R      2  1.4    35    29      55    (-,-) 
  g18__4319/Y    -       A2->Y F     AO21x1_ASAP7_75t_R        1  0.3     8    25      80    (-,-) 
  y              -       -     F     (port)                    -    -     -     0      80    (-,-) 
#--------------------------------------------------------------------------------------------------

