============================================================
  Generated by:           Genus(TM) Synthesis Solution 20.11-s111_1
  Generated on:           Apr 25 2022  03:57:41 am
  Module:                 filter
  Operating conditions:   PVT_0P7V_25C 
  Interconnect mode:      global
  Area mode:              physical library
============================================================

                                           Leakage  
        Gate          Instances   Area   Power (nW)                 Library                 
--------------------------------------------------------------------------------------------
AND2x2_ASAP7_75t_R           32   44.790      4.627    asap7sc7p5t_SIMPLE_RVT_TT_ccs_201020 
HB1xp67_ASAP7_75t_R          64   59.720      3.248    asap7sc7p5t_INVBUF_RVT_TT_ccs_201020 
INVx1_ASAP7_75t_R            96   67.185      4.911    asap7sc7p5t_INVBUF_RVT_TT_ccs_201020 
NOR2xp33_ASAP7_75t_R        256  238.879      7.511    asap7sc7p5t_SIMPLE_RVT_TT_ccs_201020 
--------------------------------------------------------------------------------------------
total                       448  410.573     20.297                                         


                                                                     Leakage  Leakage 
               Library               Instances Instances %   Area  Power (nW) Power % 
--------------------------------------------------------------------------------------
asap7sc7p5t_INVBUF_RVT_TT_ccs_201020       160        35.7 126.904      8.159    40.2 
asap7sc7p5t_SIMPLE_RVT_TT_ccs_201020       288        64.3 283.668     12.138    59.8 

                                          Leakage  Leakage 
     Type      Instances   Area  Area % Power (nW) Power % 
-----------------------------------------------------------
inverter              96  67.185   16.4      4.911    24.2 
buffer                64  59.720   14.5      3.248    16.0 
logic                288 283.668   69.1     12.138    59.8 
physical_cells         0   0.000    0.0      0.000     0.0 
-----------------------------------------------------------
total                448 410.573  100.0     20.297   100.0 

